2024-11-24 11:13:25,687 [ERROR] LogOutputStream:75 - [STDERR_REDIRECT] 
2024-11-24 14:11:49,064 [INFO] Activator:176 - 


2024-11-24 14:11:49,064 [INFO] Activator:177 - !SESSION log4j initialized
2024-11-24 14:12:04,539 [INFO] LogOutputStream:77 - [STDOUT_REDIRECT] 
2024-11-24 14:12:16,041 [INFO] ApplicationProperties:184 - Using Application install path: C:\ST\STM32CubeIDE_1.16.0\STM32CubeIDE\plugins\com.st.stm32cube.common.mx_6.12.0.202406281431
2024-11-24 14:12:16,094 [INFO] DbMcusXml:78 - Set database path to: C:\ST\STM32CubeIDE_1.16.0\STM32CubeIDE\plugins\com.st.stm32cube.common.mx_6.12.0.202406281431\\db\/mcu/
2024-11-24 14:12:16,101 [INFO] ApiDb:274 - Set plugin database path to: C:\ST\STM32CubeIDE_1.16.0\STM32CubeIDE\plugins\com.st.stm32cube.common.mx_6.12.0.202406281431\\db\/plugins/boardmanager/
2024-11-24 14:12:16,101 [WARN] ApiDb:259 - Overriding images path with different value:  => C:\ST\STM32CubeIDE_1.16.0\STM32CubeIDE\plugins\com.st.stm32cube.common.mx_6.12.0.202406281431\\db\/plugins/mcufinder/images/
2024-11-24 14:12:16,121 [INFO] ApiDb:250 - Set database path to: C:\Users\karim\.stmcufinder\plugins\mcufinder//mcu/
2024-11-24 14:12:16,123 [INFO] DbMcusAds:125 - Set database path to: C:\Users\karim\.stmcufinder\plugins\mcufinder//mcu/
2024-11-24 14:12:16,653 [INFO] CrossReferenceDbSqlite:203 - Set database path to: C:\Users\karim\.stmcufinder\plugins\mcufinder//mcu/cs/
2024-11-24 14:12:17,000 [INFO] RulesReader:64 - Compatibility file has been processed (297 Rules)
2024-11-24 14:12:17,159 [INFO] DbMcusXml:78 - Set database path to: C:\ST\STM32CubeIDE_1.16.0\STM32CubeIDE\plugins\com.st.stm32cube.common.mx_6.12.0.202406281431\\db\/mcu/
2024-11-24 14:12:17,159 [INFO] ApiDb:274 - Set plugin database path to: C:\ST\STM32CubeIDE_1.16.0\STM32CubeIDE\plugins\com.st.stm32cube.common.mx_6.12.0.202406281431\\db\/plugins/boardmanager/
2024-11-24 14:12:17,159 [INFO] ApiDb:261 - Set plugin images path to: C:\ST\STM32CubeIDE_1.16.0\STM32CubeIDE\plugins\com.st.stm32cube.common.mx_6.12.0.202406281431\\db\/plugins/mcufinder/images/
2024-11-24 14:12:17,160 [WARN] DbFile:41 - Overriding database path with different value: C:\Users\karim\.stmcufinder\plugins\mcufinder/ => C:\Users\karim\.stmcufinder\plugins\mcufinder
2024-11-24 14:12:17,160 [INFO] ApiDb:250 - Set database path to: C:\Users\karim\.stmcufinder\plugins\mcufinder//mcu/
2024-11-24 14:12:17,160 [WARN] DbFile:41 - Overriding database path with different value: C:\Users\karim\.stmcufinder\plugins\mcufinder/ => C:\Users\karim\.stmcufinder\plugins\mcufinder
2024-11-24 14:12:17,160 [INFO] DbMcusAds:125 - Set database path to: C:\Users\karim\.stmcufinder\plugins\mcufinder//mcu/
2024-11-24 14:12:17,160 [WARN] DbFile:41 - Overriding database path with different value: C:\Users\karim\.stmcufinder\plugins\mcufinder/ => C:\Users\karim\.stmcufinder\plugins\mcufinder
2024-11-24 14:12:17,160 [WARN] DbFile:41 - Overriding database path with different value: C:\Users\karim\.stmcufinder\plugins\mcufinder/ => C:\Users\karim\.stmcufinder\plugins\mcufinder
2024-11-24 14:12:17,160 [INFO] CrossReferenceDbSqlite:203 - Set database path to: C:\Users\karim\.stmcufinder\plugins\mcufinder//mcu/cs/
2024-11-24 14:12:17,361 [INFO] MainPanel:268 - HeapMemory: 268435456
2024-11-24 14:12:17,536 [INFO] DbMcusXml:78 - Set database path to: C:\ST\STM32CubeIDE_1.16.0\STM32CubeIDE\plugins\com.st.stm32cube.common.mx_6.12.0.202406281431\\db\/mcu/
2024-11-24 14:12:17,536 [INFO] ApiDb:274 - Set plugin database path to: C:\ST\STM32CubeIDE_1.16.0\STM32CubeIDE\plugins\com.st.stm32cube.common.mx_6.12.0.202406281431\\db\/plugins/boardmanager/
2024-11-24 14:12:17,540 [INFO] ApiDb:261 - Set plugin images path to: C:\ST\STM32CubeIDE_1.16.0\STM32CubeIDE\plugins\com.st.stm32cube.common.mx_6.12.0.202406281431\\db\/plugins/mcufinder/images/
2024-11-24 14:12:17,540 [WARN] DbFile:41 - Overriding database path with different value: C:\Users\karim\.stmcufinder\plugins\mcufinder/ => C:\Users\karim\.stmcufinder\plugins\mcufinder
2024-11-24 14:12:17,542 [INFO] ApiDb:250 - Set database path to: C:\Users\karim\.stmcufinder\plugins\mcufinder//mcu/
2024-11-24 14:12:17,542 [WARN] DbFile:41 - Overriding database path with different value: C:\Users\karim\.stmcufinder\plugins\mcufinder/ => C:\Users\karim\.stmcufinder\plugins\mcufinder
2024-11-24 14:12:17,542 [INFO] DbMcusAds:125 - Set database path to: C:\Users\karim\.stmcufinder\plugins\mcufinder//mcu/
2024-11-24 14:12:17,542 [WARN] DbFile:41 - Overriding database path with different value: C:\Users\karim\.stmcufinder\plugins\mcufinder/ => C:\Users\karim\.stmcufinder\plugins\mcufinder
2024-11-24 14:12:17,542 [WARN] DbFile:41 - Overriding database path with different value: C:\Users\karim\.stmcufinder\plugins\mcufinder/ => C:\Users\karim\.stmcufinder\plugins\mcufinder
2024-11-24 14:12:17,544 [INFO] CrossReferenceDbSqlite:203 - Set database path to: C:\Users\karim\.stmcufinder\plugins\mcufinder//mcu/cs/
2024-11-24 14:12:17,573 [INFO] ApplicationProperties:184 - Using Application install path: C:\ST\STM32CubeIDE_1.16.0\STM32CubeIDE\plugins\com.st.stm32cube.common.mx_6.12.0.202406281431
2024-11-24 14:12:17,577 [INFO] PluginManage:196 - Search for loadable plugins [exclusion list=, ]
2024-11-24 14:12:17,579 [INFO] PluginManage:310 - Check plugin analytics
2024-11-24 14:12:23,467 [INFO] AnalyticsPlugin:253 - Accepted Software Licenses: 
2024-11-24 14:12:23,472 [INFO] AnalyticsPlugin:255 - Accepted CMSIS Pack Licenses: 
2024-11-24 14:12:23,474 [INFO] AnalyticsPlugin:257 - Accepted Firmware Licenses: FW.L4.1.18.0
2024-11-24 14:12:23,477 [INFO] PluginManage:359 - Loaded plugin analytics (category:tool,tabindex:-1)
2024-11-24 14:12:23,482 [INFO] PluginManage:310 - Check plugin cadmodel
2024-11-24 14:12:23,515 [INFO] CADModel:105 - Init CAD model plugin
2024-11-24 14:12:23,515 [INFO] PluginManage:359 - Loaded plugin cadmodel (category:power,tabindex:5)
2024-11-24 14:12:23,515 [INFO] PluginManage:310 - Check plugin clock
2024-11-24 14:12:23,557 [INFO] PluginManage:359 - Loaded plugin clock (category:base,tabindex:2)
2024-11-24 14:12:23,557 [INFO] PluginManage:310 - Check plugin ddr
2024-11-24 14:12:23,559 [INFO] PluginManage:359 - Loaded plugin ddr (category:tool,tabindex:6)
2024-11-24 14:12:23,559 [INFO] PluginManage:310 - Check plugin filemanager
2024-11-24 14:12:24,055 [INFO] PluginManage:359 - Loaded plugin filemanager (category:base,tabindex:10)
2024-11-24 14:12:24,055 [INFO] PluginManage:310 - Check plugin ipmanager
2024-11-24 14:12:24,071 [INFO] PluginManage:359 - Loaded plugin ipmanager (category:base,tabindex:5)
2024-11-24 14:12:24,071 [INFO] PluginManage:310 - Check plugin lpbam
2024-11-24 14:12:24,109 [INFO] PluginManage:359 - Loaded plugin lpbam (category:base,tabindex:0)
2024-11-24 14:12:24,109 [INFO] PluginManage:310 - Check plugin memorymap
2024-11-24 14:12:24,184 [INFO] PluginManage:359 - Loaded plugin memorymap (category:base,tabindex:4)
2024-11-24 14:12:24,184 [INFO] PluginManage:310 - Check plugin pinoutandconfiguration
2024-11-24 14:12:24,224 [INFO] PluginManage:359 - Loaded plugin pinoutandconfiguration (category:base,tabindex:1)
2024-11-24 14:12:24,224 [INFO] PluginManage:310 - Check plugin pinoutconfig
2024-11-24 14:12:24,494 [WARN] SupportedApi:132 - Cannot load RTOS API schema: s4s-elt-must-match.1: The content of 'definitions' must match (annotation?, (simpleType | complexType)?, (unique | key | keyref)*)). A problem was found starting at: attribute.
2024-11-24 14:12:24,704 [INFO] PluginManage:359 - Loaded plugin pinoutconfig (category:base,tabindex:0)
2024-11-24 14:12:24,706 [INFO] PluginManage:310 - Check plugin power
2024-11-24 14:12:24,760 [INFO] PluginManage:359 - Loaded plugin power (category:power,tabindex:4)
2024-11-24 14:12:24,760 [INFO] PluginManage:310 - Check plugin projectmanager
2024-11-24 14:12:24,793 [INFO] PluginManage:359 - Loaded plugin projectmanager (category:projectmanager,tabindex:4)
2024-11-24 14:12:24,793 [INFO] PluginManage:310 - Check plugin rif
2024-11-24 14:12:24,819 [INFO] PluginManage:359 - Loaded plugin rif (category:base,tabindex:3)
2024-11-24 14:12:24,819 [INFO] PluginManage:310 - Check plugin thirdparty
2024-11-24 14:12:25,353 [INFO] PluginManage:359 - Loaded plugin thirdparty (category:base,tabindex:-1)
2024-11-24 14:12:25,353 [INFO] PluginManage:310 - Check plugin tools
2024-11-24 14:12:25,354 [WARN] IntegrityCheckThread:84 - waiting for thirdparty lock release [integrity check]
2024-11-24 14:12:25,361 [INFO] IntegrityCheckThread:86 - entering critical section [integrity check]
2024-11-24 14:12:25,361 [INFO] ThirdPartyUpdaterWithRetryManager:70 - Updater plugin not ready yet. [1/15]
2024-11-24 14:12:25,415 [INFO] PluginManage:359 - Loaded plugin tools (category:base,tabindex:7)
2024-11-24 14:12:25,415 [INFO] PluginManage:310 - Check plugin tutovideos
2024-11-24 14:12:25,792 [INFO] PluginManage:359 - Loaded plugin tutovideos (category:base,tabindex:-1)
2024-11-24 14:12:25,794 [INFO] PluginManage:310 - Check plugin updater
2024-11-24 14:12:25,840 [INFO] PluginManage:359 - Loaded plugin updater (category:base,tabindex:12)
2024-11-24 14:12:25,840 [INFO] PluginManage:310 - Check plugin userauth
2024-11-24 14:12:25,856 [INFO] UserAuth:113 - Init User Auth plugin
2024-11-24 14:12:25,856 [INFO] PluginManage:359 - Loaded plugin userauth (category:base,tabindex:14)
2024-11-24 14:12:25,857 [INFO] PluginManage:283 - PluginManage : Loaded plugins [18]
2024-11-24 14:12:26,418 [INFO] PinOutPanel:1561 - setPackage(No Configuration,No Configuration)
2024-11-24 14:12:26,671 [INFO] CADModel:165 - CPN selected for project level
2024-11-24 14:12:26,671 [INFO] CADModel:114 - Register for checkConnection events
2024-11-24 14:12:26,741 [INFO] IPUIPlugin:80 - create IPUIPlugin
2024-11-24 14:12:26,741 [INFO] PluginManager:220 - loadIPPluginJar : add adc
2024-11-24 14:12:26,840 [INFO] IPUIPlugin:80 - create IPUIPlugin
2024-11-24 14:12:26,840 [INFO] PluginManager:220 - loadIPPluginJar : add aes
2024-11-24 14:12:26,987 [INFO] IPUIPlugin:80 - create IPUIPlugin
2024-11-24 14:12:26,988 [INFO] PluginManager:220 - loadIPPluginJar : add can
2024-11-24 14:12:27,062 [INFO] IPUIPlugin:80 - create IPUIPlugin
2024-11-24 14:12:27,062 [INFO] PluginManager:220 - loadIPPluginJar : add comp
2024-11-24 14:12:27,173 [INFO] IPUIPlugin:80 - create IPUIPlugin
2024-11-24 14:12:27,173 [INFO] PluginManager:220 - loadIPPluginJar : add cryp
2024-11-24 14:12:27,204 [INFO] IPUIPlugin:80 - create IPUIPlugin
2024-11-24 14:12:27,220 [INFO] PluginManager:220 - loadIPPluginJar : add ddr_ctrl_phy
2024-11-24 14:12:27,326 [INFO] IPUIPlugin:80 - create IPUIPlugin
2024-11-24 14:12:27,326 [INFO] PluginManager:220 - loadIPPluginJar : add dfsdm
2024-11-24 14:12:27,358 [INFO] IPUIPlugin:80 - create IPUIPlugin
2024-11-24 14:12:27,359 [INFO] PluginManager:220 - loadIPPluginJar : add dma
2024-11-24 14:12:27,454 [INFO] IPUIPlugin:80 - create IPUIPlugin
2024-11-24 14:12:27,454 [INFO] PluginManager:220 - loadIPPluginJar : add dma3
2024-11-24 14:12:27,556 [INFO] IPUIPlugin:80 - create IPUIPlugin
2024-11-24 14:12:27,556 [INFO] PluginManager:220 - loadIPPluginJar : add extmemmanager
2024-11-24 14:12:27,619 [INFO] IPUIPlugin:80 - create IPUIPlugin
2024-11-24 14:12:27,619 [INFO] PluginManager:220 - loadIPPluginJar : add fatfs
2024-11-24 14:12:27,821 [INFO] IPUIPlugin:80 - create IPUIPlugin
2024-11-24 14:12:27,821 [INFO] PluginManager:220 - loadIPPluginJar : add fmc
2024-11-24 14:12:27,866 [INFO] IPUIPlugin:80 - create IPUIPlugin
2024-11-24 14:12:27,866 [INFO] PluginManager:220 - loadIPPluginJar : add freertos
2024-11-24 14:12:27,921 [INFO] IPUIPlugin:80 - create IPUIPlugin
2024-11-24 14:12:27,921 [INFO] PluginManager:220 - loadIPPluginJar : add genericplugin
2024-11-24 14:12:28,191 [INFO] IPUIPlugin:80 - create IPUIPlugin
2024-11-24 14:12:28,191 [INFO] PluginManager:220 - loadIPPluginJar : add gfxmmu
2024-11-24 14:12:28,373 [INFO] ThirdPartyUpdaterWithRetryManager:70 - Updater plugin not ready yet. [2/15]
2024-11-24 14:12:28,531 [INFO] IPUIPlugin:80 - create IPUIPlugin
2024-11-24 14:12:28,531 [INFO] PluginManager:220 - loadIPPluginJar : add gic
2024-11-24 14:12:28,565 [INFO] IPUIPlugin:80 - create IPUIPlugin
2024-11-24 14:12:28,565 [INFO] PluginManager:220 - loadIPPluginJar : add gpio
2024-11-24 14:12:28,872 [INFO] IPUIPlugin:80 - create IPUIPlugin
2024-11-24 14:12:28,872 [INFO] PluginManager:220 - loadIPPluginJar : add gtzc
2024-11-24 14:12:28,957 [INFO] IPUIPlugin:80 - create IPUIPlugin
2024-11-24 14:12:28,963 [INFO] PluginManager:220 - loadIPPluginJar : add hash
2024-11-24 14:12:29,109 [INFO] IPUIPlugin:80 - create IPUIPlugin
2024-11-24 14:12:29,109 [INFO] PluginManager:220 - loadIPPluginJar : add i2c
2024-11-24 14:12:29,252 [INFO] IPUIPlugin:80 - create IPUIPlugin
2024-11-24 14:12:29,252 [INFO] PluginManager:220 - loadIPPluginJar : add i2s
2024-11-24 14:12:29,362 [INFO] IPUIPlugin:80 - create IPUIPlugin
2024-11-24 14:12:29,362 [INFO] PluginManager:220 - loadIPPluginJar : add i3c
2024-11-24 14:12:29,645 [INFO] IPUIPlugin:80 - create IPUIPlugin
2024-11-24 14:12:29,645 [INFO] PluginManager:220 - loadIPPluginJar : add ipddr
2024-11-24 14:12:29,892 [INFO] IPUIPlugin:80 - create IPUIPlugin
2024-11-24 14:12:29,892 [INFO] PluginManager:220 - loadIPPluginJar : add linkedlist
2024-11-24 14:12:29,985 [INFO] IPUIPlugin:80 - create IPUIPlugin
2024-11-24 14:12:29,985 [INFO] PluginManager:220 - loadIPPluginJar : add lorawan
2024-11-24 14:12:30,037 [INFO] IPUIPlugin:80 - create IPUIPlugin
2024-11-24 14:12:30,037 [INFO] PluginManager:220 - loadIPPluginJar : add ltdc
2024-11-24 14:12:30,058 [INFO] IPUIPlugin:80 - create IPUIPlugin
2024-11-24 14:12:30,058 [INFO] PluginManager:220 - loadIPPluginJar : add mdma
2024-11-24 14:12:30,082 [INFO] IPUIPlugin:80 - create IPUIPlugin
2024-11-24 14:12:30,082 [INFO] PluginManager:220 - loadIPPluginJar : add nvic
2024-11-24 14:12:30,177 [INFO] IPUIPlugin:80 - create IPUIPlugin
2024-11-24 14:12:30,180 [INFO] PluginManager:220 - loadIPPluginJar : add opamp
2024-11-24 14:12:30,421 [INFO] IPUIPlugin:80 - create IPUIPlugin
2024-11-24 14:12:30,425 [INFO] PluginManager:220 - loadIPPluginJar : add openamp
2024-11-24 14:12:30,512 [INFO] IPUIPlugin:80 - create IPUIPlugin
2024-11-24 14:12:30,514 [INFO] PluginManager:220 - loadIPPluginJar : add pdm2pcm
2024-11-24 14:12:30,539 [INFO] IPUIPlugin:80 - create IPUIPlugin
2024-11-24 14:12:30,544 [INFO] PluginManager:220 - loadIPPluginJar : add plateformsettings
2024-11-24 14:12:30,590 [INFO] IPUIPlugin:80 - create IPUIPlugin
2024-11-24 14:12:30,590 [INFO] PluginManager:220 - loadIPPluginJar : add quadspi
2024-11-24 14:12:30,656 [INFO] IPUIPlugin:80 - create IPUIPlugin
2024-11-24 14:12:30,675 [INFO] PluginManager:220 - loadIPPluginJar : add radio
2024-11-24 14:12:30,713 [INFO] IPUIPlugin:80 - create IPUIPlugin
2024-11-24 14:12:30,713 [INFO] PluginManager:220 - loadIPPluginJar : add resmgrutility
2024-11-24 14:12:30,834 [INFO] IPUIPlugin:80 - create IPUIPlugin
2024-11-24 14:12:30,834 [INFO] PluginManager:220 - loadIPPluginJar : add sai
2024-11-24 14:12:31,024 [INFO] IPUIPlugin:80 - create IPUIPlugin
2024-11-24 14:12:31,027 [INFO] PluginManager:220 - loadIPPluginJar : add spi
2024-11-24 14:12:31,238 [INFO] IPUIPlugin:80 - create IPUIPlugin
2024-11-24 14:12:31,240 [INFO] PluginManager:220 - loadIPPluginJar : add stm32_wpan
2024-11-24 14:12:31,387 [INFO] IPUIPlugin:80 - create IPUIPlugin
2024-11-24 14:12:31,387 [INFO] PluginManager:220 - loadIPPluginJar : add tim
2024-11-24 14:12:31,394 [INFO] ThirdPartyUpdaterWithRetryManager:70 - Updater plugin not ready yet. [3/15]
2024-11-24 14:12:31,577 [INFO] IPUIPlugin:80 - create IPUIPlugin
2024-11-24 14:12:31,577 [INFO] PluginManager:220 - loadIPPluginJar : add touchsensing
2024-11-24 14:12:31,632 [INFO] IPUIPlugin:80 - create IPUIPlugin
2024-11-24 14:12:31,632 [INFO] PluginManager:220 - loadIPPluginJar : add tracer_emb
2024-11-24 14:12:31,687 [INFO] IPUIPlugin:80 - create IPUIPlugin
2024-11-24 14:12:31,687 [INFO] PluginManager:220 - loadIPPluginJar : add ts
2024-11-24 14:12:31,767 [INFO] IPUIPlugin:80 - create IPUIPlugin
2024-11-24 14:12:31,767 [INFO] PluginManager:220 - loadIPPluginJar : add tsc
2024-11-24 14:12:31,838 [INFO] IPUIPlugin:80 - create IPUIPlugin
2024-11-24 14:12:31,838 [INFO] PluginManager:220 - loadIPPluginJar : add ucpd
2024-11-24 14:12:31,973 [INFO] IPUIPlugin:80 - create IPUIPlugin
2024-11-24 14:12:31,973 [INFO] PluginManager:220 - loadIPPluginJar : add usart
2024-11-24 14:12:32,116 [INFO] IPUIPlugin:80 - create IPUIPlugin
2024-11-24 14:12:32,116 [INFO] PluginManager:220 - loadIPPluginJar : add usbx
2024-11-24 14:12:32,303 [INFO] CADModel:165 - CPN selected for project level
2024-11-24 14:12:32,305 [INFO] CADModel:114 - Register for checkConnection events
2024-11-24 14:12:32,305 [FATAL] Updater:334 - Updater called before beeing initialized
2024-11-24 14:12:32,305 [ERROR] CADModel:125 - Updater not yet initialized, retry later 
2024-11-24 14:12:32,599 [INFO] CADModel:165 - CPN selected for project level
2024-11-24 14:12:32,599 [INFO] CADModel:114 - Register for checkConnection events
2024-11-24 14:12:32,599 [FATAL] Updater:334 - Updater called before beeing initialized
2024-11-24 14:12:32,599 [ERROR] CADModel:125 - Updater not yet initialized, retry later 
2024-11-24 14:12:32,608 [FATAL] Updater:334 - Updater called before beeing initialized
2024-11-24 14:12:32,981 [FATAL] Updater:334 - Updater called before beeing initialized
2024-11-24 14:12:33,004 [INFO] DbMcusAds:53 - JSON generation date=Fri Sep 20 15:04:38 CEST 2024 (1726837478367)
2024-11-24 14:12:33,004 [FATAL] Updater:334 - Updater called before beeing initialized
2024-11-24 14:12:33,069 [WARN] DetailPanel:346 - Failed to get advertising image, set to default
2024-11-24 14:12:33,255 [FATAL] Updater:334 - Updater called before beeing initialized
2024-11-24 14:12:33,263 [FATAL] Updater:334 - Updater called before beeing initialized
2024-11-24 14:12:33,263 [FATAL] Updater:334 - Updater called before beeing initialized
2024-11-24 14:12:33,263 [WARN] DetailPanel:346 - Failed to get advertising image, set to default
2024-11-24 14:12:33,266 [FATAL] Updater:334 - Updater called before beeing initialized
2024-11-24 14:12:33,435 [ERROR] Updater:1164 - MainUpdater not yet initialized. External WinMGr cannot be set.
2024-11-24 14:12:33,450 [INFO] Updater:1100 - Updater Version found : 6.12.0
2024-11-24 14:12:33,506 [INFO] ApplicationProperties:184 - Using Application install path: C:\ST\STM32CubeIDE_1.16.0\STM32CubeIDE\plugins\com.st.stm32cube.common.mx_6.12.0.202406281431
2024-11-24 14:12:34,397 [INFO] ThirdPartyUpdaterWithRetryManager:70 - Updater plugin not ready yet. [4/15]
2024-11-24 14:12:35,156 [ERROR] LogOutputStream:75 - [STDERR_REDIRECT] Nov 24, 2024 2:12:35 PM java.util.prefs.WindowsPreferences <init>
2024-11-24 14:12:35,174 [ERROR] LogOutputStream:75 - [STDERR_REDIRECT] WARNING: Could not open/create prefs root node Software\JavaSoft\Prefs at root 0xffffffff80000002. Windows RegCreateKeyEx(...) returned error code 5.
2024-11-24 14:12:35,174 [ERROR] LogOutputStream:75 - [STDERR_REDIRECT] 
2024-11-24 14:12:37,238 [INFO] MainUpdater:2873 - connection check result : 10
2024-11-24 14:12:37,240 [INFO] MainUpdater:290 - Updater Check For Update Now.
2024-11-24 14:12:37,240 [INFO] MicroXplorer:498 - Change Database Version : DB.6.0.120
2024-11-24 14:12:37,317 [INFO] McuFinderGlobals:63 - Set McuFinder mode to 2 (CubeIDE integrated)
2024-11-24 14:12:37,317 [INFO] UserAuth:179 - activating auth plugin
2024-11-24 14:12:37,324 [INFO] UserAuth:417 - Internet connection configuration mode: 1
2024-11-24 14:12:37,407 [WARN] MainUpdater:1194 - Updater busy. Cannot search thirdparties
2024-11-24 14:12:37,407 [INFO] ThirdPartyUpdaterWithRetryManager:96 - Updater plugin is busy. [1/15]
2024-11-24 14:12:37,417 [INFO] JxBrowserEngine:152 - Initiate JxBrowser Engine with user profile folder
2024-11-24 14:12:38,053 [INFO] CheckServerUpdateThread:120 - End of CheckServer Thread
2024-11-24 14:12:41,046 [WARN] PackLoader:240 - Cannot read IP mode file for STMicroelectronics.FP-SNS-MOTENVWB1.1.4.0
2024-11-24 14:12:41,223 [WARN] PackLoader:240 - Cannot read IP mode file for STMicroelectronics.FP-ATR-ASTRA1.2.0.1
2024-11-24 14:12:41,292 [WARN] PackLoader:240 - Cannot read IP mode file for STMicroelectronics.X-CUBE-SMBUS.2.1.0
2024-11-24 14:12:41,321 [WARN] PackLoader:240 - Cannot read IP mode file for STMicroelectronics.X-CUBE-WB05N.1.1.0
2024-11-24 14:12:41,527 [WARN] PackLoader:240 - Cannot read IP mode file for STMicroelectronics.X-CUBE-AZRTOS-F7.1.1.0
2024-11-24 14:12:42,020 [WARN] PackLoader:240 - Cannot read IP mode file for STMicroelectronics.X-CUBE-MEMS1.11.0.0
2024-11-24 14:12:43,284 [WARN] PackLoader:240 - Cannot read IP mode file for STMicroelectronics.FP-SNS-FLIGHT1.5.0.2
2024-11-24 14:12:43,347 [WARN] PackLoader:240 - Cannot read IP mode file for STMicroelectronics.X-CUBE-DISPLAY.3.0.0
2024-11-24 14:12:43,418 [WARN] PackLoader:240 - Cannot read IP mode file for STMicroelectronics.X-CUBE-BLE1.7.0.0
2024-11-24 14:12:43,506 [WARN] PackLoader:240 - Cannot read IP mode file for STMicroelectronics.X-CUBE-NFC10.1.0.0
2024-11-24 14:12:43,565 [WARN] PackLoader:240 - Cannot read IP mode file for emotas.I-CUBE-CANOPEN.1.3.0
2024-11-24 14:12:43,674 [WARN] PackLoader:240 - Cannot read IP mode file for STMicroelectronics.X-CUBE-BLEMGR.3.1.0
2024-11-24 14:12:43,723 [WARN] PackLoader:240 - Cannot read IP mode file for STMicroelectronics.FP-SNS-SMARTAG2.1.2.0
2024-11-24 14:12:43,787 [INFO] LogOutputStream:77 - [STDOUT_REDIRECT] 1 : Invalid condition id : UX_CORESTACK_Condition cause : null
2024-11-24 14:12:43,809 [INFO] LogOutputStream:77 - [STDOUT_REDIRECT] 1 : Invalid condition id : UX_CORESTACK_Condition cause : null
2024-11-24 14:12:43,813 [INFO] LogOutputStream:77 - [STDOUT_REDIRECT] 1 : Invalid condition id : UX_CORESTACK_Condition cause : null
2024-11-24 14:12:43,819 [INFO] LogOutputStream:77 - [STDOUT_REDIRECT] 1 : Invalid condition id : UX_CORESTACK_Condition cause : null
2024-11-24 14:12:43,819 [INFO] LogOutputStream:77 - [STDOUT_REDIRECT] 1 : Invalid condition id : UX_CORESTACK_Condition cause : null
2024-11-24 14:12:43,831 [WARN] PackLoader:240 - Cannot read IP mode file for STMicroelectronics.X-CUBE-AZRTOS-WL.2.0.0
2024-11-24 14:12:43,907 [WARN] PackLoader:240 - Cannot read IP mode file for STMicroelectronics.FP-SNS-MOTENV1.5.0.0
2024-11-24 14:12:43,966 [WARN] PackLoader:240 - Cannot read IP mode file for wolfSSL.I-CUBE-wolfMQTT.1.19.0
2024-11-24 14:12:44,017 [WARN] PackLoader:240 - Cannot read IP mode file for WES.I-CUBE-Cesium.1.3.0
2024-11-24 14:12:44,049 [WARN] PackLoader:240 - Cannot read IP mode file for STMicroelectronics.X-CUBE-BLE2.3.3.0
2024-11-24 14:12:44,110 [WARN] PackLoader:240 - Cannot read IP mode file for STMicroelectronics.X-CUBE-NFC9.1.0.0
2024-11-24 14:12:44,154 [WARN] PackLoader:240 - Cannot read IP mode file for STMicroelectronics.X-CUBE-TCPP.4.1.0
2024-11-24 14:12:44,250 [WARN] PackLoader:240 - Cannot read IP mode file for STMicroelectronics.X-CUBE-AZRTOS-G0.1.1.0
2024-11-24 14:12:44,323 [WARN] PackLoader:240 - Cannot read IP mode file for STMicroelectronics.X-CUBE-SAFEA1.1.2.2
2024-11-24 14:12:44,353 [WARN] PackLoader:240 - Cannot read IP mode file for STMicroelectronics.X-CUBE-NFC4.3.0.0
2024-11-24 14:12:44,422 [WARN] PackLoader:240 - Cannot read IP mode file for EmbeddedOffice.I-CUBE-FS-RTOS.1.0.1
2024-11-24 14:12:44,422 [ERROR] ConditionMgr:805 - Attr not supported : Dmpu
2024-11-24 14:12:44,422 [ERROR] ConditionMgr:805 - Attr not supported : Dmpu
2024-11-24 14:12:44,422 [ERROR] ConditionMgr:805 - Attr not supported : Dmpu
2024-11-24 14:12:44,422 [ERROR] ConditionMgr:805 - Attr not supported : Dmpu
2024-11-24 14:12:44,422 [ERROR] ConditionMgr:805 - Attr not supported : Dmpu
2024-11-24 14:12:44,430 [ERROR] ConditionMgr:805 - Attr not supported : Dmpu
2024-11-24 14:12:44,430 [ERROR] ConditionMgr:805 - Attr not supported : Dmpu
2024-11-24 14:12:44,430 [ERROR] ConditionMgr:805 - Attr not supported : Dmpu
2024-11-24 14:12:44,430 [ERROR] ConditionMgr:805 - Attr not supported : Dmpu
2024-11-24 14:12:44,430 [ERROR] ConditionMgr:805 - Attr not supported : Dmpu
2024-11-24 14:12:44,430 [ERROR] ConditionMgr:805 - Attr not supported : Dmpu
2024-11-24 14:12:44,432 [ERROR] ConditionMgr:805 - Attr not supported : Dmpu
2024-11-24 14:12:44,432 [ERROR] ConditionMgr:805 - Attr not supported : Dmpu
2024-11-24 14:12:44,432 [ERROR] ConditionMgr:805 - Attr not supported : Dmpu
2024-11-24 14:12:44,432 [ERROR] ConditionMgr:805 - Attr not supported : Dmpu
2024-11-24 14:12:44,433 [ERROR] ConditionMgr:805 - Attr not supported : Dmpu
2024-11-24 14:12:44,433 [ERROR] ConditionMgr:805 - Attr not supported : Dmpu
2024-11-24 14:12:44,433 [ERROR] ConditionMgr:805 - Attr not supported : Dmpu
2024-11-24 14:12:44,433 [ERROR] ConditionMgr:805 - Attr not supported : Dmpu
2024-11-24 14:12:44,433 [ERROR] ConditionMgr:805 - Attr not supported : Dmpu
2024-11-24 14:12:44,433 [ERROR] ConditionMgr:805 - Attr not supported : Dmpu
2024-11-24 14:12:44,433 [ERROR] ConditionMgr:805 - Attr not supported : Dmpu
2024-11-24 14:12:44,433 [ERROR] ConditionMgr:805 - Attr not supported : Dmpu
2024-11-24 14:12:44,433 [ERROR] ConditionMgr:805 - Attr not supported : Dmpu
2024-11-24 14:12:44,433 [ERROR] ConditionMgr:805 - Attr not supported : Dmpu
2024-11-24 14:12:44,433 [ERROR] ConditionMgr:805 - Attr not supported : Dmpu
2024-11-24 14:12:44,433 [ERROR] ConditionMgr:805 - Attr not supported : Dmpu
2024-11-24 14:12:44,433 [ERROR] ConditionMgr:805 - Attr not supported : Dmpu
2024-11-24 14:12:44,433 [ERROR] ConditionMgr:805 - Attr not supported : Dmpu
2024-11-24 14:12:44,433 [ERROR] ConditionMgr:805 - Attr not supported : Dmpu
2024-11-24 14:12:44,433 [ERROR] ConditionMgr:805 - Attr not supported : Dmpu
2024-11-24 14:12:44,433 [ERROR] ConditionMgr:805 - Attr not supported : Dmpu
2024-11-24 14:12:44,433 [ERROR] ConditionMgr:805 - Attr not supported : Dmpu
2024-11-24 14:12:44,433 [ERROR] ConditionMgr:805 - Attr not supported : Dmpu
2024-11-24 14:12:44,433 [ERROR] ConditionMgr:805 - Attr not supported : Dmpu
2024-11-24 14:12:44,433 [ERROR] ConditionMgr:805 - Attr not supported : Dmpu
2024-11-24 14:12:44,433 [ERROR] ConditionMgr:805 - Attr not supported : Dmpu
2024-11-24 14:12:44,433 [ERROR] ConditionMgr:805 - Attr not supported : Dmpu
2024-11-24 14:12:44,433 [ERROR] ConditionMgr:805 - Attr not supported : Dmpu
2024-11-24 14:12:44,433 [ERROR] ConditionMgr:805 - Attr not supported : Dmpu
2024-11-24 14:12:44,439 [ERROR] ConditionMgr:805 - Attr not supported : Dmpu
2024-11-24 14:12:44,439 [ERROR] ConditionMgr:805 - Attr not supported : Dmpu
2024-11-24 14:12:44,439 [ERROR] ConditionMgr:805 - Attr not supported : Dmpu
2024-11-24 14:12:44,439 [ERROR] ConditionMgr:805 - Attr not supported : Dmpu
2024-11-24 14:12:44,439 [ERROR] ConditionMgr:805 - Attr not supported : Dmpu
2024-11-24 14:12:44,439 [ERROR] ConditionMgr:805 - Attr not supported : Dmpu
2024-11-24 14:12:44,439 [ERROR] ConditionMgr:805 - Attr not supported : Dmpu
2024-11-24 14:12:44,439 [ERROR] ConditionMgr:805 - Attr not supported : Dmpu
2024-11-24 14:12:44,439 [ERROR] ConditionMgr:805 - Attr not supported : Dmpu
2024-11-24 14:12:44,439 [ERROR] ConditionMgr:805 - Attr not supported : Dmpu
2024-11-24 14:12:44,439 [ERROR] ConditionMgr:805 - Attr not supported : Dmpu
2024-11-24 14:12:44,439 [ERROR] ConditionMgr:805 - Attr not supported : Dmpu
2024-11-24 14:12:44,439 [ERROR] ConditionMgr:805 - Attr not supported : Dmpu
2024-11-24 14:12:44,439 [ERROR] ConditionMgr:805 - Attr not supported : Dmpu
2024-11-24 14:12:44,439 [ERROR] ConditionMgr:805 - Attr not supported : Dmpu
2024-11-24 14:12:44,439 [ERROR] ConditionMgr:805 - Attr not supported : Dmpu
2024-11-24 14:12:44,439 [ERROR] ConditionMgr:805 - Attr not supported : Dmpu
2024-11-24 14:12:44,439 [ERROR] ConditionMgr:805 - Attr not supported : Dmpu
2024-11-24 14:12:44,439 [ERROR] ConditionMgr:805 - Attr not supported : Dmpu
2024-11-24 14:12:44,439 [ERROR] ConditionMgr:805 - Attr not supported : Dmpu
2024-11-24 14:12:44,439 [ERROR] ConditionMgr:805 - Attr not supported : Dmpu
2024-11-24 14:12:44,439 [ERROR] ConditionMgr:805 - Attr not supported : Dmpu
2024-11-24 14:12:44,439 [ERROR] ConditionMgr:805 - Attr not supported : Dmpu
2024-11-24 14:12:44,439 [ERROR] ConditionMgr:805 - Attr not supported : Dmpu
2024-11-24 14:12:44,470 [WARN] PackLoader:240 - Cannot read IP mode file for RealThread.X-CUBE-RT-Thread_Nano.4.1.1
2024-11-24 14:12:44,533 [WARN] PackLoader:240 - Cannot read IP mode file for STMicroelectronics.FP-ATR-SIGFOX1.3.2.0
2024-11-24 14:12:44,565 [WARN] PackLoader:240 - Cannot read IP mode file for wolfSSL.I-CUBE-wolfSSL.5.7.2
2024-11-24 14:12:44,597 [WARN] ConditionMgr:438 - getConditionDescription Invalid condition id : Cortex-A Device cause : null
2024-11-24 14:12:44,701 [WARN] ConditionMgr:1039 - genDependencies : Invalid condition id : Cortex-A Device cause : null
2024-11-24 14:12:44,701 [WARN] ConditionMgr:1039 - genDependencies : Invalid condition id : Cortex-A Device cause : null
2024-11-24 14:12:44,702 [WARN] ConditionMgr:1039 - genDependencies : Invalid condition id : Cortex-A Device cause : null
2024-11-24 14:12:44,748 [WARN] PackLoader:240 - Cannot read IP mode file for STMicroelectronics.X-CUBE-EEPRMA1.5.1.0
2024-11-24 14:12:44,803 [WARN] PackLoader:240 - Cannot read IP mode file for ITTIA_DB.I-CUBE-ITTIADB.8.9.0
2024-11-24 14:12:44,940 [WARN] PackLoader:240 - Cannot read IP mode file for SEGGER.I-CUBE-embOS.1.3.1
2024-11-24 14:12:45,104 [WARN] PackLoader:240 - Cannot read IP mode file for STMicroelectronics.X-CUBE-ALGOBUILD.1.4.0
2024-11-24 14:12:45,152 [WARN] PackLoader:240 - Cannot read IP mode file for STMicroelectronics.X-CUBE-AI.9.1.0
2024-11-24 14:12:45,209 [WARN] PackLoader:240 - Cannot read IP mode file for STMicroelectronics.X-CUBE-GNSS1.6.0.0
2024-11-24 14:12:45,305 [WARN] PackLoader:240 - Cannot read IP mode file for STMicroelectronics.X-CUBE-AZRTOS-F4.1.1.0
2024-11-24 14:12:45,354 [WARN] PackLoader:240 - Cannot read IP mode file for STMicroelectronics.X-CUBE-ISPU.2.1.0
2024-11-24 14:12:45,406 [WARN] PackLoader:240 - Cannot read IP mode file for STMicroelectronics.X-CUBE-FREERTOS.1.2.0
2024-11-24 14:12:45,488 [WARN] PackLoader:240 - Cannot read IP mode file for STMicroelectronics.X-CUBE-AZRTOS-L5.2.0.0
2024-11-24 14:12:45,568 [WARN] PackLoader:240 - Cannot read IP mode file for STMicroelectronics.X-CUBE-NFC6.3.1.0
2024-11-24 14:12:45,603 [WARN] PackLoader:240 - Cannot read IP mode file for STMicroelectronics.X-CUBE-DPower.1.2.0
2024-11-24 14:12:45,647 [WARN] PackLoader:240 - Cannot read IP mode file for STMicroelectronics.X-CUBE-AI.9.0.0
2024-11-24 14:12:45,690 [WARN] PackLoader:240 - Cannot read IP mode file for STMicroelectronics.X-CUBE-NFC7.1.0.1
2024-11-24 14:12:45,769 [WARN] ConditionMgr:438 - getConditionDescription Invalid condition id : LAN8742 Phy interface Condition cause : null
2024-11-24 14:12:45,784 [WARN] PackLoader:240 - Cannot read IP mode file for STMicroelectronics.X-CUBE-AZRTOS-L4.2.0.0
2024-11-24 14:12:45,786 [WARN] ConditionMgr:1039 - genDependencies : Invalid condition id : LAN8742 Phy interface Condition cause : null
2024-11-24 14:12:45,786 [WARN] ConditionMgr:1039 - genDependencies : Invalid condition id : LAN8742 Phy interface Condition cause : null
2024-11-24 14:12:45,786 [WARN] ConditionMgr:1039 - genDependencies : Invalid condition id : LAN8742 Phy interface Condition cause : null
2024-11-24 14:12:45,835 [WARN] PackLoader:240 - Cannot read IP mode file for STMicroelectronics.X-CUBE-SFXS2LP1.4.0.0
2024-11-24 14:12:45,975 [WARN] PackLoader:240 - Cannot read IP mode file for STMicroelectronics.X-CUBE-AZRTOS-H7.3.3.0
2024-11-24 14:12:46,049 [WARN] PackLoader:240 - Cannot read IP mode file for STMicroelectronics.X-CUBE-IPS.3.0.0
2024-11-24 14:12:46,126 [WARN] ConditionMgr:438 - getConditionDescription Invalid condition id : UX DEVICE CLASS RTOS Condition cause : null
2024-11-24 14:12:46,126 [WARN] ConditionMgr:438 - getConditionDescription Invalid condition id : UX DEVICE CLASS RTOS Condition cause : null
2024-11-24 14:12:46,141 [WARN] PackLoader:240 - Cannot read IP mode file for STMicroelectronics.X-CUBE-AZRTOS-WB.2.0.0
2024-11-24 14:12:46,141 [WARN] ConditionMgr:1039 - genDependencies : Invalid condition id : UX DEVICE CLASS RTOS Condition cause : null
2024-11-24 14:12:46,141 [WARN] ConditionMgr:1039 - genDependencies : Invalid condition id : UX DEVICE CLASS RTOS Condition cause : null
2024-11-24 14:12:46,141 [WARN] ConditionMgr:1039 - genDependencies : Invalid condition id : UX DEVICE CLASS RTOS Condition cause : null
2024-11-24 14:12:46,141 [WARN] ConditionMgr:1039 - genDependencies : Invalid condition id : UX DEVICE CLASS RTOS Condition cause : null
2024-11-24 14:12:46,141 [WARN] ConditionMgr:1039 - genDependencies : Invalid condition id : UX DEVICE CLASS RTOS Condition cause : null
2024-11-24 14:12:46,189 [WARN] PackLoader:240 - Cannot read IP mode file for STMicroelectronics.X-CUBE-GNSS1.7.0.0
2024-11-24 14:12:46,235 [WARN] PackLoader:240 - Cannot read IP mode file for STMicroelectronics.FP-SNS-STBOX1.2.0.0
2024-11-24 14:12:46,299 [WARN] PackLoader:240 - Cannot read IP mode file for STMicroelectronics.X-CUBE-SUBG2.5.0.0
2024-11-24 14:12:46,331 [WARN] PackLoader:240 - Cannot read IP mode file for Cesanta.I-CUBE-Mongoose.7.13.0
2024-11-24 14:12:46,418 [WARN] PackLoader:240 - Cannot read IP mode file for STMicroelectronics.X-CUBE-AZRTOS-G4.2.0.0
2024-11-24 14:12:46,452 [WARN] PackLoader:240 - Cannot read IP mode file for STMicroelectronics.X-CUBE-ISPU.2.0.0
2024-11-24 14:12:46,487 [WARN] PackLoader:240 - Cannot read IP mode file for STMicroelectronics.X-CUBE-ALS.1.0.2
2024-11-24 14:12:46,539 [WARN] PackLoader:240 - Cannot read IP mode file for STMicroelectronics.X-CUBE-TOUCHGFX.4.24.0
2024-11-24 14:12:46,570 [WARN] PackLoader:240 - Cannot read IP mode file for STMicroelectronics.X-CUBE-TOUCHGFX.4.24.1
2024-11-24 14:12:46,605 [WARN] PackLoader:240 - Cannot read IP mode file for wolfSSL.I-CUBE-wolfTPM.3.4.0
2024-11-24 14:12:46,646 [WARN] PackLoader:240 - Cannot read IP mode file for portGmbH.I-Cube-SoM-uGOAL.1.1.0
2024-11-24 14:12:46,931 [WARN] PackLoader:240 - Cannot read IP mode file for STMicroelectronics.X-CUBE-AZRTOS-H7RS.1.0.0
2024-11-24 14:12:47,003 [WARN] PackLoader:240 - Cannot read IP mode file for STMicroelectronics.FP-ATR-ASTRA1.2.0.0
2024-11-24 14:12:47,063 [WARN] PackLoader:240 - Cannot read IP mode file for STMicroelectronics.X-CUBE-TOF1.3.4.2
2024-11-24 14:12:47,224 [WARN] PackLoader:240 - Cannot read IP mode file for Infineon.AIROC-Wi-Fi-Bluetooth-STM32.1.6.1
2024-11-24 14:12:47,303 [WARN] PackLoader:240 - Cannot read IP mode file for wolfSSL.I-CUBE-wolfSSH.1.4.17
2024-11-24 14:12:47,303 [INFO] ThirdParty:978 - Integrity check success = true
2024-11-24 14:12:47,303 [INFO] IntegrityCheckThread:100 - exiting critical section [integrity check]
2024-11-24 14:12:47,303 [INFO] IntegrityCheckThread:103 - End integrity checks thread
2024-11-24 14:12:54,195 [INFO] WebApp:167 - Instantiating new browser for Auth
2024-11-24 14:12:56,184 [INFO] WebApp:448 - Apply proxy settings
2024-11-24 14:12:56,184 [INFO] WebApp:533 - Chromium requires no authentication
2024-11-24 14:12:56,197 [INFO] WebApp:476 - Direct internet connection detected
2024-11-24 14:12:56,250 [INFO] WebApp:869 - Register for checkConnection events
2024-11-24 14:12:56,250 [INFO] WebApp:448 - Apply proxy settings
2024-11-24 14:12:56,250 [INFO] WebApp:533 - Chromium requires no authentication
2024-11-24 14:12:56,250 [INFO] WebApp:476 - Direct internet connection detected
2024-11-24 14:12:56,697 [INFO] WebApp:220 - Starting web application
2024-11-24 14:12:56,697 [INFO] WebApp:578 - Web application path used C:\ST\STM32CubeIDE_1.16.0\STM32CubeIDE\plugins\com.st.stm32cube.common.mx_6.12.0.202406281431\db\plugins\mcufinder\reactClient1\index.html
2024-11-24 14:13:13,839 [INFO] WebApp:186 - Connection restablished
2024-11-24 14:22:22,199 [INFO] WebApp:189 - Connection lost
2024-11-24 14:25:07,569 [INFO] WebApp:186 - Connection restablished
2024-11-24 14:25:42,181 [INFO] WebApp:189 - Connection lost
2024-11-24 14:25:42,611 [INFO] WebApp:186 - Connection restablished
2024-11-24 15:17:15,431 [INFO] WebApp:189 - Connection lost
2024-11-24 15:26:32,739 [INFO] WebApp:186 - Connection restablished
2024-11-24 15:26:33,371 [INFO] WebApp:189 - Connection lost
2024-11-24 15:26:33,596 [INFO] WebApp:186 - Connection restablished
2024-11-24 15:26:36,657 [INFO] WebApp:189 - Connection lost
2024-11-24 15:26:36,806 [INFO] WebApp:186 - Connection restablished
2024-11-24 15:27:10,492 [INFO] WebApp:189 - Connection lost
2024-11-24 15:27:10,665 [INFO] WebApp:186 - Connection restablished
2024-11-24 16:04:48,044 [INFO] WebApp:189 - Connection lost
2024-11-24 17:19:28,106 [INFO] WebApp:186 - Connection restablished
2024-11-24 17:19:29,470 [INFO] WebApp:189 - Connection lost
2024-11-24 17:19:29,820 [INFO] WebApp:186 - Connection restablished
2024-11-24 17:22:26,498 [INFO] WebApp:189 - Connection lost
2024-11-24 17:51:00,855 [INFO] WebApp:388 - JxBrowser engine has been closed 
2024-11-24 17:51:08,016 [ERROR] ConfigurationRetriever:142 - IOException on connection: sw-center.st.com
2024-11-24 17:51:08,024 [ERROR] ConfigurationRetriever:142 - IOException on connection: sw-center.st.com
2024-11-24 17:51:08,026 [ERROR] ConfigurationRetriever:142 - IOException on connection: sw-center.st.com
2024-11-24 17:51:18,731 [ERROR] ConfigurationRetriever:142 - IOException on connection: sw-center.st.com
2024-11-24 17:51:18,732 [ERROR] ConfigurationRetriever:142 - IOException on connection: sw-center.st.com
2024-11-24 17:51:18,735 [ERROR] ConfigurationRetriever:142 - IOException on connection: sw-center.st.com
2024-11-24 17:51:20,430 [ERROR] LogOutputStream:75 - [STDERR_REDIRECT] 
2024-11-24 17:51:20,438 [ERROR] LogOutputStream:75 - [STDERR_REDIRECT] 
