2024-10-01 15:25:15,991 [INFO] Activator:176 - 


2024-10-01 15:25:16,000 [INFO] Activator:177 - !SESSION log4j initialized
2024-10-01 15:25:23,212 [INFO] LogOutputStream:77 - [STDOUT_REDIRECT] 
2024-10-01 15:25:23,542 [ERROR] ConfigurationRetriever:142 - IOException on connection: sw-center.st.com
2024-10-01 15:25:23,544 [ERROR] ConfigurationRetriever:142 - IOException on connection: sw-center.st.com
2024-10-01 15:25:23,545 [ERROR] ConfigurationRetriever:142 - IOException on connection: sw-center.st.com
2024-10-01 15:25:23,550 [ERROR] ConfigurationRetriever:142 - IOException on connection: sw-center.st.com
2024-10-01 15:25:23,552 [ERROR] ConfigurationRetriever:142 - IOException on connection: sw-center.st.com
2024-10-01 15:25:23,552 [ERROR] ConfigurationRetriever:142 - IOException on connection: sw-center.st.com
2024-10-01 15:25:26,959 [INFO] ApplicationProperties:184 - Using Application install path: C:\ST\STM32CubeIDE_1.16.0\STM32CubeIDE\plugins\com.st.stm32cube.common.mx_6.12.0.202406281431
2024-10-01 15:25:26,990 [INFO] DbMcusXml:78 - Set database path to: C:\ST\STM32CubeIDE_1.16.0\STM32CubeIDE\plugins\com.st.stm32cube.common.mx_6.12.0.202406281431\\db\/mcu/
2024-10-01 15:25:26,990 [INFO] ApiDb:274 - Set plugin database path to: C:\ST\STM32CubeIDE_1.16.0\STM32CubeIDE\plugins\com.st.stm32cube.common.mx_6.12.0.202406281431\\db\/plugins/boardmanager/
2024-10-01 15:25:26,990 [WARN] ApiDb:259 - Overriding images path with different value:  => C:\ST\STM32CubeIDE_1.16.0\STM32CubeIDE\plugins\com.st.stm32cube.common.mx_6.12.0.202406281431\\db\/plugins/mcufinder/images/
2024-10-01 15:25:26,990 [INFO] ApiDb:250 - Set database path to: C:\Users\karim\.stmcufinder\plugins\mcufinder//mcu/
2024-10-01 15:25:27,006 [INFO] DbMcusAds:125 - Set database path to: C:\Users\karim\.stmcufinder\plugins\mcufinder//mcu/
2024-10-01 15:25:27,006 [INFO] CrossReferenceDbSqlite:203 - Set database path to: C:\Users\karim\.stmcufinder\plugins\mcufinder//mcu/cs/
2024-10-01 15:25:27,147 [INFO] RulesReader:64 - Compatibility file has been processed (297 Rules)
2024-10-01 15:25:27,240 [INFO] DbMcusXml:78 - Set database path to: C:\ST\STM32CubeIDE_1.16.0\STM32CubeIDE\plugins\com.st.stm32cube.common.mx_6.12.0.202406281431\\db\/mcu/
2024-10-01 15:25:27,240 [INFO] ApiDb:274 - Set plugin database path to: C:\ST\STM32CubeIDE_1.16.0\STM32CubeIDE\plugins\com.st.stm32cube.common.mx_6.12.0.202406281431\\db\/plugins/boardmanager/
2024-10-01 15:25:27,240 [INFO] ApiDb:261 - Set plugin images path to: C:\ST\STM32CubeIDE_1.16.0\STM32CubeIDE\plugins\com.st.stm32cube.common.mx_6.12.0.202406281431\\db\/plugins/mcufinder/images/
2024-10-01 15:25:27,240 [WARN] DbFile:41 - Overriding database path with different value: C:\Users\karim\.stmcufinder\plugins\mcufinder/ => C:\Users\karim\.stmcufinder\plugins\mcufinder
2024-10-01 15:25:27,240 [INFO] ApiDb:250 - Set database path to: C:\Users\karim\.stmcufinder\plugins\mcufinder//mcu/
2024-10-01 15:25:27,240 [WARN] DbFile:41 - Overriding database path with different value: C:\Users\karim\.stmcufinder\plugins\mcufinder/ => C:\Users\karim\.stmcufinder\plugins\mcufinder
2024-10-01 15:25:27,240 [INFO] DbMcusAds:125 - Set database path to: C:\Users\karim\.stmcufinder\plugins\mcufinder//mcu/
2024-10-01 15:25:27,240 [WARN] DbFile:41 - Overriding database path with different value: C:\Users\karim\.stmcufinder\plugins\mcufinder/ => C:\Users\karim\.stmcufinder\plugins\mcufinder
2024-10-01 15:25:27,240 [WARN] DbFile:41 - Overriding database path with different value: C:\Users\karim\.stmcufinder\plugins\mcufinder/ => C:\Users\karim\.stmcufinder\plugins\mcufinder
2024-10-01 15:25:27,240 [INFO] CrossReferenceDbSqlite:203 - Set database path to: C:\Users\karim\.stmcufinder\plugins\mcufinder//mcu/cs/
2024-10-01 15:25:27,334 [INFO] MainPanel:268 - HeapMemory: 268435456
2024-10-01 15:25:27,468 [INFO] DbMcusXml:78 - Set database path to: C:\ST\STM32CubeIDE_1.16.0\STM32CubeIDE\plugins\com.st.stm32cube.common.mx_6.12.0.202406281431\\db\/mcu/
2024-10-01 15:25:27,468 [INFO] ApiDb:274 - Set plugin database path to: C:\ST\STM32CubeIDE_1.16.0\STM32CubeIDE\plugins\com.st.stm32cube.common.mx_6.12.0.202406281431\\db\/plugins/boardmanager/
2024-10-01 15:25:27,468 [INFO] ApiDb:261 - Set plugin images path to: C:\ST\STM32CubeIDE_1.16.0\STM32CubeIDE\plugins\com.st.stm32cube.common.mx_6.12.0.202406281431\\db\/plugins/mcufinder/images/
2024-10-01 15:25:27,468 [WARN] DbFile:41 - Overriding database path with different value: C:\Users\karim\.stmcufinder\plugins\mcufinder/ => C:\Users\karim\.stmcufinder\plugins\mcufinder
2024-10-01 15:25:27,468 [INFO] ApiDb:250 - Set database path to: C:\Users\karim\.stmcufinder\plugins\mcufinder//mcu/
2024-10-01 15:25:27,468 [WARN] DbFile:41 - Overriding database path with different value: C:\Users\karim\.stmcufinder\plugins\mcufinder/ => C:\Users\karim\.stmcufinder\plugins\mcufinder
2024-10-01 15:25:27,468 [INFO] DbMcusAds:125 - Set database path to: C:\Users\karim\.stmcufinder\plugins\mcufinder//mcu/
2024-10-01 15:25:27,468 [WARN] DbFile:41 - Overriding database path with different value: C:\Users\karim\.stmcufinder\plugins\mcufinder/ => C:\Users\karim\.stmcufinder\plugins\mcufinder
2024-10-01 15:25:27,468 [WARN] DbFile:41 - Overriding database path with different value: C:\Users\karim\.stmcufinder\plugins\mcufinder/ => C:\Users\karim\.stmcufinder\plugins\mcufinder
2024-10-01 15:25:27,468 [INFO] CrossReferenceDbSqlite:203 - Set database path to: C:\Users\karim\.stmcufinder\plugins\mcufinder//mcu/cs/
2024-10-01 15:25:27,483 [INFO] ApplicationProperties:184 - Using Application install path: C:\ST\STM32CubeIDE_1.16.0\STM32CubeIDE\plugins\com.st.stm32cube.common.mx_6.12.0.202406281431
2024-10-01 15:25:27,483 [INFO] PluginManage:196 - Search for loadable plugins [exclusion list=, ]
2024-10-01 15:25:27,483 [INFO] PluginManage:310 - Check plugin analytics
2024-10-01 15:25:27,718 [INFO] AnalyticsPlugin:253 - Accepted Software Licenses: 
2024-10-01 15:25:27,718 [INFO] AnalyticsPlugin:255 - Accepted CMSIS Pack Licenses: 
2024-10-01 15:25:27,718 [INFO] AnalyticsPlugin:257 - Accepted Firmware Licenses: FW.L4.1.18.0
2024-10-01 15:25:27,733 [INFO] PluginManage:359 - Loaded plugin analytics (category:tool,tabindex:-1)
2024-10-01 15:25:27,733 [INFO] PluginManage:310 - Check plugin cadmodel
2024-10-01 15:25:27,733 [ERROR] ConfigurationRetriever:142 - IOException on connection: sw-center.st.com
2024-10-01 15:25:27,733 [ERROR] ConfigurationRetriever:142 - IOException on connection: sw-center.st.com
2024-10-01 15:25:27,733 [ERROR] ConfigurationRetriever:142 - IOException on connection: sw-center.st.com
2024-10-01 15:25:27,749 [INFO] CADModel:105 - Init CAD model plugin
2024-10-01 15:25:27,749 [INFO] PluginManage:359 - Loaded plugin cadmodel (category:power,tabindex:5)
2024-10-01 15:25:27,749 [INFO] PluginManage:310 - Check plugin clock
2024-10-01 15:25:27,764 [INFO] PluginManage:359 - Loaded plugin clock (category:base,tabindex:2)
2024-10-01 15:25:27,764 [INFO] PluginManage:310 - Check plugin ddr
2024-10-01 15:25:27,780 [INFO] PluginManage:359 - Loaded plugin ddr (category:tool,tabindex:6)
2024-10-01 15:25:27,780 [INFO] PluginManage:310 - Check plugin filemanager
2024-10-01 15:25:27,975 [INFO] PluginManage:359 - Loaded plugin filemanager (category:base,tabindex:10)
2024-10-01 15:25:27,975 [INFO] PluginManage:310 - Check plugin ipmanager
2024-10-01 15:25:27,990 [INFO] PluginManage:359 - Loaded plugin ipmanager (category:base,tabindex:5)
2024-10-01 15:25:27,990 [INFO] PluginManage:310 - Check plugin lpbam
2024-10-01 15:25:28,006 [INFO] PluginManage:359 - Loaded plugin lpbam (category:base,tabindex:0)
2024-10-01 15:25:28,006 [INFO] PluginManage:310 - Check plugin memorymap
2024-10-01 15:25:28,037 [INFO] PluginManage:359 - Loaded plugin memorymap (category:base,tabindex:4)
2024-10-01 15:25:28,037 [INFO] PluginManage:310 - Check plugin pinoutandconfiguration
2024-10-01 15:25:28,053 [INFO] PluginManage:359 - Loaded plugin pinoutandconfiguration (category:base,tabindex:1)
2024-10-01 15:25:28,053 [INFO] PluginManage:310 - Check plugin pinoutconfig
2024-10-01 15:25:28,203 [WARN] SupportedApi:132 - Cannot load RTOS API schema: s4s-elt-must-match.1: The content of 'definitions' must match (annotation?, (simpleType | complexType)?, (unique | key | keyref)*)). A problem was found starting at: attribute.
2024-10-01 15:25:28,505 [INFO] PluginManage:359 - Loaded plugin pinoutconfig (category:base,tabindex:0)
2024-10-01 15:25:28,505 [INFO] PluginManage:310 - Check plugin power
2024-10-01 15:25:28,567 [INFO] PluginManage:359 - Loaded plugin power (category:power,tabindex:4)
2024-10-01 15:25:28,567 [INFO] PluginManage:310 - Check plugin projectmanager
2024-10-01 15:25:28,594 [INFO] PluginManage:359 - Loaded plugin projectmanager (category:projectmanager,tabindex:4)
2024-10-01 15:25:28,594 [INFO] PluginManage:310 - Check plugin rif
2024-10-01 15:25:28,625 [INFO] PluginManage:359 - Loaded plugin rif (category:base,tabindex:3)
2024-10-01 15:25:28,625 [INFO] PluginManage:310 - Check plugin thirdparty
2024-10-01 15:25:28,969 [INFO] PluginManage:359 - Loaded plugin thirdparty (category:base,tabindex:-1)
2024-10-01 15:25:28,969 [INFO] PluginManage:310 - Check plugin tools
2024-10-01 15:25:28,969 [WARN] IntegrityCheckThread:84 - waiting for thirdparty lock release [integrity check]
2024-10-01 15:25:28,969 [INFO] IntegrityCheckThread:86 - entering critical section [integrity check]
2024-10-01 15:25:28,969 [INFO] ThirdPartyUpdaterWithRetryManager:70 - Updater plugin not ready yet. [1/15]
2024-10-01 15:25:29,039 [INFO] PluginManage:359 - Loaded plugin tools (category:base,tabindex:7)
2024-10-01 15:25:29,039 [INFO] PluginManage:310 - Check plugin tutovideos
2024-10-01 15:25:29,243 [INFO] PluginManage:359 - Loaded plugin tutovideos (category:base,tabindex:-1)
2024-10-01 15:25:29,243 [INFO] PluginManage:310 - Check plugin updater
2024-10-01 15:25:29,266 [INFO] PluginManage:359 - Loaded plugin updater (category:base,tabindex:12)
2024-10-01 15:25:29,266 [INFO] PluginManage:310 - Check plugin userauth
2024-10-01 15:25:29,281 [INFO] UserAuth:113 - Init User Auth plugin
2024-10-01 15:25:29,281 [INFO] PluginManage:359 - Loaded plugin userauth (category:base,tabindex:14)
2024-10-01 15:25:29,281 [INFO] PluginManage:283 - PluginManage : Loaded plugins [18]
2024-10-01 15:25:29,529 [INFO] PinOutPanel:1561 - setPackage(No Configuration,No Configuration)
2024-10-01 15:25:29,686 [INFO] CADModel:165 - CPN selected for project level
2024-10-01 15:25:29,686 [INFO] CADModel:114 - Register for checkConnection events
2024-10-01 15:25:29,732 [INFO] IPUIPlugin:80 - create IPUIPlugin
2024-10-01 15:25:29,732 [INFO] PluginManager:220 - loadIPPluginJar : add adc
2024-10-01 15:25:29,795 [INFO] IPUIPlugin:80 - create IPUIPlugin
2024-10-01 15:25:29,795 [INFO] PluginManager:220 - loadIPPluginJar : add aes
2024-10-01 15:25:29,857 [INFO] IPUIPlugin:80 - create IPUIPlugin
2024-10-01 15:25:29,857 [INFO] PluginManager:220 - loadIPPluginJar : add can
2024-10-01 15:25:29,889 [INFO] IPUIPlugin:80 - create IPUIPlugin
2024-10-01 15:25:29,889 [INFO] PluginManager:220 - loadIPPluginJar : add comp
2024-10-01 15:25:29,920 [INFO] IPUIPlugin:80 - create IPUIPlugin
2024-10-01 15:25:29,920 [INFO] PluginManager:220 - loadIPPluginJar : add cryp
2024-10-01 15:25:29,936 [INFO] IPUIPlugin:80 - create IPUIPlugin
2024-10-01 15:25:29,936 [INFO] PluginManager:220 - loadIPPluginJar : add ddr_ctrl_phy
2024-10-01 15:25:29,967 [INFO] IPUIPlugin:80 - create IPUIPlugin
2024-10-01 15:25:29,967 [INFO] PluginManager:220 - loadIPPluginJar : add dfsdm
2024-10-01 15:25:29,982 [INFO] IPUIPlugin:80 - create IPUIPlugin
2024-10-01 15:25:29,998 [INFO] PluginManager:220 - loadIPPluginJar : add dma
2024-10-01 15:25:30,045 [INFO] IPUIPlugin:80 - create IPUIPlugin
2024-10-01 15:25:30,045 [INFO] PluginManager:220 - loadIPPluginJar : add dma3
2024-10-01 15:25:30,092 [INFO] IPUIPlugin:80 - create IPUIPlugin
2024-10-01 15:25:30,092 [INFO] PluginManager:220 - loadIPPluginJar : add extmemmanager
2024-10-01 15:25:30,108 [INFO] IPUIPlugin:80 - create IPUIPlugin
2024-10-01 15:25:30,108 [INFO] PluginManager:220 - loadIPPluginJar : add fatfs
2024-10-01 15:25:30,170 [INFO] IPUIPlugin:80 - create IPUIPlugin
2024-10-01 15:25:30,170 [INFO] PluginManager:220 - loadIPPluginJar : add fmc
2024-10-01 15:25:30,186 [INFO] IPUIPlugin:80 - create IPUIPlugin
2024-10-01 15:25:30,186 [INFO] PluginManager:220 - loadIPPluginJar : add freertos
2024-10-01 15:25:30,201 [INFO] IPUIPlugin:80 - create IPUIPlugin
2024-10-01 15:25:30,201 [INFO] PluginManager:220 - loadIPPluginJar : add genericplugin
2024-10-01 15:25:30,311 [INFO] IPUIPlugin:80 - create IPUIPlugin
2024-10-01 15:25:30,311 [INFO] PluginManager:220 - loadIPPluginJar : add gfxmmu
2024-10-01 15:25:30,514 [INFO] IPUIPlugin:80 - create IPUIPlugin
2024-10-01 15:25:30,514 [INFO] PluginManager:220 - loadIPPluginJar : add gic
2024-10-01 15:25:30,530 [INFO] IPUIPlugin:80 - create IPUIPlugin
2024-10-01 15:25:30,530 [INFO] PluginManager:220 - loadIPPluginJar : add gpio
2024-10-01 15:25:30,623 [INFO] IPUIPlugin:80 - create IPUIPlugin
2024-10-01 15:25:30,623 [INFO] PluginManager:220 - loadIPPluginJar : add gtzc
2024-10-01 15:25:30,655 [INFO] IPUIPlugin:80 - create IPUIPlugin
2024-10-01 15:25:30,655 [INFO] PluginManager:220 - loadIPPluginJar : add hash
2024-10-01 15:25:30,733 [INFO] IPUIPlugin:80 - create IPUIPlugin
2024-10-01 15:25:30,733 [INFO] PluginManager:220 - loadIPPluginJar : add i2c
2024-10-01 15:25:30,780 [INFO] IPUIPlugin:80 - create IPUIPlugin
2024-10-01 15:25:30,780 [INFO] PluginManager:220 - loadIPPluginJar : add i2s
2024-10-01 15:25:30,826 [INFO] IPUIPlugin:80 - create IPUIPlugin
2024-10-01 15:25:30,826 [INFO] PluginManager:220 - loadIPPluginJar : add i3c
2024-10-01 15:25:30,984 [INFO] IPUIPlugin:80 - create IPUIPlugin
2024-10-01 15:25:30,984 [INFO] PluginManager:220 - loadIPPluginJar : add ipddr
2024-10-01 15:25:31,187 [INFO] IPUIPlugin:80 - create IPUIPlugin
2024-10-01 15:25:31,187 [INFO] PluginManager:220 - loadIPPluginJar : add linkedlist
2024-10-01 15:25:31,250 [INFO] IPUIPlugin:80 - create IPUIPlugin
2024-10-01 15:25:31,250 [INFO] PluginManager:220 - loadIPPluginJar : add lorawan
2024-10-01 15:25:31,296 [INFO] IPUIPlugin:80 - create IPUIPlugin
2024-10-01 15:25:31,296 [INFO] PluginManager:220 - loadIPPluginJar : add ltdc
2024-10-01 15:25:31,312 [INFO] IPUIPlugin:80 - create IPUIPlugin
2024-10-01 15:25:31,312 [INFO] PluginManager:220 - loadIPPluginJar : add mdma
2024-10-01 15:25:31,328 [INFO] IPUIPlugin:80 - create IPUIPlugin
2024-10-01 15:25:31,328 [INFO] PluginManager:220 - loadIPPluginJar : add nvic
2024-10-01 15:25:31,375 [INFO] IPUIPlugin:80 - create IPUIPlugin
2024-10-01 15:25:31,375 [INFO] PluginManager:220 - loadIPPluginJar : add opamp
2024-10-01 15:25:31,437 [INFO] IPUIPlugin:80 - create IPUIPlugin
2024-10-01 15:25:31,437 [INFO] PluginManager:220 - loadIPPluginJar : add openamp
2024-10-01 15:25:31,484 [INFO] IPUIPlugin:80 - create IPUIPlugin
2024-10-01 15:25:31,484 [INFO] PluginManager:220 - loadIPPluginJar : add pdm2pcm
2024-10-01 15:25:31,515 [INFO] IPUIPlugin:80 - create IPUIPlugin
2024-10-01 15:25:31,515 [INFO] PluginManager:220 - loadIPPluginJar : add plateformsettings
2024-10-01 15:25:31,547 [INFO] IPUIPlugin:80 - create IPUIPlugin
2024-10-01 15:25:31,547 [INFO] PluginManager:220 - loadIPPluginJar : add quadspi
2024-10-01 15:25:31,578 [INFO] IPUIPlugin:80 - create IPUIPlugin
2024-10-01 15:25:31,578 [INFO] PluginManager:220 - loadIPPluginJar : add radio
2024-10-01 15:25:31,594 [INFO] IPUIPlugin:80 - create IPUIPlugin
2024-10-01 15:25:31,594 [INFO] PluginManager:220 - loadIPPluginJar : add resmgrutility
2024-10-01 15:25:31,641 [INFO] IPUIPlugin:80 - create IPUIPlugin
2024-10-01 15:25:31,641 [INFO] PluginManager:220 - loadIPPluginJar : add sai
2024-10-01 15:25:31,688 [INFO] IPUIPlugin:80 - create IPUIPlugin
2024-10-01 15:25:31,688 [INFO] PluginManager:220 - loadIPPluginJar : add spi
2024-10-01 15:25:31,766 [INFO] IPUIPlugin:80 - create IPUIPlugin
2024-10-01 15:25:31,766 [INFO] PluginManager:220 - loadIPPluginJar : add stm32_wpan
2024-10-01 15:25:31,781 [INFO] IPUIPlugin:80 - create IPUIPlugin
2024-10-01 15:25:31,781 [INFO] PluginManager:220 - loadIPPluginJar : add tim
2024-10-01 15:25:31,844 [INFO] IPUIPlugin:80 - create IPUIPlugin
2024-10-01 15:25:31,844 [INFO] PluginManager:220 - loadIPPluginJar : add touchsensing
2024-10-01 15:25:31,875 [INFO] IPUIPlugin:80 - create IPUIPlugin
2024-10-01 15:25:31,875 [INFO] PluginManager:220 - loadIPPluginJar : add tracer_emb
2024-10-01 15:25:31,906 [INFO] IPUIPlugin:80 - create IPUIPlugin
2024-10-01 15:25:31,906 [INFO] PluginManager:220 - loadIPPluginJar : add ts
2024-10-01 15:25:31,922 [INFO] IPUIPlugin:80 - create IPUIPlugin
2024-10-01 15:25:31,922 [INFO] PluginManager:220 - loadIPPluginJar : add tsc
2024-10-01 15:25:31,953 [INFO] IPUIPlugin:80 - create IPUIPlugin
2024-10-01 15:25:31,953 [INFO] PluginManager:220 - loadIPPluginJar : add ucpd
2024-10-01 15:25:31,984 [INFO] ThirdPartyUpdaterWithRetryManager:70 - Updater plugin not ready yet. [2/15]
2024-10-01 15:25:32,000 [INFO] IPUIPlugin:80 - create IPUIPlugin
2024-10-01 15:25:32,000 [INFO] PluginManager:220 - loadIPPluginJar : add usart
2024-10-01 15:25:32,047 [INFO] IPUIPlugin:80 - create IPUIPlugin
2024-10-01 15:25:32,047 [INFO] PluginManager:220 - loadIPPluginJar : add usbx
2024-10-01 15:25:32,206 [INFO] CADModel:165 - CPN selected for project level
2024-10-01 15:25:32,206 [INFO] CADModel:114 - Register for checkConnection events
2024-10-01 15:25:32,206 [FATAL] Updater:334 - Updater called before beeing initialized
2024-10-01 15:25:32,206 [ERROR] CADModel:125 - Updater not yet initialized, retry later 
2024-10-01 15:25:32,390 [INFO] CADModel:165 - CPN selected for project level
2024-10-01 15:25:32,390 [INFO] CADModel:114 - Register for checkConnection events
2024-10-01 15:25:32,390 [FATAL] Updater:334 - Updater called before beeing initialized
2024-10-01 15:25:32,390 [ERROR] CADModel:125 - Updater not yet initialized, retry later 
2024-10-01 15:25:32,390 [FATAL] Updater:334 - Updater called before beeing initialized
2024-10-01 15:25:32,531 [FATAL] Updater:334 - Updater called before beeing initialized
2024-10-01 15:25:32,547 [INFO] DbMcusAds:53 - JSON generation date=Fri Sep 20 15:04:23 CEST 2024 (1726837463113)
2024-10-01 15:25:32,547 [FATAL] Updater:334 - Updater called before beeing initialized
2024-10-01 15:25:32,578 [WARN] DetailPanel:346 - Failed to get advertising image, set to default
2024-10-01 15:25:32,656 [FATAL] Updater:334 - Updater called before beeing initialized
2024-10-01 15:25:32,656 [FATAL] Updater:334 - Updater called before beeing initialized
2024-10-01 15:25:32,656 [FATAL] Updater:334 - Updater called before beeing initialized
2024-10-01 15:25:32,656 [WARN] DetailPanel:346 - Failed to get advertising image, set to default
2024-10-01 15:25:32,656 [FATAL] Updater:334 - Updater called before beeing initialized
2024-10-01 15:25:32,724 [ERROR] Updater:1164 - MainUpdater not yet initialized. External WinMGr cannot be set.
2024-10-01 15:25:32,739 [INFO] Updater:1100 - Updater Version found : 6.12.0
2024-10-01 15:25:32,771 [INFO] ApplicationProperties:184 - Using Application install path: C:\ST\STM32CubeIDE_1.16.0\STM32CubeIDE\plugins\com.st.stm32cube.common.mx_6.12.0.202406281431
2024-10-01 15:25:34,387 [ERROR] LogOutputStream:75 - [STDERR_REDIRECT] Oct 01, 2024 3:25:34 PM java.util.prefs.WindowsPreferences <init>
2024-10-01 15:25:34,387 [ERROR] LogOutputStream:75 - [STDERR_REDIRECT] WARNING: Could not open/create prefs root node Software\JavaSoft\Prefs at root 0xffffffff80000002. Windows RegCreateKeyEx(...) returned error code 5.
2024-10-01 15:25:34,387 [ERROR] LogOutputStream:75 - [STDERR_REDIRECT] 
2024-10-01 15:25:34,650 [INFO] MainUpdater:2873 - connection check result : 22
2024-10-01 15:25:34,650 [INFO] MainUpdater:290 - Updater Check For Update Now.
2024-10-01 15:25:34,650 [INFO] MicroXplorer:498 - Change Database Version : DB.6.0.120
2024-10-01 15:25:34,681 [INFO] McuFinderGlobals:63 - Set McuFinder mode to 2 (CubeIDE integrated)
2024-10-01 15:25:34,681 [INFO] UserAuth:179 - activating auth plugin
2024-10-01 15:25:34,696 [INFO] UserAuth:417 - Internet connection configuration mode: 2
2024-10-01 15:25:34,724 [INFO] UserAuth:417 - Internet connection configuration mode: 2
2024-10-01 15:25:34,952 [INFO] CheckServerUpdateThread:120 - End of CheckServer Thread
2024-10-01 15:25:35,292 [WARN] PackLoader:240 - Cannot read IP mode file for STMicroelectronics.FP-SNS-MOTENVWB1.1.4.0
2024-10-01 15:25:35,322 [WARN] PackLoader:240 - Cannot read IP mode file for STMicroelectronics.X-CUBE-SMBUS.2.1.0
2024-10-01 15:25:35,398 [WARN] PackLoader:240 - Cannot read IP mode file for STMicroelectronics.X-CUBE-AZRTOS-F7.1.1.0
2024-10-01 15:25:35,511 [WARN] PackLoader:240 - Cannot read IP mode file for STMicroelectronics.X-CUBE-MEMS1.11.0.0
2024-10-01 15:25:35,771 [WARN] PackLoader:240 - Cannot read IP mode file for STMicroelectronics.FP-SNS-FLIGHT1.5.0.2
2024-10-01 15:25:35,791 [WARN] PackLoader:240 - Cannot read IP mode file for STMicroelectronics.X-CUBE-DISPLAY.3.0.0
2024-10-01 15:25:35,813 [WARN] PackLoader:240 - Cannot read IP mode file for STMicroelectronics.X-CUBE-BLE1.7.0.0
2024-10-01 15:25:35,827 [WARN] PackLoader:240 - Cannot read IP mode file for STMicroelectronics.X-CUBE-NFC10.1.0.0
2024-10-01 15:25:35,847 [WARN] PackLoader:240 - Cannot read IP mode file for emotas.I-CUBE-CANOPEN.1.3.0
2024-10-01 15:25:35,871 [WARN] PackLoader:240 - Cannot read IP mode file for STMicroelectronics.X-CUBE-BLEMGR.3.1.0
2024-10-01 15:25:35,890 [WARN] PackLoader:240 - Cannot read IP mode file for STMicroelectronics.FP-SNS-SMARTAG2.1.2.0
2024-10-01 15:25:35,916 [INFO] LogOutputStream:77 - [STDOUT_REDIRECT] 1 : Invalid condition id : UX_CORESTACK_Condition cause : null
2024-10-01 15:25:35,917 [INFO] LogOutputStream:77 - [STDOUT_REDIRECT] 1 : Invalid condition id : UX_CORESTACK_Condition cause : null
2024-10-01 15:25:35,919 [INFO] LogOutputStream:77 - [STDOUT_REDIRECT] 1 : Invalid condition id : UX_CORESTACK_Condition cause : null
2024-10-01 15:25:35,920 [INFO] LogOutputStream:77 - [STDOUT_REDIRECT] 1 : Invalid condition id : UX_CORESTACK_Condition cause : null
2024-10-01 15:25:35,921 [INFO] LogOutputStream:77 - [STDOUT_REDIRECT] 1 : Invalid condition id : UX_CORESTACK_Condition cause : null
2024-10-01 15:25:35,925 [WARN] PackLoader:240 - Cannot read IP mode file for STMicroelectronics.X-CUBE-AZRTOS-WL.2.0.0
2024-10-01 15:25:35,951 [WARN] PackLoader:240 - Cannot read IP mode file for STMicroelectronics.FP-SNS-MOTENV1.5.0.0
2024-10-01 15:25:35,968 [WARN] PackLoader:240 - Cannot read IP mode file for wolfSSL.I-CUBE-wolfMQTT.1.19.0
2024-10-01 15:25:35,984 [WARN] PackLoader:240 - Cannot read IP mode file for WES.I-CUBE-Cesium.1.3.0
2024-10-01 15:25:36,000 [WARN] PackLoader:240 - Cannot read IP mode file for STMicroelectronics.X-CUBE-BLE2.3.3.0
2024-10-01 15:25:36,018 [WARN] PackLoader:240 - Cannot read IP mode file for STMicroelectronics.X-CUBE-NFC9.1.0.0
2024-10-01 15:25:36,068 [WARN] PackLoader:240 - Cannot read IP mode file for STMicroelectronics.X-CUBE-TCPP.4.1.0
2024-10-01 15:25:36,104 [WARN] PackLoader:240 - Cannot read IP mode file for STMicroelectronics.X-CUBE-AZRTOS-G0.1.1.0
2024-10-01 15:25:36,120 [WARN] PackLoader:240 - Cannot read IP mode file for STMicroelectronics.X-CUBE-SAFEA1.1.2.2
2024-10-01 15:25:36,135 [WARN] PackLoader:240 - Cannot read IP mode file for STMicroelectronics.X-CUBE-NFC4.3.0.0
2024-10-01 15:25:36,158 [WARN] PackLoader:240 - Cannot read IP mode file for EmbeddedOffice.I-CUBE-FS-RTOS.1.0.1
2024-10-01 15:25:36,158 [ERROR] ConditionMgr:805 - Attr not supported : Dmpu
2024-10-01 15:25:36,158 [ERROR] ConditionMgr:805 - Attr not supported : Dmpu
2024-10-01 15:25:36,158 [ERROR] ConditionMgr:805 - Attr not supported : Dmpu
2024-10-01 15:25:36,158 [ERROR] ConditionMgr:805 - Attr not supported : Dmpu
2024-10-01 15:25:36,158 [ERROR] ConditionMgr:805 - Attr not supported : Dmpu
2024-10-01 15:25:36,159 [ERROR] ConditionMgr:805 - Attr not supported : Dmpu
2024-10-01 15:25:36,159 [ERROR] ConditionMgr:805 - Attr not supported : Dmpu
2024-10-01 15:25:36,159 [ERROR] ConditionMgr:805 - Attr not supported : Dmpu
2024-10-01 15:25:36,159 [ERROR] ConditionMgr:805 - Attr not supported : Dmpu
2024-10-01 15:25:36,159 [ERROR] ConditionMgr:805 - Attr not supported : Dmpu
2024-10-01 15:25:36,159 [ERROR] ConditionMgr:805 - Attr not supported : Dmpu
2024-10-01 15:25:36,159 [ERROR] ConditionMgr:805 - Attr not supported : Dmpu
2024-10-01 15:25:36,159 [ERROR] ConditionMgr:805 - Attr not supported : Dmpu
2024-10-01 15:25:36,159 [ERROR] ConditionMgr:805 - Attr not supported : Dmpu
2024-10-01 15:25:36,160 [ERROR] ConditionMgr:805 - Attr not supported : Dmpu
2024-10-01 15:25:36,160 [ERROR] ConditionMgr:805 - Attr not supported : Dmpu
2024-10-01 15:25:36,160 [ERROR] ConditionMgr:805 - Attr not supported : Dmpu
2024-10-01 15:25:36,160 [ERROR] ConditionMgr:805 - Attr not supported : Dmpu
2024-10-01 15:25:36,160 [ERROR] ConditionMgr:805 - Attr not supported : Dmpu
2024-10-01 15:25:36,160 [ERROR] ConditionMgr:805 - Attr not supported : Dmpu
2024-10-01 15:25:36,160 [ERROR] ConditionMgr:805 - Attr not supported : Dmpu
2024-10-01 15:25:36,160 [ERROR] ConditionMgr:805 - Attr not supported : Dmpu
2024-10-01 15:25:36,160 [ERROR] ConditionMgr:805 - Attr not supported : Dmpu
2024-10-01 15:25:36,160 [ERROR] ConditionMgr:805 - Attr not supported : Dmpu
2024-10-01 15:25:36,160 [ERROR] ConditionMgr:805 - Attr not supported : Dmpu
2024-10-01 15:25:36,160 [ERROR] ConditionMgr:805 - Attr not supported : Dmpu
2024-10-01 15:25:36,160 [ERROR] ConditionMgr:805 - Attr not supported : Dmpu
2024-10-01 15:25:36,161 [ERROR] ConditionMgr:805 - Attr not supported : Dmpu
2024-10-01 15:25:36,161 [ERROR] ConditionMgr:805 - Attr not supported : Dmpu
2024-10-01 15:25:36,161 [ERROR] ConditionMgr:805 - Attr not supported : Dmpu
2024-10-01 15:25:36,161 [ERROR] ConditionMgr:805 - Attr not supported : Dmpu
2024-10-01 15:25:36,161 [ERROR] ConditionMgr:805 - Attr not supported : Dmpu
2024-10-01 15:25:36,161 [ERROR] ConditionMgr:805 - Attr not supported : Dmpu
2024-10-01 15:25:36,161 [ERROR] ConditionMgr:805 - Attr not supported : Dmpu
2024-10-01 15:25:36,161 [ERROR] ConditionMgr:805 - Attr not supported : Dmpu
2024-10-01 15:25:36,161 [ERROR] ConditionMgr:805 - Attr not supported : Dmpu
2024-10-01 15:25:36,162 [ERROR] ConditionMgr:805 - Attr not supported : Dmpu
2024-10-01 15:25:36,162 [ERROR] ConditionMgr:805 - Attr not supported : Dmpu
2024-10-01 15:25:36,162 [ERROR] ConditionMgr:805 - Attr not supported : Dmpu
2024-10-01 15:25:36,162 [ERROR] ConditionMgr:805 - Attr not supported : Dmpu
2024-10-01 15:25:36,162 [ERROR] ConditionMgr:805 - Attr not supported : Dmpu
2024-10-01 15:25:36,162 [ERROR] ConditionMgr:805 - Attr not supported : Dmpu
2024-10-01 15:25:36,162 [ERROR] ConditionMgr:805 - Attr not supported : Dmpu
2024-10-01 15:25:36,162 [ERROR] ConditionMgr:805 - Attr not supported : Dmpu
2024-10-01 15:25:36,162 [ERROR] ConditionMgr:805 - Attr not supported : Dmpu
2024-10-01 15:25:36,162 [ERROR] ConditionMgr:805 - Attr not supported : Dmpu
2024-10-01 15:25:36,163 [ERROR] ConditionMgr:805 - Attr not supported : Dmpu
2024-10-01 15:25:36,163 [ERROR] ConditionMgr:805 - Attr not supported : Dmpu
2024-10-01 15:25:36,163 [ERROR] ConditionMgr:805 - Attr not supported : Dmpu
2024-10-01 15:25:36,163 [ERROR] ConditionMgr:805 - Attr not supported : Dmpu
2024-10-01 15:25:36,163 [ERROR] ConditionMgr:805 - Attr not supported : Dmpu
2024-10-01 15:25:36,163 [ERROR] ConditionMgr:805 - Attr not supported : Dmpu
2024-10-01 15:25:36,163 [ERROR] ConditionMgr:805 - Attr not supported : Dmpu
2024-10-01 15:25:36,163 [ERROR] ConditionMgr:805 - Attr not supported : Dmpu
2024-10-01 15:25:36,163 [ERROR] ConditionMgr:805 - Attr not supported : Dmpu
2024-10-01 15:25:36,163 [ERROR] ConditionMgr:805 - Attr not supported : Dmpu
2024-10-01 15:25:36,163 [ERROR] ConditionMgr:805 - Attr not supported : Dmpu
2024-10-01 15:25:36,164 [ERROR] ConditionMgr:805 - Attr not supported : Dmpu
2024-10-01 15:25:36,164 [ERROR] ConditionMgr:805 - Attr not supported : Dmpu
2024-10-01 15:25:36,164 [ERROR] ConditionMgr:805 - Attr not supported : Dmpu
2024-10-01 15:25:36,164 [ERROR] ConditionMgr:805 - Attr not supported : Dmpu
2024-10-01 15:25:36,164 [ERROR] ConditionMgr:805 - Attr not supported : Dmpu
2024-10-01 15:25:36,164 [ERROR] ConditionMgr:805 - Attr not supported : Dmpu
2024-10-01 15:25:36,164 [ERROR] ConditionMgr:805 - Attr not supported : Dmpu
2024-10-01 15:25:36,181 [WARN] PackLoader:240 - Cannot read IP mode file for RealThread.X-CUBE-RT-Thread_Nano.4.1.1
2024-10-01 15:25:36,198 [WARN] PackLoader:240 - Cannot read IP mode file for STMicroelectronics.FP-ATR-SIGFOX1.3.2.0
2024-10-01 15:25:36,211 [WARN] PackLoader:240 - Cannot read IP mode file for wolfSSL.I-CUBE-wolfSSL.5.7.2
2024-10-01 15:25:36,224 [WARN] PackLoader:240 - Cannot read IP mode file for STMicroelectronics.X-CUBE-EEPRMA1.5.1.0
2024-10-01 15:25:36,244 [WARN] PackLoader:240 - Cannot read IP mode file for ITTIA_DB.I-CUBE-ITTIADB.8.9.0
2024-10-01 15:25:36,293 [WARN] PackLoader:240 - Cannot read IP mode file for SEGGER.I-CUBE-embOS.1.3.1
2024-10-01 15:25:36,385 [WARN] PackLoader:240 - Cannot read IP mode file for STMicroelectronics.X-CUBE-ALGOBUILD.1.4.0
2024-10-01 15:25:36,409 [WARN] PackLoader:240 - Cannot read IP mode file for STMicroelectronics.X-CUBE-GNSS1.6.0.0
2024-10-01 15:25:36,455 [WARN] PackLoader:240 - Cannot read IP mode file for STMicroelectronics.X-CUBE-AZRTOS-F4.1.1.0
2024-10-01 15:25:36,477 [WARN] PackLoader:240 - Cannot read IP mode file for STMicroelectronics.X-CUBE-ISPU.2.1.0
2024-10-01 15:25:36,494 [WARN] PackLoader:240 - Cannot read IP mode file for STMicroelectronics.X-CUBE-FREERTOS.1.2.0
2024-10-01 15:25:36,523 [WARN] PackLoader:240 - Cannot read IP mode file for STMicroelectronics.X-CUBE-AZRTOS-L5.2.0.0
2024-10-01 15:25:36,547 [WARN] PackLoader:240 - Cannot read IP mode file for STMicroelectronics.X-CUBE-NFC6.3.1.0
2024-10-01 15:25:36,565 [WARN] PackLoader:240 - Cannot read IP mode file for STMicroelectronics.X-CUBE-DPower.1.2.0
2024-10-01 15:25:36,579 [WARN] PackLoader:240 - Cannot read IP mode file for STMicroelectronics.X-CUBE-AI.9.0.0
2024-10-01 15:25:36,597 [WARN] PackLoader:240 - Cannot read IP mode file for STMicroelectronics.X-CUBE-NFC7.1.0.1
2024-10-01 15:25:36,635 [WARN] ConditionMgr:438 - getConditionDescription Invalid condition id : LAN8742 Phy interface Condition cause : null
2024-10-01 15:25:36,636 [WARN] PackLoader:240 - Cannot read IP mode file for STMicroelectronics.X-CUBE-AZRTOS-L4.2.0.0
2024-10-01 15:25:36,638 [WARN] ConditionMgr:1039 - genDependencies : Invalid condition id : LAN8742 Phy interface Condition cause : null
2024-10-01 15:25:36,638 [WARN] ConditionMgr:1039 - genDependencies : Invalid condition id : LAN8742 Phy interface Condition cause : null
2024-10-01 15:25:36,639 [WARN] ConditionMgr:1039 - genDependencies : Invalid condition id : LAN8742 Phy interface Condition cause : null
2024-10-01 15:25:36,657 [WARN] PackLoader:240 - Cannot read IP mode file for STMicroelectronics.X-CUBE-SFXS2LP1.4.0.0
2024-10-01 15:25:36,695 [WARN] PackLoader:240 - Cannot read IP mode file for STMicroelectronics.X-CUBE-AZRTOS-H7.3.3.0
2024-10-01 15:25:36,731 [WARN] ConditionMgr:438 - getConditionDescription Invalid condition id : UX DEVICE CLASS RTOS Condition cause : null
2024-10-01 15:25:36,731 [WARN] ConditionMgr:438 - getConditionDescription Invalid condition id : UX DEVICE CLASS RTOS Condition cause : null
2024-10-01 15:25:36,733 [WARN] PackLoader:240 - Cannot read IP mode file for STMicroelectronics.X-CUBE-AZRTOS-WB.2.0.0
2024-10-01 15:25:36,734 [WARN] ConditionMgr:1039 - genDependencies : Invalid condition id : UX DEVICE CLASS RTOS Condition cause : null
2024-10-01 15:25:36,734 [WARN] ConditionMgr:1039 - genDependencies : Invalid condition id : UX DEVICE CLASS RTOS Condition cause : null
2024-10-01 15:25:36,734 [WARN] ConditionMgr:1039 - genDependencies : Invalid condition id : UX DEVICE CLASS RTOS Condition cause : null
2024-10-01 15:25:36,734 [WARN] ConditionMgr:1039 - genDependencies : Invalid condition id : UX DEVICE CLASS RTOS Condition cause : null
2024-10-01 15:25:36,734 [WARN] ConditionMgr:1039 - genDependencies : Invalid condition id : UX DEVICE CLASS RTOS Condition cause : null
2024-10-01 15:25:36,751 [WARN] PackLoader:240 - Cannot read IP mode file for STMicroelectronics.X-CUBE-GNSS1.7.0.0
2024-10-01 15:25:36,772 [WARN] PackLoader:240 - Cannot read IP mode file for STMicroelectronics.FP-SNS-STBOX1.2.0.0
2024-10-01 15:25:36,803 [WARN] PackLoader:240 - Cannot read IP mode file for STMicroelectronics.X-CUBE-SUBG2.5.0.0
2024-10-01 15:25:36,824 [WARN] PackLoader:240 - Cannot read IP mode file for Cesanta.I-CUBE-Mongoose.7.13.0
2024-10-01 15:25:36,859 [WARN] PackLoader:240 - Cannot read IP mode file for STMicroelectronics.X-CUBE-AZRTOS-G4.2.0.0
2024-10-01 15:25:36,882 [WARN] PackLoader:240 - Cannot read IP mode file for STMicroelectronics.X-CUBE-ISPU.2.0.0
2024-10-01 15:25:36,905 [WARN] PackLoader:240 - Cannot read IP mode file for STMicroelectronics.X-CUBE-ALS.1.0.2
2024-10-01 15:25:36,927 [WARN] PackLoader:240 - Cannot read IP mode file for STMicroelectronics.X-CUBE-TOUCHGFX.4.24.0
2024-10-01 15:25:36,947 [WARN] PackLoader:240 - Cannot read IP mode file for STMicroelectronics.X-CUBE-TOUCHGFX.4.24.1
2024-10-01 15:25:36,965 [WARN] PackLoader:240 - Cannot read IP mode file for wolfSSL.I-CUBE-wolfTPM.3.4.0
2024-10-01 15:25:36,985 [WARN] PackLoader:240 - Cannot read IP mode file for portGmbH.I-Cube-SoM-uGOAL.1.1.0
2024-10-01 15:25:37,034 [WARN] PackLoader:240 - Cannot read IP mode file for STMicroelectronics.X-CUBE-AZRTOS-H7RS.1.0.0
2024-10-01 15:25:37,057 [WARN] PackLoader:240 - Cannot read IP mode file for STMicroelectronics.FP-ATR-ASTRA1.2.0.0
2024-10-01 15:25:37,145 [WARN] PackLoader:240 - Cannot read IP mode file for STMicroelectronics.X-CUBE-TOF1.3.4.2
2024-10-01 15:25:37,209 [WARN] PackLoader:240 - Cannot read IP mode file for Infineon.AIROC-Wi-Fi-Bluetooth-STM32.1.6.1
2024-10-01 15:25:37,230 [WARN] PackLoader:240 - Cannot read IP mode file for wolfSSL.I-CUBE-wolfSSH.1.4.17
2024-10-01 15:25:37,231 [INFO] ThirdParty:978 - Integrity check success = true
2024-10-01 15:25:37,231 [INFO] IntegrityCheckThread:100 - exiting critical section [integrity check]
2024-10-01 15:25:37,231 [INFO] IntegrityCheckThread:103 - End integrity checks thread
2024-10-01 15:29:41,686 [ERROR] ConfigurationRetriever:142 - IOException on connection: sw-center.st.com
2024-10-01 15:29:41,688 [ERROR] ConfigurationRetriever:142 - IOException on connection: sw-center.st.com
2024-10-01 15:29:41,689 [ERROR] ConfigurationRetriever:142 - IOException on connection: sw-center.st.com
2024-10-01 15:29:49,118 [ERROR] ConfigurationRetriever:142 - IOException on connection: sw-center.st.com
2024-10-01 15:29:49,119 [ERROR] ConfigurationRetriever:142 - IOException on connection: sw-center.st.com
2024-10-01 15:29:49,121 [ERROR] ConfigurationRetriever:142 - IOException on connection: sw-center.st.com
2024-10-01 15:41:13,052 [ERROR] ConfigurationRetriever:142 - IOException on connection: sw-center.st.com
2024-10-01 15:41:13,054 [ERROR] ConfigurationRetriever:142 - IOException on connection: sw-center.st.com
2024-10-01 15:41:13,055 [ERROR] ConfigurationRetriever:142 - IOException on connection: sw-center.st.com
2024-10-01 15:41:15,850 [ERROR] LogOutputStream:75 - [STDERR_REDIRECT] 
2024-10-01 23:41:28,414 [INFO] Activator:176 - 


2024-10-01 23:41:28,430 [INFO] Activator:177 - !SESSION log4j initialized
2024-10-01 23:41:38,378 [INFO] LogOutputStream:77 - [STDOUT_REDIRECT] 
2024-10-01 23:41:50,129 [INFO] ApplicationProperties:184 - Using Application install path: C:\ST\STM32CubeIDE_1.16.0\STM32CubeIDE\plugins\com.st.stm32cube.common.mx_6.12.0.202406281431
2024-10-01 23:41:50,176 [INFO] DbMcusXml:78 - Set database path to: C:\ST\STM32CubeIDE_1.16.0\STM32CubeIDE\plugins\com.st.stm32cube.common.mx_6.12.0.202406281431\\db\/mcu/
2024-10-01 23:41:50,181 [INFO] ApiDb:274 - Set plugin database path to: C:\ST\STM32CubeIDE_1.16.0\STM32CubeIDE\plugins\com.st.stm32cube.common.mx_6.12.0.202406281431\\db\/plugins/boardmanager/
2024-10-01 23:41:50,181 [WARN] ApiDb:259 - Overriding images path with different value:  => C:\ST\STM32CubeIDE_1.16.0\STM32CubeIDE\plugins\com.st.stm32cube.common.mx_6.12.0.202406281431\\db\/plugins/mcufinder/images/
2024-10-01 23:41:50,197 [INFO] ApiDb:250 - Set database path to: C:\Users\karim\.stmcufinder\plugins\mcufinder//mcu/
2024-10-01 23:41:50,206 [INFO] DbMcusAds:125 - Set database path to: C:\Users\karim\.stmcufinder\plugins\mcufinder//mcu/
2024-10-01 23:41:50,225 [INFO] CrossReferenceDbSqlite:203 - Set database path to: C:\Users\karim\.stmcufinder\plugins\mcufinder//mcu/cs/
2024-10-01 23:41:50,636 [INFO] RulesReader:64 - Compatibility file has been processed (297 Rules)
2024-10-01 23:41:50,833 [INFO] DbMcusXml:78 - Set database path to: C:\ST\STM32CubeIDE_1.16.0\STM32CubeIDE\plugins\com.st.stm32cube.common.mx_6.12.0.202406281431\\db\/mcu/
2024-10-01 23:41:50,833 [INFO] ApiDb:274 - Set plugin database path to: C:\ST\STM32CubeIDE_1.16.0\STM32CubeIDE\plugins\com.st.stm32cube.common.mx_6.12.0.202406281431\\db\/plugins/boardmanager/
2024-10-01 23:41:50,833 [INFO] ApiDb:261 - Set plugin images path to: C:\ST\STM32CubeIDE_1.16.0\STM32CubeIDE\plugins\com.st.stm32cube.common.mx_6.12.0.202406281431\\db\/plugins/mcufinder/images/
2024-10-01 23:41:50,833 [WARN] DbFile:41 - Overriding database path with different value: C:\Users\karim\.stmcufinder\plugins\mcufinder/ => C:\Users\karim\.stmcufinder\plugins\mcufinder
2024-10-01 23:41:50,833 [INFO] ApiDb:250 - Set database path to: C:\Users\karim\.stmcufinder\plugins\mcufinder//mcu/
2024-10-01 23:41:50,833 [WARN] DbFile:41 - Overriding database path with different value: C:\Users\karim\.stmcufinder\plugins\mcufinder/ => C:\Users\karim\.stmcufinder\plugins\mcufinder
2024-10-01 23:41:50,833 [INFO] DbMcusAds:125 - Set database path to: C:\Users\karim\.stmcufinder\plugins\mcufinder//mcu/
2024-10-01 23:41:50,833 [WARN] DbFile:41 - Overriding database path with different value: C:\Users\karim\.stmcufinder\plugins\mcufinder/ => C:\Users\karim\.stmcufinder\plugins\mcufinder
2024-10-01 23:41:50,833 [WARN] DbFile:41 - Overriding database path with different value: C:\Users\karim\.stmcufinder\plugins\mcufinder/ => C:\Users\karim\.stmcufinder\plugins\mcufinder
2024-10-01 23:41:50,833 [INFO] CrossReferenceDbSqlite:203 - Set database path to: C:\Users\karim\.stmcufinder\plugins\mcufinder//mcu/cs/
2024-10-01 23:41:51,104 [INFO] MainPanel:268 - HeapMemory: 268435456
2024-10-01 23:41:51,368 [INFO] DbMcusXml:78 - Set database path to: C:\ST\STM32CubeIDE_1.16.0\STM32CubeIDE\plugins\com.st.stm32cube.common.mx_6.12.0.202406281431\\db\/mcu/
2024-10-01 23:41:51,368 [INFO] ApiDb:274 - Set plugin database path to: C:\ST\STM32CubeIDE_1.16.0\STM32CubeIDE\plugins\com.st.stm32cube.common.mx_6.12.0.202406281431\\db\/plugins/boardmanager/
2024-10-01 23:41:51,368 [INFO] ApiDb:261 - Set plugin images path to: C:\ST\STM32CubeIDE_1.16.0\STM32CubeIDE\plugins\com.st.stm32cube.common.mx_6.12.0.202406281431\\db\/plugins/mcufinder/images/
2024-10-01 23:41:51,368 [WARN] DbFile:41 - Overriding database path with different value: C:\Users\karim\.stmcufinder\plugins\mcufinder/ => C:\Users\karim\.stmcufinder\plugins\mcufinder
2024-10-01 23:41:51,368 [INFO] ApiDb:250 - Set database path to: C:\Users\karim\.stmcufinder\plugins\mcufinder//mcu/
2024-10-01 23:41:51,368 [WARN] DbFile:41 - Overriding database path with different value: C:\Users\karim\.stmcufinder\plugins\mcufinder/ => C:\Users\karim\.stmcufinder\plugins\mcufinder
2024-10-01 23:41:51,368 [INFO] DbMcusAds:125 - Set database path to: C:\Users\karim\.stmcufinder\plugins\mcufinder//mcu/
2024-10-01 23:41:51,368 [WARN] DbFile:41 - Overriding database path with different value: C:\Users\karim\.stmcufinder\plugins\mcufinder/ => C:\Users\karim\.stmcufinder\plugins\mcufinder
2024-10-01 23:41:51,368 [WARN] DbFile:41 - Overriding database path with different value: C:\Users\karim\.stmcufinder\plugins\mcufinder/ => C:\Users\karim\.stmcufinder\plugins\mcufinder
2024-10-01 23:41:51,368 [INFO] CrossReferenceDbSqlite:203 - Set database path to: C:\Users\karim\.stmcufinder\plugins\mcufinder//mcu/cs/
2024-10-01 23:41:51,419 [INFO] ApplicationProperties:184 - Using Application install path: C:\ST\STM32CubeIDE_1.16.0\STM32CubeIDE\plugins\com.st.stm32cube.common.mx_6.12.0.202406281431
2024-10-01 23:41:51,419 [INFO] PluginManage:196 - Search for loadable plugins [exclusion list=, ]
2024-10-01 23:41:51,419 [INFO] PluginManage:310 - Check plugin analytics
2024-10-01 23:41:56,909 [INFO] AnalyticsPlugin:253 - Accepted Software Licenses: 
2024-10-01 23:41:56,909 [INFO] AnalyticsPlugin:255 - Accepted CMSIS Pack Licenses: 
2024-10-01 23:41:56,909 [INFO] AnalyticsPlugin:257 - Accepted Firmware Licenses: FW.L4.1.18.0
2024-10-01 23:41:56,909 [INFO] PluginManage:359 - Loaded plugin analytics (category:tool,tabindex:-1)
2024-10-01 23:41:56,925 [INFO] PluginManage:310 - Check plugin cadmodel
2024-10-01 23:41:56,962 [INFO] CADModel:105 - Init CAD model plugin
2024-10-01 23:41:56,962 [INFO] PluginManage:359 - Loaded plugin cadmodel (category:power,tabindex:5)
2024-10-01 23:41:56,962 [INFO] PluginManage:310 - Check plugin clock
2024-10-01 23:41:56,989 [INFO] PluginManage:359 - Loaded plugin clock (category:base,tabindex:2)
2024-10-01 23:41:56,989 [INFO] PluginManage:310 - Check plugin ddr
2024-10-01 23:41:57,009 [INFO] PluginManage:359 - Loaded plugin ddr (category:tool,tabindex:6)
2024-10-01 23:41:57,010 [INFO] PluginManage:310 - Check plugin filemanager
2024-10-01 23:41:57,413 [INFO] PluginManage:359 - Loaded plugin filemanager (category:base,tabindex:10)
2024-10-01 23:41:57,417 [INFO] PluginManage:310 - Check plugin ipmanager
2024-10-01 23:41:57,433 [INFO] PluginManage:359 - Loaded plugin ipmanager (category:base,tabindex:5)
2024-10-01 23:41:57,433 [INFO] PluginManage:310 - Check plugin lpbam
2024-10-01 23:41:57,474 [INFO] PluginManage:359 - Loaded plugin lpbam (category:base,tabindex:0)
2024-10-01 23:41:57,474 [INFO] PluginManage:310 - Check plugin memorymap
2024-10-01 23:41:57,519 [INFO] PluginManage:359 - Loaded plugin memorymap (category:base,tabindex:4)
2024-10-01 23:41:57,519 [INFO] PluginManage:310 - Check plugin pinoutandconfiguration
2024-10-01 23:41:57,562 [INFO] PluginManage:359 - Loaded plugin pinoutandconfiguration (category:base,tabindex:1)
2024-10-01 23:41:57,562 [INFO] PluginManage:310 - Check plugin pinoutconfig
2024-10-01 23:41:57,868 [WARN] SupportedApi:132 - Cannot load RTOS API schema: s4s-elt-must-match.1: The content of 'definitions' must match (annotation?, (simpleType | complexType)?, (unique | key | keyref)*)). A problem was found starting at: attribute.
2024-10-01 23:41:58,295 [INFO] PluginManage:359 - Loaded plugin pinoutconfig (category:base,tabindex:0)
2024-10-01 23:41:58,295 [INFO] PluginManage:310 - Check plugin power
2024-10-01 23:41:58,356 [INFO] PluginManage:359 - Loaded plugin power (category:power,tabindex:4)
2024-10-01 23:41:58,356 [INFO] PluginManage:310 - Check plugin projectmanager
2024-10-01 23:41:58,402 [INFO] PluginManage:359 - Loaded plugin projectmanager (category:projectmanager,tabindex:4)
2024-10-01 23:41:58,402 [INFO] PluginManage:310 - Check plugin rif
2024-10-01 23:41:58,433 [INFO] PluginManage:359 - Loaded plugin rif (category:base,tabindex:3)
2024-10-01 23:41:58,433 [INFO] PluginManage:310 - Check plugin thirdparty
2024-10-01 23:41:59,186 [INFO] PluginManage:359 - Loaded plugin thirdparty (category:base,tabindex:-1)
2024-10-01 23:41:59,188 [INFO] PluginManage:310 - Check plugin tools
2024-10-01 23:41:59,186 [WARN] IntegrityCheckThread:84 - waiting for thirdparty lock release [integrity check]
2024-10-01 23:41:59,190 [INFO] IntegrityCheckThread:86 - entering critical section [integrity check]
2024-10-01 23:41:59,190 [INFO] ThirdPartyUpdaterWithRetryManager:70 - Updater plugin not ready yet. [1/15]
2024-10-01 23:41:59,347 [INFO] PluginManage:359 - Loaded plugin tools (category:base,tabindex:7)
2024-10-01 23:41:59,348 [INFO] PluginManage:310 - Check plugin tutovideos
2024-10-01 23:41:59,897 [INFO] PluginManage:359 - Loaded plugin tutovideos (category:base,tabindex:-1)
2024-10-01 23:41:59,897 [INFO] PluginManage:310 - Check plugin updater
2024-10-01 23:41:59,949 [INFO] PluginManage:359 - Loaded plugin updater (category:base,tabindex:12)
2024-10-01 23:41:59,949 [INFO] PluginManage:310 - Check plugin userauth
2024-10-01 23:41:59,967 [INFO] UserAuth:113 - Init User Auth plugin
2024-10-01 23:41:59,967 [INFO] PluginManage:359 - Loaded plugin userauth (category:base,tabindex:14)
2024-10-01 23:41:59,969 [INFO] PluginManage:283 - PluginManage : Loaded plugins [18]
2024-10-01 23:42:00,519 [INFO] PinOutPanel:1561 - setPackage(No Configuration,No Configuration)
2024-10-01 23:42:00,737 [INFO] CADModel:165 - CPN selected for project level
2024-10-01 23:42:00,737 [INFO] CADModel:114 - Register for checkConnection events
2024-10-01 23:42:00,798 [INFO] IPUIPlugin:80 - create IPUIPlugin
2024-10-01 23:42:00,800 [INFO] PluginManager:220 - loadIPPluginJar : add adc
2024-10-01 23:42:00,879 [INFO] IPUIPlugin:80 - create IPUIPlugin
2024-10-01 23:42:00,879 [INFO] PluginManager:220 - loadIPPluginJar : add aes
2024-10-01 23:42:00,985 [INFO] IPUIPlugin:80 - create IPUIPlugin
2024-10-01 23:42:00,987 [INFO] PluginManager:220 - loadIPPluginJar : add can
2024-10-01 23:42:01,053 [INFO] IPUIPlugin:80 - create IPUIPlugin
2024-10-01 23:42:01,053 [INFO] PluginManager:220 - loadIPPluginJar : add comp
2024-10-01 23:42:01,147 [INFO] IPUIPlugin:80 - create IPUIPlugin
2024-10-01 23:42:01,147 [INFO] PluginManager:220 - loadIPPluginJar : add cryp
2024-10-01 23:42:01,182 [INFO] IPUIPlugin:80 - create IPUIPlugin
2024-10-01 23:42:01,182 [INFO] PluginManager:220 - loadIPPluginJar : add ddr_ctrl_phy
2024-10-01 23:42:01,258 [INFO] IPUIPlugin:80 - create IPUIPlugin
2024-10-01 23:42:01,258 [INFO] PluginManager:220 - loadIPPluginJar : add dfsdm
2024-10-01 23:42:01,340 [INFO] IPUIPlugin:80 - create IPUIPlugin
2024-10-01 23:42:01,344 [INFO] PluginManager:220 - loadIPPluginJar : add dma
2024-10-01 23:42:01,452 [INFO] IPUIPlugin:80 - create IPUIPlugin
2024-10-01 23:42:01,452 [INFO] PluginManager:220 - loadIPPluginJar : add dma3
2024-10-01 23:42:01,566 [INFO] IPUIPlugin:80 - create IPUIPlugin
2024-10-01 23:42:01,566 [INFO] PluginManager:220 - loadIPPluginJar : add extmemmanager
2024-10-01 23:42:01,629 [INFO] IPUIPlugin:80 - create IPUIPlugin
2024-10-01 23:42:01,629 [INFO] PluginManager:220 - loadIPPluginJar : add fatfs
2024-10-01 23:42:01,762 [INFO] IPUIPlugin:80 - create IPUIPlugin
2024-10-01 23:42:01,762 [INFO] PluginManager:220 - loadIPPluginJar : add fmc
2024-10-01 23:42:01,782 [INFO] IPUIPlugin:80 - create IPUIPlugin
2024-10-01 23:42:01,782 [INFO] PluginManager:220 - loadIPPluginJar : add freertos
2024-10-01 23:42:01,828 [INFO] IPUIPlugin:80 - create IPUIPlugin
2024-10-01 23:42:01,828 [INFO] PluginManager:220 - loadIPPluginJar : add genericplugin
2024-10-01 23:42:02,082 [INFO] IPUIPlugin:80 - create IPUIPlugin
2024-10-01 23:42:02,082 [INFO] PluginManager:220 - loadIPPluginJar : add gfxmmu
2024-10-01 23:42:02,195 [INFO] ThirdPartyUpdaterWithRetryManager:70 - Updater plugin not ready yet. [2/15]
2024-10-01 23:42:02,461 [INFO] IPUIPlugin:80 - create IPUIPlugin
2024-10-01 23:42:02,461 [INFO] PluginManager:220 - loadIPPluginJar : add gic
2024-10-01 23:42:02,487 [INFO] IPUIPlugin:80 - create IPUIPlugin
2024-10-01 23:42:02,487 [INFO] PluginManager:220 - loadIPPluginJar : add gpio
2024-10-01 23:42:02,761 [INFO] IPUIPlugin:80 - create IPUIPlugin
2024-10-01 23:42:02,761 [INFO] PluginManager:220 - loadIPPluginJar : add gtzc
2024-10-01 23:42:02,846 [INFO] IPUIPlugin:80 - create IPUIPlugin
2024-10-01 23:42:02,846 [INFO] PluginManager:220 - loadIPPluginJar : add hash
2024-10-01 23:42:03,018 [INFO] IPUIPlugin:80 - create IPUIPlugin
2024-10-01 23:42:03,018 [INFO] PluginManager:220 - loadIPPluginJar : add i2c
2024-10-01 23:42:03,117 [INFO] IPUIPlugin:80 - create IPUIPlugin
2024-10-01 23:42:03,117 [INFO] PluginManager:220 - loadIPPluginJar : add i2s
2024-10-01 23:42:03,225 [INFO] IPUIPlugin:80 - create IPUIPlugin
2024-10-01 23:42:03,225 [INFO] PluginManager:220 - loadIPPluginJar : add i3c
2024-10-01 23:42:03,520 [INFO] IPUIPlugin:80 - create IPUIPlugin
2024-10-01 23:42:03,520 [INFO] PluginManager:220 - loadIPPluginJar : add ipddr
2024-10-01 23:42:03,747 [INFO] IPUIPlugin:80 - create IPUIPlugin
2024-10-01 23:42:03,747 [INFO] PluginManager:220 - loadIPPluginJar : add linkedlist
2024-10-01 23:42:03,829 [INFO] IPUIPlugin:80 - create IPUIPlugin
2024-10-01 23:42:03,829 [INFO] PluginManager:220 - loadIPPluginJar : add lorawan
2024-10-01 23:42:03,904 [INFO] IPUIPlugin:80 - create IPUIPlugin
2024-10-01 23:42:03,904 [INFO] PluginManager:220 - loadIPPluginJar : add ltdc
2024-10-01 23:42:03,952 [INFO] IPUIPlugin:80 - create IPUIPlugin
2024-10-01 23:42:03,952 [INFO] PluginManager:220 - loadIPPluginJar : add mdma
2024-10-01 23:42:03,981 [INFO] IPUIPlugin:80 - create IPUIPlugin
2024-10-01 23:42:03,981 [INFO] PluginManager:220 - loadIPPluginJar : add nvic
2024-10-01 23:42:04,077 [INFO] IPUIPlugin:80 - create IPUIPlugin
2024-10-01 23:42:04,077 [INFO] PluginManager:220 - loadIPPluginJar : add opamp
2024-10-01 23:42:04,248 [INFO] IPUIPlugin:80 - create IPUIPlugin
2024-10-01 23:42:04,248 [INFO] PluginManager:220 - loadIPPluginJar : add openamp
2024-10-01 23:42:04,346 [INFO] IPUIPlugin:80 - create IPUIPlugin
2024-10-01 23:42:04,347 [INFO] PluginManager:220 - loadIPPluginJar : add pdm2pcm
2024-10-01 23:42:04,381 [INFO] IPUIPlugin:80 - create IPUIPlugin
2024-10-01 23:42:04,381 [INFO] PluginManager:220 - loadIPPluginJar : add plateformsettings
2024-10-01 23:42:04,440 [INFO] IPUIPlugin:80 - create IPUIPlugin
2024-10-01 23:42:04,440 [INFO] PluginManager:220 - loadIPPluginJar : add quadspi
2024-10-01 23:42:04,503 [INFO] IPUIPlugin:80 - create IPUIPlugin
2024-10-01 23:42:04,503 [INFO] PluginManager:220 - loadIPPluginJar : add radio
2024-10-01 23:42:04,535 [INFO] IPUIPlugin:80 - create IPUIPlugin
2024-10-01 23:42:04,535 [INFO] PluginManager:220 - loadIPPluginJar : add resmgrutility
2024-10-01 23:42:04,646 [INFO] IPUIPlugin:80 - create IPUIPlugin
2024-10-01 23:42:04,646 [INFO] PluginManager:220 - loadIPPluginJar : add sai
2024-10-01 23:42:04,738 [INFO] IPUIPlugin:80 - create IPUIPlugin
2024-10-01 23:42:04,738 [INFO] PluginManager:220 - loadIPPluginJar : add spi
2024-10-01 23:42:04,911 [INFO] IPUIPlugin:80 - create IPUIPlugin
2024-10-01 23:42:04,911 [INFO] PluginManager:220 - loadIPPluginJar : add stm32_wpan
2024-10-01 23:42:04,963 [INFO] IPUIPlugin:80 - create IPUIPlugin
2024-10-01 23:42:04,963 [INFO] PluginManager:220 - loadIPPluginJar : add tim
2024-10-01 23:42:05,109 [INFO] IPUIPlugin:80 - create IPUIPlugin
2024-10-01 23:42:05,109 [INFO] PluginManager:220 - loadIPPluginJar : add touchsensing
2024-10-01 23:42:05,157 [INFO] IPUIPlugin:80 - create IPUIPlugin
2024-10-01 23:42:05,157 [INFO] PluginManager:220 - loadIPPluginJar : add tracer_emb
2024-10-01 23:42:05,198 [INFO] ThirdPartyUpdaterWithRetryManager:70 - Updater plugin not ready yet. [3/15]
2024-10-01 23:42:05,215 [INFO] IPUIPlugin:80 - create IPUIPlugin
2024-10-01 23:42:05,215 [INFO] PluginManager:220 - loadIPPluginJar : add ts
2024-10-01 23:42:05,277 [INFO] IPUIPlugin:80 - create IPUIPlugin
2024-10-01 23:42:05,278 [INFO] PluginManager:220 - loadIPPluginJar : add tsc
2024-10-01 23:42:05,339 [INFO] IPUIPlugin:80 - create IPUIPlugin
2024-10-01 23:42:05,339 [INFO] PluginManager:220 - loadIPPluginJar : add ucpd
2024-10-01 23:42:05,477 [INFO] IPUIPlugin:80 - create IPUIPlugin
2024-10-01 23:42:05,482 [INFO] PluginManager:220 - loadIPPluginJar : add usart
2024-10-01 23:42:05,590 [INFO] IPUIPlugin:80 - create IPUIPlugin
2024-10-01 23:42:05,590 [INFO] PluginManager:220 - loadIPPluginJar : add usbx
2024-10-01 23:42:05,794 [INFO] CADModel:165 - CPN selected for project level
2024-10-01 23:42:05,795 [INFO] CADModel:114 - Register for checkConnection events
2024-10-01 23:42:05,796 [FATAL] Updater:334 - Updater called before beeing initialized
2024-10-01 23:42:05,796 [ERROR] CADModel:125 - Updater not yet initialized, retry later 
2024-10-01 23:42:06,079 [INFO] CADModel:165 - CPN selected for project level
2024-10-01 23:42:06,079 [INFO] CADModel:114 - Register for checkConnection events
2024-10-01 23:42:06,079 [FATAL] Updater:334 - Updater called before beeing initialized
2024-10-01 23:42:06,079 [ERROR] CADModel:125 - Updater not yet initialized, retry later 
2024-10-01 23:42:06,086 [FATAL] Updater:334 - Updater called before beeing initialized
2024-10-01 23:42:06,353 [FATAL] Updater:334 - Updater called before beeing initialized
2024-10-01 23:42:06,371 [INFO] DbMcusAds:53 - JSON generation date=Fri Sep 20 15:04:23 CEST 2024 (1726837463113)
2024-10-01 23:42:06,371 [FATAL] Updater:334 - Updater called before beeing initialized
2024-10-01 23:42:06,479 [WARN] DetailPanel:346 - Failed to get advertising image, set to default
2024-10-01 23:42:06,712 [FATAL] Updater:334 - Updater called before beeing initialized
2024-10-01 23:42:06,716 [FATAL] Updater:334 - Updater called before beeing initialized
2024-10-01 23:42:06,717 [FATAL] Updater:334 - Updater called before beeing initialized
2024-10-01 23:42:06,717 [WARN] DetailPanel:346 - Failed to get advertising image, set to default
2024-10-01 23:42:06,717 [FATAL] Updater:334 - Updater called before beeing initialized
2024-10-01 23:42:06,891 [ERROR] Updater:1164 - MainUpdater not yet initialized. External WinMGr cannot be set.
2024-10-01 23:42:06,907 [INFO] Updater:1100 - Updater Version found : 6.12.0
2024-10-01 23:42:06,954 [INFO] ApplicationProperties:184 - Using Application install path: C:\ST\STM32CubeIDE_1.16.0\STM32CubeIDE\plugins\com.st.stm32cube.common.mx_6.12.0.202406281431
2024-10-01 23:42:08,206 [INFO] ThirdPartyUpdaterWithRetryManager:70 - Updater plugin not ready yet. [4/15]
2024-10-01 23:42:08,641 [ERROR] LogOutputStream:75 - [STDERR_REDIRECT] Oct 01, 2024 11:42:08 PM java.util.prefs.WindowsPreferences <init>
2024-10-01 23:42:08,656 [ERROR] LogOutputStream:75 - [STDERR_REDIRECT] WARNING: Could not open/create prefs root node Software\JavaSoft\Prefs at root 0xffffffff80000002. Windows RegCreateKeyEx(...) returned error code 5.
2024-10-01 23:42:08,656 [ERROR] LogOutputStream:75 - [STDERR_REDIRECT] 
2024-10-01 23:42:09,270 [INFO] MainUpdater:2873 - connection check result : 10
2024-10-01 23:42:09,270 [INFO] MainUpdater:3567 - Updater definition file requires update
2024-10-01 23:42:09,270 [INFO] MainUpdater:290 - Updater Check For Update Now.
2024-10-01 23:42:09,270 [INFO] MicroXplorer:498 - Change Database Version : DB.6.0.120
2024-10-01 23:42:09,316 [INFO] McuFinderGlobals:63 - Set McuFinder mode to 2 (CubeIDE integrated)
2024-10-01 23:42:09,316 [INFO] UserAuth:179 - activating auth plugin
2024-10-01 23:42:09,334 [INFO] UserAuth:417 - Internet connection configuration mode: 1
2024-10-01 23:42:09,368 [INFO] ServerAccessManage:473 - Download File updaters.zip
2024-10-01 23:42:09,442 [INFO] JxBrowserEngine:152 - Initiate JxBrowser Engine with user profile folder
2024-10-01 23:42:09,683 [INFO] FileExtend:240 - Unzip File : updaters.zip
2024-10-01 23:42:09,683 [INFO] FileExtend:255 - Standard Zip Deflate
2024-10-01 23:42:11,016 [INFO] ServerAccessManage:473 - Download File PacksControlFlags.xml
2024-10-01 23:42:11,336 [WARN] MainUpdater:1194 - Updater busy. Cannot search thirdparties
2024-10-01 23:42:11,337 [INFO] ThirdPartyUpdaterWithRetryManager:96 - Updater plugin is busy. [1/15]
2024-10-01 23:42:11,373 [INFO] ServerAccessManage:473 - Download File cubemx.pidx
2024-10-01 23:42:13,444 [INFO] ServerAccessManage:473 - Download File STMicroelectronics.X-CUBE-AI.pdsc
2024-10-01 23:42:14,374 [WARN] MainUpdater:1194 - Updater busy. Cannot search thirdparties
2024-10-01 23:42:14,374 [INFO] ThirdPartyUpdaterWithRetryManager:96 - Updater plugin is busy. [2/15]
2024-10-01 23:42:17,396 [WARN] MainUpdater:1194 - Updater busy. Cannot search thirdparties
2024-10-01 23:42:17,408 [INFO] ThirdPartyUpdaterWithRetryManager:96 - Updater plugin is busy. [3/15]
2024-10-01 23:42:18,600 [WARN] PackLoader:240 - Cannot read IP mode file for STMicroelectronics.X-CUBE-AI.9.1.0
2024-10-01 23:42:18,610 [INFO] PopulateThirdPartyThread:66 - Ending populate Thread
2024-10-01 23:42:18,610 [INFO] ThirdParty:1030 - CMSIS Pack Vendor :STMicroelectronics X-CUBE-AI 9.1.0
2024-10-01 23:42:18,610 [INFO] LoadServerUpdatesThread:375 - End of LoadServerUpdate Thread
2024-10-01 23:42:18,895 [INFO] CheckServerUpdateThread:120 - End of CheckServer Thread
2024-10-01 23:42:19,905 [INFO] WebApp:167 - Instantiating new browser for Auth
2024-10-01 23:42:21,621 [WARN] PackLoader:240 - Cannot read IP mode file for STMicroelectronics.FP-SNS-MOTENVWB1.1.4.0
2024-10-01 23:42:21,714 [WARN] PackLoader:240 - Cannot read IP mode file for STMicroelectronics.X-CUBE-SMBUS.2.1.0
2024-10-01 23:42:21,957 [WARN] PackLoader:240 - Cannot read IP mode file for STMicroelectronics.X-CUBE-AZRTOS-F7.1.1.0
2024-10-01 23:42:22,257 [WARN] PackLoader:240 - Cannot read IP mode file for STMicroelectronics.X-CUBE-MEMS1.11.0.0
2024-10-01 23:42:23,171 [INFO] WebApp:448 - Apply proxy settings
2024-10-01 23:42:23,176 [INFO] WebApp:533 - Chromium requires no authentication
2024-10-01 23:42:23,233 [INFO] WebApp:476 - Direct internet connection detected
2024-10-01 23:42:23,461 [INFO] WebApp:869 - Register for checkConnection events
2024-10-01 23:42:23,461 [INFO] WebApp:448 - Apply proxy settings
2024-10-01 23:42:23,461 [INFO] WebApp:533 - Chromium requires no authentication
2024-10-01 23:42:23,461 [INFO] WebApp:476 - Direct internet connection detected
2024-10-01 23:42:23,523 [WARN] PackLoader:240 - Cannot read IP mode file for STMicroelectronics.FP-SNS-FLIGHT1.5.0.2
2024-10-01 23:42:23,564 [WARN] PackLoader:240 - Cannot read IP mode file for STMicroelectronics.X-CUBE-DISPLAY.3.0.0
2024-10-01 23:42:23,712 [WARN] PackLoader:240 - Cannot read IP mode file for STMicroelectronics.X-CUBE-BLE1.7.0.0
2024-10-01 23:42:23,782 [WARN] PackLoader:240 - Cannot read IP mode file for STMicroelectronics.X-CUBE-NFC10.1.0.0
2024-10-01 23:42:23,831 [WARN] PackLoader:240 - Cannot read IP mode file for emotas.I-CUBE-CANOPEN.1.3.0
2024-10-01 23:42:23,924 [WARN] PackLoader:240 - Cannot read IP mode file for STMicroelectronics.X-CUBE-BLEMGR.3.1.0
2024-10-01 23:42:23,959 [WARN] PackLoader:240 - Cannot read IP mode file for STMicroelectronics.FP-SNS-SMARTAG2.1.2.0
2024-10-01 23:42:24,007 [INFO] LogOutputStream:77 - [STDOUT_REDIRECT] 1 : Invalid condition id : UX_CORESTACK_Condition cause : null
2024-10-01 23:42:24,019 [INFO] LogOutputStream:77 - [STDOUT_REDIRECT] 1 : Invalid condition id : UX_CORESTACK_Condition cause : null
2024-10-01 23:42:24,024 [INFO] LogOutputStream:77 - [STDOUT_REDIRECT] 1 : Invalid condition id : UX_CORESTACK_Condition cause : null
2024-10-01 23:42:24,024 [INFO] LogOutputStream:77 - [STDOUT_REDIRECT] 1 : Invalid condition id : UX_CORESTACK_Condition cause : null
2024-10-01 23:42:24,024 [INFO] LogOutputStream:77 - [STDOUT_REDIRECT] 1 : Invalid condition id : UX_CORESTACK_Condition cause : null
2024-10-01 23:42:24,052 [WARN] PackLoader:240 - Cannot read IP mode file for STMicroelectronics.X-CUBE-AZRTOS-WL.2.0.0
2024-10-01 23:42:24,099 [WARN] PackLoader:240 - Cannot read IP mode file for STMicroelectronics.FP-SNS-MOTENV1.5.0.0
2024-10-01 23:42:24,107 [WARN] PackLoader:240 - Cannot read IP mode file for wolfSSL.I-CUBE-wolfMQTT.1.19.0
2024-10-01 23:42:24,178 [INFO] WebApp:220 - Starting web application
2024-10-01 23:42:24,178 [INFO] WebApp:578 - Web application path used C:\ST\STM32CubeIDE_1.16.0\STM32CubeIDE\plugins\com.st.stm32cube.common.mx_6.12.0.202406281431\db\plugins\mcufinder\reactClient1\index.html
2024-10-01 23:42:24,183 [WARN] PackLoader:240 - Cannot read IP mode file for WES.I-CUBE-Cesium.1.3.0
2024-10-01 23:42:24,496 [WARN] PackLoader:240 - Cannot read IP mode file for STMicroelectronics.X-CUBE-BLE2.3.3.0
2024-10-01 23:42:24,584 [WARN] PackLoader:240 - Cannot read IP mode file for STMicroelectronics.X-CUBE-NFC9.1.0.0
2024-10-01 23:42:24,658 [WARN] PackLoader:240 - Cannot read IP mode file for STMicroelectronics.X-CUBE-TCPP.4.1.0
2024-10-01 23:42:24,879 [WARN] PackLoader:240 - Cannot read IP mode file for STMicroelectronics.X-CUBE-AZRTOS-G0.1.1.0
2024-10-01 23:42:24,994 [WARN] PackLoader:240 - Cannot read IP mode file for STMicroelectronics.X-CUBE-SAFEA1.1.2.2
2024-10-01 23:42:25,127 [WARN] PackLoader:240 - Cannot read IP mode file for STMicroelectronics.X-CUBE-NFC4.3.0.0
2024-10-01 23:42:25,190 [WARN] PackLoader:240 - Cannot read IP mode file for EmbeddedOffice.I-CUBE-FS-RTOS.1.0.1
2024-10-01 23:42:25,190 [ERROR] ConditionMgr:805 - Attr not supported : Dmpu
2024-10-01 23:42:25,192 [ERROR] ConditionMgr:805 - Attr not supported : Dmpu
2024-10-01 23:42:25,192 [ERROR] ConditionMgr:805 - Attr not supported : Dmpu
2024-10-01 23:42:25,194 [ERROR] ConditionMgr:805 - Attr not supported : Dmpu
2024-10-01 23:42:25,194 [ERROR] ConditionMgr:805 - Attr not supported : Dmpu
2024-10-01 23:42:25,194 [ERROR] ConditionMgr:805 - Attr not supported : Dmpu
2024-10-01 23:42:25,194 [ERROR] ConditionMgr:805 - Attr not supported : Dmpu
2024-10-01 23:42:25,194 [ERROR] ConditionMgr:805 - Attr not supported : Dmpu
2024-10-01 23:42:25,194 [ERROR] ConditionMgr:805 - Attr not supported : Dmpu
2024-10-01 23:42:25,194 [ERROR] ConditionMgr:805 - Attr not supported : Dmpu
2024-10-01 23:42:25,194 [ERROR] ConditionMgr:805 - Attr not supported : Dmpu
2024-10-01 23:42:25,194 [ERROR] ConditionMgr:805 - Attr not supported : Dmpu
2024-10-01 23:42:25,194 [ERROR] ConditionMgr:805 - Attr not supported : Dmpu
2024-10-01 23:42:25,194 [ERROR] ConditionMgr:805 - Attr not supported : Dmpu
2024-10-01 23:42:25,194 [ERROR] ConditionMgr:805 - Attr not supported : Dmpu
2024-10-01 23:42:25,194 [ERROR] ConditionMgr:805 - Attr not supported : Dmpu
2024-10-01 23:42:25,194 [ERROR] ConditionMgr:805 - Attr not supported : Dmpu
2024-10-01 23:42:25,194 [ERROR] ConditionMgr:805 - Attr not supported : Dmpu
2024-10-01 23:42:25,194 [ERROR] ConditionMgr:805 - Attr not supported : Dmpu
2024-10-01 23:42:25,194 [ERROR] ConditionMgr:805 - Attr not supported : Dmpu
2024-10-01 23:42:25,197 [ERROR] ConditionMgr:805 - Attr not supported : Dmpu
2024-10-01 23:42:25,197 [ERROR] ConditionMgr:805 - Attr not supported : Dmpu
2024-10-01 23:42:25,197 [ERROR] ConditionMgr:805 - Attr not supported : Dmpu
2024-10-01 23:42:25,197 [ERROR] ConditionMgr:805 - Attr not supported : Dmpu
2024-10-01 23:42:25,198 [ERROR] ConditionMgr:805 - Attr not supported : Dmpu
2024-10-01 23:42:25,198 [ERROR] ConditionMgr:805 - Attr not supported : Dmpu
2024-10-01 23:42:25,198 [ERROR] ConditionMgr:805 - Attr not supported : Dmpu
2024-10-01 23:42:25,198 [ERROR] ConditionMgr:805 - Attr not supported : Dmpu
2024-10-01 23:42:25,198 [ERROR] ConditionMgr:805 - Attr not supported : Dmpu
2024-10-01 23:42:25,198 [ERROR] ConditionMgr:805 - Attr not supported : Dmpu
2024-10-01 23:42:25,198 [ERROR] ConditionMgr:805 - Attr not supported : Dmpu
2024-10-01 23:42:25,198 [ERROR] ConditionMgr:805 - Attr not supported : Dmpu
2024-10-01 23:42:25,198 [ERROR] ConditionMgr:805 - Attr not supported : Dmpu
2024-10-01 23:42:25,198 [ERROR] ConditionMgr:805 - Attr not supported : Dmpu
2024-10-01 23:42:25,198 [ERROR] ConditionMgr:805 - Attr not supported : Dmpu
2024-10-01 23:42:25,198 [ERROR] ConditionMgr:805 - Attr not supported : Dmpu
2024-10-01 23:42:25,198 [ERROR] ConditionMgr:805 - Attr not supported : Dmpu
2024-10-01 23:42:25,198 [ERROR] ConditionMgr:805 - Attr not supported : Dmpu
2024-10-01 23:42:25,198 [ERROR] ConditionMgr:805 - Attr not supported : Dmpu
2024-10-01 23:42:25,198 [ERROR] ConditionMgr:805 - Attr not supported : Dmpu
2024-10-01 23:42:25,198 [ERROR] ConditionMgr:805 - Attr not supported : Dmpu
2024-10-01 23:42:25,198 [ERROR] ConditionMgr:805 - Attr not supported : Dmpu
2024-10-01 23:42:25,198 [ERROR] ConditionMgr:805 - Attr not supported : Dmpu
2024-10-01 23:42:25,198 [ERROR] ConditionMgr:805 - Attr not supported : Dmpu
2024-10-01 23:42:25,198 [ERROR] ConditionMgr:805 - Attr not supported : Dmpu
2024-10-01 23:42:25,198 [ERROR] ConditionMgr:805 - Attr not supported : Dmpu
2024-10-01 23:42:25,198 [ERROR] ConditionMgr:805 - Attr not supported : Dmpu
2024-10-01 23:42:25,198 [ERROR] ConditionMgr:805 - Attr not supported : Dmpu
2024-10-01 23:42:25,198 [ERROR] ConditionMgr:805 - Attr not supported : Dmpu
2024-10-01 23:42:25,198 [ERROR] ConditionMgr:805 - Attr not supported : Dmpu
2024-10-01 23:42:25,198 [ERROR] ConditionMgr:805 - Attr not supported : Dmpu
2024-10-01 23:42:25,198 [ERROR] ConditionMgr:805 - Attr not supported : Dmpu
2024-10-01 23:42:25,198 [ERROR] ConditionMgr:805 - Attr not supported : Dmpu
2024-10-01 23:42:25,198 [ERROR] ConditionMgr:805 - Attr not supported : Dmpu
2024-10-01 23:42:25,198 [ERROR] ConditionMgr:805 - Attr not supported : Dmpu
2024-10-01 23:42:25,198 [ERROR] ConditionMgr:805 - Attr not supported : Dmpu
2024-10-01 23:42:25,198 [ERROR] ConditionMgr:805 - Attr not supported : Dmpu
2024-10-01 23:42:25,198 [ERROR] ConditionMgr:805 - Attr not supported : Dmpu
2024-10-01 23:42:25,198 [ERROR] ConditionMgr:805 - Attr not supported : Dmpu
2024-10-01 23:42:25,198 [ERROR] ConditionMgr:805 - Attr not supported : Dmpu
2024-10-01 23:42:25,198 [ERROR] ConditionMgr:805 - Attr not supported : Dmpu
2024-10-01 23:42:25,198 [ERROR] ConditionMgr:805 - Attr not supported : Dmpu
2024-10-01 23:42:25,198 [ERROR] ConditionMgr:805 - Attr not supported : Dmpu
2024-10-01 23:42:25,198 [ERROR] ConditionMgr:805 - Attr not supported : Dmpu
2024-10-01 23:42:25,231 [WARN] PackLoader:240 - Cannot read IP mode file for RealThread.X-CUBE-RT-Thread_Nano.4.1.1
2024-10-01 23:42:25,244 [WARN] PackLoader:240 - Cannot read IP mode file for STMicroelectronics.FP-ATR-SIGFOX1.3.2.0
2024-10-01 23:42:25,268 [WARN] PackLoader:240 - Cannot read IP mode file for wolfSSL.I-CUBE-wolfSSL.5.7.2
2024-10-01 23:42:25,287 [WARN] PackLoader:240 - Cannot read IP mode file for STMicroelectronics.X-CUBE-EEPRMA1.5.1.0
2024-10-01 23:42:25,316 [WARN] PackLoader:240 - Cannot read IP mode file for ITTIA_DB.I-CUBE-ITTIADB.8.9.0
2024-10-01 23:42:25,385 [WARN] PackLoader:240 - Cannot read IP mode file for SEGGER.I-CUBE-embOS.1.3.1
2024-10-01 23:42:25,550 [WARN] PackLoader:240 - Cannot read IP mode file for STMicroelectronics.X-CUBE-ALGOBUILD.1.4.0
2024-10-01 23:42:25,562 [WARN] PackLoader:240 - Cannot read IP mode file for STMicroelectronics.X-CUBE-AI.9.1.0
2024-10-01 23:42:25,587 [WARN] PackLoader:240 - Cannot read IP mode file for STMicroelectronics.X-CUBE-GNSS1.6.0.0
2024-10-01 23:42:25,680 [WARN] PackLoader:240 - Cannot read IP mode file for STMicroelectronics.X-CUBE-AZRTOS-F4.1.1.0
2024-10-01 23:42:25,901 [WARN] PackLoader:240 - Cannot read IP mode file for STMicroelectronics.X-CUBE-ISPU.2.1.0
2024-10-01 23:42:25,928 [WARN] PackLoader:240 - Cannot read IP mode file for STMicroelectronics.X-CUBE-FREERTOS.1.2.0
2024-10-01 23:42:26,021 [INFO] WebApp:186 - Connection restablished
2024-10-01 23:42:26,056 [WARN] PackLoader:240 - Cannot read IP mode file for STMicroelectronics.X-CUBE-AZRTOS-L5.2.0.0
2024-10-01 23:42:26,143 [WARN] PackLoader:240 - Cannot read IP mode file for STMicroelectronics.X-CUBE-NFC6.3.1.0
2024-10-01 23:42:26,442 [WARN] PackLoader:240 - Cannot read IP mode file for STMicroelectronics.X-CUBE-DPower.1.2.0
2024-10-01 23:42:26,509 [WARN] PackLoader:240 - Cannot read IP mode file for STMicroelectronics.X-CUBE-AI.9.0.0
2024-10-01 23:42:26,577 [WARN] PackLoader:240 - Cannot read IP mode file for STMicroelectronics.X-CUBE-NFC7.1.0.1
2024-10-01 23:42:26,861 [WARN] ConditionMgr:438 - getConditionDescription Invalid condition id : LAN8742 Phy interface Condition cause : null
2024-10-01 23:42:26,861 [WARN] PackLoader:240 - Cannot read IP mode file for STMicroelectronics.X-CUBE-AZRTOS-L4.2.0.0
2024-10-01 23:42:26,864 [WARN] ConditionMgr:1039 - genDependencies : Invalid condition id : LAN8742 Phy interface Condition cause : null
2024-10-01 23:42:26,864 [WARN] ConditionMgr:1039 - genDependencies : Invalid condition id : LAN8742 Phy interface Condition cause : null
2024-10-01 23:42:26,864 [WARN] ConditionMgr:1039 - genDependencies : Invalid condition id : LAN8742 Phy interface Condition cause : null
2024-10-01 23:42:27,215 [WARN] PackLoader:240 - Cannot read IP mode file for STMicroelectronics.X-CUBE-SFXS2LP1.4.0.0
2024-10-01 23:42:27,348 [WARN] PackLoader:240 - Cannot read IP mode file for STMicroelectronics.X-CUBE-AZRTOS-H7.3.3.0
2024-10-01 23:42:27,445 [WARN] ConditionMgr:438 - getConditionDescription Invalid condition id : UX DEVICE CLASS RTOS Condition cause : null
2024-10-01 23:42:27,445 [WARN] ConditionMgr:438 - getConditionDescription Invalid condition id : UX DEVICE CLASS RTOS Condition cause : null
2024-10-01 23:42:27,446 [WARN] PackLoader:240 - Cannot read IP mode file for STMicroelectronics.X-CUBE-AZRTOS-WB.2.0.0
2024-10-01 23:42:27,446 [WARN] ConditionMgr:1039 - genDependencies : Invalid condition id : UX DEVICE CLASS RTOS Condition cause : null
2024-10-01 23:42:27,446 [WARN] ConditionMgr:1039 - genDependencies : Invalid condition id : UX DEVICE CLASS RTOS Condition cause : null
2024-10-01 23:42:27,453 [WARN] ConditionMgr:1039 - genDependencies : Invalid condition id : UX DEVICE CLASS RTOS Condition cause : null
2024-10-01 23:42:27,453 [WARN] ConditionMgr:1039 - genDependencies : Invalid condition id : UX DEVICE CLASS RTOS Condition cause : null
2024-10-01 23:42:27,453 [WARN] ConditionMgr:1039 - genDependencies : Invalid condition id : UX DEVICE CLASS RTOS Condition cause : null
2024-10-01 23:42:27,478 [WARN] PackLoader:240 - Cannot read IP mode file for STMicroelectronics.X-CUBE-GNSS1.7.0.0
2024-10-01 23:42:27,502 [WARN] PackLoader:240 - Cannot read IP mode file for STMicroelectronics.FP-SNS-STBOX1.2.0.0
2024-10-01 23:42:27,564 [WARN] PackLoader:240 - Cannot read IP mode file for STMicroelectronics.X-CUBE-SUBG2.5.0.0
2024-10-01 23:42:27,594 [WARN] PackLoader:240 - Cannot read IP mode file for Cesanta.I-CUBE-Mongoose.7.13.0
2024-10-01 23:42:27,662 [WARN] PackLoader:240 - Cannot read IP mode file for STMicroelectronics.X-CUBE-AZRTOS-G4.2.0.0
2024-10-01 23:42:27,686 [WARN] PackLoader:240 - Cannot read IP mode file for STMicroelectronics.X-CUBE-ISPU.2.0.0
2024-10-01 23:42:27,731 [WARN] PackLoader:240 - Cannot read IP mode file for STMicroelectronics.X-CUBE-ALS.1.0.2
2024-10-01 23:42:27,820 [WARN] PackLoader:240 - Cannot read IP mode file for STMicroelectronics.X-CUBE-TOUCHGFX.4.24.0
2024-10-01 23:42:27,849 [WARN] PackLoader:240 - Cannot read IP mode file for STMicroelectronics.X-CUBE-TOUCHGFX.4.24.1
2024-10-01 23:42:27,862 [WARN] PackLoader:240 - Cannot read IP mode file for wolfSSL.I-CUBE-wolfTPM.3.4.0
2024-10-01 23:42:27,900 [WARN] PackLoader:240 - Cannot read IP mode file for portGmbH.I-Cube-SoM-uGOAL.1.1.0
2024-10-01 23:42:28,014 [WARN] PackLoader:240 - Cannot read IP mode file for STMicroelectronics.X-CUBE-AZRTOS-H7RS.1.0.0
2024-10-01 23:42:28,025 [WARN] PackLoader:240 - Cannot read IP mode file for STMicroelectronics.FP-ATR-ASTRA1.2.0.0
2024-10-01 23:42:28,112 [WARN] PackLoader:240 - Cannot read IP mode file for STMicroelectronics.X-CUBE-TOF1.3.4.2
2024-10-01 23:42:28,227 [WARN] PackLoader:240 - Cannot read IP mode file for Infineon.AIROC-Wi-Fi-Bluetooth-STM32.1.6.1
2024-10-01 23:42:28,253 [WARN] PackLoader:240 - Cannot read IP mode file for wolfSSL.I-CUBE-wolfSSH.1.4.17
2024-10-01 23:42:28,256 [INFO] ThirdParty:978 - Integrity check success = true
2024-10-01 23:42:28,256 [INFO] IntegrityCheckThread:100 - exiting critical section [integrity check]
2024-10-01 23:42:28,258 [INFO] IntegrityCheckThread:103 - End integrity checks thread
