2024-12-01 18:37:19,557 [INFO] Activator:176 - 


2024-12-01 18:37:19,568 [INFO] Activator:177 - !SESSION log4j initialized
2024-12-01 18:37:30,578 [INFO] LogOutputStream:77 - [STDOUT_REDIRECT] 
2024-12-01 18:37:39,632 [INFO] ApplicationProperties:184 - Using Application install path: C:\ST\STM32CubeIDE_1.16.0\STM32CubeIDE\plugins\com.st.stm32cube.common.mx_6.12.0.202406281431
2024-12-01 18:37:39,653 [INFO] DbMcusXml:78 - Set database path to: C:\ST\STM32CubeIDE_1.16.0\STM32CubeIDE\plugins\com.st.stm32cube.common.mx_6.12.0.202406281431\\db\/mcu/
2024-12-01 18:37:39,653 [INFO] ApiDb:274 - Set plugin database path to: C:\ST\STM32CubeIDE_1.16.0\STM32CubeIDE\plugins\com.st.stm32cube.common.mx_6.12.0.202406281431\\db\/plugins/boardmanager/
2024-12-01 18:37:39,654 [WARN] ApiDb:259 - Overriding images path with different value:  => C:\ST\STM32CubeIDE_1.16.0\STM32CubeIDE\plugins\com.st.stm32cube.common.mx_6.12.0.202406281431\\db\/plugins/mcufinder/images/
2024-12-01 18:37:39,667 [INFO] ApiDb:250 - Set database path to: C:\Users\karim\.stmcufinder\plugins\mcufinder//mcu/
2024-12-01 18:37:39,668 [INFO] DbMcusAds:125 - Set database path to: C:\Users\karim\.stmcufinder\plugins\mcufinder//mcu/
2024-12-01 18:37:39,671 [INFO] CrossReferenceDbSqlite:203 - Set database path to: C:\Users\karim\.stmcufinder\plugins\mcufinder//mcu/cs/
2024-12-01 18:37:39,809 [INFO] RulesReader:64 - Compatibility file has been processed (297 Rules)
2024-12-01 18:37:39,915 [INFO] DbMcusXml:78 - Set database path to: C:\ST\STM32CubeIDE_1.16.0\STM32CubeIDE\plugins\com.st.stm32cube.common.mx_6.12.0.202406281431\\db\/mcu/
2024-12-01 18:37:39,915 [INFO] ApiDb:274 - Set plugin database path to: C:\ST\STM32CubeIDE_1.16.0\STM32CubeIDE\plugins\com.st.stm32cube.common.mx_6.12.0.202406281431\\db\/plugins/boardmanager/
2024-12-01 18:37:39,915 [INFO] ApiDb:261 - Set plugin images path to: C:\ST\STM32CubeIDE_1.16.0\STM32CubeIDE\plugins\com.st.stm32cube.common.mx_6.12.0.202406281431\\db\/plugins/mcufinder/images/
2024-12-01 18:37:39,916 [WARN] DbFile:41 - Overriding database path with different value: C:\Users\karim\.stmcufinder\plugins\mcufinder/ => C:\Users\karim\.stmcufinder\plugins\mcufinder
2024-12-01 18:37:39,916 [INFO] ApiDb:250 - Set database path to: C:\Users\karim\.stmcufinder\plugins\mcufinder//mcu/
2024-12-01 18:37:39,916 [WARN] DbFile:41 - Overriding database path with different value: C:\Users\karim\.stmcufinder\plugins\mcufinder/ => C:\Users\karim\.stmcufinder\plugins\mcufinder
2024-12-01 18:37:39,916 [INFO] DbMcusAds:125 - Set database path to: C:\Users\karim\.stmcufinder\plugins\mcufinder//mcu/
2024-12-01 18:37:39,916 [WARN] DbFile:41 - Overriding database path with different value: C:\Users\karim\.stmcufinder\plugins\mcufinder/ => C:\Users\karim\.stmcufinder\plugins\mcufinder
2024-12-01 18:37:39,916 [WARN] DbFile:41 - Overriding database path with different value: C:\Users\karim\.stmcufinder\plugins\mcufinder/ => C:\Users\karim\.stmcufinder\plugins\mcufinder
2024-12-01 18:37:39,916 [INFO] CrossReferenceDbSqlite:203 - Set database path to: C:\Users\karim\.stmcufinder\plugins\mcufinder//mcu/cs/
2024-12-01 18:37:40,021 [INFO] MainPanel:268 - HeapMemory: 268435456
2024-12-01 18:37:40,173 [INFO] DbMcusXml:78 - Set database path to: C:\ST\STM32CubeIDE_1.16.0\STM32CubeIDE\plugins\com.st.stm32cube.common.mx_6.12.0.202406281431\\db\/mcu/
2024-12-01 18:37:40,173 [INFO] ApiDb:274 - Set plugin database path to: C:\ST\STM32CubeIDE_1.16.0\STM32CubeIDE\plugins\com.st.stm32cube.common.mx_6.12.0.202406281431\\db\/plugins/boardmanager/
2024-12-01 18:37:40,173 [INFO] ApiDb:261 - Set plugin images path to: C:\ST\STM32CubeIDE_1.16.0\STM32CubeIDE\plugins\com.st.stm32cube.common.mx_6.12.0.202406281431\\db\/plugins/mcufinder/images/
2024-12-01 18:37:40,174 [WARN] DbFile:41 - Overriding database path with different value: C:\Users\karim\.stmcufinder\plugins\mcufinder/ => C:\Users\karim\.stmcufinder\plugins\mcufinder
2024-12-01 18:37:40,174 [INFO] ApiDb:250 - Set database path to: C:\Users\karim\.stmcufinder\plugins\mcufinder//mcu/
2024-12-01 18:37:40,175 [WARN] DbFile:41 - Overriding database path with different value: C:\Users\karim\.stmcufinder\plugins\mcufinder/ => C:\Users\karim\.stmcufinder\plugins\mcufinder
2024-12-01 18:37:40,175 [INFO] DbMcusAds:125 - Set database path to: C:\Users\karim\.stmcufinder\plugins\mcufinder//mcu/
2024-12-01 18:37:40,175 [WARN] DbFile:41 - Overriding database path with different value: C:\Users\karim\.stmcufinder\plugins\mcufinder/ => C:\Users\karim\.stmcufinder\plugins\mcufinder
2024-12-01 18:37:40,176 [WARN] DbFile:41 - Overriding database path with different value: C:\Users\karim\.stmcufinder\plugins\mcufinder/ => C:\Users\karim\.stmcufinder\plugins\mcufinder
2024-12-01 18:37:40,176 [INFO] CrossReferenceDbSqlite:203 - Set database path to: C:\Users\karim\.stmcufinder\plugins\mcufinder//mcu/cs/
2024-12-01 18:37:40,200 [INFO] ApplicationProperties:184 - Using Application install path: C:\ST\STM32CubeIDE_1.16.0\STM32CubeIDE\plugins\com.st.stm32cube.common.mx_6.12.0.202406281431
2024-12-01 18:37:40,201 [INFO] PluginManage:196 - Search for loadable plugins [exclusion list=, ]
2024-12-01 18:37:40,203 [INFO] PluginManage:310 - Check plugin analytics
2024-12-01 18:37:45,639 [INFO] AnalyticsPlugin:253 - Accepted Software Licenses: 
2024-12-01 18:37:45,639 [INFO] AnalyticsPlugin:255 - Accepted CMSIS Pack Licenses: 
2024-12-01 18:37:45,640 [INFO] AnalyticsPlugin:257 - Accepted Firmware Licenses: FW.L4.1.18.0
2024-12-01 18:37:45,646 [INFO] PluginManage:359 - Loaded plugin analytics (category:tool,tabindex:-1)
2024-12-01 18:37:45,647 [INFO] PluginManage:310 - Check plugin cadmodel
2024-12-01 18:37:45,670 [INFO] CADModel:105 - Init CAD model plugin
2024-12-01 18:37:45,670 [INFO] PluginManage:359 - Loaded plugin cadmodel (category:power,tabindex:5)
2024-12-01 18:37:45,671 [INFO] PluginManage:310 - Check plugin clock
2024-12-01 18:37:45,696 [INFO] PluginManage:359 - Loaded plugin clock (category:base,tabindex:2)
2024-12-01 18:37:45,696 [INFO] PluginManage:310 - Check plugin ddr
2024-12-01 18:37:45,699 [INFO] PluginManage:359 - Loaded plugin ddr (category:tool,tabindex:6)
2024-12-01 18:37:45,699 [INFO] PluginManage:310 - Check plugin filemanager
2024-12-01 18:37:45,881 [INFO] PluginManage:359 - Loaded plugin filemanager (category:base,tabindex:10)
2024-12-01 18:37:45,881 [INFO] PluginManage:310 - Check plugin ipmanager
2024-12-01 18:37:45,890 [INFO] PluginManage:359 - Loaded plugin ipmanager (category:base,tabindex:5)
2024-12-01 18:37:45,890 [INFO] PluginManage:310 - Check plugin lpbam
2024-12-01 18:37:45,911 [INFO] PluginManage:359 - Loaded plugin lpbam (category:base,tabindex:0)
2024-12-01 18:37:45,911 [INFO] PluginManage:310 - Check plugin memorymap
2024-12-01 18:37:45,962 [INFO] PluginManage:359 - Loaded plugin memorymap (category:base,tabindex:4)
2024-12-01 18:37:45,963 [INFO] PluginManage:310 - Check plugin pinoutandconfiguration
2024-12-01 18:37:46,005 [INFO] PluginManage:359 - Loaded plugin pinoutandconfiguration (category:base,tabindex:1)
2024-12-01 18:37:46,006 [INFO] PluginManage:310 - Check plugin pinoutconfig
2024-12-01 18:37:46,160 [WARN] SupportedApi:132 - Cannot load RTOS API schema: s4s-elt-must-match.1: The content of 'definitions' must match (annotation?, (simpleType | complexType)?, (unique | key | keyref)*)). A problem was found starting at: attribute.
2024-12-01 18:37:46,337 [INFO] PluginManage:359 - Loaded plugin pinoutconfig (category:base,tabindex:0)
2024-12-01 18:37:46,337 [INFO] PluginManage:310 - Check plugin power
2024-12-01 18:37:46,367 [INFO] PluginManage:359 - Loaded plugin power (category:power,tabindex:4)
2024-12-01 18:37:46,367 [INFO] PluginManage:310 - Check plugin projectmanager
2024-12-01 18:37:46,390 [INFO] PluginManage:359 - Loaded plugin projectmanager (category:projectmanager,tabindex:4)
2024-12-01 18:37:46,390 [INFO] PluginManage:310 - Check plugin rif
2024-12-01 18:37:46,415 [INFO] PluginManage:359 - Loaded plugin rif (category:base,tabindex:3)
2024-12-01 18:37:46,415 [INFO] PluginManage:310 - Check plugin thirdparty
2024-12-01 18:37:46,778 [INFO] PluginManage:359 - Loaded plugin thirdparty (category:base,tabindex:-1)
2024-12-01 18:37:46,778 [INFO] PluginManage:310 - Check plugin tools
2024-12-01 18:37:46,778 [WARN] IntegrityCheckThread:84 - waiting for thirdparty lock release [integrity check]
2024-12-01 18:37:46,778 [INFO] IntegrityCheckThread:86 - entering critical section [integrity check]
2024-12-01 18:37:46,779 [INFO] ThirdPartyUpdaterWithRetryManager:70 - Updater plugin not ready yet. [1/15]
2024-12-01 18:37:46,826 [INFO] PluginManage:359 - Loaded plugin tools (category:base,tabindex:7)
2024-12-01 18:37:46,826 [INFO] PluginManage:310 - Check plugin tutovideos
2024-12-01 18:37:47,096 [INFO] PluginManage:359 - Loaded plugin tutovideos (category:base,tabindex:-1)
2024-12-01 18:37:47,096 [INFO] PluginManage:310 - Check plugin updater
2024-12-01 18:37:47,117 [INFO] PluginManage:359 - Loaded plugin updater (category:base,tabindex:12)
2024-12-01 18:37:47,117 [INFO] PluginManage:310 - Check plugin userauth
2024-12-01 18:37:47,125 [INFO] UserAuth:113 - Init User Auth plugin
2024-12-01 18:37:47,125 [INFO] PluginManage:359 - Loaded plugin userauth (category:base,tabindex:14)
2024-12-01 18:37:47,126 [INFO] PluginManage:283 - PluginManage : Loaded plugins [18]
2024-12-01 18:37:47,436 [INFO] PinOutPanel:1561 - setPackage(No Configuration,No Configuration)
2024-12-01 18:37:47,560 [INFO] CADModel:165 - CPN selected for project level
2024-12-01 18:37:47,560 [INFO] CADModel:114 - Register for checkConnection events
2024-12-01 18:37:47,590 [INFO] IPUIPlugin:80 - create IPUIPlugin
2024-12-01 18:37:47,591 [INFO] PluginManager:220 - loadIPPluginJar : add adc
2024-12-01 18:37:47,653 [INFO] IPUIPlugin:80 - create IPUIPlugin
2024-12-01 18:37:47,653 [INFO] PluginManager:220 - loadIPPluginJar : add aes
2024-12-01 18:37:47,731 [INFO] IPUIPlugin:80 - create IPUIPlugin
2024-12-01 18:37:47,731 [INFO] PluginManager:220 - loadIPPluginJar : add can
2024-12-01 18:37:47,767 [INFO] IPUIPlugin:80 - create IPUIPlugin
2024-12-01 18:37:47,767 [INFO] PluginManager:220 - loadIPPluginJar : add comp
2024-12-01 18:37:47,809 [INFO] IPUIPlugin:80 - create IPUIPlugin
2024-12-01 18:37:47,809 [INFO] PluginManager:220 - loadIPPluginJar : add cryp
2024-12-01 18:37:47,824 [INFO] IPUIPlugin:80 - create IPUIPlugin
2024-12-01 18:37:47,824 [INFO] PluginManager:220 - loadIPPluginJar : add ddr_ctrl_phy
2024-12-01 18:37:47,864 [INFO] IPUIPlugin:80 - create IPUIPlugin
2024-12-01 18:37:47,864 [INFO] PluginManager:220 - loadIPPluginJar : add dfsdm
2024-12-01 18:37:47,879 [INFO] IPUIPlugin:80 - create IPUIPlugin
2024-12-01 18:37:47,879 [INFO] PluginManager:220 - loadIPPluginJar : add dma
2024-12-01 18:37:47,936 [INFO] IPUIPlugin:80 - create IPUIPlugin
2024-12-01 18:37:47,936 [INFO] PluginManager:220 - loadIPPluginJar : add dma3
2024-12-01 18:37:47,997 [INFO] IPUIPlugin:80 - create IPUIPlugin
2024-12-01 18:37:47,997 [INFO] PluginManager:220 - loadIPPluginJar : add extmemmanager
2024-12-01 18:37:48,025 [INFO] IPUIPlugin:80 - create IPUIPlugin
2024-12-01 18:37:48,025 [INFO] PluginManager:220 - loadIPPluginJar : add fatfs
2024-12-01 18:37:48,083 [INFO] IPUIPlugin:80 - create IPUIPlugin
2024-12-01 18:37:48,085 [INFO] PluginManager:220 - loadIPPluginJar : add fmc
2024-12-01 18:37:48,102 [INFO] IPUIPlugin:80 - create IPUIPlugin
2024-12-01 18:37:48,102 [INFO] PluginManager:220 - loadIPPluginJar : add freertos
2024-12-01 18:37:48,129 [INFO] IPUIPlugin:80 - create IPUIPlugin
2024-12-01 18:37:48,129 [INFO] PluginManager:220 - loadIPPluginJar : add genericplugin
2024-12-01 18:37:48,258 [INFO] IPUIPlugin:80 - create IPUIPlugin
2024-12-01 18:37:48,259 [INFO] PluginManager:220 - loadIPPluginJar : add gfxmmu
2024-12-01 18:37:48,522 [INFO] IPUIPlugin:80 - create IPUIPlugin
2024-12-01 18:37:48,523 [INFO] PluginManager:220 - loadIPPluginJar : add gic
2024-12-01 18:37:48,544 [INFO] IPUIPlugin:80 - create IPUIPlugin
2024-12-01 18:37:48,544 [INFO] PluginManager:220 - loadIPPluginJar : add gpio
2024-12-01 18:37:48,670 [INFO] IPUIPlugin:80 - create IPUIPlugin
2024-12-01 18:37:48,670 [INFO] PluginManager:220 - loadIPPluginJar : add gtzc
2024-12-01 18:37:48,715 [INFO] IPUIPlugin:80 - create IPUIPlugin
2024-12-01 18:37:48,715 [INFO] PluginManager:220 - loadIPPluginJar : add hash
2024-12-01 18:37:48,784 [INFO] IPUIPlugin:80 - create IPUIPlugin
2024-12-01 18:37:48,784 [INFO] PluginManager:220 - loadIPPluginJar : add i2c
2024-12-01 18:37:48,837 [INFO] IPUIPlugin:80 - create IPUIPlugin
2024-12-01 18:37:48,837 [INFO] PluginManager:220 - loadIPPluginJar : add i2s
2024-12-01 18:37:48,889 [INFO] IPUIPlugin:80 - create IPUIPlugin
2024-12-01 18:37:48,889 [INFO] PluginManager:220 - loadIPPluginJar : add i3c
2024-12-01 18:37:49,017 [INFO] IPUIPlugin:80 - create IPUIPlugin
2024-12-01 18:37:49,017 [INFO] PluginManager:220 - loadIPPluginJar : add ipddr
2024-12-01 18:37:49,149 [INFO] IPUIPlugin:80 - create IPUIPlugin
2024-12-01 18:37:49,149 [INFO] PluginManager:220 - loadIPPluginJar : add linkedlist
2024-12-01 18:37:49,197 [INFO] IPUIPlugin:80 - create IPUIPlugin
2024-12-01 18:37:49,197 [INFO] PluginManager:220 - loadIPPluginJar : add lorawan
2024-12-01 18:37:49,242 [INFO] IPUIPlugin:80 - create IPUIPlugin
2024-12-01 18:37:49,242 [INFO] PluginManager:220 - loadIPPluginJar : add ltdc
2024-12-01 18:37:49,258 [INFO] IPUIPlugin:80 - create IPUIPlugin
2024-12-01 18:37:49,258 [INFO] PluginManager:220 - loadIPPluginJar : add mdma
2024-12-01 18:37:49,273 [INFO] IPUIPlugin:80 - create IPUIPlugin
2024-12-01 18:37:49,273 [INFO] PluginManager:220 - loadIPPluginJar : add nvic
2024-12-01 18:37:49,319 [INFO] IPUIPlugin:80 - create IPUIPlugin
2024-12-01 18:37:49,319 [INFO] PluginManager:220 - loadIPPluginJar : add opamp
2024-12-01 18:37:49,398 [INFO] IPUIPlugin:80 - create IPUIPlugin
2024-12-01 18:37:49,398 [INFO] PluginManager:220 - loadIPPluginJar : add openamp
2024-12-01 18:37:49,454 [INFO] IPUIPlugin:80 - create IPUIPlugin
2024-12-01 18:37:49,454 [INFO] PluginManager:220 - loadIPPluginJar : add pdm2pcm
2024-12-01 18:37:49,472 [INFO] IPUIPlugin:80 - create IPUIPlugin
2024-12-01 18:37:49,474 [INFO] PluginManager:220 - loadIPPluginJar : add plateformsettings
2024-12-01 18:37:49,504 [INFO] IPUIPlugin:80 - create IPUIPlugin
2024-12-01 18:37:49,504 [INFO] PluginManager:220 - loadIPPluginJar : add quadspi
2024-12-01 18:37:49,538 [INFO] IPUIPlugin:80 - create IPUIPlugin
2024-12-01 18:37:49,539 [INFO] PluginManager:220 - loadIPPluginJar : add radio
2024-12-01 18:37:49,554 [INFO] IPUIPlugin:80 - create IPUIPlugin
2024-12-01 18:37:49,554 [INFO] PluginManager:220 - loadIPPluginJar : add resmgrutility
2024-12-01 18:37:49,615 [INFO] IPUIPlugin:80 - create IPUIPlugin
2024-12-01 18:37:49,615 [INFO] PluginManager:220 - loadIPPluginJar : add sai
2024-12-01 18:37:49,666 [INFO] IPUIPlugin:80 - create IPUIPlugin
2024-12-01 18:37:49,666 [INFO] PluginManager:220 - loadIPPluginJar : add spi
2024-12-01 18:37:49,756 [INFO] IPUIPlugin:80 - create IPUIPlugin
2024-12-01 18:37:49,756 [INFO] PluginManager:220 - loadIPPluginJar : add stm32_wpan
2024-12-01 18:37:49,782 [INFO] ThirdPartyUpdaterWithRetryManager:70 - Updater plugin not ready yet. [2/15]
2024-12-01 18:37:49,791 [INFO] IPUIPlugin:80 - create IPUIPlugin
2024-12-01 18:37:49,791 [INFO] PluginManager:220 - loadIPPluginJar : add tim
2024-12-01 18:37:49,872 [INFO] IPUIPlugin:80 - create IPUIPlugin
2024-12-01 18:37:49,872 [INFO] PluginManager:220 - loadIPPluginJar : add touchsensing
2024-12-01 18:37:49,903 [INFO] IPUIPlugin:80 - create IPUIPlugin
2024-12-01 18:37:49,903 [INFO] PluginManager:220 - loadIPPluginJar : add tracer_emb
2024-12-01 18:37:49,939 [INFO] IPUIPlugin:80 - create IPUIPlugin
2024-12-01 18:37:49,939 [INFO] PluginManager:220 - loadIPPluginJar : add ts
2024-12-01 18:37:49,972 [INFO] IPUIPlugin:80 - create IPUIPlugin
2024-12-01 18:37:49,972 [INFO] PluginManager:220 - loadIPPluginJar : add tsc
2024-12-01 18:37:50,004 [INFO] IPUIPlugin:80 - create IPUIPlugin
2024-12-01 18:37:50,004 [INFO] PluginManager:220 - loadIPPluginJar : add ucpd
2024-12-01 18:37:50,066 [INFO] IPUIPlugin:80 - create IPUIPlugin
2024-12-01 18:37:50,067 [INFO] PluginManager:220 - loadIPPluginJar : add usart
2024-12-01 18:37:50,118 [INFO] IPUIPlugin:80 - create IPUIPlugin
2024-12-01 18:37:50,118 [INFO] PluginManager:220 - loadIPPluginJar : add usbx
2024-12-01 18:37:50,250 [INFO] CADModel:165 - CPN selected for project level
2024-12-01 18:37:50,251 [INFO] CADModel:114 - Register for checkConnection events
2024-12-01 18:37:50,251 [FATAL] Updater:334 - Updater called before beeing initialized
2024-12-01 18:37:50,252 [ERROR] CADModel:125 - Updater not yet initialized, retry later 
2024-12-01 18:37:50,498 [INFO] CADModel:165 - CPN selected for project level
2024-12-01 18:37:50,498 [INFO] CADModel:114 - Register for checkConnection events
2024-12-01 18:37:50,498 [FATAL] Updater:334 - Updater called before beeing initialized
2024-12-01 18:37:50,498 [ERROR] CADModel:125 - Updater not yet initialized, retry later 
2024-12-01 18:37:50,503 [FATAL] Updater:334 - Updater called before beeing initialized
2024-12-01 18:37:50,765 [FATAL] Updater:334 - Updater called before beeing initialized
2024-12-01 18:37:50,783 [INFO] DbMcusAds:53 - JSON generation date=Fri Sep 20 15:04:38 CEST 2024 (1726837478367)
2024-12-01 18:37:50,783 [FATAL] Updater:334 - Updater called before beeing initialized
2024-12-01 18:37:50,851 [WARN] DetailPanel:346 - Failed to get advertising image, set to default
2024-12-01 18:37:50,984 [FATAL] Updater:334 - Updater called before beeing initialized
2024-12-01 18:37:50,989 [FATAL] Updater:334 - Updater called before beeing initialized
2024-12-01 18:37:50,989 [FATAL] Updater:334 - Updater called before beeing initialized
2024-12-01 18:37:50,990 [WARN] DetailPanel:346 - Failed to get advertising image, set to default
2024-12-01 18:37:50,991 [FATAL] Updater:334 - Updater called before beeing initialized
2024-12-01 18:37:51,102 [ERROR] Updater:1164 - MainUpdater not yet initialized. External WinMGr cannot be set.
2024-12-01 18:37:51,121 [INFO] Updater:1100 - Updater Version found : 6.12.0
2024-12-01 18:37:51,149 [INFO] ApplicationProperties:184 - Using Application install path: C:\ST\STM32CubeIDE_1.16.0\STM32CubeIDE\plugins\com.st.stm32cube.common.mx_6.12.0.202406281431
2024-12-01 18:37:52,779 [ERROR] LogOutputStream:75 - [STDERR_REDIRECT] Dec 01, 2024 6:37:52 PM java.util.prefs.WindowsPreferences <init>
2024-12-01 18:37:52,783 [INFO] ThirdPartyUpdaterWithRetryManager:70 - Updater plugin not ready yet. [3/15]
2024-12-01 18:37:52,787 [ERROR] LogOutputStream:75 - [STDERR_REDIRECT] WARNING: Could not open/create prefs root node Software\JavaSoft\Prefs at root 0xffffffff80000002. Windows RegCreateKeyEx(...) returned error code 5.
2024-12-01 18:37:52,788 [ERROR] LogOutputStream:75 - [STDERR_REDIRECT] 
2024-12-01 18:37:53,407 [INFO] MainUpdater:2873 - connection check result : 10
2024-12-01 18:37:53,410 [INFO] MainUpdater:3567 - Updater definition file requires update
2024-12-01 18:37:53,414 [INFO] MainUpdater:290 - Updater Check For Update Now.
2024-12-01 18:37:53,414 [INFO] MicroXplorer:498 - Change Database Version : DB.6.0.120
2024-12-01 18:37:53,509 [INFO] McuFinderGlobals:63 - Set McuFinder mode to 2 (CubeIDE integrated)
2024-12-01 18:37:53,510 [INFO] UserAuth:179 - activating auth plugin
2024-12-01 18:37:53,514 [INFO] UserAuth:417 - Internet connection configuration mode: 1
2024-12-01 18:37:53,544 [INFO] JxBrowserEngine:152 - Initiate JxBrowser Engine with user profile folder
2024-12-01 18:37:54,240 [INFO] ServerAccessManage:473 - Download File updaters.zip
2024-12-01 18:37:55,670 [INFO] FileExtend:240 - Unzip File : updaters.zip
2024-12-01 18:37:55,670 [INFO] FileExtend:255 - Standard Zip Deflate
2024-12-01 18:37:56,052 [WARN] MainUpdater:1194 - Updater busy. Cannot search thirdparties
2024-12-01 18:37:56,052 [INFO] ThirdPartyUpdaterWithRetryManager:96 - Updater plugin is busy. [1/15]
2024-12-01 18:37:57,763 [INFO] ServerAccessManage:473 - Download File PacksControlFlags.xml
2024-12-01 18:37:58,107 [INFO] ServerAccessManage:473 - Download File cubemx.pidx
2024-12-01 18:37:58,520 [INFO] LoadServerUpdatesThread:375 - End of LoadServerUpdate Thread
2024-12-01 18:37:58,845 [INFO] CheckServerUpdateThread:120 - End of CheckServer Thread
2024-12-01 18:37:59,385 [WARN] PackLoader:240 - Cannot read IP mode file for STMicroelectronics.FP-SNS-MOTENVWB1.1.4.0
2024-12-01 18:37:59,415 [WARN] PackLoader:240 - Cannot read IP mode file for STMicroelectronics.FP-ATR-ASTRA1.2.0.1
2024-12-01 18:37:59,440 [WARN] PackLoader:240 - Cannot read IP mode file for STMicroelectronics.X-CUBE-SMBUS.2.1.0
2024-12-01 18:37:59,465 [WARN] PackLoader:240 - Cannot read IP mode file for STMicroelectronics.X-CUBE-WB05N.1.1.0
2024-12-01 18:37:59,554 [WARN] PackLoader:240 - Cannot read IP mode file for STMicroelectronics.X-CUBE-AZRTOS-F7.1.1.0
2024-12-01 18:37:59,730 [WARN] PackLoader:240 - Cannot read IP mode file for STMicroelectronics.X-CUBE-MEMS1.11.0.0
2024-12-01 18:38:00,030 [WARN] PackLoader:240 - Cannot read IP mode file for STMicroelectronics.FP-SNS-FLIGHT1.5.0.2
2024-12-01 18:38:00,061 [WARN] PackLoader:240 - Cannot read IP mode file for STMicroelectronics.X-CUBE-DISPLAY.3.0.0
2024-12-01 18:38:00,094 [WARN] PackLoader:240 - Cannot read IP mode file for STMicroelectronics.X-CUBE-BLE1.7.0.0
2024-12-01 18:38:00,128 [WARN] PackLoader:240 - Cannot read IP mode file for STMicroelectronics.X-CUBE-NFC10.1.0.0
2024-12-01 18:38:00,183 [WARN] PackLoader:240 - Cannot read IP mode file for emotas.I-CUBE-CANOPEN.1.3.0
2024-12-01 18:38:00,217 [WARN] PackLoader:240 - Cannot read IP mode file for STMicroelectronics.X-CUBE-BLEMGR.3.1.0
2024-12-01 18:38:00,245 [WARN] PackLoader:240 - Cannot read IP mode file for STMicroelectronics.FP-SNS-SMARTAG2.1.2.0
2024-12-01 18:38:00,299 [INFO] LogOutputStream:77 - [STDOUT_REDIRECT] 1 : Invalid condition id : UX_CORESTACK_Condition cause : null
2024-12-01 18:38:00,300 [INFO] LogOutputStream:77 - [STDOUT_REDIRECT] 1 : Invalid condition id : UX_CORESTACK_Condition cause : null
2024-12-01 18:38:00,302 [INFO] LogOutputStream:77 - [STDOUT_REDIRECT] 1 : Invalid condition id : UX_CORESTACK_Condition cause : null
2024-12-01 18:38:00,304 [INFO] LogOutputStream:77 - [STDOUT_REDIRECT] 1 : Invalid condition id : UX_CORESTACK_Condition cause : null
2024-12-01 18:38:00,307 [INFO] LogOutputStream:77 - [STDOUT_REDIRECT] 1 : Invalid condition id : UX_CORESTACK_Condition cause : null
2024-12-01 18:38:00,312 [WARN] PackLoader:240 - Cannot read IP mode file for STMicroelectronics.X-CUBE-AZRTOS-WL.2.0.0
2024-12-01 18:38:00,338 [WARN] PackLoader:240 - Cannot read IP mode file for STMicroelectronics.FP-SNS-MOTENV1.5.0.0
2024-12-01 18:38:00,361 [WARN] PackLoader:240 - Cannot read IP mode file for wolfSSL.I-CUBE-wolfMQTT.1.19.0
2024-12-01 18:38:00,391 [WARN] PackLoader:240 - Cannot read IP mode file for WES.I-CUBE-Cesium.1.3.0
2024-12-01 18:38:00,420 [WARN] PackLoader:240 - Cannot read IP mode file for STMicroelectronics.X-CUBE-BLE2.3.3.0
2024-12-01 18:38:00,445 [WARN] PackLoader:240 - Cannot read IP mode file for STMicroelectronics.X-CUBE-NFC9.1.0.0
2024-12-01 18:38:00,469 [WARN] PackLoader:240 - Cannot read IP mode file for STMicroelectronics.X-CUBE-TCPP.4.1.0
2024-12-01 18:38:00,539 [WARN] PackLoader:240 - Cannot read IP mode file for STMicroelectronics.X-CUBE-AZRTOS-G0.1.1.0
2024-12-01 18:38:00,575 [WARN] PackLoader:240 - Cannot read IP mode file for STMicroelectronics.X-CUBE-SAFEA1.1.2.2
2024-12-01 18:38:00,601 [WARN] PackLoader:240 - Cannot read IP mode file for STMicroelectronics.X-CUBE-NFC4.3.0.0
2024-12-01 18:38:00,634 [WARN] PackLoader:240 - Cannot read IP mode file for EmbeddedOffice.I-CUBE-FS-RTOS.1.0.1
2024-12-01 18:38:00,635 [ERROR] ConditionMgr:805 - Attr not supported : Dmpu
2024-12-01 18:38:00,635 [ERROR] ConditionMgr:805 - Attr not supported : Dmpu
2024-12-01 18:38:00,635 [ERROR] ConditionMgr:805 - Attr not supported : Dmpu
2024-12-01 18:38:00,635 [ERROR] ConditionMgr:805 - Attr not supported : Dmpu
2024-12-01 18:38:00,635 [ERROR] ConditionMgr:805 - Attr not supported : Dmpu
2024-12-01 18:38:00,635 [ERROR] ConditionMgr:805 - Attr not supported : Dmpu
2024-12-01 18:38:00,635 [ERROR] ConditionMgr:805 - Attr not supported : Dmpu
2024-12-01 18:38:00,635 [ERROR] ConditionMgr:805 - Attr not supported : Dmpu
2024-12-01 18:38:00,636 [ERROR] ConditionMgr:805 - Attr not supported : Dmpu
2024-12-01 18:38:00,636 [ERROR] ConditionMgr:805 - Attr not supported : Dmpu
2024-12-01 18:38:00,637 [ERROR] ConditionMgr:805 - Attr not supported : Dmpu
2024-12-01 18:38:00,637 [ERROR] ConditionMgr:805 - Attr not supported : Dmpu
2024-12-01 18:38:00,637 [ERROR] ConditionMgr:805 - Attr not supported : Dmpu
2024-12-01 18:38:00,637 [ERROR] ConditionMgr:805 - Attr not supported : Dmpu
2024-12-01 18:38:00,637 [ERROR] ConditionMgr:805 - Attr not supported : Dmpu
2024-12-01 18:38:00,638 [ERROR] ConditionMgr:805 - Attr not supported : Dmpu
2024-12-01 18:38:00,638 [ERROR] ConditionMgr:805 - Attr not supported : Dmpu
2024-12-01 18:38:00,638 [ERROR] ConditionMgr:805 - Attr not supported : Dmpu
2024-12-01 18:38:00,638 [ERROR] ConditionMgr:805 - Attr not supported : Dmpu
2024-12-01 18:38:00,645 [ERROR] ConditionMgr:805 - Attr not supported : Dmpu
2024-12-01 18:38:00,692 [ERROR] ConditionMgr:805 - Attr not supported : Dmpu
2024-12-01 18:38:00,693 [ERROR] ConditionMgr:805 - Attr not supported : Dmpu
2024-12-01 18:38:00,693 [ERROR] ConditionMgr:805 - Attr not supported : Dmpu
2024-12-01 18:38:00,694 [ERROR] ConditionMgr:805 - Attr not supported : Dmpu
2024-12-01 18:38:00,694 [ERROR] ConditionMgr:805 - Attr not supported : Dmpu
2024-12-01 18:38:00,694 [ERROR] ConditionMgr:805 - Attr not supported : Dmpu
2024-12-01 18:38:00,694 [ERROR] ConditionMgr:805 - Attr not supported : Dmpu
2024-12-01 18:38:00,694 [ERROR] ConditionMgr:805 - Attr not supported : Dmpu
2024-12-01 18:38:00,694 [ERROR] ConditionMgr:805 - Attr not supported : Dmpu
2024-12-01 18:38:00,695 [ERROR] ConditionMgr:805 - Attr not supported : Dmpu
2024-12-01 18:38:00,695 [ERROR] ConditionMgr:805 - Attr not supported : Dmpu
2024-12-01 18:38:00,695 [ERROR] ConditionMgr:805 - Attr not supported : Dmpu
2024-12-01 18:38:00,695 [ERROR] ConditionMgr:805 - Attr not supported : Dmpu
2024-12-01 18:38:00,695 [ERROR] ConditionMgr:805 - Attr not supported : Dmpu
2024-12-01 18:38:00,695 [ERROR] ConditionMgr:805 - Attr not supported : Dmpu
2024-12-01 18:38:00,695 [ERROR] ConditionMgr:805 - Attr not supported : Dmpu
2024-12-01 18:38:00,695 [ERROR] ConditionMgr:805 - Attr not supported : Dmpu
2024-12-01 18:38:00,695 [ERROR] ConditionMgr:805 - Attr not supported : Dmpu
2024-12-01 18:38:00,696 [ERROR] ConditionMgr:805 - Attr not supported : Dmpu
2024-12-01 18:38:00,696 [ERROR] ConditionMgr:805 - Attr not supported : Dmpu
2024-12-01 18:38:00,696 [ERROR] ConditionMgr:805 - Attr not supported : Dmpu
2024-12-01 18:38:00,696 [ERROR] ConditionMgr:805 - Attr not supported : Dmpu
2024-12-01 18:38:00,696 [ERROR] ConditionMgr:805 - Attr not supported : Dmpu
2024-12-01 18:38:00,696 [ERROR] ConditionMgr:805 - Attr not supported : Dmpu
2024-12-01 18:38:00,697 [ERROR] ConditionMgr:805 - Attr not supported : Dmpu
2024-12-01 18:38:00,698 [ERROR] ConditionMgr:805 - Attr not supported : Dmpu
2024-12-01 18:38:00,698 [ERROR] ConditionMgr:805 - Attr not supported : Dmpu
2024-12-01 18:38:00,698 [ERROR] ConditionMgr:805 - Attr not supported : Dmpu
2024-12-01 18:38:00,698 [ERROR] ConditionMgr:805 - Attr not supported : Dmpu
2024-12-01 18:38:00,698 [ERROR] ConditionMgr:805 - Attr not supported : Dmpu
2024-12-01 18:38:00,698 [ERROR] ConditionMgr:805 - Attr not supported : Dmpu
2024-12-01 18:38:00,698 [ERROR] ConditionMgr:805 - Attr not supported : Dmpu
2024-12-01 18:38:00,698 [ERROR] ConditionMgr:805 - Attr not supported : Dmpu
2024-12-01 18:38:00,699 [ERROR] ConditionMgr:805 - Attr not supported : Dmpu
2024-12-01 18:38:00,699 [ERROR] ConditionMgr:805 - Attr not supported : Dmpu
2024-12-01 18:38:00,699 [ERROR] ConditionMgr:805 - Attr not supported : Dmpu
2024-12-01 18:38:00,699 [ERROR] ConditionMgr:805 - Attr not supported : Dmpu
2024-12-01 18:38:00,699 [ERROR] ConditionMgr:805 - Attr not supported : Dmpu
2024-12-01 18:38:00,710 [ERROR] ConditionMgr:805 - Attr not supported : Dmpu
2024-12-01 18:38:00,710 [ERROR] ConditionMgr:805 - Attr not supported : Dmpu
2024-12-01 18:38:00,710 [ERROR] ConditionMgr:805 - Attr not supported : Dmpu
2024-12-01 18:38:00,710 [ERROR] ConditionMgr:805 - Attr not supported : Dmpu
2024-12-01 18:38:00,710 [ERROR] ConditionMgr:805 - Attr not supported : Dmpu
2024-12-01 18:38:00,710 [ERROR] ConditionMgr:805 - Attr not supported : Dmpu
2024-12-01 18:38:00,735 [WARN] PackLoader:240 - Cannot read IP mode file for RealThread.X-CUBE-RT-Thread_Nano.4.1.1
2024-12-01 18:38:00,758 [WARN] PackLoader:240 - Cannot read IP mode file for STMicroelectronics.FP-ATR-SIGFOX1.3.2.0
2024-12-01 18:38:00,805 [WARN] PackLoader:240 - Cannot read IP mode file for wolfSSL.I-CUBE-wolfSSL.5.7.2
2024-12-01 18:38:00,826 [WARN] ConditionMgr:438 - getConditionDescription Invalid condition id : Cortex-A Device cause : null
2024-12-01 18:38:00,873 [WARN] ConditionMgr:1039 - genDependencies : Invalid condition id : Cortex-A Device cause : null
2024-12-01 18:38:00,873 [WARN] ConditionMgr:1039 - genDependencies : Invalid condition id : Cortex-A Device cause : null
2024-12-01 18:38:00,873 [WARN] ConditionMgr:1039 - genDependencies : Invalid condition id : Cortex-A Device cause : null
2024-12-01 18:38:00,919 [WARN] PackLoader:240 - Cannot read IP mode file for STMicroelectronics.X-CUBE-EEPRMA1.5.1.0
2024-12-01 18:38:00,947 [WARN] PackLoader:240 - Cannot read IP mode file for ITTIA_DB.I-CUBE-ITTIADB.8.9.0
2024-12-01 18:38:01,015 [WARN] PackLoader:240 - Cannot read IP mode file for SEGGER.I-CUBE-embOS.1.3.1
2024-12-01 18:38:01,109 [WARN] PackLoader:240 - Cannot read IP mode file for STMicroelectronics.X-CUBE-ALGOBUILD.1.4.0
2024-12-01 18:38:01,130 [WARN] PackLoader:240 - Cannot read IP mode file for STMicroelectronics.X-CUBE-AI.9.1.0
2024-12-01 18:38:01,158 [WARN] PackLoader:240 - Cannot read IP mode file for STMicroelectronics.X-CUBE-GNSS1.6.0.0
2024-12-01 18:38:01,208 [WARN] PackLoader:240 - Cannot read IP mode file for STMicroelectronics.X-CUBE-AZRTOS-F4.1.1.0
2024-12-01 18:38:01,232 [WARN] PackLoader:240 - Cannot read IP mode file for STMicroelectronics.X-CUBE-ISPU.2.1.0
2024-12-01 18:38:01,259 [WARN] PackLoader:240 - Cannot read IP mode file for STMicroelectronics.X-CUBE-FREERTOS.1.2.0
2024-12-01 18:38:01,319 [WARN] PackLoader:240 - Cannot read IP mode file for STMicroelectronics.X-CUBE-AZRTOS-L5.2.0.0
2024-12-01 18:38:01,357 [WARN] PackLoader:240 - Cannot read IP mode file for STMicroelectronics.X-CUBE-NFC6.3.1.0
2024-12-01 18:38:01,381 [WARN] PackLoader:240 - Cannot read IP mode file for STMicroelectronics.X-CUBE-DPower.1.2.0
2024-12-01 18:38:01,402 [WARN] PackLoader:240 - Cannot read IP mode file for STMicroelectronics.X-CUBE-AI.9.0.0
2024-12-01 18:38:01,429 [WARN] PackLoader:240 - Cannot read IP mode file for STMicroelectronics.X-CUBE-NFC7.1.0.1
2024-12-01 18:38:01,481 [WARN] ConditionMgr:438 - getConditionDescription Invalid condition id : LAN8742 Phy interface Condition cause : null
2024-12-01 18:38:01,483 [WARN] PackLoader:240 - Cannot read IP mode file for STMicroelectronics.X-CUBE-AZRTOS-L4.2.0.0
2024-12-01 18:38:01,485 [WARN] ConditionMgr:1039 - genDependencies : Invalid condition id : LAN8742 Phy interface Condition cause : null
2024-12-01 18:38:01,485 [WARN] ConditionMgr:1039 - genDependencies : Invalid condition id : LAN8742 Phy interface Condition cause : null
2024-12-01 18:38:01,486 [WARN] ConditionMgr:1039 - genDependencies : Invalid condition id : LAN8742 Phy interface Condition cause : null
2024-12-01 18:38:01,515 [WARN] PackLoader:240 - Cannot read IP mode file for STMicroelectronics.X-CUBE-SFXS2LP1.4.0.0
2024-12-01 18:38:01,634 [WARN] PackLoader:240 - Cannot read IP mode file for STMicroelectronics.X-CUBE-AZRTOS-H7.3.3.0
2024-12-01 18:38:01,672 [WARN] PackLoader:240 - Cannot read IP mode file for STMicroelectronics.X-CUBE-IPS.3.0.0
2024-12-01 18:38:01,715 [WARN] ConditionMgr:438 - getConditionDescription Invalid condition id : UX DEVICE CLASS RTOS Condition cause : null
2024-12-01 18:38:01,715 [WARN] ConditionMgr:438 - getConditionDescription Invalid condition id : UX DEVICE CLASS RTOS Condition cause : null
2024-12-01 18:38:01,718 [WARN] PackLoader:240 - Cannot read IP mode file for STMicroelectronics.X-CUBE-AZRTOS-WB.2.0.0
2024-12-01 18:38:01,727 [WARN] ConditionMgr:1039 - genDependencies : Invalid condition id : UX DEVICE CLASS RTOS Condition cause : null
2024-12-01 18:38:01,728 [WARN] ConditionMgr:1039 - genDependencies : Invalid condition id : UX DEVICE CLASS RTOS Condition cause : null
2024-12-01 18:38:01,729 [WARN] ConditionMgr:1039 - genDependencies : Invalid condition id : UX DEVICE CLASS RTOS Condition cause : null
2024-12-01 18:38:01,729 [WARN] ConditionMgr:1039 - genDependencies : Invalid condition id : UX DEVICE CLASS RTOS Condition cause : null
2024-12-01 18:38:01,729 [WARN] ConditionMgr:1039 - genDependencies : Invalid condition id : UX DEVICE CLASS RTOS Condition cause : null
2024-12-01 18:38:01,755 [WARN] PackLoader:240 - Cannot read IP mode file for STMicroelectronics.X-CUBE-GNSS1.7.0.0
2024-12-01 18:38:01,783 [WARN] PackLoader:240 - Cannot read IP mode file for STMicroelectronics.FP-SNS-STBOX1.2.0.0
2024-12-01 18:38:01,814 [WARN] PackLoader:240 - Cannot read IP mode file for STMicroelectronics.X-CUBE-SUBG2.5.0.0
2024-12-01 18:38:01,839 [WARN] PackLoader:240 - Cannot read IP mode file for Cesanta.I-CUBE-Mongoose.7.13.0
2024-12-01 18:38:01,876 [WARN] PackLoader:240 - Cannot read IP mode file for STMicroelectronics.X-CUBE-AZRTOS-G4.2.0.0
2024-12-01 18:38:01,909 [WARN] PackLoader:240 - Cannot read IP mode file for STMicroelectronics.X-CUBE-ISPU.2.0.0
2024-12-01 18:38:01,961 [WARN] PackLoader:240 - Cannot read IP mode file for STMicroelectronics.X-CUBE-ALS.1.0.2
2024-12-01 18:38:01,982 [WARN] PackLoader:240 - Cannot read IP mode file for STMicroelectronics.X-CUBE-TOUCHGFX.4.24.0
2024-12-01 18:38:01,999 [WARN] PackLoader:240 - Cannot read IP mode file for STMicroelectronics.X-CUBE-TOUCHGFX.4.24.1
2024-12-01 18:38:02,018 [WARN] PackLoader:240 - Cannot read IP mode file for wolfSSL.I-CUBE-wolfTPM.3.4.0
2024-12-01 18:38:02,043 [WARN] PackLoader:240 - Cannot read IP mode file for portGmbH.I-Cube-SoM-uGOAL.1.1.0
2024-12-01 18:38:02,096 [WARN] PackLoader:240 - Cannot read IP mode file for STMicroelectronics.X-CUBE-AZRTOS-H7RS.1.0.0
2024-12-01 18:38:02,116 [WARN] PackLoader:240 - Cannot read IP mode file for STMicroelectronics.FP-ATR-ASTRA1.2.0.0
2024-12-01 18:38:02,212 [WARN] PackLoader:240 - Cannot read IP mode file for STMicroelectronics.X-CUBE-TOF1.3.4.2
2024-12-01 18:38:02,275 [WARN] PackLoader:240 - Cannot read IP mode file for Infineon.AIROC-Wi-Fi-Bluetooth-STM32.1.6.1
2024-12-01 18:38:02,299 [WARN] PackLoader:240 - Cannot read IP mode file for wolfSSL.I-CUBE-wolfSSH.1.4.17
2024-12-01 18:38:02,300 [INFO] ThirdParty:978 - Integrity check success = true
2024-12-01 18:38:02,300 [INFO] IntegrityCheckThread:100 - exiting critical section [integrity check]
2024-12-01 18:38:02,300 [INFO] IntegrityCheckThread:103 - End integrity checks thread
2024-12-01 18:38:04,418 [INFO] WebApp:167 - Instantiating new browser for Auth
2024-12-01 18:38:05,483 [INFO] WebApp:448 - Apply proxy settings
2024-12-01 18:38:05,483 [INFO] WebApp:533 - Chromium requires no authentication
2024-12-01 18:38:05,497 [INFO] WebApp:476 - Direct internet connection detected
2024-12-01 18:38:05,533 [INFO] WebApp:869 - Register for checkConnection events
2024-12-01 18:38:05,533 [INFO] WebApp:448 - Apply proxy settings
2024-12-01 18:38:05,533 [INFO] WebApp:533 - Chromium requires no authentication
2024-12-01 18:38:05,534 [INFO] WebApp:476 - Direct internet connection detected
2024-12-01 18:38:05,794 [INFO] WebApp:220 - Starting web application
2024-12-01 18:38:05,794 [INFO] WebApp:578 - Web application path used C:\ST\STM32CubeIDE_1.16.0\STM32CubeIDE\plugins\com.st.stm32cube.common.mx_6.12.0.202406281431\db\plugins\mcufinder\reactClient1\index.html
2024-12-01 18:38:06,080 [INFO] WebApp:186 - Connection restablished
