2024-11-11 19:01:33,409 [INFO] Activator:176 - 


2024-11-11 19:01:33,418 [INFO] Activator:177 - !SESSION log4j initialized
2024-11-11 19:01:41,404 [INFO] LogOutputStream:77 - [STDOUT_REDIRECT] 
2024-11-11 19:01:49,487 [INFO] ApplicationProperties:184 - Using Application install path: C:\ST\STM32CubeIDE_1.16.0\STM32CubeIDE\plugins\com.st.stm32cube.common.mx_6.12.0.202406281431
2024-11-11 19:01:49,507 [INFO] DbMcusXml:78 - Set database path to: C:\ST\STM32CubeIDE_1.16.0\STM32CubeIDE\plugins\com.st.stm32cube.common.mx_6.12.0.202406281431\\db\/mcu/
2024-11-11 19:01:49,507 [INFO] ApiDb:274 - Set plugin database path to: C:\ST\STM32CubeIDE_1.16.0\STM32CubeIDE\plugins\com.st.stm32cube.common.mx_6.12.0.202406281431\\db\/plugins/boardmanager/
2024-11-11 19:01:49,508 [WARN] ApiDb:259 - Overriding images path with different value:  => C:\ST\STM32CubeIDE_1.16.0\STM32CubeIDE\plugins\com.st.stm32cube.common.mx_6.12.0.202406281431\\db\/plugins/mcufinder/images/
2024-11-11 19:01:49,520 [INFO] ApiDb:250 - Set database path to: C:\Users\karim\.stmcufinder\plugins\mcufinder//mcu/
2024-11-11 19:01:49,521 [INFO] DbMcusAds:125 - Set database path to: C:\Users\karim\.stmcufinder\plugins\mcufinder//mcu/
2024-11-11 19:01:49,524 [INFO] CrossReferenceDbSqlite:203 - Set database path to: C:\Users\karim\.stmcufinder\plugins\mcufinder//mcu/cs/
2024-11-11 19:01:49,657 [INFO] RulesReader:64 - Compatibility file has been processed (297 Rules)
2024-11-11 19:01:49,756 [INFO] DbMcusXml:78 - Set database path to: C:\ST\STM32CubeIDE_1.16.0\STM32CubeIDE\plugins\com.st.stm32cube.common.mx_6.12.0.202406281431\\db\/mcu/
2024-11-11 19:01:49,756 [INFO] ApiDb:274 - Set plugin database path to: C:\ST\STM32CubeIDE_1.16.0\STM32CubeIDE\plugins\com.st.stm32cube.common.mx_6.12.0.202406281431\\db\/plugins/boardmanager/
2024-11-11 19:01:49,757 [INFO] ApiDb:261 - Set plugin images path to: C:\ST\STM32CubeIDE_1.16.0\STM32CubeIDE\plugins\com.st.stm32cube.common.mx_6.12.0.202406281431\\db\/plugins/mcufinder/images/
2024-11-11 19:01:49,757 [WARN] DbFile:41 - Overriding database path with different value: C:\Users\karim\.stmcufinder\plugins\mcufinder/ => C:\Users\karim\.stmcufinder\plugins\mcufinder
2024-11-11 19:01:49,757 [INFO] ApiDb:250 - Set database path to: C:\Users\karim\.stmcufinder\plugins\mcufinder//mcu/
2024-11-11 19:01:49,757 [WARN] DbFile:41 - Overriding database path with different value: C:\Users\karim\.stmcufinder\plugins\mcufinder/ => C:\Users\karim\.stmcufinder\plugins\mcufinder
2024-11-11 19:01:49,757 [INFO] DbMcusAds:125 - Set database path to: C:\Users\karim\.stmcufinder\plugins\mcufinder//mcu/
2024-11-11 19:01:49,757 [WARN] DbFile:41 - Overriding database path with different value: C:\Users\karim\.stmcufinder\plugins\mcufinder/ => C:\Users\karim\.stmcufinder\plugins\mcufinder
2024-11-11 19:01:49,757 [WARN] DbFile:41 - Overriding database path with different value: C:\Users\karim\.stmcufinder\plugins\mcufinder/ => C:\Users\karim\.stmcufinder\plugins\mcufinder
2024-11-11 19:01:49,757 [INFO] CrossReferenceDbSqlite:203 - Set database path to: C:\Users\karim\.stmcufinder\plugins\mcufinder//mcu/cs/
2024-11-11 19:01:49,867 [INFO] MainPanel:268 - HeapMemory: 268435456
2024-11-11 19:01:50,020 [INFO] DbMcusXml:78 - Set database path to: C:\ST\STM32CubeIDE_1.16.0\STM32CubeIDE\plugins\com.st.stm32cube.common.mx_6.12.0.202406281431\\db\/mcu/
2024-11-11 19:01:50,020 [INFO] ApiDb:274 - Set plugin database path to: C:\ST\STM32CubeIDE_1.16.0\STM32CubeIDE\plugins\com.st.stm32cube.common.mx_6.12.0.202406281431\\db\/plugins/boardmanager/
2024-11-11 19:01:50,020 [INFO] ApiDb:261 - Set plugin images path to: C:\ST\STM32CubeIDE_1.16.0\STM32CubeIDE\plugins\com.st.stm32cube.common.mx_6.12.0.202406281431\\db\/plugins/mcufinder/images/
2024-11-11 19:01:50,020 [WARN] DbFile:41 - Overriding database path with different value: C:\Users\karim\.stmcufinder\plugins\mcufinder/ => C:\Users\karim\.stmcufinder\plugins\mcufinder
2024-11-11 19:01:50,020 [INFO] ApiDb:250 - Set database path to: C:\Users\karim\.stmcufinder\plugins\mcufinder//mcu/
2024-11-11 19:01:50,020 [WARN] DbFile:41 - Overriding database path with different value: C:\Users\karim\.stmcufinder\plugins\mcufinder/ => C:\Users\karim\.stmcufinder\plugins\mcufinder
2024-11-11 19:01:50,020 [INFO] DbMcusAds:125 - Set database path to: C:\Users\karim\.stmcufinder\plugins\mcufinder//mcu/
2024-11-11 19:01:50,021 [WARN] DbFile:41 - Overriding database path with different value: C:\Users\karim\.stmcufinder\plugins\mcufinder/ => C:\Users\karim\.stmcufinder\plugins\mcufinder
2024-11-11 19:01:50,021 [WARN] DbFile:41 - Overriding database path with different value: C:\Users\karim\.stmcufinder\plugins\mcufinder/ => C:\Users\karim\.stmcufinder\plugins\mcufinder
2024-11-11 19:01:50,021 [INFO] CrossReferenceDbSqlite:203 - Set database path to: C:\Users\karim\.stmcufinder\plugins\mcufinder//mcu/cs/
2024-11-11 19:01:50,045 [INFO] ApplicationProperties:184 - Using Application install path: C:\ST\STM32CubeIDE_1.16.0\STM32CubeIDE\plugins\com.st.stm32cube.common.mx_6.12.0.202406281431
2024-11-11 19:01:50,047 [INFO] PluginManage:196 - Search for loadable plugins [exclusion list=, ]
2024-11-11 19:01:50,049 [INFO] PluginManage:310 - Check plugin analytics
2024-11-11 19:01:55,286 [INFO] AnalyticsPlugin:253 - Accepted Software Licenses: 
2024-11-11 19:01:55,286 [INFO] AnalyticsPlugin:255 - Accepted CMSIS Pack Licenses: 
2024-11-11 19:01:55,287 [INFO] AnalyticsPlugin:257 - Accepted Firmware Licenses: FW.L4.1.18.0
2024-11-11 19:01:55,290 [INFO] PluginManage:359 - Loaded plugin analytics (category:tool,tabindex:-1)
2024-11-11 19:01:55,291 [INFO] PluginManage:310 - Check plugin cadmodel
2024-11-11 19:01:55,309 [INFO] CADModel:105 - Init CAD model plugin
2024-11-11 19:01:55,309 [INFO] PluginManage:359 - Loaded plugin cadmodel (category:power,tabindex:5)
2024-11-11 19:01:55,309 [INFO] PluginManage:310 - Check plugin clock
2024-11-11 19:01:55,328 [INFO] PluginManage:359 - Loaded plugin clock (category:base,tabindex:2)
2024-11-11 19:01:55,329 [INFO] PluginManage:310 - Check plugin ddr
2024-11-11 19:01:55,331 [INFO] PluginManage:359 - Loaded plugin ddr (category:tool,tabindex:6)
2024-11-11 19:01:55,331 [INFO] PluginManage:310 - Check plugin filemanager
2024-11-11 19:01:55,500 [INFO] PluginManage:359 - Loaded plugin filemanager (category:base,tabindex:10)
2024-11-11 19:01:55,500 [INFO] PluginManage:310 - Check plugin ipmanager
2024-11-11 19:01:55,509 [INFO] PluginManage:359 - Loaded plugin ipmanager (category:base,tabindex:5)
2024-11-11 19:01:55,510 [INFO] PluginManage:310 - Check plugin lpbam
2024-11-11 19:01:55,530 [INFO] PluginManage:359 - Loaded plugin lpbam (category:base,tabindex:0)
2024-11-11 19:01:55,530 [INFO] PluginManage:310 - Check plugin memorymap
2024-11-11 19:01:55,557 [INFO] PluginManage:359 - Loaded plugin memorymap (category:base,tabindex:4)
2024-11-11 19:01:55,557 [INFO] PluginManage:310 - Check plugin pinoutandconfiguration
2024-11-11 19:01:55,576 [INFO] PluginManage:359 - Loaded plugin pinoutandconfiguration (category:base,tabindex:1)
2024-11-11 19:01:55,576 [INFO] PluginManage:310 - Check plugin pinoutconfig
2024-11-11 19:01:55,700 [WARN] SupportedApi:132 - Cannot load RTOS API schema: s4s-elt-must-match.1: The content of 'definitions' must match (annotation?, (simpleType | complexType)?, (unique | key | keyref)*)). A problem was found starting at: attribute.
2024-11-11 19:01:55,919 [INFO] PluginManage:359 - Loaded plugin pinoutconfig (category:base,tabindex:0)
2024-11-11 19:01:55,919 [INFO] PluginManage:310 - Check plugin power
2024-11-11 19:01:55,948 [INFO] PluginManage:359 - Loaded plugin power (category:power,tabindex:4)
2024-11-11 19:01:55,948 [INFO] PluginManage:310 - Check plugin projectmanager
2024-11-11 19:01:55,968 [INFO] PluginManage:359 - Loaded plugin projectmanager (category:projectmanager,tabindex:4)
2024-11-11 19:01:55,968 [INFO] PluginManage:310 - Check plugin rif
2024-11-11 19:01:55,985 [INFO] PluginManage:359 - Loaded plugin rif (category:base,tabindex:3)
2024-11-11 19:01:55,985 [INFO] PluginManage:310 - Check plugin thirdparty
2024-11-11 19:01:56,312 [INFO] PluginManage:359 - Loaded plugin thirdparty (category:base,tabindex:-1)
2024-11-11 19:01:56,312 [INFO] PluginManage:310 - Check plugin tools
2024-11-11 19:01:56,312 [WARN] IntegrityCheckThread:84 - waiting for thirdparty lock release [integrity check]
2024-11-11 19:01:56,313 [INFO] IntegrityCheckThread:86 - entering critical section [integrity check]
2024-11-11 19:01:56,315 [INFO] ThirdPartyUpdaterWithRetryManager:70 - Updater plugin not ready yet. [1/15]
2024-11-11 19:01:56,365 [INFO] PluginManage:359 - Loaded plugin tools (category:base,tabindex:7)
2024-11-11 19:01:56,365 [INFO] PluginManage:310 - Check plugin tutovideos
2024-11-11 19:01:56,604 [INFO] PluginManage:359 - Loaded plugin tutovideos (category:base,tabindex:-1)
2024-11-11 19:01:56,604 [INFO] PluginManage:310 - Check plugin updater
2024-11-11 19:01:56,623 [INFO] PluginManage:359 - Loaded plugin updater (category:base,tabindex:12)
2024-11-11 19:01:56,623 [INFO] PluginManage:310 - Check plugin userauth
2024-11-11 19:01:56,630 [INFO] UserAuth:113 - Init User Auth plugin
2024-11-11 19:01:56,630 [INFO] PluginManage:359 - Loaded plugin userauth (category:base,tabindex:14)
2024-11-11 19:01:56,630 [INFO] PluginManage:283 - PluginManage : Loaded plugins [18]
2024-11-11 19:01:56,878 [INFO] PinOutPanel:1561 - setPackage(No Configuration,No Configuration)
2024-11-11 19:01:56,986 [INFO] CADModel:165 - CPN selected for project level
2024-11-11 19:01:56,986 [INFO] CADModel:114 - Register for checkConnection events
2024-11-11 19:01:57,022 [INFO] IPUIPlugin:80 - create IPUIPlugin
2024-11-11 19:01:57,023 [INFO] PluginManager:220 - loadIPPluginJar : add adc
2024-11-11 19:01:57,058 [INFO] IPUIPlugin:80 - create IPUIPlugin
2024-11-11 19:01:57,059 [INFO] PluginManager:220 - loadIPPluginJar : add aes
2024-11-11 19:01:57,098 [INFO] IPUIPlugin:80 - create IPUIPlugin
2024-11-11 19:01:57,098 [INFO] PluginManager:220 - loadIPPluginJar : add can
2024-11-11 19:01:57,122 [INFO] IPUIPlugin:80 - create IPUIPlugin
2024-11-11 19:01:57,122 [INFO] PluginManager:220 - loadIPPluginJar : add comp
2024-11-11 19:01:57,157 [INFO] IPUIPlugin:80 - create IPUIPlugin
2024-11-11 19:01:57,157 [INFO] PluginManager:220 - loadIPPluginJar : add cryp
2024-11-11 19:01:57,170 [INFO] IPUIPlugin:80 - create IPUIPlugin
2024-11-11 19:01:57,170 [INFO] PluginManager:220 - loadIPPluginJar : add ddr_ctrl_phy
2024-11-11 19:01:57,198 [INFO] IPUIPlugin:80 - create IPUIPlugin
2024-11-11 19:01:57,199 [INFO] PluginManager:220 - loadIPPluginJar : add dfsdm
2024-11-11 19:01:57,213 [INFO] IPUIPlugin:80 - create IPUIPlugin
2024-11-11 19:01:57,213 [INFO] PluginManager:220 - loadIPPluginJar : add dma
2024-11-11 19:01:57,257 [INFO] IPUIPlugin:80 - create IPUIPlugin
2024-11-11 19:01:57,257 [INFO] PluginManager:220 - loadIPPluginJar : add dma3
2024-11-11 19:01:57,306 [INFO] IPUIPlugin:80 - create IPUIPlugin
2024-11-11 19:01:57,306 [INFO] PluginManager:220 - loadIPPluginJar : add extmemmanager
2024-11-11 19:01:57,328 [INFO] IPUIPlugin:80 - create IPUIPlugin
2024-11-11 19:01:57,328 [INFO] PluginManager:220 - loadIPPluginJar : add fatfs
2024-11-11 19:01:57,376 [INFO] IPUIPlugin:80 - create IPUIPlugin
2024-11-11 19:01:57,376 [INFO] PluginManager:220 - loadIPPluginJar : add fmc
2024-11-11 19:01:57,391 [INFO] IPUIPlugin:80 - create IPUIPlugin
2024-11-11 19:01:57,391 [INFO] PluginManager:220 - loadIPPluginJar : add freertos
2024-11-11 19:01:57,414 [INFO] IPUIPlugin:80 - create IPUIPlugin
2024-11-11 19:01:57,414 [INFO] PluginManager:220 - loadIPPluginJar : add genericplugin
2024-11-11 19:01:57,505 [INFO] IPUIPlugin:80 - create IPUIPlugin
2024-11-11 19:01:57,505 [INFO] PluginManager:220 - loadIPPluginJar : add gfxmmu
2024-11-11 19:01:57,635 [INFO] IPUIPlugin:80 - create IPUIPlugin
2024-11-11 19:01:57,635 [INFO] PluginManager:220 - loadIPPluginJar : add gic
2024-11-11 19:01:57,648 [INFO] IPUIPlugin:80 - create IPUIPlugin
2024-11-11 19:01:57,648 [INFO] PluginManager:220 - loadIPPluginJar : add gpio
2024-11-11 19:01:57,739 [INFO] IPUIPlugin:80 - create IPUIPlugin
2024-11-11 19:01:57,739 [INFO] PluginManager:220 - loadIPPluginJar : add gtzc
2024-11-11 19:01:57,770 [INFO] IPUIPlugin:80 - create IPUIPlugin
2024-11-11 19:01:57,770 [INFO] PluginManager:220 - loadIPPluginJar : add hash
2024-11-11 19:01:57,824 [INFO] IPUIPlugin:80 - create IPUIPlugin
2024-11-11 19:01:57,824 [INFO] PluginManager:220 - loadIPPluginJar : add i2c
2024-11-11 19:01:57,863 [INFO] IPUIPlugin:80 - create IPUIPlugin
2024-11-11 19:01:57,863 [INFO] PluginManager:220 - loadIPPluginJar : add i2s
2024-11-11 19:01:57,904 [INFO] IPUIPlugin:80 - create IPUIPlugin
2024-11-11 19:01:57,904 [INFO] PluginManager:220 - loadIPPluginJar : add i3c
2024-11-11 19:01:58,008 [INFO] IPUIPlugin:80 - create IPUIPlugin
2024-11-11 19:01:58,008 [INFO] PluginManager:220 - loadIPPluginJar : add ipddr
2024-11-11 19:01:58,104 [INFO] IPUIPlugin:80 - create IPUIPlugin
2024-11-11 19:01:58,105 [INFO] PluginManager:220 - loadIPPluginJar : add linkedlist
2024-11-11 19:01:58,140 [INFO] IPUIPlugin:80 - create IPUIPlugin
2024-11-11 19:01:58,140 [INFO] PluginManager:220 - loadIPPluginJar : add lorawan
2024-11-11 19:01:58,176 [INFO] IPUIPlugin:80 - create IPUIPlugin
2024-11-11 19:01:58,176 [INFO] PluginManager:220 - loadIPPluginJar : add ltdc
2024-11-11 19:01:58,190 [INFO] IPUIPlugin:80 - create IPUIPlugin
2024-11-11 19:01:58,190 [INFO] PluginManager:220 - loadIPPluginJar : add mdma
2024-11-11 19:01:58,206 [INFO] IPUIPlugin:80 - create IPUIPlugin
2024-11-11 19:01:58,207 [INFO] PluginManager:220 - loadIPPluginJar : add nvic
2024-11-11 19:01:58,243 [INFO] IPUIPlugin:80 - create IPUIPlugin
2024-11-11 19:01:58,243 [INFO] PluginManager:220 - loadIPPluginJar : add opamp
2024-11-11 19:01:58,302 [INFO] IPUIPlugin:80 - create IPUIPlugin
2024-11-11 19:01:58,303 [INFO] PluginManager:220 - loadIPPluginJar : add openamp
2024-11-11 19:01:58,346 [INFO] IPUIPlugin:80 - create IPUIPlugin
2024-11-11 19:01:58,346 [INFO] PluginManager:220 - loadIPPluginJar : add pdm2pcm
2024-11-11 19:01:58,362 [INFO] IPUIPlugin:80 - create IPUIPlugin
2024-11-11 19:01:58,364 [INFO] PluginManager:220 - loadIPPluginJar : add plateformsettings
2024-11-11 19:01:58,386 [INFO] IPUIPlugin:80 - create IPUIPlugin
2024-11-11 19:01:58,386 [INFO] PluginManager:220 - loadIPPluginJar : add quadspi
2024-11-11 19:01:58,412 [INFO] IPUIPlugin:80 - create IPUIPlugin
2024-11-11 19:01:58,413 [INFO] PluginManager:220 - loadIPPluginJar : add radio
2024-11-11 19:01:58,427 [INFO] IPUIPlugin:80 - create IPUIPlugin
2024-11-11 19:01:58,427 [INFO] PluginManager:220 - loadIPPluginJar : add resmgrutility
2024-11-11 19:01:58,478 [INFO] IPUIPlugin:80 - create IPUIPlugin
2024-11-11 19:01:58,478 [INFO] PluginManager:220 - loadIPPluginJar : add sai
2024-11-11 19:01:58,515 [INFO] IPUIPlugin:80 - create IPUIPlugin
2024-11-11 19:01:58,516 [INFO] PluginManager:220 - loadIPPluginJar : add spi
2024-11-11 19:01:58,585 [INFO] IPUIPlugin:80 - create IPUIPlugin
2024-11-11 19:01:58,585 [INFO] PluginManager:220 - loadIPPluginJar : add stm32_wpan
2024-11-11 19:01:58,607 [INFO] IPUIPlugin:80 - create IPUIPlugin
2024-11-11 19:01:58,607 [INFO] PluginManager:220 - loadIPPluginJar : add tim
2024-11-11 19:01:58,666 [INFO] IPUIPlugin:80 - create IPUIPlugin
2024-11-11 19:01:58,666 [INFO] PluginManager:220 - loadIPPluginJar : add touchsensing
2024-11-11 19:01:58,688 [INFO] IPUIPlugin:80 - create IPUIPlugin
2024-11-11 19:01:58,688 [INFO] PluginManager:220 - loadIPPluginJar : add tracer_emb
2024-11-11 19:01:58,712 [INFO] IPUIPlugin:80 - create IPUIPlugin
2024-11-11 19:01:58,712 [INFO] PluginManager:220 - loadIPPluginJar : add ts
2024-11-11 19:01:58,734 [INFO] IPUIPlugin:80 - create IPUIPlugin
2024-11-11 19:01:58,734 [INFO] PluginManager:220 - loadIPPluginJar : add tsc
2024-11-11 19:01:58,755 [INFO] IPUIPlugin:80 - create IPUIPlugin
2024-11-11 19:01:58,755 [INFO] PluginManager:220 - loadIPPluginJar : add ucpd
2024-11-11 19:01:58,800 [INFO] IPUIPlugin:80 - create IPUIPlugin
2024-11-11 19:01:58,800 [INFO] PluginManager:220 - loadIPPluginJar : add usart
2024-11-11 19:01:58,842 [INFO] IPUIPlugin:80 - create IPUIPlugin
2024-11-11 19:01:58,842 [INFO] PluginManager:220 - loadIPPluginJar : add usbx
2024-11-11 19:01:58,972 [INFO] CADModel:165 - CPN selected for project level
2024-11-11 19:01:58,972 [INFO] CADModel:114 - Register for checkConnection events
2024-11-11 19:01:58,973 [FATAL] Updater:334 - Updater called before beeing initialized
2024-11-11 19:01:58,973 [ERROR] CADModel:125 - Updater not yet initialized, retry later 
2024-11-11 19:01:59,112 [INFO] CADModel:165 - CPN selected for project level
2024-11-11 19:01:59,112 [INFO] CADModel:114 - Register for checkConnection events
2024-11-11 19:01:59,112 [FATAL] Updater:334 - Updater called before beeing initialized
2024-11-11 19:01:59,112 [ERROR] CADModel:125 - Updater not yet initialized, retry later 
2024-11-11 19:01:59,115 [FATAL] Updater:334 - Updater called before beeing initialized
2024-11-11 19:01:59,275 [FATAL] Updater:334 - Updater called before beeing initialized
2024-11-11 19:01:59,286 [INFO] DbMcusAds:53 - JSON generation date=Fri Sep 20 15:04:38 CEST 2024 (1726837478367)
2024-11-11 19:01:59,286 [FATAL] Updater:334 - Updater called before beeing initialized
2024-11-11 19:01:59,316 [INFO] ThirdPartyUpdaterWithRetryManager:70 - Updater plugin not ready yet. [2/15]
2024-11-11 19:01:59,327 [WARN] DetailPanel:346 - Failed to get advertising image, set to default
2024-11-11 19:01:59,413 [FATAL] Updater:334 - Updater called before beeing initialized
2024-11-11 19:01:59,415 [FATAL] Updater:334 - Updater called before beeing initialized
2024-11-11 19:01:59,416 [FATAL] Updater:334 - Updater called before beeing initialized
2024-11-11 19:01:59,416 [WARN] DetailPanel:346 - Failed to get advertising image, set to default
2024-11-11 19:01:59,417 [FATAL] Updater:334 - Updater called before beeing initialized
2024-11-11 19:01:59,499 [ERROR] Updater:1164 - MainUpdater not yet initialized. External WinMGr cannot be set.
2024-11-11 19:01:59,514 [INFO] Updater:1100 - Updater Version found : 6.12.0
2024-11-11 19:01:59,534 [INFO] ApplicationProperties:184 - Using Application install path: C:\ST\STM32CubeIDE_1.16.0\STM32CubeIDE\plugins\com.st.stm32cube.common.mx_6.12.0.202406281431
2024-11-11 19:02:01,124 [ERROR] LogOutputStream:75 - [STDERR_REDIRECT] Nov 11, 2024 7:02:01 PM java.util.prefs.WindowsPreferences <init>
2024-11-11 19:02:01,128 [ERROR] LogOutputStream:75 - [STDERR_REDIRECT] WARNING: Could not open/create prefs root node Software\JavaSoft\Prefs at root 0xffffffff80000002. Windows RegCreateKeyEx(...) returned error code 5.
2024-11-11 19:02:01,129 [ERROR] LogOutputStream:75 - [STDERR_REDIRECT] 
2024-11-11 19:02:01,592 [INFO] MainUpdater:2873 - connection check result : 10
2024-11-11 19:02:01,593 [INFO] MainUpdater:290 - Updater Check For Update Now.
2024-11-11 19:02:01,593 [INFO] MicroXplorer:498 - Change Database Version : DB.6.0.120
2024-11-11 19:02:01,615 [INFO] McuFinderGlobals:63 - Set McuFinder mode to 2 (CubeIDE integrated)
2024-11-11 19:02:01,616 [INFO] UserAuth:179 - activating auth plugin
2024-11-11 19:02:01,619 [INFO] UserAuth:417 - Internet connection configuration mode: 1
2024-11-11 19:02:01,660 [INFO] JxBrowserEngine:152 - Initiate JxBrowser Engine with user profile folder
2024-11-11 19:02:01,973 [INFO] CheckServerUpdateThread:120 - End of CheckServer Thread
2024-11-11 19:02:02,583 [WARN] PackLoader:240 - Cannot read IP mode file for STMicroelectronics.FP-SNS-MOTENVWB1.1.4.0
2024-11-11 19:02:02,612 [WARN] PackLoader:240 - Cannot read IP mode file for STMicroelectronics.X-CUBE-SMBUS.2.1.0
2024-11-11 19:02:02,640 [WARN] PackLoader:240 - Cannot read IP mode file for STMicroelectronics.X-CUBE-WB05N.1.1.0
2024-11-11 19:02:02,729 [WARN] PackLoader:240 - Cannot read IP mode file for STMicroelectronics.X-CUBE-AZRTOS-F7.1.1.0
2024-11-11 19:02:02,923 [WARN] PackLoader:240 - Cannot read IP mode file for STMicroelectronics.X-CUBE-MEMS1.11.0.0
2024-11-11 19:02:03,206 [WARN] PackLoader:240 - Cannot read IP mode file for STMicroelectronics.FP-SNS-FLIGHT1.5.0.2
2024-11-11 19:02:03,232 [WARN] PackLoader:240 - Cannot read IP mode file for STMicroelectronics.X-CUBE-DISPLAY.3.0.0
2024-11-11 19:02:03,256 [WARN] PackLoader:240 - Cannot read IP mode file for STMicroelectronics.X-CUBE-BLE1.7.0.0
2024-11-11 19:02:03,283 [WARN] PackLoader:240 - Cannot read IP mode file for STMicroelectronics.X-CUBE-NFC10.1.0.0
2024-11-11 19:02:03,307 [WARN] PackLoader:240 - Cannot read IP mode file for emotas.I-CUBE-CANOPEN.1.3.0
2024-11-11 19:02:03,334 [WARN] PackLoader:240 - Cannot read IP mode file for STMicroelectronics.X-CUBE-BLEMGR.3.1.0
2024-11-11 19:02:03,356 [WARN] PackLoader:240 - Cannot read IP mode file for STMicroelectronics.FP-SNS-SMARTAG2.1.2.0
2024-11-11 19:02:03,386 [INFO] LogOutputStream:77 - [STDOUT_REDIRECT] 1 : Invalid condition id : UX_CORESTACK_Condition cause : null
2024-11-11 19:02:03,387 [INFO] LogOutputStream:77 - [STDOUT_REDIRECT] 1 : Invalid condition id : UX_CORESTACK_Condition cause : null
2024-11-11 19:02:03,388 [INFO] LogOutputStream:77 - [STDOUT_REDIRECT] 1 : Invalid condition id : UX_CORESTACK_Condition cause : null
2024-11-11 19:02:03,390 [INFO] LogOutputStream:77 - [STDOUT_REDIRECT] 1 : Invalid condition id : UX_CORESTACK_Condition cause : null
2024-11-11 19:02:03,392 [INFO] LogOutputStream:77 - [STDOUT_REDIRECT] 1 : Invalid condition id : UX_CORESTACK_Condition cause : null
2024-11-11 19:02:03,397 [WARN] PackLoader:240 - Cannot read IP mode file for STMicroelectronics.X-CUBE-AZRTOS-WL.2.0.0
2024-11-11 19:02:03,419 [WARN] PackLoader:240 - Cannot read IP mode file for STMicroelectronics.FP-SNS-MOTENV1.5.0.0
2024-11-11 19:02:03,441 [WARN] PackLoader:240 - Cannot read IP mode file for wolfSSL.I-CUBE-wolfMQTT.1.19.0
2024-11-11 19:02:03,466 [WARN] PackLoader:240 - Cannot read IP mode file for WES.I-CUBE-Cesium.1.3.0
2024-11-11 19:02:03,490 [WARN] PackLoader:240 - Cannot read IP mode file for STMicroelectronics.X-CUBE-BLE2.3.3.0
2024-11-11 19:02:03,515 [WARN] PackLoader:240 - Cannot read IP mode file for STMicroelectronics.X-CUBE-NFC9.1.0.0
2024-11-11 19:02:03,535 [WARN] PackLoader:240 - Cannot read IP mode file for STMicroelectronics.X-CUBE-TCPP.4.1.0
2024-11-11 19:02:03,588 [WARN] PackLoader:240 - Cannot read IP mode file for STMicroelectronics.X-CUBE-AZRTOS-G0.1.1.0
2024-11-11 19:02:03,620 [WARN] PackLoader:240 - Cannot read IP mode file for STMicroelectronics.X-CUBE-SAFEA1.1.2.2
2024-11-11 19:02:03,644 [WARN] PackLoader:240 - Cannot read IP mode file for STMicroelectronics.X-CUBE-NFC4.3.0.0
2024-11-11 19:02:03,673 [WARN] PackLoader:240 - Cannot read IP mode file for EmbeddedOffice.I-CUBE-FS-RTOS.1.0.1
2024-11-11 19:02:03,674 [ERROR] ConditionMgr:805 - Attr not supported : Dmpu
2024-11-11 19:02:03,674 [ERROR] ConditionMgr:805 - Attr not supported : Dmpu
2024-11-11 19:02:03,674 [ERROR] ConditionMgr:805 - Attr not supported : Dmpu
2024-11-11 19:02:03,674 [ERROR] ConditionMgr:805 - Attr not supported : Dmpu
2024-11-11 19:02:03,674 [ERROR] ConditionMgr:805 - Attr not supported : Dmpu
2024-11-11 19:02:03,674 [ERROR] ConditionMgr:805 - Attr not supported : Dmpu
2024-11-11 19:02:03,674 [ERROR] ConditionMgr:805 - Attr not supported : Dmpu
2024-11-11 19:02:03,674 [ERROR] ConditionMgr:805 - Attr not supported : Dmpu
2024-11-11 19:02:03,674 [ERROR] ConditionMgr:805 - Attr not supported : Dmpu
2024-11-11 19:02:03,675 [ERROR] ConditionMgr:805 - Attr not supported : Dmpu
2024-11-11 19:02:03,676 [ERROR] ConditionMgr:805 - Attr not supported : Dmpu
2024-11-11 19:02:03,676 [ERROR] ConditionMgr:805 - Attr not supported : Dmpu
2024-11-11 19:02:03,676 [ERROR] ConditionMgr:805 - Attr not supported : Dmpu
2024-11-11 19:02:03,676 [ERROR] ConditionMgr:805 - Attr not supported : Dmpu
2024-11-11 19:02:03,676 [ERROR] ConditionMgr:805 - Attr not supported : Dmpu
2024-11-11 19:02:03,676 [ERROR] ConditionMgr:805 - Attr not supported : Dmpu
2024-11-11 19:02:03,676 [ERROR] ConditionMgr:805 - Attr not supported : Dmpu
2024-11-11 19:02:03,676 [ERROR] ConditionMgr:805 - Attr not supported : Dmpu
2024-11-11 19:02:03,677 [ERROR] ConditionMgr:805 - Attr not supported : Dmpu
2024-11-11 19:02:03,678 [ERROR] ConditionMgr:805 - Attr not supported : Dmpu
2024-11-11 19:02:03,678 [ERROR] ConditionMgr:805 - Attr not supported : Dmpu
2024-11-11 19:02:03,678 [ERROR] ConditionMgr:805 - Attr not supported : Dmpu
2024-11-11 19:02:03,679 [ERROR] ConditionMgr:805 - Attr not supported : Dmpu
2024-11-11 19:02:03,679 [ERROR] ConditionMgr:805 - Attr not supported : Dmpu
2024-11-11 19:02:03,679 [ERROR] ConditionMgr:805 - Attr not supported : Dmpu
2024-11-11 19:02:03,679 [ERROR] ConditionMgr:805 - Attr not supported : Dmpu
2024-11-11 19:02:03,679 [ERROR] ConditionMgr:805 - Attr not supported : Dmpu
2024-11-11 19:02:03,679 [ERROR] ConditionMgr:805 - Attr not supported : Dmpu
2024-11-11 19:02:03,679 [ERROR] ConditionMgr:805 - Attr not supported : Dmpu
2024-11-11 19:02:03,680 [ERROR] ConditionMgr:805 - Attr not supported : Dmpu
2024-11-11 19:02:03,682 [ERROR] ConditionMgr:805 - Attr not supported : Dmpu
2024-11-11 19:02:03,682 [ERROR] ConditionMgr:805 - Attr not supported : Dmpu
2024-11-11 19:02:03,682 [ERROR] ConditionMgr:805 - Attr not supported : Dmpu
2024-11-11 19:02:03,683 [ERROR] ConditionMgr:805 - Attr not supported : Dmpu
2024-11-11 19:02:03,683 [ERROR] ConditionMgr:805 - Attr not supported : Dmpu
2024-11-11 19:02:03,683 [ERROR] ConditionMgr:805 - Attr not supported : Dmpu
2024-11-11 19:02:03,684 [ERROR] ConditionMgr:805 - Attr not supported : Dmpu
2024-11-11 19:02:03,685 [ERROR] ConditionMgr:805 - Attr not supported : Dmpu
2024-11-11 19:02:03,685 [ERROR] ConditionMgr:805 - Attr not supported : Dmpu
2024-11-11 19:02:03,685 [ERROR] ConditionMgr:805 - Attr not supported : Dmpu
2024-11-11 19:02:03,685 [ERROR] ConditionMgr:805 - Attr not supported : Dmpu
2024-11-11 19:02:03,685 [ERROR] ConditionMgr:805 - Attr not supported : Dmpu
2024-11-11 19:02:03,685 [ERROR] ConditionMgr:805 - Attr not supported : Dmpu
2024-11-11 19:02:03,686 [ERROR] ConditionMgr:805 - Attr not supported : Dmpu
2024-11-11 19:02:03,686 [ERROR] ConditionMgr:805 - Attr not supported : Dmpu
2024-11-11 19:02:03,686 [ERROR] ConditionMgr:805 - Attr not supported : Dmpu
2024-11-11 19:02:03,686 [ERROR] ConditionMgr:805 - Attr not supported : Dmpu
2024-11-11 19:02:03,686 [ERROR] ConditionMgr:805 - Attr not supported : Dmpu
2024-11-11 19:02:03,686 [ERROR] ConditionMgr:805 - Attr not supported : Dmpu
2024-11-11 19:02:03,686 [ERROR] ConditionMgr:805 - Attr not supported : Dmpu
2024-11-11 19:02:03,686 [ERROR] ConditionMgr:805 - Attr not supported : Dmpu
2024-11-11 19:02:03,686 [ERROR] ConditionMgr:805 - Attr not supported : Dmpu
2024-11-11 19:02:03,686 [ERROR] ConditionMgr:805 - Attr not supported : Dmpu
2024-11-11 19:02:03,686 [ERROR] ConditionMgr:805 - Attr not supported : Dmpu
2024-11-11 19:02:03,687 [ERROR] ConditionMgr:805 - Attr not supported : Dmpu
2024-11-11 19:02:03,687 [ERROR] ConditionMgr:805 - Attr not supported : Dmpu
2024-11-11 19:02:03,687 [ERROR] ConditionMgr:805 - Attr not supported : Dmpu
2024-11-11 19:02:03,687 [ERROR] ConditionMgr:805 - Attr not supported : Dmpu
2024-11-11 19:02:03,687 [ERROR] ConditionMgr:805 - Attr not supported : Dmpu
2024-11-11 19:02:03,687 [ERROR] ConditionMgr:805 - Attr not supported : Dmpu
2024-11-11 19:02:03,687 [ERROR] ConditionMgr:805 - Attr not supported : Dmpu
2024-11-11 19:02:03,687 [ERROR] ConditionMgr:805 - Attr not supported : Dmpu
2024-11-11 19:02:03,687 [ERROR] ConditionMgr:805 - Attr not supported : Dmpu
2024-11-11 19:02:03,687 [ERROR] ConditionMgr:805 - Attr not supported : Dmpu
2024-11-11 19:02:03,710 [WARN] PackLoader:240 - Cannot read IP mode file for RealThread.X-CUBE-RT-Thread_Nano.4.1.1
2024-11-11 19:02:03,727 [WARN] PackLoader:240 - Cannot read IP mode file for STMicroelectronics.FP-ATR-SIGFOX1.3.2.0
2024-11-11 19:02:03,745 [WARN] PackLoader:240 - Cannot read IP mode file for wolfSSL.I-CUBE-wolfSSL.5.7.2
2024-11-11 19:02:03,767 [WARN] PackLoader:240 - Cannot read IP mode file for STMicroelectronics.X-CUBE-EEPRMA1.5.1.0
2024-11-11 19:02:03,792 [WARN] PackLoader:240 - Cannot read IP mode file for ITTIA_DB.I-CUBE-ITTIADB.8.9.0
2024-11-11 19:02:03,904 [WARN] PackLoader:240 - Cannot read IP mode file for SEGGER.I-CUBE-embOS.1.3.1
2024-11-11 19:02:04,003 [WARN] PackLoader:240 - Cannot read IP mode file for STMicroelectronics.X-CUBE-ALGOBUILD.1.4.0
2024-11-11 19:02:04,024 [WARN] PackLoader:240 - Cannot read IP mode file for STMicroelectronics.X-CUBE-AI.9.1.0
2024-11-11 19:02:04,048 [WARN] PackLoader:240 - Cannot read IP mode file for STMicroelectronics.X-CUBE-GNSS1.6.0.0
2024-11-11 19:02:04,089 [WARN] PackLoader:240 - Cannot read IP mode file for STMicroelectronics.X-CUBE-AZRTOS-F4.1.1.0
2024-11-11 19:02:04,111 [WARN] PackLoader:240 - Cannot read IP mode file for STMicroelectronics.X-CUBE-ISPU.2.1.0
2024-11-11 19:02:04,131 [WARN] PackLoader:240 - Cannot read IP mode file for STMicroelectronics.X-CUBE-FREERTOS.1.2.0
2024-11-11 19:02:04,174 [WARN] PackLoader:240 - Cannot read IP mode file for STMicroelectronics.X-CUBE-AZRTOS-L5.2.0.0
2024-11-11 19:02:04,204 [WARN] PackLoader:240 - Cannot read IP mode file for STMicroelectronics.X-CUBE-NFC6.3.1.0
2024-11-11 19:02:04,241 [WARN] PackLoader:240 - Cannot read IP mode file for STMicroelectronics.X-CUBE-DPower.1.2.0
2024-11-11 19:02:04,261 [WARN] PackLoader:240 - Cannot read IP mode file for STMicroelectronics.X-CUBE-AI.9.0.0
2024-11-11 19:02:04,340 [WARN] PackLoader:240 - Cannot read IP mode file for STMicroelectronics.X-CUBE-NFC7.1.0.1
2024-11-11 19:02:04,420 [WARN] ConditionMgr:438 - getConditionDescription Invalid condition id : LAN8742 Phy interface Condition cause : null
2024-11-11 19:02:04,421 [WARN] PackLoader:240 - Cannot read IP mode file for STMicroelectronics.X-CUBE-AZRTOS-L4.2.0.0
2024-11-11 19:02:04,424 [WARN] ConditionMgr:1039 - genDependencies : Invalid condition id : LAN8742 Phy interface Condition cause : null
2024-11-11 19:02:04,425 [WARN] ConditionMgr:1039 - genDependencies : Invalid condition id : LAN8742 Phy interface Condition cause : null
2024-11-11 19:02:04,426 [WARN] ConditionMgr:1039 - genDependencies : Invalid condition id : LAN8742 Phy interface Condition cause : null
2024-11-11 19:02:04,456 [WARN] PackLoader:240 - Cannot read IP mode file for STMicroelectronics.X-CUBE-SFXS2LP1.4.0.0
2024-11-11 19:02:04,517 [WARN] PackLoader:240 - Cannot read IP mode file for STMicroelectronics.X-CUBE-AZRTOS-H7.3.3.0
2024-11-11 19:02:04,562 [WARN] PackLoader:240 - Cannot read IP mode file for STMicroelectronics.X-CUBE-IPS.3.0.0
2024-11-11 19:02:04,605 [WARN] ConditionMgr:438 - getConditionDescription Invalid condition id : UX DEVICE CLASS RTOS Condition cause : null
2024-11-11 19:02:04,605 [WARN] ConditionMgr:438 - getConditionDescription Invalid condition id : UX DEVICE CLASS RTOS Condition cause : null
2024-11-11 19:02:04,609 [WARN] PackLoader:240 - Cannot read IP mode file for STMicroelectronics.X-CUBE-AZRTOS-WB.2.0.0
2024-11-11 19:02:04,610 [WARN] ConditionMgr:1039 - genDependencies : Invalid condition id : UX DEVICE CLASS RTOS Condition cause : null
2024-11-11 19:02:04,610 [WARN] ConditionMgr:1039 - genDependencies : Invalid condition id : UX DEVICE CLASS RTOS Condition cause : null
2024-11-11 19:02:04,611 [WARN] ConditionMgr:1039 - genDependencies : Invalid condition id : UX DEVICE CLASS RTOS Condition cause : null
2024-11-11 19:02:04,611 [WARN] ConditionMgr:1039 - genDependencies : Invalid condition id : UX DEVICE CLASS RTOS Condition cause : null
2024-11-11 19:02:04,612 [WARN] ConditionMgr:1039 - genDependencies : Invalid condition id : UX DEVICE CLASS RTOS Condition cause : null
2024-11-11 19:02:04,652 [WARN] PackLoader:240 - Cannot read IP mode file for STMicroelectronics.X-CUBE-GNSS1.7.0.0
2024-11-11 19:02:04,677 [WARN] PackLoader:240 - Cannot read IP mode file for STMicroelectronics.FP-SNS-STBOX1.2.0.0
2024-11-11 19:02:04,710 [WARN] PackLoader:240 - Cannot read IP mode file for STMicroelectronics.X-CUBE-SUBG2.5.0.0
2024-11-11 19:02:04,735 [WARN] PackLoader:240 - Cannot read IP mode file for Cesanta.I-CUBE-Mongoose.7.13.0
2024-11-11 19:02:04,775 [WARN] PackLoader:240 - Cannot read IP mode file for STMicroelectronics.X-CUBE-AZRTOS-G4.2.0.0
2024-11-11 19:02:04,797 [WARN] PackLoader:240 - Cannot read IP mode file for STMicroelectronics.X-CUBE-ISPU.2.0.0
2024-11-11 19:02:04,817 [WARN] PackLoader:240 - Cannot read IP mode file for STMicroelectronics.X-CUBE-ALS.1.0.2
2024-11-11 19:02:04,840 [WARN] PackLoader:240 - Cannot read IP mode file for STMicroelectronics.X-CUBE-TOUCHGFX.4.24.0
2024-11-11 19:02:04,857 [WARN] PackLoader:240 - Cannot read IP mode file for STMicroelectronics.X-CUBE-TOUCHGFX.4.24.1
2024-11-11 19:02:04,876 [WARN] PackLoader:240 - Cannot read IP mode file for wolfSSL.I-CUBE-wolfTPM.3.4.0
2024-11-11 19:02:04,894 [WARN] PackLoader:240 - Cannot read IP mode file for portGmbH.I-Cube-SoM-uGOAL.1.1.0
2024-11-11 19:02:04,940 [WARN] PackLoader:240 - Cannot read IP mode file for STMicroelectronics.X-CUBE-AZRTOS-H7RS.1.0.0
2024-11-11 19:02:04,960 [WARN] PackLoader:240 - Cannot read IP mode file for STMicroelectronics.FP-ATR-ASTRA1.2.0.0
2024-11-11 19:02:04,992 [WARN] PackLoader:240 - Cannot read IP mode file for STMicroelectronics.X-CUBE-TOF1.3.4.2
2024-11-11 19:02:05,070 [WARN] PackLoader:240 - Cannot read IP mode file for Infineon.AIROC-Wi-Fi-Bluetooth-STM32.1.6.1
2024-11-11 19:02:05,091 [WARN] PackLoader:240 - Cannot read IP mode file for wolfSSL.I-CUBE-wolfSSH.1.4.17
2024-11-11 19:02:05,092 [INFO] ThirdParty:978 - Integrity check success = true
2024-11-11 19:02:05,092 [INFO] IntegrityCheckThread:100 - exiting critical section [integrity check]
2024-11-11 19:02:05,092 [INFO] IntegrityCheckThread:103 - End integrity checks thread
2024-11-11 19:02:09,210 [INFO] WebApp:167 - Instantiating new browser for Auth
2024-11-11 19:02:10,257 [INFO] WebApp:448 - Apply proxy settings
2024-11-11 19:02:10,257 [INFO] WebApp:533 - Chromium requires no authentication
2024-11-11 19:02:10,273 [INFO] WebApp:476 - Direct internet connection detected
2024-11-11 19:02:10,314 [INFO] WebApp:869 - Register for checkConnection events
2024-11-11 19:02:10,314 [INFO] WebApp:448 - Apply proxy settings
2024-11-11 19:02:10,314 [INFO] WebApp:533 - Chromium requires no authentication
2024-11-11 19:02:10,315 [INFO] WebApp:476 - Direct internet connection detected
2024-11-11 19:02:10,553 [INFO] WebApp:220 - Starting web application
2024-11-11 19:02:10,553 [INFO] WebApp:578 - Web application path used C:\ST\STM32CubeIDE_1.16.0\STM32CubeIDE\plugins\com.st.stm32cube.common.mx_6.12.0.202406281431\db\plugins\mcufinder\reactClient1\index.html
2024-11-11 19:02:11,056 [INFO] WebApp:186 - Connection restablished
2024-11-11 19:57:28,680 [INFO] WebApp:388 - JxBrowser engine has been closed 
