2024-10-08 12:29:40,897 [INFO] Activator:176 - 


2024-10-08 12:29:40,906 [INFO] Activator:177 - !SESSION log4j initialized
2024-10-08 12:29:52,928 [INFO] LogOutputStream:77 - [STDOUT_REDIRECT] 
2024-10-08 12:30:02,086 [INFO] ApplicationProperties:184 - Using Application install path: C:\ST\STM32CubeIDE_1.16.0\STM32CubeIDE\plugins\com.st.stm32cube.common.mx_6.12.0.202406281431
2024-10-08 12:30:02,112 [INFO] DbMcusXml:78 - Set database path to: C:\ST\STM32CubeIDE_1.16.0\STM32CubeIDE\plugins\com.st.stm32cube.common.mx_6.12.0.202406281431\\db\/mcu/
2024-10-08 12:30:02,112 [INFO] ApiDb:274 - Set plugin database path to: C:\ST\STM32CubeIDE_1.16.0\STM32CubeIDE\plugins\com.st.stm32cube.common.mx_6.12.0.202406281431\\db\/plugins/boardmanager/
2024-10-08 12:30:02,113 [WARN] ApiDb:259 - Overriding images path with different value:  => C:\ST\STM32CubeIDE_1.16.0\STM32CubeIDE\plugins\com.st.stm32cube.common.mx_6.12.0.202406281431\\db\/plugins/mcufinder/images/
2024-10-08 12:30:02,130 [INFO] ApiDb:250 - Set database path to: C:\Users\karim\.stmcufinder\plugins\mcufinder//mcu/
2024-10-08 12:30:02,131 [INFO] DbMcusAds:125 - Set database path to: C:\Users\karim\.stmcufinder\plugins\mcufinder//mcu/
2024-10-08 12:30:02,138 [INFO] CrossReferenceDbSqlite:203 - Set database path to: C:\Users\karim\.stmcufinder\plugins\mcufinder//mcu/cs/
2024-10-08 12:30:02,330 [INFO] RulesReader:64 - Compatibility file has been processed (297 Rules)
2024-10-08 12:30:02,451 [INFO] DbMcusXml:78 - Set database path to: C:\ST\STM32CubeIDE_1.16.0\STM32CubeIDE\plugins\com.st.stm32cube.common.mx_6.12.0.202406281431\\db\/mcu/
2024-10-08 12:30:02,452 [INFO] ApiDb:274 - Set plugin database path to: C:\ST\STM32CubeIDE_1.16.0\STM32CubeIDE\plugins\com.st.stm32cube.common.mx_6.12.0.202406281431\\db\/plugins/boardmanager/
2024-10-08 12:30:02,452 [INFO] ApiDb:261 - Set plugin images path to: C:\ST\STM32CubeIDE_1.16.0\STM32CubeIDE\plugins\com.st.stm32cube.common.mx_6.12.0.202406281431\\db\/plugins/mcufinder/images/
2024-10-08 12:30:02,452 [WARN] DbFile:41 - Overriding database path with different value: C:\Users\karim\.stmcufinder\plugins\mcufinder/ => C:\Users\karim\.stmcufinder\plugins\mcufinder
2024-10-08 12:30:02,452 [INFO] ApiDb:250 - Set database path to: C:\Users\karim\.stmcufinder\plugins\mcufinder//mcu/
2024-10-08 12:30:02,452 [WARN] DbFile:41 - Overriding database path with different value: C:\Users\karim\.stmcufinder\plugins\mcufinder/ => C:\Users\karim\.stmcufinder\plugins\mcufinder
2024-10-08 12:30:02,452 [INFO] DbMcusAds:125 - Set database path to: C:\Users\karim\.stmcufinder\plugins\mcufinder//mcu/
2024-10-08 12:30:02,453 [WARN] DbFile:41 - Overriding database path with different value: C:\Users\karim\.stmcufinder\plugins\mcufinder/ => C:\Users\karim\.stmcufinder\plugins\mcufinder
2024-10-08 12:30:02,453 [WARN] DbFile:41 - Overriding database path with different value: C:\Users\karim\.stmcufinder\plugins\mcufinder/ => C:\Users\karim\.stmcufinder\plugins\mcufinder
2024-10-08 12:30:02,457 [INFO] CrossReferenceDbSqlite:203 - Set database path to: C:\Users\karim\.stmcufinder\plugins\mcufinder//mcu/cs/
2024-10-08 12:30:02,631 [INFO] MainPanel:268 - HeapMemory: 268435456
2024-10-08 12:30:02,786 [INFO] DbMcusXml:78 - Set database path to: C:\ST\STM32CubeIDE_1.16.0\STM32CubeIDE\plugins\com.st.stm32cube.common.mx_6.12.0.202406281431\\db\/mcu/
2024-10-08 12:30:02,787 [INFO] ApiDb:274 - Set plugin database path to: C:\ST\STM32CubeIDE_1.16.0\STM32CubeIDE\plugins\com.st.stm32cube.common.mx_6.12.0.202406281431\\db\/plugins/boardmanager/
2024-10-08 12:30:02,787 [INFO] ApiDb:261 - Set plugin images path to: C:\ST\STM32CubeIDE_1.16.0\STM32CubeIDE\plugins\com.st.stm32cube.common.mx_6.12.0.202406281431\\db\/plugins/mcufinder/images/
2024-10-08 12:30:02,788 [WARN] DbFile:41 - Overriding database path with different value: C:\Users\karim\.stmcufinder\plugins\mcufinder/ => C:\Users\karim\.stmcufinder\plugins\mcufinder
2024-10-08 12:30:02,789 [INFO] ApiDb:250 - Set database path to: C:\Users\karim\.stmcufinder\plugins\mcufinder//mcu/
2024-10-08 12:30:02,789 [WARN] DbFile:41 - Overriding database path with different value: C:\Users\karim\.stmcufinder\plugins\mcufinder/ => C:\Users\karim\.stmcufinder\plugins\mcufinder
2024-10-08 12:30:02,789 [INFO] DbMcusAds:125 - Set database path to: C:\Users\karim\.stmcufinder\plugins\mcufinder//mcu/
2024-10-08 12:30:02,789 [WARN] DbFile:41 - Overriding database path with different value: C:\Users\karim\.stmcufinder\plugins\mcufinder/ => C:\Users\karim\.stmcufinder\plugins\mcufinder
2024-10-08 12:30:02,789 [WARN] DbFile:41 - Overriding database path with different value: C:\Users\karim\.stmcufinder\plugins\mcufinder/ => C:\Users\karim\.stmcufinder\plugins\mcufinder
2024-10-08 12:30:02,792 [INFO] CrossReferenceDbSqlite:203 - Set database path to: C:\Users\karim\.stmcufinder\plugins\mcufinder//mcu/cs/
2024-10-08 12:30:02,824 [INFO] ApplicationProperties:184 - Using Application install path: C:\ST\STM32CubeIDE_1.16.0\STM32CubeIDE\plugins\com.st.stm32cube.common.mx_6.12.0.202406281431
2024-10-08 12:30:02,826 [INFO] PluginManage:196 - Search for loadable plugins [exclusion list=, ]
2024-10-08 12:30:02,827 [INFO] PluginManage:310 - Check plugin analytics
2024-10-08 12:30:03,163 [INFO] AnalyticsPlugin:253 - Accepted Software Licenses: 
2024-10-08 12:30:03,163 [INFO] AnalyticsPlugin:255 - Accepted CMSIS Pack Licenses: 
2024-10-08 12:30:03,164 [INFO] AnalyticsPlugin:257 - Accepted Firmware Licenses: FW.L4.1.18.0
2024-10-08 12:30:03,168 [INFO] PluginManage:359 - Loaded plugin analytics (category:tool,tabindex:-1)
2024-10-08 12:30:03,169 [INFO] PluginManage:310 - Check plugin cadmodel
2024-10-08 12:30:03,190 [INFO] CADModel:105 - Init CAD model plugin
2024-10-08 12:30:03,191 [INFO] PluginManage:359 - Loaded plugin cadmodel (category:power,tabindex:5)
2024-10-08 12:30:03,191 [INFO] PluginManage:310 - Check plugin clock
2024-10-08 12:30:03,223 [INFO] PluginManage:359 - Loaded plugin clock (category:base,tabindex:2)
2024-10-08 12:30:03,223 [INFO] PluginManage:310 - Check plugin ddr
2024-10-08 12:30:03,228 [INFO] PluginManage:359 - Loaded plugin ddr (category:tool,tabindex:6)
2024-10-08 12:30:03,228 [INFO] PluginManage:310 - Check plugin filemanager
2024-10-08 12:30:03,497 [INFO] PluginManage:359 - Loaded plugin filemanager (category:base,tabindex:10)
2024-10-08 12:30:03,497 [INFO] PluginManage:310 - Check plugin ipmanager
2024-10-08 12:30:03,510 [INFO] PluginManage:359 - Loaded plugin ipmanager (category:base,tabindex:5)
2024-10-08 12:30:03,510 [INFO] PluginManage:310 - Check plugin lpbam
2024-10-08 12:30:03,541 [INFO] PluginManage:359 - Loaded plugin lpbam (category:base,tabindex:0)
2024-10-08 12:30:03,541 [INFO] PluginManage:310 - Check plugin memorymap
2024-10-08 12:30:03,584 [INFO] PluginManage:359 - Loaded plugin memorymap (category:base,tabindex:4)
2024-10-08 12:30:03,584 [INFO] PluginManage:310 - Check plugin pinoutandconfiguration
2024-10-08 12:30:03,617 [INFO] PluginManage:359 - Loaded plugin pinoutandconfiguration (category:base,tabindex:1)
2024-10-08 12:30:03,617 [INFO] PluginManage:310 - Check plugin pinoutconfig
2024-10-08 12:30:03,827 [WARN] SupportedApi:132 - Cannot load RTOS API schema: s4s-elt-must-match.1: The content of 'definitions' must match (annotation?, (simpleType | complexType)?, (unique | key | keyref)*)). A problem was found starting at: attribute.
2024-10-08 12:30:04,101 [INFO] PluginManage:359 - Loaded plugin pinoutconfig (category:base,tabindex:0)
2024-10-08 12:30:04,102 [INFO] PluginManage:310 - Check plugin power
2024-10-08 12:30:04,138 [INFO] PluginManage:359 - Loaded plugin power (category:power,tabindex:4)
2024-10-08 12:30:04,138 [INFO] PluginManage:310 - Check plugin projectmanager
2024-10-08 12:30:04,169 [INFO] PluginManage:359 - Loaded plugin projectmanager (category:projectmanager,tabindex:4)
2024-10-08 12:30:04,171 [INFO] PluginManage:310 - Check plugin rif
2024-10-08 12:30:04,196 [INFO] PluginManage:359 - Loaded plugin rif (category:base,tabindex:3)
2024-10-08 12:30:04,197 [INFO] PluginManage:310 - Check plugin thirdparty
2024-10-08 12:30:04,674 [INFO] PluginManage:359 - Loaded plugin thirdparty (category:base,tabindex:-1)
2024-10-08 12:30:04,674 [WARN] IntegrityCheckThread:84 - waiting for thirdparty lock release [integrity check]
2024-10-08 12:30:04,674 [INFO] IntegrityCheckThread:86 - entering critical section [integrity check]
2024-10-08 12:30:04,674 [INFO] PluginManage:310 - Check plugin tools
2024-10-08 12:30:04,675 [INFO] ThirdPartyUpdaterWithRetryManager:70 - Updater plugin not ready yet. [1/15]
2024-10-08 12:30:04,732 [INFO] PluginManage:359 - Loaded plugin tools (category:base,tabindex:7)
2024-10-08 12:30:04,732 [INFO] PluginManage:310 - Check plugin tutovideos
2024-10-08 12:30:05,114 [INFO] PluginManage:359 - Loaded plugin tutovideos (category:base,tabindex:-1)
2024-10-08 12:30:05,114 [INFO] PluginManage:310 - Check plugin updater
2024-10-08 12:30:05,134 [INFO] PluginManage:359 - Loaded plugin updater (category:base,tabindex:12)
2024-10-08 12:30:05,134 [INFO] PluginManage:310 - Check plugin userauth
2024-10-08 12:30:05,142 [INFO] UserAuth:113 - Init User Auth plugin
2024-10-08 12:30:05,142 [INFO] PluginManage:359 - Loaded plugin userauth (category:base,tabindex:14)
2024-10-08 12:30:05,143 [INFO] PluginManage:283 - PluginManage : Loaded plugins [18]
2024-10-08 12:30:05,481 [INFO] PinOutPanel:1561 - setPackage(No Configuration,No Configuration)
2024-10-08 12:30:05,635 [INFO] CADModel:165 - CPN selected for project level
2024-10-08 12:30:05,635 [INFO] CADModel:114 - Register for checkConnection events
2024-10-08 12:30:05,683 [INFO] IPUIPlugin:80 - create IPUIPlugin
2024-10-08 12:30:05,684 [INFO] PluginManager:220 - loadIPPluginJar : add adc
2024-10-08 12:30:05,762 [INFO] IPUIPlugin:80 - create IPUIPlugin
2024-10-08 12:30:05,762 [INFO] PluginManager:220 - loadIPPluginJar : add aes
2024-10-08 12:30:05,825 [INFO] IPUIPlugin:80 - create IPUIPlugin
2024-10-08 12:30:05,825 [INFO] PluginManager:220 - loadIPPluginJar : add can
2024-10-08 12:30:05,859 [INFO] IPUIPlugin:80 - create IPUIPlugin
2024-10-08 12:30:05,859 [INFO] PluginManager:220 - loadIPPluginJar : add comp
2024-10-08 12:30:05,921 [INFO] IPUIPlugin:80 - create IPUIPlugin
2024-10-08 12:30:05,921 [INFO] PluginManager:220 - loadIPPluginJar : add cryp
2024-10-08 12:30:05,938 [INFO] IPUIPlugin:80 - create IPUIPlugin
2024-10-08 12:30:05,938 [INFO] PluginManager:220 - loadIPPluginJar : add ddr_ctrl_phy
2024-10-08 12:30:05,985 [INFO] IPUIPlugin:80 - create IPUIPlugin
2024-10-08 12:30:05,985 [INFO] PluginManager:220 - loadIPPluginJar : add dfsdm
2024-10-08 12:30:06,005 [INFO] IPUIPlugin:80 - create IPUIPlugin
2024-10-08 12:30:06,006 [INFO] PluginManager:220 - loadIPPluginJar : add dma
2024-10-08 12:30:06,097 [INFO] IPUIPlugin:80 - create IPUIPlugin
2024-10-08 12:30:06,097 [INFO] PluginManager:220 - loadIPPluginJar : add dma3
2024-10-08 12:30:06,202 [INFO] IPUIPlugin:80 - create IPUIPlugin
2024-10-08 12:30:06,202 [INFO] PluginManager:220 - loadIPPluginJar : add extmemmanager
2024-10-08 12:30:06,235 [INFO] IPUIPlugin:80 - create IPUIPlugin
2024-10-08 12:30:06,235 [INFO] PluginManager:220 - loadIPPluginJar : add fatfs
2024-10-08 12:30:06,313 [INFO] IPUIPlugin:80 - create IPUIPlugin
2024-10-08 12:30:06,313 [INFO] PluginManager:220 - loadIPPluginJar : add fmc
2024-10-08 12:30:06,340 [INFO] IPUIPlugin:80 - create IPUIPlugin
2024-10-08 12:30:06,341 [INFO] PluginManager:220 - loadIPPluginJar : add freertos
2024-10-08 12:30:06,388 [INFO] IPUIPlugin:80 - create IPUIPlugin
2024-10-08 12:30:06,388 [INFO] PluginManager:220 - loadIPPluginJar : add genericplugin
2024-10-08 12:30:06,547 [INFO] IPUIPlugin:80 - create IPUIPlugin
2024-10-08 12:30:06,548 [INFO] PluginManager:220 - loadIPPluginJar : add gfxmmu
2024-10-08 12:30:06,793 [INFO] IPUIPlugin:80 - create IPUIPlugin
2024-10-08 12:30:06,794 [INFO] PluginManager:220 - loadIPPluginJar : add gic
2024-10-08 12:30:06,828 [INFO] IPUIPlugin:80 - create IPUIPlugin
2024-10-08 12:30:06,828 [INFO] PluginManager:220 - loadIPPluginJar : add gpio
2024-10-08 12:30:07,005 [INFO] IPUIPlugin:80 - create IPUIPlugin
2024-10-08 12:30:07,005 [INFO] PluginManager:220 - loadIPPluginJar : add gtzc
2024-10-08 12:30:07,071 [INFO] IPUIPlugin:80 - create IPUIPlugin
2024-10-08 12:30:07,071 [INFO] PluginManager:220 - loadIPPluginJar : add hash
2024-10-08 12:30:07,144 [INFO] IPUIPlugin:80 - create IPUIPlugin
2024-10-08 12:30:07,144 [INFO] PluginManager:220 - loadIPPluginJar : add i2c
2024-10-08 12:30:07,231 [INFO] IPUIPlugin:80 - create IPUIPlugin
2024-10-08 12:30:07,231 [INFO] PluginManager:220 - loadIPPluginJar : add i2s
2024-10-08 12:30:07,333 [INFO] IPUIPlugin:80 - create IPUIPlugin
2024-10-08 12:30:07,333 [INFO] PluginManager:220 - loadIPPluginJar : add i3c
2024-10-08 12:30:07,508 [INFO] IPUIPlugin:80 - create IPUIPlugin
2024-10-08 12:30:07,508 [INFO] PluginManager:220 - loadIPPluginJar : add ipddr
2024-10-08 12:30:07,678 [INFO] ThirdPartyUpdaterWithRetryManager:70 - Updater plugin not ready yet. [2/15]
2024-10-08 12:30:07,750 [INFO] IPUIPlugin:80 - create IPUIPlugin
2024-10-08 12:30:07,750 [INFO] PluginManager:220 - loadIPPluginJar : add linkedlist
2024-10-08 12:30:07,865 [INFO] IPUIPlugin:80 - create IPUIPlugin
2024-10-08 12:30:07,865 [INFO] PluginManager:220 - loadIPPluginJar : add lorawan
2024-10-08 12:30:07,935 [INFO] IPUIPlugin:80 - create IPUIPlugin
2024-10-08 12:30:07,935 [INFO] PluginManager:220 - loadIPPluginJar : add ltdc
2024-10-08 12:30:07,954 [INFO] IPUIPlugin:80 - create IPUIPlugin
2024-10-08 12:30:07,954 [INFO] PluginManager:220 - loadIPPluginJar : add mdma
2024-10-08 12:30:07,971 [INFO] IPUIPlugin:80 - create IPUIPlugin
2024-10-08 12:30:07,971 [INFO] PluginManager:220 - loadIPPluginJar : add nvic
2024-10-08 12:30:08,024 [INFO] IPUIPlugin:80 - create IPUIPlugin
2024-10-08 12:30:08,024 [INFO] PluginManager:220 - loadIPPluginJar : add opamp
2024-10-08 12:30:08,127 [INFO] IPUIPlugin:80 - create IPUIPlugin
2024-10-08 12:30:08,128 [INFO] PluginManager:220 - loadIPPluginJar : add openamp
2024-10-08 12:30:08,223 [INFO] IPUIPlugin:80 - create IPUIPlugin
2024-10-08 12:30:08,223 [INFO] PluginManager:220 - loadIPPluginJar : add pdm2pcm
2024-10-08 12:30:08,249 [INFO] IPUIPlugin:80 - create IPUIPlugin
2024-10-08 12:30:08,255 [INFO] PluginManager:220 - loadIPPluginJar : add plateformsettings
2024-10-08 12:30:08,305 [INFO] IPUIPlugin:80 - create IPUIPlugin
2024-10-08 12:30:08,306 [INFO] PluginManager:220 - loadIPPluginJar : add quadspi
2024-10-08 12:30:08,353 [INFO] IPUIPlugin:80 - create IPUIPlugin
2024-10-08 12:30:08,354 [INFO] PluginManager:220 - loadIPPluginJar : add radio
2024-10-08 12:30:08,375 [INFO] IPUIPlugin:80 - create IPUIPlugin
2024-10-08 12:30:08,375 [INFO] PluginManager:220 - loadIPPluginJar : add resmgrutility
2024-10-08 12:30:08,448 [INFO] IPUIPlugin:80 - create IPUIPlugin
2024-10-08 12:30:08,448 [INFO] PluginManager:220 - loadIPPluginJar : add sai
2024-10-08 12:30:08,499 [INFO] IPUIPlugin:80 - create IPUIPlugin
2024-10-08 12:30:08,500 [INFO] PluginManager:220 - loadIPPluginJar : add spi
2024-10-08 12:30:08,594 [INFO] IPUIPlugin:80 - create IPUIPlugin
2024-10-08 12:30:08,594 [INFO] PluginManager:220 - loadIPPluginJar : add stm32_wpan
2024-10-08 12:30:08,630 [INFO] IPUIPlugin:80 - create IPUIPlugin
2024-10-08 12:30:08,630 [INFO] PluginManager:220 - loadIPPluginJar : add tim
2024-10-08 12:30:08,762 [INFO] IPUIPlugin:80 - create IPUIPlugin
2024-10-08 12:30:08,762 [INFO] PluginManager:220 - loadIPPluginJar : add touchsensing
2024-10-08 12:30:08,815 [INFO] IPUIPlugin:80 - create IPUIPlugin
2024-10-08 12:30:08,816 [INFO] PluginManager:220 - loadIPPluginJar : add tracer_emb
2024-10-08 12:30:08,870 [INFO] IPUIPlugin:80 - create IPUIPlugin
2024-10-08 12:30:08,871 [INFO] PluginManager:220 - loadIPPluginJar : add ts
2024-10-08 12:30:08,920 [INFO] IPUIPlugin:80 - create IPUIPlugin
2024-10-08 12:30:08,920 [INFO] PluginManager:220 - loadIPPluginJar : add tsc
2024-10-08 12:30:08,952 [INFO] IPUIPlugin:80 - create IPUIPlugin
2024-10-08 12:30:08,952 [INFO] PluginManager:220 - loadIPPluginJar : add ucpd
2024-10-08 12:30:09,029 [INFO] IPUIPlugin:80 - create IPUIPlugin
2024-10-08 12:30:09,030 [INFO] PluginManager:220 - loadIPPluginJar : add usart
2024-10-08 12:30:09,088 [INFO] IPUIPlugin:80 - create IPUIPlugin
2024-10-08 12:30:09,088 [INFO] PluginManager:220 - loadIPPluginJar : add usbx
2024-10-08 12:30:09,241 [INFO] CADModel:165 - CPN selected for project level
2024-10-08 12:30:09,242 [INFO] CADModel:114 - Register for checkConnection events
2024-10-08 12:30:09,243 [FATAL] Updater:334 - Updater called before beeing initialized
2024-10-08 12:30:09,244 [ERROR] CADModel:125 - Updater not yet initialized, retry later 
2024-10-08 12:30:09,690 [INFO] CADModel:165 - CPN selected for project level
2024-10-08 12:30:09,690 [INFO] CADModel:114 - Register for checkConnection events
2024-10-08 12:30:09,690 [FATAL] Updater:334 - Updater called before beeing initialized
2024-10-08 12:30:09,690 [ERROR] CADModel:125 - Updater not yet initialized, retry later 
2024-10-08 12:30:09,700 [FATAL] Updater:334 - Updater called before beeing initialized
2024-10-08 12:30:09,920 [FATAL] Updater:334 - Updater called before beeing initialized
2024-10-08 12:30:09,938 [INFO] DbMcusAds:53 - JSON generation date=Fri Sep 20 15:04:23 CEST 2024 (1726837463113)
2024-10-08 12:30:09,938 [FATAL] Updater:334 - Updater called before beeing initialized
2024-10-08 12:30:09,988 [WARN] DetailPanel:346 - Failed to get advertising image, set to default
2024-10-08 12:30:10,114 [FATAL] Updater:334 - Updater called before beeing initialized
2024-10-08 12:30:10,117 [FATAL] Updater:334 - Updater called before beeing initialized
2024-10-08 12:30:10,117 [FATAL] Updater:334 - Updater called before beeing initialized
2024-10-08 12:30:10,117 [WARN] DetailPanel:346 - Failed to get advertising image, set to default
2024-10-08 12:30:10,119 [FATAL] Updater:334 - Updater called before beeing initialized
2024-10-08 12:30:10,243 [ERROR] Updater:1164 - MainUpdater not yet initialized. External WinMGr cannot be set.
2024-10-08 12:30:10,268 [INFO] Updater:1100 - Updater Version found : 6.12.0
2024-10-08 12:30:10,299 [INFO] ApplicationProperties:184 - Using Application install path: C:\ST\STM32CubeIDE_1.16.0\STM32CubeIDE\plugins\com.st.stm32cube.common.mx_6.12.0.202406281431
2024-10-08 12:30:10,680 [INFO] ThirdPartyUpdaterWithRetryManager:70 - Updater plugin not ready yet. [3/15]
2024-10-08 12:30:11,941 [ERROR] LogOutputStream:75 - [STDERR_REDIRECT] Oct 08, 2024 12:30:11 PM java.util.prefs.WindowsPreferences <init>
2024-10-08 12:30:11,958 [ERROR] LogOutputStream:75 - [STDERR_REDIRECT] WARNING: Could not open/create prefs root node Software\JavaSoft\Prefs at root 0xffffffff80000002. Windows RegCreateKeyEx(...) returned error code 5.
2024-10-08 12:30:11,960 [ERROR] LogOutputStream:75 - [STDERR_REDIRECT] 
2024-10-08 12:30:12,476 [INFO] MainUpdater:2873 - connection check result : 10
2024-10-08 12:30:12,477 [INFO] MainUpdater:3567 - Updater definition file requires update
2024-10-08 12:30:12,481 [INFO] MainUpdater:290 - Updater Check For Update Now.
2024-10-08 12:30:12,482 [INFO] MicroXplorer:498 - Change Database Version : DB.6.0.120
2024-10-08 12:30:12,544 [INFO] McuFinderGlobals:63 - Set McuFinder mode to 2 (CubeIDE integrated)
2024-10-08 12:30:12,544 [INFO] UserAuth:179 - activating auth plugin
2024-10-08 12:30:12,548 [INFO] UserAuth:417 - Internet connection configuration mode: 1
2024-10-08 12:30:12,561 [INFO] ServerAccessManage:473 - Download File updaters.zip
2024-10-08 12:30:12,605 [INFO] JxBrowserEngine:152 - Initiate JxBrowser Engine with user profile folder
2024-10-08 12:30:12,746 [INFO] FileExtend:240 - Unzip File : updaters.zip
2024-10-08 12:30:12,747 [INFO] FileExtend:255 - Standard Zip Deflate
2024-10-08 12:30:13,396 [INFO] ServerAccessManage:473 - Download File PacksControlFlags.xml
2024-10-08 12:30:13,621 [INFO] ServerAccessManage:473 - Download File cubemx.pidx
2024-10-08 12:30:13,681 [WARN] MainUpdater:1194 - Updater busy. Cannot search thirdparties
2024-10-08 12:30:13,682 [INFO] ThirdPartyUpdaterWithRetryManager:96 - Updater plugin is busy. [1/15]
2024-10-08 12:30:15,217 [INFO] ServerAccessManage:473 - Download File STMicroelectronics.X-CUBE-IPS.pdsc
2024-10-08 12:30:16,683 [WARN] MainUpdater:1194 - Updater busy. Cannot search thirdparties
2024-10-08 12:30:16,683 [INFO] ThirdPartyUpdaterWithRetryManager:96 - Updater plugin is busy. [2/15]
2024-10-08 12:30:16,820 [INFO] ServerAccessManage:473 - Download File STMicroelectronics.X-CUBE-WB05N.pdsc
2024-10-08 12:30:17,681 [WARN] PackLoader:240 - Cannot read IP mode file for STMicroelectronics.X-CUBE-IPS.3.0.0
2024-10-08 12:30:17,734 [WARN] PackLoader:240 - Cannot read IP mode file for STMicroelectronics.X-CUBE-WB05N.1.1.0
2024-10-08 12:30:17,738 [INFO] PopulateThirdPartyThread:66 - Ending populate Thread
2024-10-08 12:30:17,741 [INFO] ThirdParty:1030 - CMSIS Pack Vendor :STMicroelectronics X-CUBE-IPS 3.0.0
2024-10-08 12:30:17,742 [INFO] ThirdParty:1030 - CMSIS Pack Vendor :STMicroelectronics X-CUBE-WB05N 1.1.0
2024-10-08 12:30:17,742 [INFO] LoadServerUpdatesThread:375 - End of LoadServerUpdate Thread
2024-10-08 12:30:18,112 [INFO] CheckServerUpdateThread:120 - End of CheckServer Thread
2024-10-08 12:30:19,961 [WARN] PackLoader:240 - Cannot read IP mode file for STMicroelectronics.FP-SNS-MOTENVWB1.1.4.0
2024-10-08 12:30:19,986 [WARN] PackLoader:240 - Cannot read IP mode file for STMicroelectronics.X-CUBE-SMBUS.2.1.0
2024-10-08 12:30:19,995 [WARN] PackLoader:240 - Cannot read IP mode file for STMicroelectronics.X-CUBE-WB05N.1.1.0
2024-10-08 12:30:20,093 [WARN] PackLoader:240 - Cannot read IP mode file for STMicroelectronics.X-CUBE-AZRTOS-F7.1.1.0
2024-10-08 12:30:20,242 [WARN] PackLoader:240 - Cannot read IP mode file for STMicroelectronics.X-CUBE-MEMS1.11.0.0
2024-10-08 12:30:20,503 [WARN] PackLoader:240 - Cannot read IP mode file for STMicroelectronics.FP-SNS-FLIGHT1.5.0.2
2024-10-08 12:30:20,533 [WARN] PackLoader:240 - Cannot read IP mode file for STMicroelectronics.X-CUBE-DISPLAY.3.0.0
2024-10-08 12:30:20,559 [WARN] PackLoader:240 - Cannot read IP mode file for STMicroelectronics.X-CUBE-BLE1.7.0.0
2024-10-08 12:30:20,584 [WARN] PackLoader:240 - Cannot read IP mode file for STMicroelectronics.X-CUBE-NFC10.1.0.0
2024-10-08 12:30:20,607 [WARN] PackLoader:240 - Cannot read IP mode file for emotas.I-CUBE-CANOPEN.1.3.0
2024-10-08 12:30:20,633 [WARN] PackLoader:240 - Cannot read IP mode file for STMicroelectronics.X-CUBE-BLEMGR.3.1.0
2024-10-08 12:30:20,659 [WARN] PackLoader:240 - Cannot read IP mode file for STMicroelectronics.FP-SNS-SMARTAG2.1.2.0
2024-10-08 12:30:20,692 [INFO] LogOutputStream:77 - [STDOUT_REDIRECT] 1 : Invalid condition id : UX_CORESTACK_Condition cause : null
2024-10-08 12:30:20,693 [INFO] LogOutputStream:77 - [STDOUT_REDIRECT] 1 : Invalid condition id : UX_CORESTACK_Condition cause : null
2024-10-08 12:30:20,697 [INFO] LogOutputStream:77 - [STDOUT_REDIRECT] 1 : Invalid condition id : UX_CORESTACK_Condition cause : null
2024-10-08 12:30:20,699 [INFO] LogOutputStream:77 - [STDOUT_REDIRECT] 1 : Invalid condition id : UX_CORESTACK_Condition cause : null
2024-10-08 12:30:20,700 [INFO] LogOutputStream:77 - [STDOUT_REDIRECT] 1 : Invalid condition id : UX_CORESTACK_Condition cause : null
2024-10-08 12:30:20,706 [WARN] PackLoader:240 - Cannot read IP mode file for STMicroelectronics.X-CUBE-AZRTOS-WL.2.0.0
2024-10-08 12:30:20,730 [WARN] PackLoader:240 - Cannot read IP mode file for STMicroelectronics.FP-SNS-MOTENV1.5.0.0
2024-10-08 12:30:20,739 [WARN] PackLoader:240 - Cannot read IP mode file for wolfSSL.I-CUBE-wolfMQTT.1.19.0
2024-10-08 12:30:20,763 [WARN] PackLoader:240 - Cannot read IP mode file for WES.I-CUBE-Cesium.1.3.0
2024-10-08 12:30:20,787 [WARN] PackLoader:240 - Cannot read IP mode file for STMicroelectronics.X-CUBE-BLE2.3.3.0
2024-10-08 12:30:20,825 [WARN] PackLoader:240 - Cannot read IP mode file for STMicroelectronics.X-CUBE-NFC9.1.0.0
2024-10-08 12:30:20,877 [WARN] PackLoader:240 - Cannot read IP mode file for STMicroelectronics.X-CUBE-TCPP.4.1.0
2024-10-08 12:30:20,929 [WARN] PackLoader:240 - Cannot read IP mode file for STMicroelectronics.X-CUBE-AZRTOS-G0.1.1.0
2024-10-08 12:30:20,960 [WARN] PackLoader:240 - Cannot read IP mode file for STMicroelectronics.X-CUBE-SAFEA1.1.2.2
2024-10-08 12:30:20,986 [WARN] PackLoader:240 - Cannot read IP mode file for STMicroelectronics.X-CUBE-NFC4.3.0.0
2024-10-08 12:30:21,019 [WARN] PackLoader:240 - Cannot read IP mode file for EmbeddedOffice.I-CUBE-FS-RTOS.1.0.1
2024-10-08 12:30:21,020 [ERROR] ConditionMgr:805 - Attr not supported : Dmpu
2024-10-08 12:30:21,021 [ERROR] ConditionMgr:805 - Attr not supported : Dmpu
2024-10-08 12:30:21,021 [ERROR] ConditionMgr:805 - Attr not supported : Dmpu
2024-10-08 12:30:21,021 [ERROR] ConditionMgr:805 - Attr not supported : Dmpu
2024-10-08 12:30:21,021 [ERROR] ConditionMgr:805 - Attr not supported : Dmpu
2024-10-08 12:30:21,021 [ERROR] ConditionMgr:805 - Attr not supported : Dmpu
2024-10-08 12:30:21,021 [ERROR] ConditionMgr:805 - Attr not supported : Dmpu
2024-10-08 12:30:21,021 [ERROR] ConditionMgr:805 - Attr not supported : Dmpu
2024-10-08 12:30:21,022 [ERROR] ConditionMgr:805 - Attr not supported : Dmpu
2024-10-08 12:30:21,022 [ERROR] ConditionMgr:805 - Attr not supported : Dmpu
2024-10-08 12:30:21,022 [ERROR] ConditionMgr:805 - Attr not supported : Dmpu
2024-10-08 12:30:21,022 [ERROR] ConditionMgr:805 - Attr not supported : Dmpu
2024-10-08 12:30:21,022 [ERROR] ConditionMgr:805 - Attr not supported : Dmpu
2024-10-08 12:30:21,022 [ERROR] ConditionMgr:805 - Attr not supported : Dmpu
2024-10-08 12:30:21,022 [ERROR] ConditionMgr:805 - Attr not supported : Dmpu
2024-10-08 12:30:21,022 [ERROR] ConditionMgr:805 - Attr not supported : Dmpu
2024-10-08 12:30:21,022 [ERROR] ConditionMgr:805 - Attr not supported : Dmpu
2024-10-08 12:30:21,023 [ERROR] ConditionMgr:805 - Attr not supported : Dmpu
2024-10-08 12:30:21,023 [ERROR] ConditionMgr:805 - Attr not supported : Dmpu
2024-10-08 12:30:21,023 [ERROR] ConditionMgr:805 - Attr not supported : Dmpu
2024-10-08 12:30:21,023 [ERROR] ConditionMgr:805 - Attr not supported : Dmpu
2024-10-08 12:30:21,023 [ERROR] ConditionMgr:805 - Attr not supported : Dmpu
2024-10-08 12:30:21,023 [ERROR] ConditionMgr:805 - Attr not supported : Dmpu
2024-10-08 12:30:21,023 [ERROR] ConditionMgr:805 - Attr not supported : Dmpu
2024-10-08 12:30:21,023 [ERROR] ConditionMgr:805 - Attr not supported : Dmpu
2024-10-08 12:30:21,023 [ERROR] ConditionMgr:805 - Attr not supported : Dmpu
2024-10-08 12:30:21,023 [ERROR] ConditionMgr:805 - Attr not supported : Dmpu
2024-10-08 12:30:21,023 [ERROR] ConditionMgr:805 - Attr not supported : Dmpu
2024-10-08 12:30:21,024 [ERROR] ConditionMgr:805 - Attr not supported : Dmpu
2024-10-08 12:30:21,024 [ERROR] ConditionMgr:805 - Attr not supported : Dmpu
2024-10-08 12:30:21,024 [ERROR] ConditionMgr:805 - Attr not supported : Dmpu
2024-10-08 12:30:21,024 [ERROR] ConditionMgr:805 - Attr not supported : Dmpu
2024-10-08 12:30:21,024 [ERROR] ConditionMgr:805 - Attr not supported : Dmpu
2024-10-08 12:30:21,024 [ERROR] ConditionMgr:805 - Attr not supported : Dmpu
2024-10-08 12:30:21,024 [ERROR] ConditionMgr:805 - Attr not supported : Dmpu
2024-10-08 12:30:21,024 [ERROR] ConditionMgr:805 - Attr not supported : Dmpu
2024-10-08 12:30:21,024 [ERROR] ConditionMgr:805 - Attr not supported : Dmpu
2024-10-08 12:30:21,024 [ERROR] ConditionMgr:805 - Attr not supported : Dmpu
2024-10-08 12:30:21,024 [ERROR] ConditionMgr:805 - Attr not supported : Dmpu
2024-10-08 12:30:21,025 [ERROR] ConditionMgr:805 - Attr not supported : Dmpu
2024-10-08 12:30:21,025 [ERROR] ConditionMgr:805 - Attr not supported : Dmpu
2024-10-08 12:30:21,025 [ERROR] ConditionMgr:805 - Attr not supported : Dmpu
2024-10-08 12:30:21,025 [ERROR] ConditionMgr:805 - Attr not supported : Dmpu
2024-10-08 12:30:21,025 [ERROR] ConditionMgr:805 - Attr not supported : Dmpu
2024-10-08 12:30:21,025 [ERROR] ConditionMgr:805 - Attr not supported : Dmpu
2024-10-08 12:30:21,025 [ERROR] ConditionMgr:805 - Attr not supported : Dmpu
2024-10-08 12:30:21,025 [ERROR] ConditionMgr:805 - Attr not supported : Dmpu
2024-10-08 12:30:21,025 [ERROR] ConditionMgr:805 - Attr not supported : Dmpu
2024-10-08 12:30:21,025 [ERROR] ConditionMgr:805 - Attr not supported : Dmpu
2024-10-08 12:30:21,026 [ERROR] ConditionMgr:805 - Attr not supported : Dmpu
2024-10-08 12:30:21,026 [ERROR] ConditionMgr:805 - Attr not supported : Dmpu
2024-10-08 12:30:21,026 [ERROR] ConditionMgr:805 - Attr not supported : Dmpu
2024-10-08 12:30:21,026 [ERROR] ConditionMgr:805 - Attr not supported : Dmpu
2024-10-08 12:30:21,026 [ERROR] ConditionMgr:805 - Attr not supported : Dmpu
2024-10-08 12:30:21,026 [ERROR] ConditionMgr:805 - Attr not supported : Dmpu
2024-10-08 12:30:21,026 [ERROR] ConditionMgr:805 - Attr not supported : Dmpu
2024-10-08 12:30:21,026 [ERROR] ConditionMgr:805 - Attr not supported : Dmpu
2024-10-08 12:30:21,026 [ERROR] ConditionMgr:805 - Attr not supported : Dmpu
2024-10-08 12:30:21,026 [ERROR] ConditionMgr:805 - Attr not supported : Dmpu
2024-10-08 12:30:21,027 [ERROR] ConditionMgr:805 - Attr not supported : Dmpu
2024-10-08 12:30:21,027 [ERROR] ConditionMgr:805 - Attr not supported : Dmpu
2024-10-08 12:30:21,027 [ERROR] ConditionMgr:805 - Attr not supported : Dmpu
2024-10-08 12:30:21,027 [ERROR] ConditionMgr:805 - Attr not supported : Dmpu
2024-10-08 12:30:21,027 [ERROR] ConditionMgr:805 - Attr not supported : Dmpu
2024-10-08 12:30:21,049 [WARN] PackLoader:240 - Cannot read IP mode file for RealThread.X-CUBE-RT-Thread_Nano.4.1.1
2024-10-08 12:30:21,068 [WARN] PackLoader:240 - Cannot read IP mode file for STMicroelectronics.FP-ATR-SIGFOX1.3.2.0
2024-10-08 12:30:21,089 [WARN] PackLoader:240 - Cannot read IP mode file for wolfSSL.I-CUBE-wolfSSL.5.7.2
2024-10-08 12:30:21,115 [WARN] PackLoader:240 - Cannot read IP mode file for STMicroelectronics.X-CUBE-EEPRMA1.5.1.0
2024-10-08 12:30:21,142 [WARN] PackLoader:240 - Cannot read IP mode file for ITTIA_DB.I-CUBE-ITTIADB.8.9.0
2024-10-08 12:30:21,206 [WARN] PackLoader:240 - Cannot read IP mode file for SEGGER.I-CUBE-embOS.1.3.1
2024-10-08 12:30:21,284 [WARN] PackLoader:240 - Cannot read IP mode file for STMicroelectronics.X-CUBE-ALGOBUILD.1.4.0
2024-10-08 12:30:21,305 [WARN] PackLoader:240 - Cannot read IP mode file for STMicroelectronics.X-CUBE-AI.9.1.0
2024-10-08 12:30:21,328 [WARN] PackLoader:240 - Cannot read IP mode file for STMicroelectronics.X-CUBE-GNSS1.6.0.0
2024-10-08 12:30:21,376 [WARN] PackLoader:240 - Cannot read IP mode file for STMicroelectronics.X-CUBE-AZRTOS-F4.1.1.0
2024-10-08 12:30:21,402 [WARN] PackLoader:240 - Cannot read IP mode file for STMicroelectronics.X-CUBE-ISPU.2.1.0
2024-10-08 12:30:21,422 [WARN] PackLoader:240 - Cannot read IP mode file for STMicroelectronics.X-CUBE-FREERTOS.1.2.0
2024-10-08 12:30:21,470 [WARN] PackLoader:240 - Cannot read IP mode file for STMicroelectronics.X-CUBE-AZRTOS-L5.2.0.0
2024-10-08 12:30:21,511 [WARN] PackLoader:240 - Cannot read IP mode file for STMicroelectronics.X-CUBE-NFC6.3.1.0
2024-10-08 12:30:21,539 [WARN] PackLoader:240 - Cannot read IP mode file for STMicroelectronics.X-CUBE-DPower.1.2.0
2024-10-08 12:30:21,562 [WARN] PackLoader:240 - Cannot read IP mode file for STMicroelectronics.X-CUBE-AI.9.0.0
2024-10-08 12:30:21,588 [WARN] PackLoader:240 - Cannot read IP mode file for STMicroelectronics.X-CUBE-NFC7.1.0.1
2024-10-08 12:30:21,636 [WARN] ConditionMgr:438 - getConditionDescription Invalid condition id : LAN8742 Phy interface Condition cause : null
2024-10-08 12:30:21,638 [WARN] PackLoader:240 - Cannot read IP mode file for STMicroelectronics.X-CUBE-AZRTOS-L4.2.0.0
2024-10-08 12:30:21,639 [WARN] ConditionMgr:1039 - genDependencies : Invalid condition id : LAN8742 Phy interface Condition cause : null
2024-10-08 12:30:21,640 [WARN] ConditionMgr:1039 - genDependencies : Invalid condition id : LAN8742 Phy interface Condition cause : null
2024-10-08 12:30:21,641 [WARN] ConditionMgr:1039 - genDependencies : Invalid condition id : LAN8742 Phy interface Condition cause : null
2024-10-08 12:30:21,669 [WARN] PackLoader:240 - Cannot read IP mode file for STMicroelectronics.X-CUBE-SFXS2LP1.4.0.0
2024-10-08 12:30:21,722 [WARN] PackLoader:240 - Cannot read IP mode file for STMicroelectronics.X-CUBE-AZRTOS-H7.3.3.0
2024-10-08 12:30:21,740 [WARN] PackLoader:240 - Cannot read IP mode file for STMicroelectronics.X-CUBE-IPS.3.0.0
2024-10-08 12:30:21,783 [WARN] ConditionMgr:438 - getConditionDescription Invalid condition id : UX DEVICE CLASS RTOS Condition cause : null
2024-10-08 12:30:21,783 [WARN] ConditionMgr:438 - getConditionDescription Invalid condition id : UX DEVICE CLASS RTOS Condition cause : null
2024-10-08 12:30:21,786 [WARN] PackLoader:240 - Cannot read IP mode file for STMicroelectronics.X-CUBE-AZRTOS-WB.2.0.0
2024-10-08 12:30:21,787 [WARN] ConditionMgr:1039 - genDependencies : Invalid condition id : UX DEVICE CLASS RTOS Condition cause : null
2024-10-08 12:30:21,787 [WARN] ConditionMgr:1039 - genDependencies : Invalid condition id : UX DEVICE CLASS RTOS Condition cause : null
2024-10-08 12:30:21,788 [WARN] ConditionMgr:1039 - genDependencies : Invalid condition id : UX DEVICE CLASS RTOS Condition cause : null
2024-10-08 12:30:21,788 [WARN] ConditionMgr:1039 - genDependencies : Invalid condition id : UX DEVICE CLASS RTOS Condition cause : null
2024-10-08 12:30:21,788 [WARN] ConditionMgr:1039 - genDependencies : Invalid condition id : UX DEVICE CLASS RTOS Condition cause : null
2024-10-08 12:30:21,813 [WARN] PackLoader:240 - Cannot read IP mode file for STMicroelectronics.X-CUBE-GNSS1.7.0.0
2024-10-08 12:30:21,839 [WARN] PackLoader:240 - Cannot read IP mode file for STMicroelectronics.FP-SNS-STBOX1.2.0.0
2024-10-08 12:30:21,887 [WARN] PackLoader:240 - Cannot read IP mode file for STMicroelectronics.X-CUBE-SUBG2.5.0.0
2024-10-08 12:30:21,901 [WARN] PackLoader:240 - Cannot read IP mode file for Cesanta.I-CUBE-Mongoose.7.13.0
2024-10-08 12:30:21,938 [WARN] PackLoader:240 - Cannot read IP mode file for STMicroelectronics.X-CUBE-AZRTOS-G4.2.0.0
2024-10-08 12:30:21,962 [WARN] PackLoader:240 - Cannot read IP mode file for STMicroelectronics.X-CUBE-ISPU.2.0.0
2024-10-08 12:30:21,987 [WARN] PackLoader:240 - Cannot read IP mode file for STMicroelectronics.X-CUBE-ALS.1.0.2
2024-10-08 12:30:22,008 [WARN] PackLoader:240 - Cannot read IP mode file for STMicroelectronics.X-CUBE-TOUCHGFX.4.24.0
2024-10-08 12:30:22,028 [WARN] PackLoader:240 - Cannot read IP mode file for STMicroelectronics.X-CUBE-TOUCHGFX.4.24.1
2024-10-08 12:30:22,034 [WARN] PackLoader:240 - Cannot read IP mode file for wolfSSL.I-CUBE-wolfTPM.3.4.0
2024-10-08 12:30:22,065 [WARN] PackLoader:240 - Cannot read IP mode file for portGmbH.I-Cube-SoM-uGOAL.1.1.0
2024-10-08 12:30:22,123 [WARN] PackLoader:240 - Cannot read IP mode file for STMicroelectronics.X-CUBE-AZRTOS-H7RS.1.0.0
2024-10-08 12:30:22,133 [WARN] PackLoader:240 - Cannot read IP mode file for STMicroelectronics.FP-ATR-ASTRA1.2.0.0
2024-10-08 12:30:22,167 [WARN] PackLoader:240 - Cannot read IP mode file for STMicroelectronics.X-CUBE-TOF1.3.4.2
2024-10-08 12:30:22,238 [WARN] PackLoader:240 - Cannot read IP mode file for Infineon.AIROC-Wi-Fi-Bluetooth-STM32.1.6.1
2024-10-08 12:30:22,248 [WARN] PackLoader:240 - Cannot read IP mode file for wolfSSL.I-CUBE-wolfSSH.1.4.17
2024-10-08 12:30:22,255 [INFO] ThirdParty:978 - Integrity check success = true
2024-10-08 12:30:22,255 [INFO] IntegrityCheckThread:100 - exiting critical section [integrity check]
2024-10-08 12:30:22,255 [INFO] IntegrityCheckThread:103 - End integrity checks thread
2024-10-08 12:30:25,097 [INFO] WebApp:167 - Instantiating new browser for Auth
2024-10-08 12:30:26,522 [INFO] WebApp:448 - Apply proxy settings
2024-10-08 12:30:26,522 [INFO] WebApp:533 - Chromium requires no authentication
2024-10-08 12:30:26,538 [INFO] WebApp:476 - Direct internet connection detected
2024-10-08 12:30:26,582 [INFO] WebApp:869 - Register for checkConnection events
2024-10-08 12:30:26,582 [INFO] WebApp:448 - Apply proxy settings
2024-10-08 12:30:26,582 [INFO] WebApp:533 - Chromium requires no authentication
2024-10-08 12:30:26,583 [INFO] WebApp:476 - Direct internet connection detected
2024-10-08 12:30:26,851 [INFO] WebApp:186 - Connection restablished
2024-10-08 12:30:26,929 [INFO] WebApp:220 - Starting web application
2024-10-08 12:30:26,929 [INFO] WebApp:578 - Web application path used C:\ST\STM32CubeIDE_1.16.0\STM32CubeIDE\plugins\com.st.stm32cube.common.mx_6.12.0.202406281431\db\plugins\mcufinder\reactClient1\index.html
2024-10-08 17:31:24,051 [INFO] WebApp:189 - Connection lost
2024-10-08 19:52:03,076 [INFO] WebApp:388 - JxBrowser engine has been closed 
2024-10-08 19:52:05,040 [ERROR] LogOutputStream:75 - [STDERR_REDIRECT] [Fatal Error] :1:1: Premature end of file.
2024-10-08 19:52:05,040 [ERROR] LogOutputStream:75 - [STDERR_REDIRECT] 
2024-10-08 19:52:05,838 [ERROR] LogOutputStream:75 - [STDERR_REDIRECT] [Fatal Error] :1:1: Premature end of file.
2024-10-08 19:52:05,838 [ERROR] LogOutputStream:75 - [STDERR_REDIRECT] 
2024-10-08 19:52:06,812 [ERROR] LogOutputStream:75 - [STDERR_REDIRECT] [Fatal Error] :1:1: Premature end of file.
2024-10-08 19:52:06,812 [ERROR] LogOutputStream:75 - [STDERR_REDIRECT] 
2024-10-08 19:52:07,815 [ERROR] LogOutputStream:75 - [STDERR_REDIRECT] [Fatal Error] :1:1: Premature end of file.
2024-10-08 19:52:07,815 [ERROR] LogOutputStream:75 - [STDERR_REDIRECT] 
2024-10-08 19:52:08,808 [ERROR] LogOutputStream:75 - [STDERR_REDIRECT] [Fatal Error] :1:1: Premature end of file.
2024-10-08 19:52:08,808 [ERROR] LogOutputStream:75 - [STDERR_REDIRECT] 
