2024-09-17 13:13:56,664 [INFO] Activator:176 - 


2024-09-17 13:13:56,672 [INFO] Activator:177 - !SESSION log4j initialized
2024-09-17 13:14:06,041 [INFO] LogOutputStream:77 - [STDOUT_REDIRECT] 
2024-09-17 13:14:15,084 [INFO] ApplicationProperties:184 - Using Application install path: C:\ST\STM32CubeIDE_1.16.0\STM32CubeIDE\plugins\com.st.stm32cube.common.mx_6.12.0.202406281431
2024-09-17 13:14:15,107 [INFO] DbMcusXml:78 - Set database path to: C:\ST\STM32CubeIDE_1.16.0\STM32CubeIDE\plugins\com.st.stm32cube.common.mx_6.12.0.202406281431\\db\/mcu/
2024-09-17 13:14:15,108 [INFO] ApiDb:274 - Set plugin database path to: C:\ST\STM32CubeIDE_1.16.0\STM32CubeIDE\plugins\com.st.stm32cube.common.mx_6.12.0.202406281431\\db\/plugins/boardmanager/
2024-09-17 13:14:15,108 [WARN] ApiDb:259 - Overriding images path with different value:  => C:\ST\STM32CubeIDE_1.16.0\STM32CubeIDE\plugins\com.st.stm32cube.common.mx_6.12.0.202406281431\\db\/plugins/mcufinder/images/
2024-09-17 13:14:15,120 [INFO] ApiDb:250 - Set database path to: C:\Users\karim\.stmcufinder\plugins\mcufinder//mcu/
2024-09-17 13:14:15,122 [INFO] DbMcusAds:125 - Set database path to: C:\Users\karim\.stmcufinder\plugins\mcufinder//mcu/
2024-09-17 13:14:15,125 [INFO] CrossReferenceDbSqlite:203 - Set database path to: C:\Users\karim\.stmcufinder\plugins\mcufinder//mcu/cs/
2024-09-17 13:14:15,276 [INFO] RulesReader:64 - Compatibility file has been processed (297 Rules)
2024-09-17 13:14:15,399 [INFO] DbMcusXml:78 - Set database path to: C:\ST\STM32CubeIDE_1.16.0\STM32CubeIDE\plugins\com.st.stm32cube.common.mx_6.12.0.202406281431\\db\/mcu/
2024-09-17 13:14:15,399 [INFO] ApiDb:274 - Set plugin database path to: C:\ST\STM32CubeIDE_1.16.0\STM32CubeIDE\plugins\com.st.stm32cube.common.mx_6.12.0.202406281431\\db\/plugins/boardmanager/
2024-09-17 13:14:15,400 [INFO] ApiDb:261 - Set plugin images path to: C:\ST\STM32CubeIDE_1.16.0\STM32CubeIDE\plugins\com.st.stm32cube.common.mx_6.12.0.202406281431\\db\/plugins/mcufinder/images/
2024-09-17 13:14:15,400 [WARN] DbFile:41 - Overriding database path with different value: C:\Users\karim\.stmcufinder\plugins\mcufinder/ => C:\Users\karim\.stmcufinder\plugins\mcufinder
2024-09-17 13:14:15,400 [INFO] ApiDb:250 - Set database path to: C:\Users\karim\.stmcufinder\plugins\mcufinder//mcu/
2024-09-17 13:14:15,401 [WARN] DbFile:41 - Overriding database path with different value: C:\Users\karim\.stmcufinder\plugins\mcufinder/ => C:\Users\karim\.stmcufinder\plugins\mcufinder
2024-09-17 13:14:15,401 [INFO] DbMcusAds:125 - Set database path to: C:\Users\karim\.stmcufinder\plugins\mcufinder//mcu/
2024-09-17 13:14:15,401 [WARN] DbFile:41 - Overriding database path with different value: C:\Users\karim\.stmcufinder\plugins\mcufinder/ => C:\Users\karim\.stmcufinder\plugins\mcufinder
2024-09-17 13:14:15,401 [WARN] DbFile:41 - Overriding database path with different value: C:\Users\karim\.stmcufinder\plugins\mcufinder/ => C:\Users\karim\.stmcufinder\plugins\mcufinder
2024-09-17 13:14:15,401 [INFO] CrossReferenceDbSqlite:203 - Set database path to: C:\Users\karim\.stmcufinder\plugins\mcufinder//mcu/cs/
2024-09-17 13:14:15,525 [INFO] MainPanel:268 - HeapMemory: 268435456
2024-09-17 13:14:15,674 [INFO] DbMcusXml:78 - Set database path to: C:\ST\STM32CubeIDE_1.16.0\STM32CubeIDE\plugins\com.st.stm32cube.common.mx_6.12.0.202406281431\\db\/mcu/
2024-09-17 13:14:15,674 [INFO] ApiDb:274 - Set plugin database path to: C:\ST\STM32CubeIDE_1.16.0\STM32CubeIDE\plugins\com.st.stm32cube.common.mx_6.12.0.202406281431\\db\/plugins/boardmanager/
2024-09-17 13:14:15,674 [INFO] ApiDb:261 - Set plugin images path to: C:\ST\STM32CubeIDE_1.16.0\STM32CubeIDE\plugins\com.st.stm32cube.common.mx_6.12.0.202406281431\\db\/plugins/mcufinder/images/
2024-09-17 13:14:15,675 [WARN] DbFile:41 - Overriding database path with different value: C:\Users\karim\.stmcufinder\plugins\mcufinder/ => C:\Users\karim\.stmcufinder\plugins\mcufinder
2024-09-17 13:14:15,675 [INFO] ApiDb:250 - Set database path to: C:\Users\karim\.stmcufinder\plugins\mcufinder//mcu/
2024-09-17 13:14:15,675 [WARN] DbFile:41 - Overriding database path with different value: C:\Users\karim\.stmcufinder\plugins\mcufinder/ => C:\Users\karim\.stmcufinder\plugins\mcufinder
2024-09-17 13:14:15,675 [INFO] DbMcusAds:125 - Set database path to: C:\Users\karim\.stmcufinder\plugins\mcufinder//mcu/
2024-09-17 13:14:15,675 [WARN] DbFile:41 - Overriding database path with different value: C:\Users\karim\.stmcufinder\plugins\mcufinder/ => C:\Users\karim\.stmcufinder\plugins\mcufinder
2024-09-17 13:14:15,676 [WARN] DbFile:41 - Overriding database path with different value: C:\Users\karim\.stmcufinder\plugins\mcufinder/ => C:\Users\karim\.stmcufinder\plugins\mcufinder
2024-09-17 13:14:15,676 [INFO] CrossReferenceDbSqlite:203 - Set database path to: C:\Users\karim\.stmcufinder\plugins\mcufinder//mcu/cs/
2024-09-17 13:14:15,698 [INFO] ApplicationProperties:184 - Using Application install path: C:\ST\STM32CubeIDE_1.16.0\STM32CubeIDE\plugins\com.st.stm32cube.common.mx_6.12.0.202406281431
2024-09-17 13:14:15,700 [INFO] PluginManage:196 - Search for loadable plugins [exclusion list=, ]
2024-09-17 13:14:15,702 [INFO] PluginManage:310 - Check plugin analytics
2024-09-17 13:14:20,935 [INFO] AnalyticsPlugin:253 - Accepted Software Licenses: 
2024-09-17 13:14:20,936 [INFO] AnalyticsPlugin:255 - Accepted CMSIS Pack Licenses: 
2024-09-17 13:14:20,936 [INFO] AnalyticsPlugin:257 - Accepted Firmware Licenses: FW.L4.1.18.0
2024-09-17 13:14:20,940 [INFO] PluginManage:359 - Loaded plugin analytics (category:tool,tabindex:-1)
2024-09-17 13:14:20,941 [INFO] PluginManage:310 - Check plugin cadmodel
2024-09-17 13:14:21,011 [INFO] CADModel:105 - Init CAD model plugin
2024-09-17 13:14:21,012 [INFO] PluginManage:359 - Loaded plugin cadmodel (category:power,tabindex:5)
2024-09-17 13:14:21,012 [INFO] PluginManage:310 - Check plugin clock
2024-09-17 13:14:21,047 [INFO] PluginManage:359 - Loaded plugin clock (category:base,tabindex:2)
2024-09-17 13:14:21,048 [INFO] PluginManage:310 - Check plugin ddr
2024-09-17 13:14:21,052 [INFO] PluginManage:359 - Loaded plugin ddr (category:tool,tabindex:6)
2024-09-17 13:14:21,052 [INFO] PluginManage:310 - Check plugin filemanager
2024-09-17 13:14:21,281 [INFO] PluginManage:359 - Loaded plugin filemanager (category:base,tabindex:10)
2024-09-17 13:14:21,281 [INFO] PluginManage:310 - Check plugin ipmanager
2024-09-17 13:14:21,292 [INFO] PluginManage:359 - Loaded plugin ipmanager (category:base,tabindex:5)
2024-09-17 13:14:21,293 [INFO] PluginManage:310 - Check plugin lpbam
2024-09-17 13:14:21,321 [INFO] PluginManage:359 - Loaded plugin lpbam (category:base,tabindex:0)
2024-09-17 13:14:21,321 [INFO] PluginManage:310 - Check plugin memorymap
2024-09-17 13:14:21,360 [INFO] PluginManage:359 - Loaded plugin memorymap (category:base,tabindex:4)
2024-09-17 13:14:21,360 [INFO] PluginManage:310 - Check plugin pinoutandconfiguration
2024-09-17 13:14:21,413 [INFO] PluginManage:359 - Loaded plugin pinoutandconfiguration (category:base,tabindex:1)
2024-09-17 13:14:21,414 [INFO] PluginManage:310 - Check plugin pinoutconfig
2024-09-17 13:14:21,579 [WARN] SupportedApi:132 - Cannot load RTOS API schema: s4s-elt-must-match.1: The content of 'definitions' must match (annotation?, (simpleType | complexType)?, (unique | key | keyref)*)). A problem was found starting at: attribute.
2024-09-17 13:14:21,876 [INFO] PluginManage:359 - Loaded plugin pinoutconfig (category:base,tabindex:0)
2024-09-17 13:14:21,876 [INFO] PluginManage:310 - Check plugin power
2024-09-17 13:14:21,954 [INFO] PluginManage:359 - Loaded plugin power (category:power,tabindex:4)
2024-09-17 13:14:21,954 [INFO] PluginManage:310 - Check plugin projectmanager
2024-09-17 13:14:21,994 [INFO] PluginManage:359 - Loaded plugin projectmanager (category:projectmanager,tabindex:4)
2024-09-17 13:14:21,995 [INFO] PluginManage:310 - Check plugin rif
2024-09-17 13:14:22,030 [INFO] PluginManage:359 - Loaded plugin rif (category:base,tabindex:3)
2024-09-17 13:14:22,031 [INFO] PluginManage:310 - Check plugin thirdparty
2024-09-17 13:14:22,923 [INFO] PluginManage:359 - Loaded plugin thirdparty (category:base,tabindex:-1)
2024-09-17 13:14:22,923 [WARN] IntegrityCheckThread:84 - waiting for thirdparty lock release [integrity check]
2024-09-17 13:14:22,923 [INFO] PluginManage:310 - Check plugin tools
2024-09-17 13:14:22,923 [INFO] IntegrityCheckThread:86 - entering critical section [integrity check]
2024-09-17 13:14:22,924 [INFO] ThirdPartyUpdaterWithRetryManager:70 - Updater plugin not ready yet. [1/15]
2024-09-17 13:14:23,050 [INFO] PluginManage:359 - Loaded plugin tools (category:base,tabindex:7)
2024-09-17 13:14:23,050 [INFO] PluginManage:310 - Check plugin tutovideos
2024-09-17 13:14:23,396 [INFO] PluginManage:359 - Loaded plugin tutovideos (category:base,tabindex:-1)
2024-09-17 13:14:23,397 [INFO] PluginManage:310 - Check plugin updater
2024-09-17 13:14:23,418 [INFO] PluginManage:359 - Loaded plugin updater (category:base,tabindex:12)
2024-09-17 13:14:23,420 [INFO] PluginManage:310 - Check plugin userauth
2024-09-17 13:14:23,427 [INFO] UserAuth:113 - Init User Auth plugin
2024-09-17 13:14:23,428 [INFO] PluginManage:359 - Loaded plugin userauth (category:base,tabindex:14)
2024-09-17 13:14:23,428 [INFO] PluginManage:283 - PluginManage : Loaded plugins [18]
2024-09-17 13:14:23,775 [INFO] PinOutPanel:1561 - setPackage(No Configuration,No Configuration)
2024-09-17 13:14:23,929 [INFO] CADModel:165 - CPN selected for project level
2024-09-17 13:14:23,930 [INFO] CADModel:114 - Register for checkConnection events
2024-09-17 13:14:23,977 [INFO] IPUIPlugin:80 - create IPUIPlugin
2024-09-17 13:14:23,977 [INFO] PluginManager:220 - loadIPPluginJar : add adc
2024-09-17 13:14:24,095 [INFO] IPUIPlugin:80 - create IPUIPlugin
2024-09-17 13:14:24,095 [INFO] PluginManager:220 - loadIPPluginJar : add aes
2024-09-17 13:14:24,206 [INFO] IPUIPlugin:80 - create IPUIPlugin
2024-09-17 13:14:24,206 [INFO] PluginManager:220 - loadIPPluginJar : add can
2024-09-17 13:14:24,267 [INFO] IPUIPlugin:80 - create IPUIPlugin
2024-09-17 13:14:24,268 [INFO] PluginManager:220 - loadIPPluginJar : add comp
2024-09-17 13:14:24,355 [INFO] IPUIPlugin:80 - create IPUIPlugin
2024-09-17 13:14:24,356 [INFO] PluginManager:220 - loadIPPluginJar : add cryp
2024-09-17 13:14:24,430 [INFO] IPUIPlugin:80 - create IPUIPlugin
2024-09-17 13:14:24,431 [INFO] PluginManager:220 - loadIPPluginJar : add ddr_ctrl_phy
2024-09-17 13:14:24,529 [INFO] IPUIPlugin:80 - create IPUIPlugin
2024-09-17 13:14:24,529 [INFO] PluginManager:220 - loadIPPluginJar : add dfsdm
2024-09-17 13:14:24,560 [INFO] IPUIPlugin:80 - create IPUIPlugin
2024-09-17 13:14:24,561 [INFO] PluginManager:220 - loadIPPluginJar : add dma
2024-09-17 13:14:24,654 [INFO] IPUIPlugin:80 - create IPUIPlugin
2024-09-17 13:14:24,655 [INFO] PluginManager:220 - loadIPPluginJar : add dma3
2024-09-17 13:14:24,771 [INFO] IPUIPlugin:80 - create IPUIPlugin
2024-09-17 13:14:24,772 [INFO] PluginManager:220 - loadIPPluginJar : add extmemmanager
2024-09-17 13:14:24,809 [INFO] IPUIPlugin:80 - create IPUIPlugin
2024-09-17 13:14:24,809 [INFO] PluginManager:220 - loadIPPluginJar : add fatfs
2024-09-17 13:14:24,980 [INFO] IPUIPlugin:80 - create IPUIPlugin
2024-09-17 13:14:24,980 [INFO] PluginManager:220 - loadIPPluginJar : add fmc
2024-09-17 13:14:25,017 [INFO] IPUIPlugin:80 - create IPUIPlugin
2024-09-17 13:14:25,017 [INFO] PluginManager:220 - loadIPPluginJar : add freertos
2024-09-17 13:14:25,081 [INFO] IPUIPlugin:80 - create IPUIPlugin
2024-09-17 13:14:25,081 [INFO] PluginManager:220 - loadIPPluginJar : add genericplugin
2024-09-17 13:14:25,280 [INFO] IPUIPlugin:80 - create IPUIPlugin
2024-09-17 13:14:25,280 [INFO] PluginManager:220 - loadIPPluginJar : add gfxmmu
2024-09-17 13:14:25,467 [INFO] IPUIPlugin:80 - create IPUIPlugin
2024-09-17 13:14:25,467 [INFO] PluginManager:220 - loadIPPluginJar : add gic
2024-09-17 13:14:25,483 [INFO] IPUIPlugin:80 - create IPUIPlugin
2024-09-17 13:14:25,484 [INFO] PluginManager:220 - loadIPPluginJar : add gpio
2024-09-17 13:14:25,636 [INFO] IPUIPlugin:80 - create IPUIPlugin
2024-09-17 13:14:25,636 [INFO] PluginManager:220 - loadIPPluginJar : add gtzc
2024-09-17 13:14:25,688 [INFO] IPUIPlugin:80 - create IPUIPlugin
2024-09-17 13:14:25,688 [INFO] PluginManager:220 - loadIPPluginJar : add hash
2024-09-17 13:14:25,772 [INFO] IPUIPlugin:80 - create IPUIPlugin
2024-09-17 13:14:25,772 [INFO] PluginManager:220 - loadIPPluginJar : add i2c
2024-09-17 13:14:25,833 [INFO] IPUIPlugin:80 - create IPUIPlugin
2024-09-17 13:14:25,833 [INFO] PluginManager:220 - loadIPPluginJar : add i2s
2024-09-17 13:14:25,929 [INFO] ThirdPartyUpdaterWithRetryManager:70 - Updater plugin not ready yet. [2/15]
2024-09-17 13:14:26,016 [INFO] IPUIPlugin:80 - create IPUIPlugin
2024-09-17 13:14:26,017 [INFO] PluginManager:220 - loadIPPluginJar : add i3c
2024-09-17 13:14:26,406 [INFO] IPUIPlugin:80 - create IPUIPlugin
2024-09-17 13:14:26,407 [INFO] PluginManager:220 - loadIPPluginJar : add ipddr
2024-09-17 13:14:27,104 [INFO] IPUIPlugin:80 - create IPUIPlugin
2024-09-17 13:14:27,104 [INFO] PluginManager:220 - loadIPPluginJar : add linkedlist
2024-09-17 13:14:27,375 [INFO] IPUIPlugin:80 - create IPUIPlugin
2024-09-17 13:14:27,376 [INFO] PluginManager:220 - loadIPPluginJar : add lorawan
2024-09-17 13:14:27,517 [INFO] IPUIPlugin:80 - create IPUIPlugin
2024-09-17 13:14:27,517 [INFO] PluginManager:220 - loadIPPluginJar : add ltdc
2024-09-17 13:14:27,598 [INFO] IPUIPlugin:80 - create IPUIPlugin
2024-09-17 13:14:27,598 [INFO] PluginManager:220 - loadIPPluginJar : add mdma
2024-09-17 13:14:27,643 [INFO] IPUIPlugin:80 - create IPUIPlugin
2024-09-17 13:14:27,644 [INFO] PluginManager:220 - loadIPPluginJar : add nvic
2024-09-17 13:14:27,764 [INFO] IPUIPlugin:80 - create IPUIPlugin
2024-09-17 13:14:27,764 [INFO] PluginManager:220 - loadIPPluginJar : add opamp
2024-09-17 13:14:27,975 [INFO] IPUIPlugin:80 - create IPUIPlugin
2024-09-17 13:14:27,975 [INFO] PluginManager:220 - loadIPPluginJar : add openamp
2024-09-17 13:14:28,104 [INFO] IPUIPlugin:80 - create IPUIPlugin
2024-09-17 13:14:28,104 [INFO] PluginManager:220 - loadIPPluginJar : add pdm2pcm
2024-09-17 13:14:28,159 [INFO] IPUIPlugin:80 - create IPUIPlugin
2024-09-17 13:14:28,162 [INFO] PluginManager:220 - loadIPPluginJar : add plateformsettings
2024-09-17 13:14:28,232 [INFO] IPUIPlugin:80 - create IPUIPlugin
2024-09-17 13:14:28,232 [INFO] PluginManager:220 - loadIPPluginJar : add quadspi
2024-09-17 13:14:28,290 [INFO] IPUIPlugin:80 - create IPUIPlugin
2024-09-17 13:14:28,292 [INFO] PluginManager:220 - loadIPPluginJar : add radio
2024-09-17 13:14:28,323 [INFO] IPUIPlugin:80 - create IPUIPlugin
2024-09-17 13:14:28,324 [INFO] PluginManager:220 - loadIPPluginJar : add resmgrutility
2024-09-17 13:14:28,437 [INFO] IPUIPlugin:80 - create IPUIPlugin
2024-09-17 13:14:28,437 [INFO] PluginManager:220 - loadIPPluginJar : add sai
2024-09-17 13:14:28,523 [INFO] IPUIPlugin:80 - create IPUIPlugin
2024-09-17 13:14:28,524 [INFO] PluginManager:220 - loadIPPluginJar : add spi
2024-09-17 13:14:28,701 [INFO] IPUIPlugin:80 - create IPUIPlugin
2024-09-17 13:14:28,701 [INFO] PluginManager:220 - loadIPPluginJar : add stm32_wpan
2024-09-17 13:14:28,735 [INFO] IPUIPlugin:80 - create IPUIPlugin
2024-09-17 13:14:28,735 [INFO] PluginManager:220 - loadIPPluginJar : add tim
2024-09-17 13:14:28,818 [INFO] IPUIPlugin:80 - create IPUIPlugin
2024-09-17 13:14:28,818 [INFO] PluginManager:220 - loadIPPluginJar : add touchsensing
2024-09-17 13:14:28,851 [INFO] IPUIPlugin:80 - create IPUIPlugin
2024-09-17 13:14:28,851 [INFO] PluginManager:220 - loadIPPluginJar : add tracer_emb
2024-09-17 13:14:28,897 [INFO] IPUIPlugin:80 - create IPUIPlugin
2024-09-17 13:14:28,897 [INFO] PluginManager:220 - loadIPPluginJar : add ts
2024-09-17 13:14:28,930 [INFO] ThirdPartyUpdaterWithRetryManager:70 - Updater plugin not ready yet. [3/15]
2024-09-17 13:14:28,934 [INFO] IPUIPlugin:80 - create IPUIPlugin
2024-09-17 13:14:28,934 [INFO] PluginManager:220 - loadIPPluginJar : add tsc
2024-09-17 13:14:28,992 [INFO] IPUIPlugin:80 - create IPUIPlugin
2024-09-17 13:14:28,993 [INFO] PluginManager:220 - loadIPPluginJar : add ucpd
2024-09-17 13:14:29,052 [INFO] IPUIPlugin:80 - create IPUIPlugin
2024-09-17 13:14:29,052 [INFO] PluginManager:220 - loadIPPluginJar : add usart
2024-09-17 13:14:29,109 [INFO] IPUIPlugin:80 - create IPUIPlugin
2024-09-17 13:14:29,109 [INFO] PluginManager:220 - loadIPPluginJar : add usbx
2024-09-17 13:14:29,258 [INFO] CADModel:165 - CPN selected for project level
2024-09-17 13:14:29,258 [INFO] CADModel:114 - Register for checkConnection events
2024-09-17 13:14:29,259 [FATAL] Updater:334 - Updater called before beeing initialized
2024-09-17 13:14:29,260 [ERROR] CADModel:125 - Updater not yet initialized, retry later 
2024-09-17 13:14:29,455 [INFO] CADModel:165 - CPN selected for project level
2024-09-17 13:14:29,455 [INFO] CADModel:114 - Register for checkConnection events
2024-09-17 13:14:29,455 [FATAL] Updater:334 - Updater called before beeing initialized
2024-09-17 13:14:29,455 [ERROR] CADModel:125 - Updater not yet initialized, retry later 
2024-09-17 13:14:29,460 [FATAL] Updater:334 - Updater called before beeing initialized
2024-09-17 13:14:29,658 [FATAL] Updater:334 - Updater called before beeing initialized
2024-09-17 13:14:29,710 [INFO] DbMcusAds:53 - JSON generation date=Thu May 16 11:22:00 CEST 2024 (1715851320667)
2024-09-17 13:14:29,710 [FATAL] Updater:334 - Updater called before beeing initialized
2024-09-17 13:14:29,765 [WARN] DetailPanel:346 - Failed to get advertising image, set to default
2024-09-17 13:14:29,893 [FATAL] Updater:334 - Updater called before beeing initialized
2024-09-17 13:14:29,895 [FATAL] Updater:334 - Updater called before beeing initialized
2024-09-17 13:14:29,895 [FATAL] Updater:334 - Updater called before beeing initialized
2024-09-17 13:14:29,895 [WARN] DetailPanel:346 - Failed to get advertising image, set to default
2024-09-17 13:14:29,896 [FATAL] Updater:334 - Updater called before beeing initialized
2024-09-17 13:14:29,980 [ERROR] Updater:1164 - MainUpdater not yet initialized. External WinMGr cannot be set.
2024-09-17 13:14:29,995 [INFO] Updater:1100 - Updater Version found : 6.12.0
2024-09-17 13:14:30,012 [INFO] ApplicationProperties:184 - Using Application install path: C:\ST\STM32CubeIDE_1.16.0\STM32CubeIDE\plugins\com.st.stm32cube.common.mx_6.12.0.202406281431
2024-09-17 13:14:31,603 [ERROR] LogOutputStream:75 - [STDERR_REDIRECT] Sep 17, 2024 1:14:31 PM java.util.prefs.WindowsPreferences <init>
2024-09-17 13:14:31,607 [ERROR] LogOutputStream:75 - [STDERR_REDIRECT] WARNING: Could not open/create prefs root node Software\JavaSoft\Prefs at root 0xffffffff80000002. Windows RegCreateKeyEx(...) returned error code 5.
2024-09-17 13:14:31,607 [ERROR] LogOutputStream:75 - [STDERR_REDIRECT] 
2024-09-17 13:14:31,931 [INFO] ThirdPartyUpdaterWithRetryManager:70 - Updater plugin not ready yet. [4/15]
2024-09-17 13:14:32,003 [INFO] MainUpdater:2873 - connection check result : 10
2024-09-17 13:14:32,004 [INFO] MainUpdater:290 - Updater Check For Update Now.
2024-09-17 13:14:32,005 [INFO] MicroXplorer:498 - Change Database Version : DB.6.0.120
2024-09-17 13:14:32,035 [INFO] McuFinderGlobals:63 - Set McuFinder mode to 2 (CubeIDE integrated)
2024-09-17 13:14:32,035 [INFO] UserAuth:179 - activating auth plugin
2024-09-17 13:14:32,043 [INFO] UserAuth:417 - Internet connection configuration mode: 1
2024-09-17 13:14:32,124 [INFO] JxBrowserEngine:152 - Initiate JxBrowser Engine with user profile folder
2024-09-17 13:14:32,322 [INFO] CheckServerUpdateThread:120 - End of CheckServer Thread
2024-09-17 13:14:35,402 [WARN] PackLoader:240 - Cannot read IP mode file for STMicroelectronics.FP-SNS-MOTENVWB1.1.4.0
2024-09-17 13:14:35,500 [WARN] PackLoader:240 - Cannot read IP mode file for STMicroelectronics.X-CUBE-SMBUS.2.1.0
2024-09-17 13:14:35,667 [WARN] PackLoader:240 - Cannot read IP mode file for STMicroelectronics.X-CUBE-AZRTOS-F7.1.1.0
2024-09-17 13:14:36,180 [WARN] PackLoader:240 - Cannot read IP mode file for STMicroelectronics.X-CUBE-MEMS1.11.0.0
2024-09-17 13:14:36,757 [INFO] WebApp:167 - Instantiating new browser for Auth
2024-09-17 13:14:37,058 [WARN] PackLoader:240 - Cannot read IP mode file for STMicroelectronics.FP-SNS-FLIGHT1.5.0.2
2024-09-17 13:14:37,143 [WARN] PackLoader:240 - Cannot read IP mode file for STMicroelectronics.X-CUBE-DISPLAY.3.0.0
2024-09-17 13:14:37,258 [WARN] PackLoader:240 - Cannot read IP mode file for STMicroelectronics.X-CUBE-BLE1.7.0.0
2024-09-17 13:14:37,318 [WARN] PackLoader:240 - Cannot read IP mode file for emotas.I-CUBE-CANOPEN.1.3.0
2024-09-17 13:14:37,751 [WARN] PackLoader:240 - Cannot read IP mode file for STMicroelectronics.X-CUBE-BLEMGR.3.1.0
2024-09-17 13:14:37,838 [WARN] PackLoader:240 - Cannot read IP mode file for STMicroelectronics.FP-SNS-SMARTAG2.1.2.0
2024-09-17 13:14:37,877 [INFO] LogOutputStream:77 - [STDOUT_REDIRECT] 1 : Invalid condition id : UX_CORESTACK_Condition cause : null
2024-09-17 13:14:37,878 [INFO] LogOutputStream:77 - [STDOUT_REDIRECT] 1 : Invalid condition id : UX_CORESTACK_Condition cause : null
2024-09-17 13:14:37,879 [INFO] LogOutputStream:77 - [STDOUT_REDIRECT] 1 : Invalid condition id : UX_CORESTACK_Condition cause : null
2024-09-17 13:14:37,881 [INFO] LogOutputStream:77 - [STDOUT_REDIRECT] 1 : Invalid condition id : UX_CORESTACK_Condition cause : null
2024-09-17 13:14:37,882 [INFO] LogOutputStream:77 - [STDOUT_REDIRECT] 1 : Invalid condition id : UX_CORESTACK_Condition cause : null
2024-09-17 13:14:37,885 [WARN] PackLoader:240 - Cannot read IP mode file for STMicroelectronics.X-CUBE-AZRTOS-WL.2.0.0
2024-09-17 13:14:37,949 [WARN] PackLoader:240 - Cannot read IP mode file for STMicroelectronics.FP-SNS-MOTENV1.5.0.0
2024-09-17 13:14:38,001 [WARN] PackLoader:240 - Cannot read IP mode file for wolfSSL.I-CUBE-wolfMQTT.1.19.0
2024-09-17 13:14:38,164 [WARN] PackLoader:240 - Cannot read IP mode file for WES.I-CUBE-Cesium.1.3.0
2024-09-17 13:14:38,416 [WARN] PackLoader:240 - Cannot read IP mode file for STMicroelectronics.X-CUBE-BLE2.3.3.0
2024-09-17 13:14:38,528 [WARN] PackLoader:240 - Cannot read IP mode file for STMicroelectronics.X-CUBE-TCPP.4.1.0
2024-09-17 13:14:38,715 [WARN] PackLoader:240 - Cannot read IP mode file for STMicroelectronics.X-CUBE-AZRTOS-G0.1.1.0
2024-09-17 13:14:38,742 [WARN] PackLoader:240 - Cannot read IP mode file for STMicroelectronics.X-CUBE-SAFEA1.1.2.2
2024-09-17 13:14:38,981 [WARN] PackLoader:240 - Cannot read IP mode file for STMicroelectronics.X-CUBE-NFC4.3.0.0
2024-09-17 13:14:39,026 [INFO] WebApp:448 - Apply proxy settings
2024-09-17 13:14:39,026 [INFO] WebApp:533 - Chromium requires no authentication
2024-09-17 13:14:39,040 [INFO] WebApp:476 - Direct internet connection detected
2024-09-17 13:14:39,079 [WARN] PackLoader:240 - Cannot read IP mode file for EmbeddedOffice.I-CUBE-FS-RTOS.1.0.1
2024-09-17 13:14:39,079 [ERROR] ConditionMgr:805 - Attr not supported : Dmpu
2024-09-17 13:14:39,080 [ERROR] ConditionMgr:805 - Attr not supported : Dmpu
2024-09-17 13:14:39,080 [ERROR] ConditionMgr:805 - Attr not supported : Dmpu
2024-09-17 13:14:39,080 [ERROR] ConditionMgr:805 - Attr not supported : Dmpu
2024-09-17 13:14:39,080 [ERROR] ConditionMgr:805 - Attr not supported : Dmpu
2024-09-17 13:14:39,080 [ERROR] ConditionMgr:805 - Attr not supported : Dmpu
2024-09-17 13:14:39,080 [ERROR] ConditionMgr:805 - Attr not supported : Dmpu
2024-09-17 13:14:39,080 [ERROR] ConditionMgr:805 - Attr not supported : Dmpu
2024-09-17 13:14:39,080 [ERROR] ConditionMgr:805 - Attr not supported : Dmpu
2024-09-17 13:14:39,080 [ERROR] ConditionMgr:805 - Attr not supported : Dmpu
2024-09-17 13:14:39,080 [INFO] WebApp:869 - Register for checkConnection events
2024-09-17 13:14:39,081 [ERROR] ConditionMgr:805 - Attr not supported : Dmpu
2024-09-17 13:14:39,081 [ERROR] ConditionMgr:805 - Attr not supported : Dmpu
2024-09-17 13:14:39,081 [INFO] WebApp:448 - Apply proxy settings
2024-09-17 13:14:39,081 [ERROR] ConditionMgr:805 - Attr not supported : Dmpu
2024-09-17 13:14:39,081 [INFO] WebApp:533 - Chromium requires no authentication
2024-09-17 13:14:39,081 [ERROR] ConditionMgr:805 - Attr not supported : Dmpu
2024-09-17 13:14:39,081 [ERROR] ConditionMgr:805 - Attr not supported : Dmpu
2024-09-17 13:14:39,081 [ERROR] ConditionMgr:805 - Attr not supported : Dmpu
2024-09-17 13:14:39,081 [ERROR] ConditionMgr:805 - Attr not supported : Dmpu
2024-09-17 13:14:39,081 [ERROR] ConditionMgr:805 - Attr not supported : Dmpu
2024-09-17 13:14:39,081 [ERROR] ConditionMgr:805 - Attr not supported : Dmpu
2024-09-17 13:14:39,081 [ERROR] ConditionMgr:805 - Attr not supported : Dmpu
2024-09-17 13:14:39,081 [INFO] WebApp:476 - Direct internet connection detected
2024-09-17 13:14:39,081 [ERROR] ConditionMgr:805 - Attr not supported : Dmpu
2024-09-17 13:14:39,082 [ERROR] ConditionMgr:805 - Attr not supported : Dmpu
2024-09-17 13:14:39,082 [ERROR] ConditionMgr:805 - Attr not supported : Dmpu
2024-09-17 13:14:39,082 [ERROR] ConditionMgr:805 - Attr not supported : Dmpu
2024-09-17 13:14:39,082 [ERROR] ConditionMgr:805 - Attr not supported : Dmpu
2024-09-17 13:14:39,082 [ERROR] ConditionMgr:805 - Attr not supported : Dmpu
2024-09-17 13:14:39,082 [ERROR] ConditionMgr:805 - Attr not supported : Dmpu
2024-09-17 13:14:39,082 [ERROR] ConditionMgr:805 - Attr not supported : Dmpu
2024-09-17 13:14:39,083 [ERROR] ConditionMgr:805 - Attr not supported : Dmpu
2024-09-17 13:14:39,083 [ERROR] ConditionMgr:805 - Attr not supported : Dmpu
2024-09-17 13:14:39,083 [ERROR] ConditionMgr:805 - Attr not supported : Dmpu
2024-09-17 13:14:39,083 [ERROR] ConditionMgr:805 - Attr not supported : Dmpu
2024-09-17 13:14:39,083 [ERROR] ConditionMgr:805 - Attr not supported : Dmpu
2024-09-17 13:14:39,083 [ERROR] ConditionMgr:805 - Attr not supported : Dmpu
2024-09-17 13:14:39,083 [ERROR] ConditionMgr:805 - Attr not supported : Dmpu
2024-09-17 13:14:39,083 [ERROR] ConditionMgr:805 - Attr not supported : Dmpu
2024-09-17 13:14:39,083 [ERROR] ConditionMgr:805 - Attr not supported : Dmpu
2024-09-17 13:14:39,084 [ERROR] ConditionMgr:805 - Attr not supported : Dmpu
2024-09-17 13:14:39,084 [ERROR] ConditionMgr:805 - Attr not supported : Dmpu
2024-09-17 13:14:39,084 [ERROR] ConditionMgr:805 - Attr not supported : Dmpu
2024-09-17 13:14:39,084 [ERROR] ConditionMgr:805 - Attr not supported : Dmpu
2024-09-17 13:14:39,084 [ERROR] ConditionMgr:805 - Attr not supported : Dmpu
2024-09-17 13:14:39,084 [ERROR] ConditionMgr:805 - Attr not supported : Dmpu
2024-09-17 13:14:39,084 [ERROR] ConditionMgr:805 - Attr not supported : Dmpu
2024-09-17 13:14:39,084 [ERROR] ConditionMgr:805 - Attr not supported : Dmpu
2024-09-17 13:14:39,085 [ERROR] ConditionMgr:805 - Attr not supported : Dmpu
2024-09-17 13:14:39,085 [ERROR] ConditionMgr:805 - Attr not supported : Dmpu
2024-09-17 13:14:39,085 [ERROR] ConditionMgr:805 - Attr not supported : Dmpu
2024-09-17 13:14:39,085 [ERROR] ConditionMgr:805 - Attr not supported : Dmpu
2024-09-17 13:14:39,085 [ERROR] ConditionMgr:805 - Attr not supported : Dmpu
2024-09-17 13:14:39,085 [ERROR] ConditionMgr:805 - Attr not supported : Dmpu
2024-09-17 13:14:39,085 [ERROR] ConditionMgr:805 - Attr not supported : Dmpu
2024-09-17 13:14:39,085 [ERROR] ConditionMgr:805 - Attr not supported : Dmpu
2024-09-17 13:14:39,085 [ERROR] ConditionMgr:805 - Attr not supported : Dmpu
2024-09-17 13:14:39,086 [ERROR] ConditionMgr:805 - Attr not supported : Dmpu
2024-09-17 13:14:39,086 [ERROR] ConditionMgr:805 - Attr not supported : Dmpu
2024-09-17 13:14:39,086 [ERROR] ConditionMgr:805 - Attr not supported : Dmpu
2024-09-17 13:14:39,086 [ERROR] ConditionMgr:805 - Attr not supported : Dmpu
2024-09-17 13:14:39,086 [ERROR] ConditionMgr:805 - Attr not supported : Dmpu
2024-09-17 13:14:39,086 [ERROR] ConditionMgr:805 - Attr not supported : Dmpu
2024-09-17 13:14:39,086 [ERROR] ConditionMgr:805 - Attr not supported : Dmpu
2024-09-17 13:14:39,086 [ERROR] ConditionMgr:805 - Attr not supported : Dmpu
2024-09-17 13:14:39,086 [ERROR] ConditionMgr:805 - Attr not supported : Dmpu
2024-09-17 13:14:39,087 [ERROR] ConditionMgr:805 - Attr not supported : Dmpu
2024-09-17 13:14:39,109 [WARN] PackLoader:240 - Cannot read IP mode file for RealThread.X-CUBE-RT-Thread_Nano.4.1.1
2024-09-17 13:14:39,229 [WARN] PackLoader:240 - Cannot read IP mode file for STMicroelectronics.FP-ATR-SIGFOX1.3.2.0
2024-09-17 13:14:39,264 [WARN] PackLoader:240 - Cannot read IP mode file for wolfSSL.I-CUBE-wolfSSL.5.7.2
2024-09-17 13:14:39,285 [WARN] PackLoader:240 - Cannot read IP mode file for STMicroelectronics.X-CUBE-EEPRMA1.5.1.0
2024-09-17 13:14:39,336 [WARN] PackLoader:240 - Cannot read IP mode file for ITTIA_DB.I-CUBE-ITTIADB.8.9.0
2024-09-17 13:14:39,407 [INFO] WebApp:220 - Starting web application
2024-09-17 13:14:39,407 [INFO] WebApp:578 - Web application path used C:\ST\STM32CubeIDE_1.16.0\STM32CubeIDE\plugins\com.st.stm32cube.common.mx_6.12.0.202406281431\db\plugins\mcufinder\reactClient1\index.html
2024-09-17 13:14:39,526 [WARN] PackLoader:240 - Cannot read IP mode file for SEGGER.I-CUBE-embOS.1.3.1
2024-09-17 13:14:39,846 [WARN] PackLoader:240 - Cannot read IP mode file for STMicroelectronics.X-CUBE-ALGOBUILD.1.4.0
2024-09-17 13:14:39,868 [WARN] PackLoader:240 - Cannot read IP mode file for STMicroelectronics.X-CUBE-GNSS1.6.0.0
2024-09-17 13:14:39,943 [WARN] PackLoader:240 - Cannot read IP mode file for STMicroelectronics.X-CUBE-AZRTOS-F4.1.1.0
2024-09-17 13:14:39,966 [WARN] PackLoader:240 - Cannot read IP mode file for STMicroelectronics.X-CUBE-FREERTOS.1.2.0
2024-09-17 13:14:40,044 [WARN] PackLoader:240 - Cannot read IP mode file for STMicroelectronics.X-CUBE-AZRTOS-L5.2.0.0
2024-09-17 13:14:40,215 [WARN] PackLoader:240 - Cannot read IP mode file for STMicroelectronics.X-CUBE-NFC6.3.1.0
2024-09-17 13:14:40,244 [WARN] PackLoader:240 - Cannot read IP mode file for STMicroelectronics.X-CUBE-DPower.1.2.0
2024-09-17 13:14:40,305 [WARN] PackLoader:240 - Cannot read IP mode file for STMicroelectronics.X-CUBE-AI.9.0.0
2024-09-17 13:14:40,360 [WARN] PackLoader:240 - Cannot read IP mode file for STMicroelectronics.X-CUBE-NFC7.1.0.1
2024-09-17 13:14:40,440 [WARN] ConditionMgr:438 - getConditionDescription Invalid condition id : LAN8742 Phy interface Condition cause : null
2024-09-17 13:14:40,441 [WARN] PackLoader:240 - Cannot read IP mode file for STMicroelectronics.X-CUBE-AZRTOS-L4.2.0.0
2024-09-17 13:14:40,443 [WARN] ConditionMgr:1039 - genDependencies : Invalid condition id : LAN8742 Phy interface Condition cause : null
2024-09-17 13:14:40,444 [WARN] ConditionMgr:1039 - genDependencies : Invalid condition id : LAN8742 Phy interface Condition cause : null
2024-09-17 13:14:40,445 [WARN] ConditionMgr:1039 - genDependencies : Invalid condition id : LAN8742 Phy interface Condition cause : null
2024-09-17 13:14:40,469 [WARN] PackLoader:240 - Cannot read IP mode file for STMicroelectronics.X-CUBE-SFXS2LP1.4.0.0
2024-09-17 13:14:40,528 [WARN] PackLoader:240 - Cannot read IP mode file for STMicroelectronics.X-CUBE-AZRTOS-H7.3.3.0
2024-09-17 13:14:40,570 [WARN] ConditionMgr:438 - getConditionDescription Invalid condition id : UX DEVICE CLASS RTOS Condition cause : null
2024-09-17 13:14:40,571 [WARN] ConditionMgr:438 - getConditionDescription Invalid condition id : UX DEVICE CLASS RTOS Condition cause : null
2024-09-17 13:14:40,575 [WARN] PackLoader:240 - Cannot read IP mode file for STMicroelectronics.X-CUBE-AZRTOS-WB.2.0.0
2024-09-17 13:14:40,575 [WARN] ConditionMgr:1039 - genDependencies : Invalid condition id : UX DEVICE CLASS RTOS Condition cause : null
2024-09-17 13:14:40,576 [WARN] ConditionMgr:1039 - genDependencies : Invalid condition id : UX DEVICE CLASS RTOS Condition cause : null
2024-09-17 13:14:40,576 [WARN] ConditionMgr:1039 - genDependencies : Invalid condition id : UX DEVICE CLASS RTOS Condition cause : null
2024-09-17 13:14:40,577 [WARN] ConditionMgr:1039 - genDependencies : Invalid condition id : UX DEVICE CLASS RTOS Condition cause : null
2024-09-17 13:14:40,577 [WARN] ConditionMgr:1039 - genDependencies : Invalid condition id : UX DEVICE CLASS RTOS Condition cause : null
2024-09-17 13:14:40,602 [WARN] PackLoader:240 - Cannot read IP mode file for STMicroelectronics.X-CUBE-GNSS1.7.0.0
2024-09-17 13:14:40,633 [WARN] PackLoader:240 - Cannot read IP mode file for STMicroelectronics.FP-SNS-STBOX1.2.0.0
2024-09-17 13:14:40,694 [WARN] PackLoader:240 - Cannot read IP mode file for STMicroelectronics.X-CUBE-SUBG2.5.0.0
2024-09-17 13:14:40,720 [WARN] PackLoader:240 - Cannot read IP mode file for Cesanta.I-CUBE-Mongoose.7.13.0
2024-09-17 13:14:40,761 [WARN] PackLoader:240 - Cannot read IP mode file for STMicroelectronics.X-CUBE-AZRTOS-G4.2.0.0
2024-09-17 13:14:40,877 [WARN] PackLoader:240 - Cannot read IP mode file for STMicroelectronics.X-CUBE-ISPU.2.0.0
2024-09-17 13:14:40,928 [WARN] PackLoader:240 - Cannot read IP mode file for STMicroelectronics.X-CUBE-ALS.1.0.2
2024-09-17 13:14:40,995 [WARN] PackLoader:240 - Cannot read IP mode file for STMicroelectronics.X-CUBE-TOUCHGFX.4.24.0
2024-09-17 13:14:41,194 [WARN] PackLoader:240 - Cannot read IP mode file for wolfSSL.I-CUBE-wolfTPM.3.4.0
2024-09-17 13:14:41,238 [WARN] PackLoader:240 - Cannot read IP mode file for portGmbH.I-Cube-SoM-uGOAL.1.1.0
2024-09-17 13:14:41,300 [WARN] PackLoader:240 - Cannot read IP mode file for STMicroelectronics.X-CUBE-AZRTOS-H7RS.1.0.0
2024-09-17 13:14:41,335 [WARN] PackLoader:240 - Cannot read IP mode file for STMicroelectronics.FP-ATR-ASTRA1.2.0.0
2024-09-17 13:14:41,387 [WARN] PackLoader:240 - Cannot read IP mode file for STMicroelectronics.X-CUBE-TOF1.3.4.2
2024-09-17 13:14:41,454 [WARN] PackLoader:240 - Cannot read IP mode file for Infineon.AIROC-Wi-Fi-Bluetooth-STM32.1.6.1
2024-09-17 13:14:41,617 [WARN] PackLoader:240 - Cannot read IP mode file for wolfSSL.I-CUBE-wolfSSH.1.4.17
2024-09-17 13:14:41,618 [INFO] ThirdParty:978 - Integrity check success = true
2024-09-17 13:14:41,618 [INFO] IntegrityCheckThread:100 - exiting critical section [integrity check]
2024-09-17 13:14:41,619 [INFO] IntegrityCheckThread:103 - End integrity checks thread
2024-09-17 13:14:42,521 [INFO] WebApp:186 - Connection restablished
