2024-09-07 18:29:23,377 [INFO] Activator:176 - 


2024-09-07 18:29:23,379 [INFO] Activator:177 - !SESSION log4j initialized
2024-09-07 18:29:31,286 [INFO] LogOutputStream:77 - [STDOUT_REDIRECT] 
2024-09-07 18:29:35,381 [INFO] ApplicationProperties:184 - Using Application install path: C:\ST\STM32CubeIDE_1.16.0\STM32CubeIDE\plugins\com.st.stm32cube.common.mx_6.12.0.202406281431
2024-09-07 18:29:35,404 [INFO] DbMcusXml:78 - Set database path to: C:\ST\STM32CubeIDE_1.16.0\STM32CubeIDE\plugins\com.st.stm32cube.common.mx_6.12.0.202406281431\\db\/mcu/
2024-09-07 18:29:35,404 [INFO] ApiDb:274 - Set plugin database path to: C:\ST\STM32CubeIDE_1.16.0\STM32CubeIDE\plugins\com.st.stm32cube.common.mx_6.12.0.202406281431\\db\/plugins/boardmanager/
2024-09-07 18:29:35,404 [WARN] ApiDb:259 - Overriding images path with different value:  => C:\ST\STM32CubeIDE_1.16.0\STM32CubeIDE\plugins\com.st.stm32cube.common.mx_6.12.0.202406281431\\db\/plugins/mcufinder/images/
2024-09-07 18:29:37,290 [WARN] ApiFinderProperties:113 - C:\Users\karim\.stmcufinder\plugins\mcufinder\mcu\mcuFinder.mfd doesn't exist
2024-09-07 18:29:37,291 [INFO] ApiDb:250 - Set database path to: C:\Users\karim\.stmcufinder\plugins\mcufinder//mcu/
2024-09-07 18:29:37,293 [INFO] DbMcusAds:125 - Set database path to: C:\Users\karim\.stmcufinder\plugins\mcufinder//mcu/
2024-09-07 18:29:37,297 [INFO] CrossReferenceDbSqlite:203 - Set database path to: C:\Users\karim\.stmcufinder\plugins\mcufinder//mcu/cs/
2024-09-07 18:29:37,537 [INFO] RulesReader:64 - Compatibility file has been processed (297 Rules)
2024-09-07 18:29:37,672 [INFO] DbMcusXml:78 - Set database path to: C:\ST\STM32CubeIDE_1.16.0\STM32CubeIDE\plugins\com.st.stm32cube.common.mx_6.12.0.202406281431\\db\/mcu/
2024-09-07 18:29:37,672 [INFO] ApiDb:274 - Set plugin database path to: C:\ST\STM32CubeIDE_1.16.0\STM32CubeIDE\plugins\com.st.stm32cube.common.mx_6.12.0.202406281431\\db\/plugins/boardmanager/
2024-09-07 18:29:37,672 [INFO] ApiDb:261 - Set plugin images path to: C:\ST\STM32CubeIDE_1.16.0\STM32CubeIDE\plugins\com.st.stm32cube.common.mx_6.12.0.202406281431\\db\/plugins/mcufinder/images/
2024-09-07 18:29:37,673 [WARN] DbFile:41 - Overriding database path with different value: C:\Users\karim\.stmcufinder\plugins\mcufinder/ => C:\Users\karim\.stmcufinder\plugins\mcufinder
2024-09-07 18:29:37,673 [INFO] ApiDb:250 - Set database path to: C:\Users\karim\.stmcufinder\plugins\mcufinder//mcu/
2024-09-07 18:29:37,673 [WARN] DbFile:41 - Overriding database path with different value: C:\Users\karim\.stmcufinder\plugins\mcufinder/ => C:\Users\karim\.stmcufinder\plugins\mcufinder
2024-09-07 18:29:37,673 [INFO] DbMcusAds:125 - Set database path to: C:\Users\karim\.stmcufinder\plugins\mcufinder//mcu/
2024-09-07 18:29:37,673 [WARN] DbFile:41 - Overriding database path with different value: C:\Users\karim\.stmcufinder\plugins\mcufinder/ => C:\Users\karim\.stmcufinder\plugins\mcufinder
2024-09-07 18:29:37,673 [WARN] DbFile:41 - Overriding database path with different value: C:\Users\karim\.stmcufinder\plugins\mcufinder/ => C:\Users\karim\.stmcufinder\plugins\mcufinder
2024-09-07 18:29:37,673 [INFO] CrossReferenceDbSqlite:203 - Set database path to: C:\Users\karim\.stmcufinder\plugins\mcufinder//mcu/cs/
2024-09-07 18:29:37,797 [INFO] MainPanel:268 - HeapMemory: 268435456
2024-09-07 18:29:37,953 [INFO] DbMcusXml:78 - Set database path to: C:\ST\STM32CubeIDE_1.16.0\STM32CubeIDE\plugins\com.st.stm32cube.common.mx_6.12.0.202406281431\\db\/mcu/
2024-09-07 18:29:37,954 [INFO] ApiDb:274 - Set plugin database path to: C:\ST\STM32CubeIDE_1.16.0\STM32CubeIDE\plugins\com.st.stm32cube.common.mx_6.12.0.202406281431\\db\/plugins/boardmanager/
2024-09-07 18:29:37,954 [INFO] ApiDb:261 - Set plugin images path to: C:\ST\STM32CubeIDE_1.16.0\STM32CubeIDE\plugins\com.st.stm32cube.common.mx_6.12.0.202406281431\\db\/plugins/mcufinder/images/
2024-09-07 18:29:37,954 [WARN] DbFile:41 - Overriding database path with different value: C:\Users\karim\.stmcufinder\plugins\mcufinder/ => C:\Users\karim\.stmcufinder\plugins\mcufinder
2024-09-07 18:29:37,954 [INFO] ApiDb:250 - Set database path to: C:\Users\karim\.stmcufinder\plugins\mcufinder//mcu/
2024-09-07 18:29:37,955 [WARN] DbFile:41 - Overriding database path with different value: C:\Users\karim\.stmcufinder\plugins\mcufinder/ => C:\Users\karim\.stmcufinder\plugins\mcufinder
2024-09-07 18:29:37,955 [INFO] DbMcusAds:125 - Set database path to: C:\Users\karim\.stmcufinder\plugins\mcufinder//mcu/
2024-09-07 18:29:37,955 [WARN] DbFile:41 - Overriding database path with different value: C:\Users\karim\.stmcufinder\plugins\mcufinder/ => C:\Users\karim\.stmcufinder\plugins\mcufinder
2024-09-07 18:29:37,955 [WARN] DbFile:41 - Overriding database path with different value: C:\Users\karim\.stmcufinder\plugins\mcufinder/ => C:\Users\karim\.stmcufinder\plugins\mcufinder
2024-09-07 18:29:37,955 [INFO] CrossReferenceDbSqlite:203 - Set database path to: C:\Users\karim\.stmcufinder\plugins\mcufinder//mcu/cs/
2024-09-07 18:29:37,976 [INFO] ApplicationProperties:184 - Using Application install path: C:\ST\STM32CubeIDE_1.16.0\STM32CubeIDE\plugins\com.st.stm32cube.common.mx_6.12.0.202406281431
2024-09-07 18:29:37,977 [INFO] PluginManage:196 - Search for loadable plugins [exclusion list=, ]
2024-09-07 18:29:37,980 [INFO] PluginManage:310 - Check plugin analytics
2024-09-07 18:29:38,234 [INFO] AnalyticsPlugin:253 - Accepted Software Licenses: 
2024-09-07 18:29:38,234 [INFO] AnalyticsPlugin:255 - Accepted CMSIS Pack Licenses: 
2024-09-07 18:29:38,234 [INFO] AnalyticsPlugin:257 - Accepted Firmware Licenses: 
2024-09-07 18:29:38,238 [INFO] PluginManage:359 - Loaded plugin analytics (category:tool,tabindex:-1)
2024-09-07 18:29:38,239 [INFO] PluginManage:310 - Check plugin cadmodel
2024-09-07 18:29:38,264 [INFO] CADModel:105 - Init CAD model plugin
2024-09-07 18:29:38,264 [INFO] PluginManage:359 - Loaded plugin cadmodel (category:power,tabindex:5)
2024-09-07 18:29:38,264 [INFO] PluginManage:310 - Check plugin clock
2024-09-07 18:29:38,292 [INFO] PluginManage:359 - Loaded plugin clock (category:base,tabindex:2)
2024-09-07 18:29:38,292 [INFO] PluginManage:310 - Check plugin ddr
2024-09-07 18:29:38,298 [INFO] PluginManage:359 - Loaded plugin ddr (category:tool,tabindex:6)
2024-09-07 18:29:38,298 [INFO] PluginManage:310 - Check plugin filemanager
2024-09-07 18:29:38,535 [INFO] PluginManage:359 - Loaded plugin filemanager (category:base,tabindex:10)
2024-09-07 18:29:38,535 [INFO] PluginManage:310 - Check plugin ipmanager
2024-09-07 18:29:38,545 [INFO] PluginManage:359 - Loaded plugin ipmanager (category:base,tabindex:5)
2024-09-07 18:29:38,546 [INFO] PluginManage:310 - Check plugin lpbam
2024-09-07 18:29:38,572 [INFO] PluginManage:359 - Loaded plugin lpbam (category:base,tabindex:0)
2024-09-07 18:29:38,572 [INFO] PluginManage:310 - Check plugin memorymap
2024-09-07 18:29:38,601 [INFO] PluginManage:359 - Loaded plugin memorymap (category:base,tabindex:4)
2024-09-07 18:29:38,601 [INFO] PluginManage:310 - Check plugin pinoutandconfiguration
2024-09-07 18:29:38,622 [INFO] PluginManage:359 - Loaded plugin pinoutandconfiguration (category:base,tabindex:1)
2024-09-07 18:29:38,622 [INFO] PluginManage:310 - Check plugin pinoutconfig
2024-09-07 18:29:38,750 [WARN] SupportedApi:132 - Cannot load RTOS API schema: s4s-elt-must-match.1: The content of 'definitions' must match (annotation?, (simpleType | complexType)?, (unique | key | keyref)*)). A problem was found starting at: attribute.
2024-09-07 18:29:38,997 [INFO] PluginManage:359 - Loaded plugin pinoutconfig (category:base,tabindex:0)
2024-09-07 18:29:38,997 [INFO] PluginManage:310 - Check plugin power
2024-09-07 18:29:39,023 [INFO] PluginManage:359 - Loaded plugin power (category:power,tabindex:4)
2024-09-07 18:29:39,023 [INFO] PluginManage:310 - Check plugin projectmanager
2024-09-07 18:29:39,053 [INFO] PluginManage:359 - Loaded plugin projectmanager (category:projectmanager,tabindex:4)
2024-09-07 18:29:39,053 [INFO] PluginManage:310 - Check plugin rif
2024-09-07 18:29:39,076 [INFO] PluginManage:359 - Loaded plugin rif (category:base,tabindex:3)
2024-09-07 18:29:39,077 [INFO] PluginManage:310 - Check plugin thirdparty
2024-09-07 18:29:39,418 [INFO] PluginManage:359 - Loaded plugin thirdparty (category:base,tabindex:-1)
2024-09-07 18:29:39,418 [WARN] IntegrityCheckThread:84 - waiting for thirdparty lock release [integrity check]
2024-09-07 18:29:39,418 [INFO] PluginManage:310 - Check plugin tools
2024-09-07 18:29:39,418 [INFO] IntegrityCheckThread:86 - entering critical section [integrity check]
2024-09-07 18:29:39,419 [INFO] ThirdPartyUpdaterWithRetryManager:70 - Updater plugin not ready yet. [1/15]
2024-09-07 18:29:39,494 [INFO] PluginManage:359 - Loaded plugin tools (category:base,tabindex:7)
2024-09-07 18:29:39,494 [INFO] PluginManage:310 - Check plugin tutovideos
2024-09-07 18:29:39,695 [INFO] PluginManage:359 - Loaded plugin tutovideos (category:base,tabindex:-1)
2024-09-07 18:29:39,695 [INFO] PluginManage:310 - Check plugin updater
2024-09-07 18:29:39,713 [INFO] PluginManage:359 - Loaded plugin updater (category:base,tabindex:12)
2024-09-07 18:29:39,713 [INFO] PluginManage:310 - Check plugin userauth
2024-09-07 18:29:39,719 [INFO] UserAuth:113 - Init User Auth plugin
2024-09-07 18:29:39,720 [INFO] PluginManage:359 - Loaded plugin userauth (category:base,tabindex:14)
2024-09-07 18:29:39,720 [INFO] PluginManage:283 - PluginManage : Loaded plugins [18]
2024-09-07 18:29:39,957 [INFO] PinOutPanel:1561 - setPackage(No Configuration,No Configuration)
2024-09-07 18:29:40,059 [INFO] CADModel:165 - CPN selected for project level
2024-09-07 18:29:40,059 [INFO] CADModel:114 - Register for checkConnection events
2024-09-07 18:29:40,086 [INFO] IPUIPlugin:80 - create IPUIPlugin
2024-09-07 18:29:40,086 [INFO] PluginManager:220 - loadIPPluginJar : add adc
2024-09-07 18:29:40,169 [INFO] IPUIPlugin:80 - create IPUIPlugin
2024-09-07 18:29:40,169 [INFO] PluginManager:220 - loadIPPluginJar : add aes
2024-09-07 18:29:40,252 [INFO] IPUIPlugin:80 - create IPUIPlugin
2024-09-07 18:29:40,252 [INFO] PluginManager:220 - loadIPPluginJar : add can
2024-09-07 18:29:40,315 [INFO] IPUIPlugin:80 - create IPUIPlugin
2024-09-07 18:29:40,315 [INFO] PluginManager:220 - loadIPPluginJar : add comp
2024-09-07 18:29:40,379 [INFO] IPUIPlugin:80 - create IPUIPlugin
2024-09-07 18:29:40,379 [INFO] PluginManager:220 - loadIPPluginJar : add cryp
2024-09-07 18:29:40,409 [INFO] IPUIPlugin:80 - create IPUIPlugin
2024-09-07 18:29:40,409 [INFO] PluginManager:220 - loadIPPluginJar : add ddr_ctrl_phy
2024-09-07 18:29:40,455 [INFO] IPUIPlugin:80 - create IPUIPlugin
2024-09-07 18:29:40,455 [INFO] PluginManager:220 - loadIPPluginJar : add dfsdm
2024-09-07 18:29:40,490 [INFO] IPUIPlugin:80 - create IPUIPlugin
2024-09-07 18:29:40,490 [INFO] PluginManager:220 - loadIPPluginJar : add dma
2024-09-07 18:29:40,612 [INFO] IPUIPlugin:80 - create IPUIPlugin
2024-09-07 18:29:40,612 [INFO] PluginManager:220 - loadIPPluginJar : add dma3
2024-09-07 18:29:40,737 [INFO] IPUIPlugin:80 - create IPUIPlugin
2024-09-07 18:29:40,737 [INFO] PluginManager:220 - loadIPPluginJar : add extmemmanager
2024-09-07 18:29:40,784 [INFO] IPUIPlugin:80 - create IPUIPlugin
2024-09-07 18:29:40,784 [INFO] PluginManager:220 - loadIPPluginJar : add fatfs
2024-09-07 18:29:40,910 [INFO] IPUIPlugin:80 - create IPUIPlugin
2024-09-07 18:29:40,910 [INFO] PluginManager:220 - loadIPPluginJar : add fmc
2024-09-07 18:29:40,957 [INFO] IPUIPlugin:80 - create IPUIPlugin
2024-09-07 18:29:40,957 [INFO] PluginManager:220 - loadIPPluginJar : add freertos
2024-09-07 18:29:41,004 [INFO] IPUIPlugin:80 - create IPUIPlugin
2024-09-07 18:29:41,004 [INFO] PluginManager:220 - loadIPPluginJar : add genericplugin
2024-09-07 18:29:41,254 [INFO] IPUIPlugin:80 - create IPUIPlugin
2024-09-07 18:29:41,254 [INFO] PluginManager:220 - loadIPPluginJar : add gfxmmu
2024-09-07 18:29:41,600 [INFO] IPUIPlugin:80 - create IPUIPlugin
2024-09-07 18:29:41,600 [INFO] PluginManager:220 - loadIPPluginJar : add gic
2024-09-07 18:29:41,631 [INFO] IPUIPlugin:80 - create IPUIPlugin
2024-09-07 18:29:41,631 [INFO] PluginManager:220 - loadIPPluginJar : add gpio
2024-09-07 18:29:41,962 [INFO] IPUIPlugin:80 - create IPUIPlugin
2024-09-07 18:29:41,962 [INFO] PluginManager:220 - loadIPPluginJar : add gtzc
2024-09-07 18:29:42,062 [INFO] IPUIPlugin:80 - create IPUIPlugin
2024-09-07 18:29:42,062 [INFO] PluginManager:220 - loadIPPluginJar : add hash
2024-09-07 18:29:42,201 [INFO] IPUIPlugin:80 - create IPUIPlugin
2024-09-07 18:29:42,201 [INFO] PluginManager:220 - loadIPPluginJar : add i2c
2024-09-07 18:29:42,317 [INFO] IPUIPlugin:80 - create IPUIPlugin
2024-09-07 18:29:42,317 [INFO] PluginManager:220 - loadIPPluginJar : add i2s
2024-09-07 18:29:42,425 [INFO] ThirdPartyUpdaterWithRetryManager:70 - Updater plugin not ready yet. [2/15]
2024-09-07 18:29:42,441 [INFO] IPUIPlugin:80 - create IPUIPlugin
2024-09-07 18:29:42,441 [INFO] PluginManager:220 - loadIPPluginJar : add i3c
2024-09-07 18:29:42,758 [INFO] IPUIPlugin:80 - create IPUIPlugin
2024-09-07 18:29:42,758 [INFO] PluginManager:220 - loadIPPluginJar : add ipddr
2024-09-07 18:29:43,000 [INFO] IPUIPlugin:80 - create IPUIPlugin
2024-09-07 18:29:43,000 [INFO] PluginManager:220 - loadIPPluginJar : add linkedlist
2024-09-07 18:29:43,099 [INFO] IPUIPlugin:80 - create IPUIPlugin
2024-09-07 18:29:43,099 [INFO] PluginManager:220 - loadIPPluginJar : add lorawan
2024-09-07 18:29:43,210 [INFO] IPUIPlugin:80 - create IPUIPlugin
2024-09-07 18:29:43,210 [INFO] PluginManager:220 - loadIPPluginJar : add ltdc
2024-09-07 18:29:43,299 [INFO] IPUIPlugin:80 - create IPUIPlugin
2024-09-07 18:29:43,299 [INFO] PluginManager:220 - loadIPPluginJar : add mdma
2024-09-07 18:29:43,321 [INFO] IPUIPlugin:80 - create IPUIPlugin
2024-09-07 18:29:43,321 [INFO] PluginManager:220 - loadIPPluginJar : add nvic
2024-09-07 18:29:43,411 [INFO] IPUIPlugin:80 - create IPUIPlugin
2024-09-07 18:29:43,411 [INFO] PluginManager:220 - loadIPPluginJar : add opamp
2024-09-07 18:29:43,599 [INFO] IPUIPlugin:80 - create IPUIPlugin
2024-09-07 18:29:43,599 [INFO] PluginManager:220 - loadIPPluginJar : add openamp
2024-09-07 18:29:43,740 [INFO] IPUIPlugin:80 - create IPUIPlugin
2024-09-07 18:29:43,740 [INFO] PluginManager:220 - loadIPPluginJar : add pdm2pcm
2024-09-07 18:29:43,773 [INFO] IPUIPlugin:80 - create IPUIPlugin
2024-09-07 18:29:43,787 [INFO] PluginManager:220 - loadIPPluginJar : add plateformsettings
2024-09-07 18:29:43,849 [INFO] IPUIPlugin:80 - create IPUIPlugin
2024-09-07 18:29:43,849 [INFO] PluginManager:220 - loadIPPluginJar : add quadspi
2024-09-07 18:29:43,899 [INFO] IPUIPlugin:80 - create IPUIPlugin
2024-09-07 18:29:43,899 [INFO] PluginManager:220 - loadIPPluginJar : add radio
2024-09-07 18:29:43,929 [INFO] IPUIPlugin:80 - create IPUIPlugin
2024-09-07 18:29:43,929 [INFO] PluginManager:220 - loadIPPluginJar : add resmgrutility
2024-09-07 18:29:44,023 [INFO] IPUIPlugin:80 - create IPUIPlugin
2024-09-07 18:29:44,023 [INFO] PluginManager:220 - loadIPPluginJar : add sai
2024-09-07 18:29:44,117 [INFO] IPUIPlugin:80 - create IPUIPlugin
2024-09-07 18:29:44,117 [INFO] PluginManager:220 - loadIPPluginJar : add spi
2024-09-07 18:29:44,273 [INFO] IPUIPlugin:80 - create IPUIPlugin
2024-09-07 18:29:44,273 [INFO] PluginManager:220 - loadIPPluginJar : add stm32_wpan
2024-09-07 18:29:44,320 [INFO] IPUIPlugin:80 - create IPUIPlugin
2024-09-07 18:29:44,320 [INFO] PluginManager:220 - loadIPPluginJar : add tim
2024-09-07 18:29:44,509 [INFO] IPUIPlugin:80 - create IPUIPlugin
2024-09-07 18:29:44,509 [INFO] PluginManager:220 - loadIPPluginJar : add touchsensing
2024-09-07 18:29:44,557 [INFO] IPUIPlugin:80 - create IPUIPlugin
2024-09-07 18:29:44,562 [INFO] PluginManager:220 - loadIPPluginJar : add tracer_emb
2024-09-07 18:29:44,624 [INFO] IPUIPlugin:80 - create IPUIPlugin
2024-09-07 18:29:44,624 [INFO] PluginManager:220 - loadIPPluginJar : add ts
2024-09-07 18:29:44,678 [INFO] IPUIPlugin:80 - create IPUIPlugin
2024-09-07 18:29:44,678 [INFO] PluginManager:220 - loadIPPluginJar : add tsc
2024-09-07 18:29:44,729 [INFO] IPUIPlugin:80 - create IPUIPlugin
2024-09-07 18:29:44,729 [INFO] PluginManager:220 - loadIPPluginJar : add ucpd
2024-09-07 18:29:44,841 [INFO] IPUIPlugin:80 - create IPUIPlugin
2024-09-07 18:29:44,841 [INFO] PluginManager:220 - loadIPPluginJar : add usart
2024-09-07 18:29:44,962 [INFO] IPUIPlugin:80 - create IPUIPlugin
2024-09-07 18:29:44,967 [INFO] PluginManager:220 - loadIPPluginJar : add usbx
2024-09-07 18:29:45,181 [INFO] CADModel:165 - CPN selected for project level
2024-09-07 18:29:45,181 [INFO] CADModel:114 - Register for checkConnection events
2024-09-07 18:29:45,181 [FATAL] Updater:334 - Updater called before beeing initialized
2024-09-07 18:29:45,181 [ERROR] CADModel:125 - Updater not yet initialized, retry later 
2024-09-07 18:29:45,440 [INFO] ThirdPartyUpdaterWithRetryManager:70 - Updater plugin not ready yet. [3/15]
2024-09-07 18:29:45,488 [INFO] CADModel:165 - CPN selected for project level
2024-09-07 18:29:45,488 [INFO] CADModel:114 - Register for checkConnection events
2024-09-07 18:29:45,488 [FATAL] Updater:334 - Updater called before beeing initialized
2024-09-07 18:29:45,488 [ERROR] CADModel:125 - Updater not yet initialized, retry later 
2024-09-07 18:29:45,488 [FATAL] Updater:334 - Updater called before beeing initialized
2024-09-07 18:29:45,722 [FATAL] Updater:334 - Updater called before beeing initialized
2024-09-07 18:29:45,726 [INFO] DbMcusAds:53 - JSON generation date=Thu Sep 30 08:55:09 CEST 2021 (1632984909247)
2024-09-07 18:29:45,726 [FATAL] Updater:334 - Updater called before beeing initialized
2024-09-07 18:29:45,832 [WARN] DetailPanel:346 - Failed to get advertising image, set to default
2024-09-07 18:29:46,038 [FATAL] Updater:334 - Updater called before beeing initialized
2024-09-07 18:29:46,038 [FATAL] Updater:334 - Updater called before beeing initialized
2024-09-07 18:29:46,038 [FATAL] Updater:334 - Updater called before beeing initialized
2024-09-07 18:29:46,038 [WARN] DetailPanel:346 - Failed to get advertising image, set to default
2024-09-07 18:29:46,038 [FATAL] Updater:334 - Updater called before beeing initialized
2024-09-07 18:29:46,179 [ERROR] Updater:1164 - MainUpdater not yet initialized. External WinMGr cannot be set.
2024-09-07 18:29:46,210 [INFO] Updater:1100 - Updater Version found : 6.12.0
2024-09-07 18:29:46,242 [INFO] ApplicationProperties:184 - Using Application install path: C:\ST\STM32CubeIDE_1.16.0\STM32CubeIDE\plugins\com.st.stm32cube.common.mx_6.12.0.202406281431
2024-09-07 18:29:47,904 [ERROR] LogOutputStream:75 - [STDERR_REDIRECT] Sep 07, 2024 6:29:47 PM java.util.prefs.WindowsPreferences <init>
2024-09-07 18:29:47,911 [ERROR] LogOutputStream:75 - [STDERR_REDIRECT] WARNING: Could not open/create prefs root node Software\JavaSoft\Prefs at root 0xffffffff80000002. Windows RegCreateKeyEx(...) returned error code 5.
2024-09-07 18:29:47,911 [ERROR] LogOutputStream:75 - [STDERR_REDIRECT] 
2024-09-07 18:29:47,983 [INFO] MainUpdater:526 - Copy updater definitions from MX database
2024-09-07 18:29:48,094 [INFO] MainUpdater:559 - Copy flag file definitions from MX database
2024-09-07 18:29:48,102 [INFO] MainUpdater:575 - Copy thirdparty index definitions from MX database
2024-09-07 18:29:48,104 [INFO] MainUpdater:594 - Copy default thirdparty db definitions from MX database
2024-09-07 18:29:48,441 [FATAL] Updater:334 - Updater called before beeing initialized
2024-09-07 18:29:48,441 [ERROR] IntegrityCheckThread:130 - Cannot retrieve database content from updater: error 21
2024-09-07 18:29:48,444 [INFO] ThirdParty:978 - Integrity check success = false
2024-09-07 18:29:48,444 [INFO] IntegrityCheckThread:100 - exiting critical section [integrity check]
2024-09-07 18:29:48,444 [INFO] IntegrityCheckThread:103 - End integrity checks thread
2024-09-07 18:29:48,888 [INFO] MainUpdater:2873 - connection check result : 10
2024-09-07 18:29:48,888 [INFO] MainUpdater:3567 - Updater definition file requires update
2024-09-07 18:29:48,888 [INFO] MainUpdater:290 - Updater Check For Update Now.
2024-09-07 18:29:48,888 [INFO] MicroXplorer:498 - Change Database Version : DB.6.0.120
2024-09-07 18:29:48,914 [INFO] McuFinderGlobals:63 - Set McuFinder mode to 2 (CubeIDE integrated)
2024-09-07 18:29:48,914 [INFO] UserAuth:179 - activating auth plugin
2024-09-07 18:29:48,931 [INFO] UserAuth:417 - Internet connection configuration mode: 1
2024-09-07 18:29:48,994 [INFO] JxBrowserEngine:152 - Initiate JxBrowser Engine with user profile folder
2024-09-07 18:29:49,234 [INFO] ServerAccessManage:473 - Download File updaters.zip
2024-09-07 18:29:55,444 [INFO] FileExtend:240 - Unzip File : updaters.zip
2024-09-07 18:29:55,444 [INFO] FileExtend:255 - Standard Zip Deflate
2024-09-07 18:29:56,887 [INFO] ServerAccessManage:473 - Download File PacksControlFlags.xml
2024-09-07 18:29:57,921 [INFO] ServerAccessManage:473 - Download File cubemx.pidx
2024-09-07 18:29:58,870 [INFO] ServerAccessManage:473 - Download File STMicroelectronics.FP-ATR-ASTRA1.pdsc
2024-09-07 18:29:59,374 [INFO] WebApp:167 - Instantiating new browser for Auth
2024-09-07 18:30:00,189 [INFO] ServerAccessManage:473 - Download File STMicroelectronics.FP-ATR-SIGFOX1.pdsc
2024-09-07 18:30:00,541 [INFO] ServerAccessManage:473 - Download File STMicroelectronics.FP-SNS-STBOX1.pdsc
2024-09-07 18:30:01,027 [INFO] WebApp:448 - Apply proxy settings
2024-09-07 18:30:01,027 [INFO] WebApp:533 - Chromium requires no authentication
2024-09-07 18:30:01,041 [INFO] WebApp:476 - Direct internet connection detected
2024-09-07 18:30:01,080 [INFO] WebApp:869 - Register for checkConnection events
2024-09-07 18:30:01,080 [INFO] WebApp:448 - Apply proxy settings
2024-09-07 18:30:01,080 [INFO] WebApp:533 - Chromium requires no authentication
2024-09-07 18:30:01,080 [INFO] WebApp:476 - Direct internet connection detected
2024-09-07 18:30:01,127 [INFO] ServerAccessManage:473 - Download File STMicroelectronics.FP-SNS-FLIGHT1.pdsc
2024-09-07 18:30:01,371 [INFO] WebApp:220 - Starting web application
2024-09-07 18:30:01,371 [INFO] WebApp:578 - Web application path used C:\ST\STM32CubeIDE_1.16.0\STM32CubeIDE\plugins\com.st.stm32cube.common.mx_6.12.0.202406281431\db\plugins\mcufinder\reactClient1\index.html
2024-09-07 18:30:02,238 [INFO] WebApp:186 - Connection restablished
2024-09-07 18:30:03,248 [INFO] ServerAccessManage:473 - Download File STMicroelectronics.FP-SNS-MOTENV1.pdsc
2024-09-07 18:30:03,963 [INFO] ServerAccessManage:473 - Download File STMicroelectronics.FP-SNS-MOTENVWB1.pdsc
2024-09-07 18:30:04,895 [INFO] ServerAccessManage:473 - Download File STMicroelectronics.FP-SNS-SMARTAG2.pdsc
2024-09-07 18:30:05,557 [INFO] ServerAccessManage:473 - Download File STMicroelectronics.X-CUBE-AI.pdsc
2024-09-07 18:30:06,568 [INFO] ServerAccessManage:473 - Download File STMicroelectronics.X-CUBE-ALS.pdsc
2024-09-07 18:30:06,915 [INFO] ServerAccessManage:473 - Download File STMicroelectronics.X-CUBE-BLE1.pdsc
2024-09-07 18:30:09,616 [ERROR] ServerAccessManage:1089 - Problem, file not found on Server
2024-09-07 18:30:09,792 [INFO] ServerAccessManage:473 - Download File STMicroelectronics.X-CUBE-BLE2.pdsc
2024-09-07 18:30:11,458 [INFO] ServerAccessManage:473 - Download File STMicroelectronics.X-CUBE-BLEMGR.pdsc
2024-09-07 18:30:14,317 [INFO] ServerAccessManage:473 - Download File STMicroelectronics.X-CUBE-DISPLAY.pdsc
2024-09-07 18:30:16,475 [INFO] ServerAccessManage:473 - Download File STMicroelectronics.X-CUBE-DPOWER.pdsc
2024-09-07 18:30:17,018 [ERROR] ServerAccessManage:1089 - Problem, file not found on Server
2024-09-07 18:30:17,267 [ERROR] ServerAccessManage:1089 - Problem, file not found on Server
2024-09-07 18:30:17,811 [ERROR] ServerAccessManage:1089 - Problem, file not found on Server
2024-09-07 18:30:18,002 [ERROR] ServerAccessManage:1089 - Problem, file not found on Server
2024-09-07 18:30:18,133 [ERROR] ServerAccessManage:1089 - Problem, file not found on Server
2024-09-07 18:30:18,258 [ERROR] ServerAccessManage:1089 - Problem, file not found on Server
2024-09-07 18:30:18,565 [ERROR] ServerAccessManage:1089 - Problem, file not found on Server
2024-09-07 18:30:18,634 [ERROR] ServerAccessManage:1089 - Problem, file not found on Server
2024-09-07 18:30:18,733 [ERROR] ServerAccessManage:1089 - Problem, file not found on Server
2024-09-07 18:30:18,852 [ERROR] ServerAccessManage:1089 - Problem, file not found on Server
2024-09-07 18:30:18,997 [ERROR] ServerAccessManage:1089 - Problem, file not found on Server
2024-09-07 18:30:19,028 [INFO] ServerAccessManage:473 - Download File STMicroelectronics.X-CUBE-EEPRMA1.pdsc
2024-09-07 18:30:19,302 [ERROR] ServerAccessManage:1089 - Problem, file not found on Server
2024-09-07 18:30:19,505 [ERROR] ServerAccessManage:1089 - Problem, file not found on Server
2024-09-07 18:30:19,776 [INFO] ServerAccessManage:473 - Download File STMicroelectronics.X-CUBE-FREERTOS.pdsc
2024-09-07 18:30:20,883 [INFO] ServerAccessManage:473 - Download File STMicroelectronics.X-CUBE-GNSS1.pdsc
2024-09-07 18:30:23,977 [ERROR] ServerAccessManage:1089 - Problem, file not found on Server
2024-09-07 18:30:24,172 [ERROR] ServerAccessManage:1089 - Problem, file not found on Server
2024-09-07 18:30:24,470 [ERROR] ServerAccessManage:1089 - Problem, file not found on Server
2024-09-07 18:30:24,769 [ERROR] ServerAccessManage:1089 - Problem, file not found on Server
2024-09-07 18:30:24,972 [ERROR] ServerAccessManage:1089 - Problem, file not found on Server
2024-09-07 18:30:25,273 [ERROR] ServerAccessManage:1089 - Problem, file not found on Server
2024-09-07 18:30:25,427 [INFO] ServerAccessManage:473 - Download File STMicroelectronics.X-CUBE-ISPU.pdsc
2024-09-07 18:30:27,815 [INFO] ServerAccessManage:473 - Download File STMicroelectronics.X-CUBE-MEMS1.pdsc
2024-09-07 18:30:41,657 [INFO] ServerAccessManage:473 - Download File STMicroelectronics.X-CUBE-NFC4.pdsc
2024-09-07 18:30:45,362 [INFO] ServerAccessManage:473 - Download File STMicroelectronics.X-CUBE-NFC6.pdsc
2024-09-07 18:30:46,270 [INFO] ServerAccessManage:473 - Download File STMicroelectronics.X-CUBE-NFC7.pdsc
2024-09-07 18:30:47,063 [INFO] ServerAccessManage:473 - Download File STMicroelectronics.X-CUBE-SFXS2LP1.pdsc
2024-09-07 18:30:48,225 [INFO] ServerAccessManage:473 - Download File STMicroelectronics.X-CUBE-SAFEA1.pdsc
2024-09-07 18:30:48,962 [INFO] ServerAccessManage:473 - Download File STMicroelectronics.X-CUBE-SUBG2.pdsc
2024-09-07 18:30:51,377 [INFO] ServerAccessManage:473 - Download File STMicroelectronics.X-CUBE-SMBUS.pdsc
2024-09-07 18:30:52,009 [ERROR] ServerAccessManage:1089 - Problem, file not found on Server
2024-09-07 18:30:52,102 [INFO] ServerAccessManage:473 - Download File STMicroelectronics.X-CUBE-TCPP.pdsc
2024-09-07 18:30:52,532 [INFO] ServerAccessManage:473 - Download File STMicroelectronics.X-CUBE-TOF1.pdsc
2024-09-07 18:30:54,522 [ERROR] ServerAccessManage:1089 - Problem, file not found on Server
2024-09-07 18:30:54,599 [INFO] ServerAccessManage:473 - Download File STMicroelectronics.X-CUBE-TOUCHGFX.pdsc
2024-09-07 18:30:58,914 [INFO] ServerAccessManage:473 - Download File STMicroelectronics.X-CUBE-ALGOBUILD.pdsc
2024-09-07 18:31:04,262 [INFO] ServerAccessManage:473 - Download File STMicroelectronics.X-CUBE-AZRTOS-H7.pdsc
2024-09-07 18:31:15,964 [INFO] ServerAccessManage:473 - Download File STMicroelectronics.X-CUBE-AZRTOS-H7RS.pdsc
2024-09-07 18:31:18,795 [INFO] ServerAccessManage:473 - Download File STMicroelectronics.X-CUBE-AZRTOS-F4.pdsc
2024-09-07 18:31:21,463 [INFO] ServerAccessManage:473 - Download File STMicroelectronics.X-CUBE-AZRTOS-F7.pdsc
2024-09-07 18:31:23,877 [INFO] ServerAccessManage:473 - Download File STMicroelectronics.X-CUBE-AZRTOS-L4.pdsc
2024-09-07 18:31:26,351 [INFO] ServerAccessManage:473 - Download File STMicroelectronics.X-CUBE-AZRTOS-L5.pdsc
2024-09-07 18:31:27,875 [INFO] ServerAccessManage:473 - Download File STMicroelectronics.X-CUBE-AZRTOS-G0.pdsc
2024-09-07 18:31:29,015 [INFO] ServerAccessManage:473 - Download File STMicroelectronics.X-CUBE-AZRTOS-G4.pdsc
2024-09-07 18:31:29,979 [INFO] ServerAccessManage:473 - Download File STMicroelectronics.X-CUBE-AZRTOS-WB.pdsc
2024-09-07 18:31:31,942 [INFO] ServerAccessManage:473 - Download File STMicroelectronics.X-CUBE-AZRTOS-WL.pdsc
2024-09-07 18:31:33,767 [INFO] ServerAccessManage:473 - Download File wolfSSL.I-CUBE-wolfSSL.pdsc
2024-09-07 18:31:39,505 [ERROR] ServerAccessManage:1089 - Problem, file not found on Server
2024-09-07 18:31:39,982 [ERROR] ServerAccessManage:1089 - Problem, file not found on Server
2024-09-07 18:31:40,493 [ERROR] ServerAccessManage:1089 - Problem, file not found on Server
2024-09-07 18:31:40,607 [INFO] ServerAccessManage:473 - Download File wolfSSL.I-CUBE-wolfMQTT.pdsc
2024-09-07 18:31:43,351 [ERROR] ServerAccessManage:1089 - Problem, file not found on Server
2024-09-07 18:31:43,456 [INFO] ServerAccessManage:473 - Download File wolfSSL.I-CUBE-wolfTPM.pdsc
2024-09-07 18:31:44,377 [INFO] ServerAccessManage:473 - Download File wolfSSL.I-CUBE-wolfSSH.pdsc
2024-09-07 18:31:46,206 [INFO] ServerAccessManage:473 - Download File RealThread.X-CUBE-RT-Thread_Nano.pdsc
2024-09-07 18:31:46,842 [INFO] ServerAccessManage:473 - Download File SEGGER.I-CUBE-embOS.pdsc
2024-09-07 18:31:49,436 [INFO] ServerAccessManage:473 - Download File portGmbH.I-Cube-SoM-uGOAL.pdsc
2024-09-07 18:31:49,954 [ERROR] ServerAccessManage:1089 - Problem, file not found on Server
2024-09-07 18:31:49,991 [ERROR] ServerAccessManage:1089 - Problem, file not found on Server
2024-09-07 18:31:50,031 [ERROR] ServerAccessManage:1089 - Problem, file not found on Server
2024-09-07 18:31:50,421 [INFO] ServerAccessManage:473 - Download File emotas.I-CUBE-CANOPEN.pdsc
2024-09-07 18:31:51,645 [INFO] ServerAccessManage:473 - Download File WES.I-CUBE-Cesium.pdsc
2024-09-07 18:31:52,727 [ERROR] ServerAccessManage:1089 - Problem, file not found on Server
2024-09-07 18:31:53,056 [ERROR] ServerAccessManage:1089 - Problem, file not found on Server
2024-09-07 18:31:54,133 [INFO] ServerAccessManage:473 - Download File ITTIA_DB.I-CUBE-ITTIADB.pdsc
2024-09-07 18:31:58,452 [INFO] ServerAccessManage:473 - Download File Infineon.AIROC-Wi-Fi-Bluetooth-STM32.pdsc
2024-09-07 18:32:02,303 [INFO] ServerAccessManage:473 - Download File Cesanta.I-CUBE-Mongoose.pdsc
2024-09-07 18:32:05,212 [INFO] ServerAccessManage:473 - Download File EmbeddedOffice.I-CUBE-FS-RTOS.pdsc
2024-09-07 18:32:06,006 [WARN] PackLoader:240 - Cannot read IP mode file for STMicroelectronics.FP-ATR-ASTRA1.2.0.0
2024-09-07 18:32:06,035 [WARN] PackLoader:240 - Cannot read IP mode file for STMicroelectronics.FP-ATR-SIGFOX1.3.2.0
2024-09-07 18:32:06,084 [WARN] PackLoader:240 - Cannot read IP mode file for STMicroelectronics.FP-SNS-STBOX1.2.0.0
2024-09-07 18:32:06,116 [WARN] CheckServerUpdateThread:151 - Open CheckUpdateFile Fail
2024-09-07 18:32:06,241 [WARN] PackLoader:240 - Cannot read IP mode file for STMicroelectronics.FP-SNS-FLIGHT1.5.0.2
2024-09-07 18:32:06,253 [WARN] PackLoader:240 - Cannot read IP mode file for STMicroelectronics.FP-SNS-MOTENV1.5.0.0
2024-09-07 18:32:06,291 [WARN] PackLoader:240 - Cannot read IP mode file for STMicroelectronics.FP-SNS-MOTENVWB1.1.4.0
2024-09-07 18:32:06,318 [WARN] PackLoader:240 - Cannot read IP mode file for STMicroelectronics.FP-SNS-SMARTAG2.1.2.0
2024-09-07 18:32:06,352 [WARN] PackLoader:240 - Cannot read IP mode file for STMicroelectronics.X-CUBE-AI.9.0.0
2024-09-07 18:32:06,385 [WARN] PackLoader:240 - Cannot read IP mode file for STMicroelectronics.X-CUBE-ALS.1.0.2
2024-09-07 18:32:06,401 [WARN] PackLoader:240 - Cannot read IP mode file for STMicroelectronics.X-CUBE-BLE1.7.0.0
2024-09-07 18:32:06,412 [INFO] CheckServerUpdateThread:120 - End of CheckServer Thread
2024-09-07 18:32:06,426 [WARN] PackLoader:240 - Cannot read IP mode file for STMicroelectronics.X-CUBE-BLE2.3.3.0
2024-09-07 18:32:06,494 [WARN] PackLoader:240 - Cannot read IP mode file for STMicroelectronics.X-CUBE-BLEMGR.3.1.0
2024-09-07 18:32:06,591 [WARN] PackLoader:240 - Cannot read IP mode file for STMicroelectronics.X-CUBE-DISPLAY.3.0.0
2024-09-07 18:32:06,652 [WARN] PackLoader:240 - Cannot read IP mode file for STMicroelectronics.X-CUBE-DPower.1.2.0
2024-09-07 18:32:06,684 [WARN] PackLoader:240 - Cannot read IP mode file for STMicroelectronics.X-CUBE-EEPRMA1.5.1.0
2024-09-07 18:32:06,758 [WARN] PackLoader:240 - Cannot read IP mode file for STMicroelectronics.X-CUBE-FREERTOS.1.2.0
2024-09-07 18:32:06,774 [WARN] PackLoader:240 - Cannot read IP mode file for STMicroelectronics.X-CUBE-GNSS1.6.0.0
2024-09-07 18:32:06,792 [WARN] PackLoader:240 - Cannot read IP mode file for STMicroelectronics.X-CUBE-ISPU.2.0.0
2024-09-07 18:32:07,005 [WARN] PackLoader:240 - Cannot read IP mode file for STMicroelectronics.X-CUBE-MEMS1.11.0.0
2024-09-07 18:32:07,704 [WARN] PackLoader:240 - Cannot read IP mode file for STMicroelectronics.X-CUBE-NFC4.3.0.0
2024-09-07 18:32:07,733 [WARN] PackLoader:240 - Cannot read IP mode file for STMicroelectronics.X-CUBE-NFC6.3.1.0
2024-09-07 18:32:07,756 [WARN] PackLoader:240 - Cannot read IP mode file for STMicroelectronics.X-CUBE-NFC7.1.0.1
2024-09-07 18:32:07,776 [WARN] PackLoader:240 - Cannot read IP mode file for STMicroelectronics.X-CUBE-SFXS2LP1.4.0.0
2024-09-07 18:32:07,791 [WARN] PackLoader:240 - Cannot read IP mode file for STMicroelectronics.X-CUBE-SAFEA1.1.2.2
2024-09-07 18:32:07,817 [WARN] PackLoader:240 - Cannot read IP mode file for STMicroelectronics.X-CUBE-SUBG2.5.0.0
2024-09-07 18:32:07,844 [WARN] PackLoader:240 - Cannot read IP mode file for STMicroelectronics.X-CUBE-SMBUS.2.1.0
2024-09-07 18:32:07,861 [WARN] PackLoader:240 - Cannot read IP mode file for STMicroelectronics.X-CUBE-TCPP.4.1.0
2024-09-07 18:32:07,917 [WARN] PackLoader:240 - Cannot read IP mode file for STMicroelectronics.X-CUBE-TOF1.3.4.2
2024-09-07 18:32:07,954 [WARN] PackLoader:240 - Cannot read IP mode file for STMicroelectronics.X-CUBE-TOUCHGFX.4.24.0
2024-09-07 18:32:07,976 [WARN] PackLoader:240 - Cannot read IP mode file for STMicroelectronics.X-CUBE-ALGOBUILD.1.4.0
2024-09-07 18:32:08,150 [WARN] PackLoader:240 - Cannot read IP mode file for STMicroelectronics.X-CUBE-AZRTOS-H7.3.3.0
2024-09-07 18:32:08,334 [WARN] PackLoader:240 - Cannot read IP mode file for STMicroelectronics.X-CUBE-AZRTOS-H7RS.1.0.0
2024-09-07 18:32:08,391 [WARN] PackLoader:240 - Cannot read IP mode file for STMicroelectronics.X-CUBE-AZRTOS-F4.1.1.0
2024-09-07 18:32:08,452 [WARN] PackLoader:240 - Cannot read IP mode file for STMicroelectronics.X-CUBE-AZRTOS-F7.1.1.0
2024-09-07 18:32:08,518 [WARN] ConditionMgr:438 - getConditionDescription Invalid condition id : LAN8742 Phy interface Condition cause : null
2024-09-07 18:32:08,521 [WARN] PackLoader:240 - Cannot read IP mode file for STMicroelectronics.X-CUBE-AZRTOS-L4.2.0.0
2024-09-07 18:32:08,525 [WARN] ConditionMgr:1039 - genDependencies : Invalid condition id : LAN8742 Phy interface Condition cause : null
2024-09-07 18:32:08,525 [WARN] ConditionMgr:1039 - genDependencies : Invalid condition id : LAN8742 Phy interface Condition cause : null
2024-09-07 18:32:08,527 [WARN] ConditionMgr:1039 - genDependencies : Invalid condition id : LAN8742 Phy interface Condition cause : null
2024-09-07 18:32:08,616 [WARN] PackLoader:240 - Cannot read IP mode file for STMicroelectronics.X-CUBE-AZRTOS-L5.2.0.0
2024-09-07 18:32:08,676 [WARN] PackLoader:240 - Cannot read IP mode file for STMicroelectronics.X-CUBE-AZRTOS-G0.1.1.0
2024-09-07 18:32:08,726 [WARN] PackLoader:240 - Cannot read IP mode file for STMicroelectronics.X-CUBE-AZRTOS-G4.2.0.0
2024-09-07 18:32:08,771 [WARN] ConditionMgr:438 - getConditionDescription Invalid condition id : UX DEVICE CLASS RTOS Condition cause : null
2024-09-07 18:32:08,771 [WARN] ConditionMgr:438 - getConditionDescription Invalid condition id : UX DEVICE CLASS RTOS Condition cause : null
2024-09-07 18:32:08,776 [WARN] PackLoader:240 - Cannot read IP mode file for STMicroelectronics.X-CUBE-AZRTOS-WB.2.0.0
2024-09-07 18:32:08,782 [WARN] ConditionMgr:1039 - genDependencies : Invalid condition id : UX DEVICE CLASS RTOS Condition cause : null
2024-09-07 18:32:08,784 [WARN] ConditionMgr:1039 - genDependencies : Invalid condition id : UX DEVICE CLASS RTOS Condition cause : null
2024-09-07 18:32:08,784 [WARN] ConditionMgr:1039 - genDependencies : Invalid condition id : UX DEVICE CLASS RTOS Condition cause : null
2024-09-07 18:32:08,784 [WARN] ConditionMgr:1039 - genDependencies : Invalid condition id : UX DEVICE CLASS RTOS Condition cause : null
2024-09-07 18:32:08,784 [WARN] ConditionMgr:1039 - genDependencies : Invalid condition id : UX DEVICE CLASS RTOS Condition cause : null
2024-09-07 18:32:08,821 [INFO] LogOutputStream:77 - [STDOUT_REDIRECT] 1 : Invalid condition id : UX_CORESTACK_Condition cause : null
2024-09-07 18:32:08,824 [INFO] LogOutputStream:77 - [STDOUT_REDIRECT] 1 : Invalid condition id : UX_CORESTACK_Condition cause : null
2024-09-07 18:32:08,824 [INFO] LogOutputStream:77 - [STDOUT_REDIRECT] 1 : Invalid condition id : UX_CORESTACK_Condition cause : null
2024-09-07 18:32:08,836 [INFO] LogOutputStream:77 - [STDOUT_REDIRECT] 1 : Invalid condition id : UX_CORESTACK_Condition cause : null
2024-09-07 18:32:08,841 [INFO] LogOutputStream:77 - [STDOUT_REDIRECT] 1 : Invalid condition id : UX_CORESTACK_Condition cause : null
2024-09-07 18:32:08,852 [WARN] PackLoader:240 - Cannot read IP mode file for STMicroelectronics.X-CUBE-AZRTOS-WL.2.0.0
2024-09-07 18:32:08,866 [WARN] PackLoader:240 - Cannot read IP mode file for wolfSSL.I-CUBE-wolfSSL.5.7.2
2024-09-07 18:32:08,876 [WARN] PackLoader:240 - Cannot read IP mode file for wolfSSL.I-CUBE-wolfMQTT.1.19.0
2024-09-07 18:32:08,886 [WARN] PackLoader:240 - Cannot read IP mode file for wolfSSL.I-CUBE-wolfTPM.3.4.0
2024-09-07 18:32:08,894 [WARN] PackLoader:240 - Cannot read IP mode file for wolfSSL.I-CUBE-wolfSSH.1.4.17
2024-09-07 18:32:08,912 [WARN] PackLoader:240 - Cannot read IP mode file for RealThread.X-CUBE-RT-Thread_Nano.4.1.1
2024-09-07 18:32:09,006 [WARN] PackLoader:240 - Cannot read IP mode file for SEGGER.I-CUBE-embOS.1.3.1
2024-09-07 18:32:09,196 [WARN] PackLoader:240 - Cannot read IP mode file for portGmbH.I-Cube-SoM-uGOAL.1.1.0
2024-09-07 18:32:09,205 [WARN] PackLoader:240 - Cannot read IP mode file for emotas.I-CUBE-CANOPEN.1.3.0
2024-09-07 18:32:09,222 [WARN] PackLoader:240 - Cannot read IP mode file for WES.I-CUBE-Cesium.1.3.0
2024-09-07 18:32:09,236 [WARN] PackLoader:240 - Cannot read IP mode file for ITTIA_DB.I-CUBE-ITTIADB.8.9.0
2024-09-07 18:32:09,307 [WARN] PackLoader:240 - Cannot read IP mode file for Infineon.AIROC-Wi-Fi-Bluetooth-STM32.1.6.1
2024-09-07 18:32:09,321 [WARN] PackLoader:240 - Cannot read IP mode file for Cesanta.I-CUBE-Mongoose.7.13.0
2024-09-07 18:32:09,344 [WARN] PackLoader:240 - Cannot read IP mode file for EmbeddedOffice.I-CUBE-FS-RTOS.1.0.1
2024-09-07 18:32:09,347 [ERROR] ConditionMgr:805 - Attr not supported : Dmpu
2024-09-07 18:32:09,347 [ERROR] ConditionMgr:805 - Attr not supported : Dmpu
2024-09-07 18:32:09,347 [ERROR] ConditionMgr:805 - Attr not supported : Dmpu
2024-09-07 18:32:09,349 [ERROR] ConditionMgr:805 - Attr not supported : Dmpu
2024-09-07 18:32:09,349 [ERROR] ConditionMgr:805 - Attr not supported : Dmpu
2024-09-07 18:32:09,349 [ERROR] ConditionMgr:805 - Attr not supported : Dmpu
2024-09-07 18:32:09,350 [ERROR] ConditionMgr:805 - Attr not supported : Dmpu
2024-09-07 18:32:09,350 [ERROR] ConditionMgr:805 - Attr not supported : Dmpu
2024-09-07 18:32:09,350 [ERROR] ConditionMgr:805 - Attr not supported : Dmpu
2024-09-07 18:32:09,350 [ERROR] ConditionMgr:805 - Attr not supported : Dmpu
2024-09-07 18:32:09,350 [ERROR] ConditionMgr:805 - Attr not supported : Dmpu
2024-09-07 18:32:09,350 [ERROR] ConditionMgr:805 - Attr not supported : Dmpu
2024-09-07 18:32:09,351 [ERROR] ConditionMgr:805 - Attr not supported : Dmpu
2024-09-07 18:32:09,351 [ERROR] ConditionMgr:805 - Attr not supported : Dmpu
2024-09-07 18:32:09,351 [ERROR] ConditionMgr:805 - Attr not supported : Dmpu
2024-09-07 18:32:09,351 [ERROR] ConditionMgr:805 - Attr not supported : Dmpu
2024-09-07 18:32:09,351 [ERROR] ConditionMgr:805 - Attr not supported : Dmpu
2024-09-07 18:32:09,351 [ERROR] ConditionMgr:805 - Attr not supported : Dmpu
2024-09-07 18:32:09,352 [ERROR] ConditionMgr:805 - Attr not supported : Dmpu
2024-09-07 18:32:09,352 [ERROR] ConditionMgr:805 - Attr not supported : Dmpu
2024-09-07 18:32:09,352 [ERROR] ConditionMgr:805 - Attr not supported : Dmpu
2024-09-07 18:32:09,352 [ERROR] ConditionMgr:805 - Attr not supported : Dmpu
2024-09-07 18:32:09,352 [ERROR] ConditionMgr:805 - Attr not supported : Dmpu
2024-09-07 18:32:09,352 [ERROR] ConditionMgr:805 - Attr not supported : Dmpu
2024-09-07 18:32:09,352 [ERROR] ConditionMgr:805 - Attr not supported : Dmpu
2024-09-07 18:32:09,352 [ERROR] ConditionMgr:805 - Attr not supported : Dmpu
2024-09-07 18:32:09,352 [ERROR] ConditionMgr:805 - Attr not supported : Dmpu
2024-09-07 18:32:09,352 [ERROR] ConditionMgr:805 - Attr not supported : Dmpu
2024-09-07 18:32:09,352 [ERROR] ConditionMgr:805 - Attr not supported : Dmpu
2024-09-07 18:32:09,352 [ERROR] ConditionMgr:805 - Attr not supported : Dmpu
2024-09-07 18:32:09,352 [ERROR] ConditionMgr:805 - Attr not supported : Dmpu
2024-09-07 18:32:09,352 [ERROR] ConditionMgr:805 - Attr not supported : Dmpu
2024-09-07 18:32:09,352 [ERROR] ConditionMgr:805 - Attr not supported : Dmpu
2024-09-07 18:32:09,352 [ERROR] ConditionMgr:805 - Attr not supported : Dmpu
2024-09-07 18:32:09,352 [ERROR] ConditionMgr:805 - Attr not supported : Dmpu
2024-09-07 18:32:09,352 [ERROR] ConditionMgr:805 - Attr not supported : Dmpu
2024-09-07 18:32:09,352 [ERROR] ConditionMgr:805 - Attr not supported : Dmpu
2024-09-07 18:32:09,352 [ERROR] ConditionMgr:805 - Attr not supported : Dmpu
2024-09-07 18:32:09,352 [ERROR] ConditionMgr:805 - Attr not supported : Dmpu
2024-09-07 18:32:09,352 [ERROR] ConditionMgr:805 - Attr not supported : Dmpu
2024-09-07 18:32:09,356 [ERROR] ConditionMgr:805 - Attr not supported : Dmpu
2024-09-07 18:32:09,356 [ERROR] ConditionMgr:805 - Attr not supported : Dmpu
2024-09-07 18:32:09,356 [ERROR] ConditionMgr:805 - Attr not supported : Dmpu
2024-09-07 18:32:09,356 [ERROR] ConditionMgr:805 - Attr not supported : Dmpu
2024-09-07 18:32:09,356 [ERROR] ConditionMgr:805 - Attr not supported : Dmpu
2024-09-07 18:32:09,356 [ERROR] ConditionMgr:805 - Attr not supported : Dmpu
2024-09-07 18:32:09,356 [ERROR] ConditionMgr:805 - Attr not supported : Dmpu
2024-09-07 18:32:09,356 [ERROR] ConditionMgr:805 - Attr not supported : Dmpu
2024-09-07 18:32:09,356 [ERROR] ConditionMgr:805 - Attr not supported : Dmpu
2024-09-07 18:32:09,356 [ERROR] ConditionMgr:805 - Attr not supported : Dmpu
2024-09-07 18:32:09,356 [ERROR] ConditionMgr:805 - Attr not supported : Dmpu
2024-09-07 18:32:09,356 [ERROR] ConditionMgr:805 - Attr not supported : Dmpu
2024-09-07 18:32:09,356 [ERROR] ConditionMgr:805 - Attr not supported : Dmpu
2024-09-07 18:32:09,356 [ERROR] ConditionMgr:805 - Attr not supported : Dmpu
2024-09-07 18:32:09,356 [ERROR] ConditionMgr:805 - Attr not supported : Dmpu
2024-09-07 18:32:09,356 [ERROR] ConditionMgr:805 - Attr not supported : Dmpu
2024-09-07 18:32:09,359 [ERROR] ConditionMgr:805 - Attr not supported : Dmpu
2024-09-07 18:32:09,359 [ERROR] ConditionMgr:805 - Attr not supported : Dmpu
2024-09-07 18:32:09,359 [ERROR] ConditionMgr:805 - Attr not supported : Dmpu
2024-09-07 18:32:09,359 [ERROR] ConditionMgr:805 - Attr not supported : Dmpu
2024-09-07 18:32:09,359 [ERROR] ConditionMgr:805 - Attr not supported : Dmpu
2024-09-07 18:32:09,360 [ERROR] ConditionMgr:805 - Attr not supported : Dmpu
2024-09-07 18:32:09,360 [ERROR] ConditionMgr:805 - Attr not supported : Dmpu
2024-09-07 18:32:09,360 [ERROR] ConditionMgr:805 - Attr not supported : Dmpu
2024-09-07 18:32:09,360 [INFO] PopulateThirdPartyThread:66 - Ending populate Thread
2024-09-07 18:32:09,373 [INFO] ThirdParty:1030 - CMSIS Pack Vendor :STMicroelectronics X-CUBE-AZRTOS-H7 3.3.0
2024-09-07 18:32:09,373 [INFO] ThirdParty:1030 - CMSIS Pack Vendor :STMicroelectronics X-CUBE-GNSS1 6.0.0
2024-09-07 18:32:09,375 [INFO] ThirdParty:1030 - CMSIS Pack Vendor :STMicroelectronics FP-SNS-MOTENVWB1 1.4.0
2024-09-07 18:32:09,375 [INFO] ThirdParty:1030 - CMSIS Pack Vendor :STMicroelectronics X-CUBE-AZRTOS-F4 1.1.0
2024-09-07 18:32:09,375 [INFO] ThirdParty:1030 - CMSIS Pack Vendor :STMicroelectronics X-CUBE-SMBUS 2.1.0
2024-09-07 18:32:09,375 [INFO] ThirdParty:1030 - CMSIS Pack Vendor :STMicroelectronics X-CUBE-TCPP 4.1.0
2024-09-07 18:32:09,375 [INFO] ThirdParty:1030 - CMSIS Pack Vendor :STMicroelectronics X-CUBE-FREERTOS 1.2.0
2024-09-07 18:32:09,375 [INFO] ThirdParty:1030 - CMSIS Pack Vendor :STMicroelectronics X-CUBE-AZRTOS-WB 2.0.0
2024-09-07 18:32:09,375 [INFO] ThirdParty:1030 - CMSIS Pack Vendor :STMicroelectronics X-CUBE-AZRTOS-F7 1.1.0
2024-09-07 18:32:09,375 [INFO] ThirdParty:1030 - CMSIS Pack Vendor :STMicroelectronics X-CUBE-AZRTOS-L5 2.0.0
2024-09-07 18:32:09,375 [INFO] ThirdParty:1030 - CMSIS Pack Vendor :STMicroelectronics X-CUBE-NFC6 3.1.0
2024-09-07 18:32:09,375 [INFO] ThirdParty:1030 - CMSIS Pack Vendor :STMicroelectronics FP-SNS-STBOX1 2.0.0
2024-09-07 18:32:09,375 [INFO] ThirdParty:1030 - CMSIS Pack Vendor :STMicroelectronics X-CUBE-MEMS1 11.0.0
2024-09-07 18:32:09,375 [INFO] ThirdParty:1030 - CMSIS Pack Vendor :STMicroelectronics X-CUBE-AZRTOS-G0 1.1.0
2024-09-07 18:32:09,375 [INFO] ThirdParty:1030 - CMSIS Pack Vendor :STMicroelectronics X-CUBE-DPower 1.2.0
2024-09-07 18:32:09,375 [INFO] ThirdParty:1030 - CMSIS Pack Vendor :STMicroelectronics X-CUBE-NFC4 3.0.0
2024-09-07 18:32:09,375 [INFO] ThirdParty:1030 - CMSIS Pack Vendor :STMicroelectronics X-CUBE-SAFEA1 1.2.2
2024-09-07 18:32:09,375 [INFO] ThirdParty:1030 - CMSIS Pack Vendor :STMicroelectronics X-CUBE-SUBG2 5.0.0
2024-09-07 18:32:09,375 [INFO] ThirdParty:1030 - CMSIS Pack Vendor :EmbeddedOffice I-CUBE-FS-RTOS 1.0.1
2024-09-07 18:32:09,375 [INFO] ThirdParty:1030 - CMSIS Pack Vendor :STMicroelectronics FP-SNS-FLIGHT1 5.0.2
2024-09-07 18:32:09,375 [INFO] ThirdParty:1030 - CMSIS Pack Vendor :Cesanta I-CUBE-Mongoose 7.13.0
2024-09-07 18:32:09,375 [INFO] ThirdParty:1030 - CMSIS Pack Vendor :STMicroelectronics X-CUBE-AI 9.0.0
2024-09-07 18:32:09,375 [INFO] ThirdParty:1030 - CMSIS Pack Vendor :STMicroelectronics X-CUBE-AZRTOS-G4 2.0.0
2024-09-07 18:32:09,375 [INFO] ThirdParty:1030 - CMSIS Pack Vendor :STMicroelectronics X-CUBE-DISPLAY 3.0.0
2024-09-07 18:32:09,378 [INFO] ThirdParty:1030 - CMSIS Pack Vendor :RealThread X-CUBE-RT-Thread_Nano 4.1.1
2024-09-07 18:32:09,378 [INFO] ThirdParty:1030 - CMSIS Pack Vendor :STMicroelectronics FP-ATR-SIGFOX1 3.2.0
2024-09-07 18:32:09,378 [INFO] ThirdParty:1030 - CMSIS Pack Vendor :STMicroelectronics X-CUBE-BLE1 7.0.0
2024-09-07 18:32:09,378 [INFO] ThirdParty:1030 - CMSIS Pack Vendor :wolfSSL I-CUBE-wolfSSL 5.7.2
2024-09-07 18:32:09,378 [INFO] ThirdParty:1030 - CMSIS Pack Vendor :STMicroelectronics X-CUBE-ISPU 2.0.0
2024-09-07 18:32:09,378 [INFO] ThirdParty:1030 - CMSIS Pack Vendor :STMicroelectronics X-CUBE-EEPRMA1 5.1.0
2024-09-07 18:32:09,378 [INFO] ThirdParty:1030 - CMSIS Pack Vendor :STMicroelectronics X-CUBE-ALS 1.0.2
2024-09-07 18:32:09,378 [INFO] ThirdParty:1030 - CMSIS Pack Vendor :emotas I-CUBE-CANOPEN 1.3.0
2024-09-07 18:32:09,378 [INFO] ThirdParty:1030 - CMSIS Pack Vendor :STMicroelectronics X-CUBE-NFC7 1.0.1
2024-09-07 18:32:09,378 [INFO] ThirdParty:1030 - CMSIS Pack Vendor :STMicroelectronics X-CUBE-TOUCHGFX 4.24.0
2024-09-07 18:32:09,378 [INFO] ThirdParty:1030 - CMSIS Pack Vendor :ITTIA_DB I-CUBE-ITTIADB 8.9.0
2024-09-07 18:32:09,378 [INFO] ThirdParty:1030 - CMSIS Pack Vendor :wolfSSL I-CUBE-wolfTPM 3.4.0
2024-09-07 18:32:09,378 [INFO] ThirdParty:1030 - CMSIS Pack Vendor :portGmbH I-Cube-SoM-uGOAL 1.1.0
2024-09-07 18:32:09,378 [INFO] ThirdParty:1030 - CMSIS Pack Vendor :STMicroelectronics X-CUBE-BLEMGR 3.1.0
2024-09-07 18:32:09,378 [INFO] ThirdParty:1030 - CMSIS Pack Vendor :STMicroelectronics FP-SNS-SMARTAG2 1.2.0
2024-09-07 18:32:09,378 [INFO] ThirdParty:1030 - CMSIS Pack Vendor :STMicroelectronics X-CUBE-AZRTOS-WL 2.0.0
2024-09-07 18:32:09,378 [INFO] ThirdParty:1030 - CMSIS Pack Vendor :SEGGER I-CUBE-embOS 1.3.1
2024-09-07 18:32:09,378 [INFO] ThirdParty:1030 - CMSIS Pack Vendor :STMicroelectronics X-CUBE-ALGOBUILD 1.4.0
2024-09-07 18:32:09,378 [INFO] ThirdParty:1030 - CMSIS Pack Vendor :STMicroelectronics FP-SNS-MOTENV1 5.0.0
2024-09-07 18:32:09,378 [INFO] ThirdParty:1030 - CMSIS Pack Vendor :STMicroelectronics X-CUBE-AZRTOS-H7RS 1.0.0
2024-09-07 18:32:09,378 [INFO] ThirdParty:1030 - CMSIS Pack Vendor :wolfSSL I-CUBE-wolfMQTT 1.19.0
2024-09-07 18:32:09,383 [INFO] ThirdParty:1030 - CMSIS Pack Vendor :STMicroelectronics X-CUBE-AZRTOS-L4 2.0.0
2024-09-07 18:32:09,386 [INFO] ThirdParty:1030 - CMSIS Pack Vendor :STMicroelectronics FP-ATR-ASTRA1 2.0.0
2024-09-07 18:32:09,386 [INFO] ThirdParty:1030 - CMSIS Pack Vendor :WES I-CUBE-Cesium 1.3.0
2024-09-07 18:32:09,386 [INFO] ThirdParty:1030 - CMSIS Pack Vendor :STMicroelectronics X-CUBE-SFXS2LP1 4.0.0
2024-09-07 18:32:09,386 [INFO] ThirdParty:1030 - CMSIS Pack Vendor :STMicroelectronics X-CUBE-BLE2 3.3.0
2024-09-07 18:32:09,386 [INFO] ThirdParty:1030 - CMSIS Pack Vendor :STMicroelectronics X-CUBE-TOF1 3.4.2
2024-09-07 18:32:09,386 [INFO] ThirdParty:1030 - CMSIS Pack Vendor :Infineon AIROC-Wi-Fi-Bluetooth-STM32 1.6.1
2024-09-07 18:32:09,386 [INFO] ThirdParty:1030 - CMSIS Pack Vendor :wolfSSL I-CUBE-wolfSSH 1.4.17
2024-09-07 18:32:09,386 [INFO] LoadServerUpdatesThread:375 - End of LoadServerUpdate Thread
