2024-11-12 01:00:36,495 [ERROR] LogOutputStream:75 - [STDERR_REDIRECT] 
2024-11-12 16:44:52,902 [INFO] Activator:176 - 


2024-11-12 16:44:52,905 [INFO] Activator:177 - !SESSION log4j initialized
2024-11-12 16:45:01,594 [INFO] LogOutputStream:77 - [STDOUT_REDIRECT] 
2024-11-12 16:45:14,825 [INFO] ApplicationProperties:184 - Using Application install path: C:\ST\STM32CubeIDE_1.16.0\STM32CubeIDE\plugins\com.st.stm32cube.common.mx_6.12.0.202406281431
2024-11-12 16:45:14,856 [INFO] DbMcusXml:78 - Set database path to: C:\ST\STM32CubeIDE_1.16.0\STM32CubeIDE\plugins\com.st.stm32cube.common.mx_6.12.0.202406281431\\db\/mcu/
2024-11-12 16:45:14,857 [INFO] ApiDb:274 - Set plugin database path to: C:\ST\STM32CubeIDE_1.16.0\STM32CubeIDE\plugins\com.st.stm32cube.common.mx_6.12.0.202406281431\\db\/plugins/boardmanager/
2024-11-12 16:45:14,857 [WARN] ApiDb:259 - Overriding images path with different value:  => C:\ST\STM32CubeIDE_1.16.0\STM32CubeIDE\plugins\com.st.stm32cube.common.mx_6.12.0.202406281431\\db\/plugins/mcufinder/images/
2024-11-12 16:45:14,872 [INFO] ApiDb:250 - Set database path to: C:\Users\karim\.stmcufinder\plugins\mcufinder//mcu/
2024-11-12 16:45:14,873 [INFO] DbMcusAds:125 - Set database path to: C:\Users\karim\.stmcufinder\plugins\mcufinder//mcu/
2024-11-12 16:45:14,892 [INFO] CrossReferenceDbSqlite:203 - Set database path to: C:\Users\karim\.stmcufinder\plugins\mcufinder//mcu/cs/
2024-11-12 16:45:15,047 [INFO] RulesReader:64 - Compatibility file has been processed (297 Rules)
2024-11-12 16:45:15,152 [INFO] DbMcusXml:78 - Set database path to: C:\ST\STM32CubeIDE_1.16.0\STM32CubeIDE\plugins\com.st.stm32cube.common.mx_6.12.0.202406281431\\db\/mcu/
2024-11-12 16:45:15,153 [INFO] ApiDb:274 - Set plugin database path to: C:\ST\STM32CubeIDE_1.16.0\STM32CubeIDE\plugins\com.st.stm32cube.common.mx_6.12.0.202406281431\\db\/plugins/boardmanager/
2024-11-12 16:45:15,153 [INFO] ApiDb:261 - Set plugin images path to: C:\ST\STM32CubeIDE_1.16.0\STM32CubeIDE\plugins\com.st.stm32cube.common.mx_6.12.0.202406281431\\db\/plugins/mcufinder/images/
2024-11-12 16:45:15,153 [WARN] DbFile:41 - Overriding database path with different value: C:\Users\karim\.stmcufinder\plugins\mcufinder/ => C:\Users\karim\.stmcufinder\plugins\mcufinder
2024-11-12 16:45:15,153 [INFO] ApiDb:250 - Set database path to: C:\Users\karim\.stmcufinder\plugins\mcufinder//mcu/
2024-11-12 16:45:15,154 [WARN] DbFile:41 - Overriding database path with different value: C:\Users\karim\.stmcufinder\plugins\mcufinder/ => C:\Users\karim\.stmcufinder\plugins\mcufinder
2024-11-12 16:45:15,154 [INFO] DbMcusAds:125 - Set database path to: C:\Users\karim\.stmcufinder\plugins\mcufinder//mcu/
2024-11-12 16:45:15,154 [WARN] DbFile:41 - Overriding database path with different value: C:\Users\karim\.stmcufinder\plugins\mcufinder/ => C:\Users\karim\.stmcufinder\plugins\mcufinder
2024-11-12 16:45:15,154 [WARN] DbFile:41 - Overriding database path with different value: C:\Users\karim\.stmcufinder\plugins\mcufinder/ => C:\Users\karim\.stmcufinder\plugins\mcufinder
2024-11-12 16:45:15,154 [INFO] CrossReferenceDbSqlite:203 - Set database path to: C:\Users\karim\.stmcufinder\plugins\mcufinder//mcu/cs/
2024-11-12 16:45:15,266 [INFO] MainPanel:268 - HeapMemory: 552599552
2024-11-12 16:45:15,403 [INFO] DbMcusXml:78 - Set database path to: C:\ST\STM32CubeIDE_1.16.0\STM32CubeIDE\plugins\com.st.stm32cube.common.mx_6.12.0.202406281431\\db\/mcu/
2024-11-12 16:45:15,403 [INFO] ApiDb:274 - Set plugin database path to: C:\ST\STM32CubeIDE_1.16.0\STM32CubeIDE\plugins\com.st.stm32cube.common.mx_6.12.0.202406281431\\db\/plugins/boardmanager/
2024-11-12 16:45:15,403 [INFO] ApiDb:261 - Set plugin images path to: C:\ST\STM32CubeIDE_1.16.0\STM32CubeIDE\plugins\com.st.stm32cube.common.mx_6.12.0.202406281431\\db\/plugins/mcufinder/images/
2024-11-12 16:45:15,403 [WARN] DbFile:41 - Overriding database path with different value: C:\Users\karim\.stmcufinder\plugins\mcufinder/ => C:\Users\karim\.stmcufinder\plugins\mcufinder
2024-11-12 16:45:15,403 [INFO] ApiDb:250 - Set database path to: C:\Users\karim\.stmcufinder\plugins\mcufinder//mcu/
2024-11-12 16:45:15,403 [WARN] DbFile:41 - Overriding database path with different value: C:\Users\karim\.stmcufinder\plugins\mcufinder/ => C:\Users\karim\.stmcufinder\plugins\mcufinder
2024-11-12 16:45:15,403 [INFO] DbMcusAds:125 - Set database path to: C:\Users\karim\.stmcufinder\plugins\mcufinder//mcu/
2024-11-12 16:45:15,405 [WARN] DbFile:41 - Overriding database path with different value: C:\Users\karim\.stmcufinder\plugins\mcufinder/ => C:\Users\karim\.stmcufinder\plugins\mcufinder
2024-11-12 16:45:15,405 [WARN] DbFile:41 - Overriding database path with different value: C:\Users\karim\.stmcufinder\plugins\mcufinder/ => C:\Users\karim\.stmcufinder\plugins\mcufinder
2024-11-12 16:45:15,405 [INFO] CrossReferenceDbSqlite:203 - Set database path to: C:\Users\karim\.stmcufinder\plugins\mcufinder//mcu/cs/
2024-11-12 16:45:15,426 [INFO] ApplicationProperties:184 - Using Application install path: C:\ST\STM32CubeIDE_1.16.0\STM32CubeIDE\plugins\com.st.stm32cube.common.mx_6.12.0.202406281431
2024-11-12 16:45:15,429 [INFO] PluginManage:196 - Search for loadable plugins [exclusion list=, ]
2024-11-12 16:45:15,430 [INFO] PluginManage:310 - Check plugin analytics
2024-11-12 16:45:20,688 [INFO] AnalyticsPlugin:253 - Accepted Software Licenses: 
2024-11-12 16:45:20,688 [INFO] AnalyticsPlugin:255 - Accepted CMSIS Pack Licenses: 
2024-11-12 16:45:20,689 [INFO] AnalyticsPlugin:257 - Accepted Firmware Licenses: FW.L4.1.18.0
2024-11-12 16:45:20,693 [INFO] PluginManage:359 - Loaded plugin analytics (category:tool,tabindex:-1)
2024-11-12 16:45:20,694 [INFO] PluginManage:310 - Check plugin cadmodel
2024-11-12 16:45:20,711 [INFO] CADModel:105 - Init CAD model plugin
2024-11-12 16:45:20,711 [INFO] PluginManage:359 - Loaded plugin cadmodel (category:power,tabindex:5)
2024-11-12 16:45:20,712 [INFO] PluginManage:310 - Check plugin clock
2024-11-12 16:45:20,739 [INFO] PluginManage:359 - Loaded plugin clock (category:base,tabindex:2)
2024-11-12 16:45:20,739 [INFO] PluginManage:310 - Check plugin ddr
2024-11-12 16:45:20,743 [INFO] PluginManage:359 - Loaded plugin ddr (category:tool,tabindex:6)
2024-11-12 16:45:20,743 [INFO] PluginManage:310 - Check plugin filemanager
2024-11-12 16:45:20,899 [INFO] PluginManage:359 - Loaded plugin filemanager (category:base,tabindex:10)
2024-11-12 16:45:20,900 [INFO] PluginManage:310 - Check plugin ipmanager
2024-11-12 16:45:20,911 [INFO] PluginManage:359 - Loaded plugin ipmanager (category:base,tabindex:5)
2024-11-12 16:45:20,911 [INFO] PluginManage:310 - Check plugin lpbam
2024-11-12 16:45:20,930 [INFO] PluginManage:359 - Loaded plugin lpbam (category:base,tabindex:0)
2024-11-12 16:45:20,930 [INFO] PluginManage:310 - Check plugin memorymap
2024-11-12 16:45:20,961 [INFO] PluginManage:359 - Loaded plugin memorymap (category:base,tabindex:4)
2024-11-12 16:45:20,961 [INFO] PluginManage:310 - Check plugin pinoutandconfiguration
2024-11-12 16:45:20,983 [INFO] PluginManage:359 - Loaded plugin pinoutandconfiguration (category:base,tabindex:1)
2024-11-12 16:45:20,983 [INFO] PluginManage:310 - Check plugin pinoutconfig
2024-11-12 16:45:21,088 [WARN] SupportedApi:132 - Cannot load RTOS API schema: s4s-elt-must-match.1: The content of 'definitions' must match (annotation?, (simpleType | complexType)?, (unique | key | keyref)*)). A problem was found starting at: attribute.
2024-11-12 16:45:21,277 [INFO] PluginManage:359 - Loaded plugin pinoutconfig (category:base,tabindex:0)
2024-11-12 16:45:21,277 [INFO] PluginManage:310 - Check plugin power
2024-11-12 16:45:21,307 [INFO] PluginManage:359 - Loaded plugin power (category:power,tabindex:4)
2024-11-12 16:45:21,307 [INFO] PluginManage:310 - Check plugin projectmanager
2024-11-12 16:45:21,330 [INFO] PluginManage:359 - Loaded plugin projectmanager (category:projectmanager,tabindex:4)
2024-11-12 16:45:21,330 [INFO] PluginManage:310 - Check plugin rif
2024-11-12 16:45:21,354 [INFO] PluginManage:359 - Loaded plugin rif (category:base,tabindex:3)
2024-11-12 16:45:21,354 [INFO] PluginManage:310 - Check plugin thirdparty
2024-11-12 16:45:21,750 [INFO] PluginManage:359 - Loaded plugin thirdparty (category:base,tabindex:-1)
2024-11-12 16:45:21,751 [INFO] PluginManage:310 - Check plugin tools
2024-11-12 16:45:21,750 [WARN] IntegrityCheckThread:84 - waiting for thirdparty lock release [integrity check]
2024-11-12 16:45:21,751 [INFO] IntegrityCheckThread:86 - entering critical section [integrity check]
2024-11-12 16:45:21,752 [INFO] ThirdPartyUpdaterWithRetryManager:70 - Updater plugin not ready yet. [1/15]
2024-11-12 16:45:21,791 [INFO] PluginManage:359 - Loaded plugin tools (category:base,tabindex:7)
2024-11-12 16:45:21,791 [INFO] PluginManage:310 - Check plugin tutovideos
2024-11-12 16:45:22,130 [INFO] PluginManage:359 - Loaded plugin tutovideos (category:base,tabindex:-1)
2024-11-12 16:45:22,131 [INFO] PluginManage:310 - Check plugin updater
2024-11-12 16:45:22,187 [INFO] PluginManage:359 - Loaded plugin updater (category:base,tabindex:12)
2024-11-12 16:45:22,188 [INFO] PluginManage:310 - Check plugin userauth
2024-11-12 16:45:22,198 [INFO] UserAuth:113 - Init User Auth plugin
2024-11-12 16:45:22,198 [INFO] PluginManage:359 - Loaded plugin userauth (category:base,tabindex:14)
2024-11-12 16:45:22,198 [INFO] PluginManage:283 - PluginManage : Loaded plugins [18]
2024-11-12 16:45:22,513 [INFO] PinOutPanel:1561 - setPackage(No Configuration,No Configuration)
2024-11-12 16:45:22,646 [INFO] CADModel:165 - CPN selected for project level
2024-11-12 16:45:22,647 [INFO] CADModel:114 - Register for checkConnection events
2024-11-12 16:45:22,675 [INFO] IPUIPlugin:80 - create IPUIPlugin
2024-11-12 16:45:22,675 [INFO] PluginManager:220 - loadIPPluginJar : add adc
2024-11-12 16:45:22,714 [INFO] IPUIPlugin:80 - create IPUIPlugin
2024-11-12 16:45:22,714 [INFO] PluginManager:220 - loadIPPluginJar : add aes
2024-11-12 16:45:22,759 [INFO] IPUIPlugin:80 - create IPUIPlugin
2024-11-12 16:45:22,759 [INFO] PluginManager:220 - loadIPPluginJar : add can
2024-11-12 16:45:22,784 [INFO] IPUIPlugin:80 - create IPUIPlugin
2024-11-12 16:45:22,784 [INFO] PluginManager:220 - loadIPPluginJar : add comp
2024-11-12 16:45:22,822 [INFO] IPUIPlugin:80 - create IPUIPlugin
2024-11-12 16:45:22,822 [INFO] PluginManager:220 - loadIPPluginJar : add cryp
2024-11-12 16:45:22,834 [INFO] IPUIPlugin:80 - create IPUIPlugin
2024-11-12 16:45:22,835 [INFO] PluginManager:220 - loadIPPluginJar : add ddr_ctrl_phy
2024-11-12 16:45:22,865 [INFO] IPUIPlugin:80 - create IPUIPlugin
2024-11-12 16:45:22,865 [INFO] PluginManager:220 - loadIPPluginJar : add dfsdm
2024-11-12 16:45:22,880 [INFO] IPUIPlugin:80 - create IPUIPlugin
2024-11-12 16:45:22,880 [INFO] PluginManager:220 - loadIPPluginJar : add dma
2024-11-12 16:45:22,926 [INFO] IPUIPlugin:80 - create IPUIPlugin
2024-11-12 16:45:22,926 [INFO] PluginManager:220 - loadIPPluginJar : add dma3
2024-11-12 16:45:22,974 [INFO] IPUIPlugin:80 - create IPUIPlugin
2024-11-12 16:45:22,974 [INFO] PluginManager:220 - loadIPPluginJar : add extmemmanager
2024-11-12 16:45:22,996 [INFO] IPUIPlugin:80 - create IPUIPlugin
2024-11-12 16:45:22,997 [INFO] PluginManager:220 - loadIPPluginJar : add fatfs
2024-11-12 16:45:23,051 [INFO] IPUIPlugin:80 - create IPUIPlugin
2024-11-12 16:45:23,051 [INFO] PluginManager:220 - loadIPPluginJar : add fmc
2024-11-12 16:45:23,067 [INFO] IPUIPlugin:80 - create IPUIPlugin
2024-11-12 16:45:23,067 [INFO] PluginManager:220 - loadIPPluginJar : add freertos
2024-11-12 16:45:23,089 [INFO] IPUIPlugin:80 - create IPUIPlugin
2024-11-12 16:45:23,089 [INFO] PluginManager:220 - loadIPPluginJar : add genericplugin
2024-11-12 16:45:23,192 [INFO] IPUIPlugin:80 - create IPUIPlugin
2024-11-12 16:45:23,192 [INFO] PluginManager:220 - loadIPPluginJar : add gfxmmu
2024-11-12 16:45:23,341 [INFO] IPUIPlugin:80 - create IPUIPlugin
2024-11-12 16:45:23,341 [INFO] PluginManager:220 - loadIPPluginJar : add gic
2024-11-12 16:45:23,406 [INFO] IPUIPlugin:80 - create IPUIPlugin
2024-11-12 16:45:23,408 [INFO] PluginManager:220 - loadIPPluginJar : add gpio
2024-11-12 16:45:23,522 [INFO] IPUIPlugin:80 - create IPUIPlugin
2024-11-12 16:45:23,522 [INFO] PluginManager:220 - loadIPPluginJar : add gtzc
2024-11-12 16:45:23,626 [INFO] IPUIPlugin:80 - create IPUIPlugin
2024-11-12 16:45:23,627 [INFO] PluginManager:220 - loadIPPluginJar : add hash
2024-11-12 16:45:23,684 [INFO] IPUIPlugin:80 - create IPUIPlugin
2024-11-12 16:45:23,684 [INFO] PluginManager:220 - loadIPPluginJar : add i2c
2024-11-12 16:45:23,727 [INFO] IPUIPlugin:80 - create IPUIPlugin
2024-11-12 16:45:23,727 [INFO] PluginManager:220 - loadIPPluginJar : add i2s
2024-11-12 16:45:23,773 [INFO] IPUIPlugin:80 - create IPUIPlugin
2024-11-12 16:45:23,773 [INFO] PluginManager:220 - loadIPPluginJar : add i3c
2024-11-12 16:45:23,891 [INFO] IPUIPlugin:80 - create IPUIPlugin
2024-11-12 16:45:23,891 [INFO] PluginManager:220 - loadIPPluginJar : add ipddr
2024-11-12 16:45:23,995 [INFO] IPUIPlugin:80 - create IPUIPlugin
2024-11-12 16:45:23,995 [INFO] PluginManager:220 - loadIPPluginJar : add linkedlist
2024-11-12 16:45:24,035 [INFO] IPUIPlugin:80 - create IPUIPlugin
2024-11-12 16:45:24,035 [INFO] PluginManager:220 - loadIPPluginJar : add lorawan
2024-11-12 16:45:24,075 [INFO] IPUIPlugin:80 - create IPUIPlugin
2024-11-12 16:45:24,075 [INFO] PluginManager:220 - loadIPPluginJar : add ltdc
2024-11-12 16:45:24,090 [INFO] IPUIPlugin:80 - create IPUIPlugin
2024-11-12 16:45:24,090 [INFO] PluginManager:220 - loadIPPluginJar : add mdma
2024-11-12 16:45:24,104 [INFO] IPUIPlugin:80 - create IPUIPlugin
2024-11-12 16:45:24,104 [INFO] PluginManager:220 - loadIPPluginJar : add nvic
2024-11-12 16:45:24,158 [INFO] IPUIPlugin:80 - create IPUIPlugin
2024-11-12 16:45:24,158 [INFO] PluginManager:220 - loadIPPluginJar : add opamp
2024-11-12 16:45:24,227 [INFO] IPUIPlugin:80 - create IPUIPlugin
2024-11-12 16:45:24,227 [INFO] PluginManager:220 - loadIPPluginJar : add openamp
2024-11-12 16:45:24,278 [INFO] IPUIPlugin:80 - create IPUIPlugin
2024-11-12 16:45:24,278 [INFO] PluginManager:220 - loadIPPluginJar : add pdm2pcm
2024-11-12 16:45:24,294 [INFO] IPUIPlugin:80 - create IPUIPlugin
2024-11-12 16:45:24,296 [INFO] PluginManager:220 - loadIPPluginJar : add plateformsettings
2024-11-12 16:45:24,319 [INFO] IPUIPlugin:80 - create IPUIPlugin
2024-11-12 16:45:24,319 [INFO] PluginManager:220 - loadIPPluginJar : add quadspi
2024-11-12 16:45:24,346 [INFO] IPUIPlugin:80 - create IPUIPlugin
2024-11-12 16:45:24,347 [INFO] PluginManager:220 - loadIPPluginJar : add radio
2024-11-12 16:45:24,362 [INFO] IPUIPlugin:80 - create IPUIPlugin
2024-11-12 16:45:24,362 [INFO] PluginManager:220 - loadIPPluginJar : add resmgrutility
2024-11-12 16:45:24,413 [INFO] IPUIPlugin:80 - create IPUIPlugin
2024-11-12 16:45:24,413 [INFO] PluginManager:220 - loadIPPluginJar : add sai
2024-11-12 16:45:24,454 [INFO] IPUIPlugin:80 - create IPUIPlugin
2024-11-12 16:45:24,455 [INFO] PluginManager:220 - loadIPPluginJar : add spi
2024-11-12 16:45:24,543 [INFO] IPUIPlugin:80 - create IPUIPlugin
2024-11-12 16:45:24,544 [INFO] PluginManager:220 - loadIPPluginJar : add stm32_wpan
2024-11-12 16:45:24,580 [INFO] IPUIPlugin:80 - create IPUIPlugin
2024-11-12 16:45:24,580 [INFO] PluginManager:220 - loadIPPluginJar : add tim
2024-11-12 16:45:24,661 [INFO] IPUIPlugin:80 - create IPUIPlugin
2024-11-12 16:45:24,661 [INFO] PluginManager:220 - loadIPPluginJar : add touchsensing
2024-11-12 16:45:24,685 [INFO] IPUIPlugin:80 - create IPUIPlugin
2024-11-12 16:45:24,686 [INFO] PluginManager:220 - loadIPPluginJar : add tracer_emb
2024-11-12 16:45:24,711 [INFO] IPUIPlugin:80 - create IPUIPlugin
2024-11-12 16:45:24,711 [INFO] PluginManager:220 - loadIPPluginJar : add ts
2024-11-12 16:45:24,737 [INFO] IPUIPlugin:80 - create IPUIPlugin
2024-11-12 16:45:24,737 [INFO] PluginManager:220 - loadIPPluginJar : add tsc
2024-11-12 16:45:24,754 [INFO] ThirdPartyUpdaterWithRetryManager:70 - Updater plugin not ready yet. [2/15]
2024-11-12 16:45:24,761 [INFO] IPUIPlugin:80 - create IPUIPlugin
2024-11-12 16:45:24,761 [INFO] PluginManager:220 - loadIPPluginJar : add ucpd
2024-11-12 16:45:24,812 [INFO] IPUIPlugin:80 - create IPUIPlugin
2024-11-12 16:45:24,812 [INFO] PluginManager:220 - loadIPPluginJar : add usart
2024-11-12 16:45:24,860 [INFO] IPUIPlugin:80 - create IPUIPlugin
2024-11-12 16:45:24,860 [INFO] PluginManager:220 - loadIPPluginJar : add usbx
2024-11-12 16:45:24,996 [INFO] CADModel:165 - CPN selected for project level
2024-11-12 16:45:24,996 [INFO] CADModel:114 - Register for checkConnection events
2024-11-12 16:45:24,997 [FATAL] Updater:334 - Updater called before beeing initialized
2024-11-12 16:45:24,998 [ERROR] CADModel:125 - Updater not yet initialized, retry later 
2024-11-12 16:45:25,244 [INFO] CADModel:165 - CPN selected for project level
2024-11-12 16:45:25,245 [INFO] CADModel:114 - Register for checkConnection events
2024-11-12 16:45:25,245 [FATAL] Updater:334 - Updater called before beeing initialized
2024-11-12 16:45:25,245 [ERROR] CADModel:125 - Updater not yet initialized, retry later 
2024-11-12 16:45:25,251 [FATAL] Updater:334 - Updater called before beeing initialized
2024-11-12 16:45:25,444 [FATAL] Updater:334 - Updater called before beeing initialized
2024-11-12 16:45:25,455 [INFO] DbMcusAds:53 - JSON generation date=Fri Sep 20 15:04:38 CEST 2024 (1726837478367)
2024-11-12 16:45:25,455 [FATAL] Updater:334 - Updater called before beeing initialized
2024-11-12 16:45:25,496 [WARN] DetailPanel:346 - Failed to get advertising image, set to default
2024-11-12 16:45:25,592 [FATAL] Updater:334 - Updater called before beeing initialized
2024-11-12 16:45:25,595 [FATAL] Updater:334 - Updater called before beeing initialized
2024-11-12 16:45:25,595 [FATAL] Updater:334 - Updater called before beeing initialized
2024-11-12 16:45:25,595 [WARN] DetailPanel:346 - Failed to get advertising image, set to default
2024-11-12 16:45:25,596 [FATAL] Updater:334 - Updater called before beeing initialized
2024-11-12 16:45:25,684 [ERROR] Updater:1164 - MainUpdater not yet initialized. External WinMGr cannot be set.
2024-11-12 16:45:25,699 [INFO] Updater:1100 - Updater Version found : 6.12.0
2024-11-12 16:45:25,723 [INFO] ApplicationProperties:184 - Using Application install path: C:\ST\STM32CubeIDE_1.16.0\STM32CubeIDE\plugins\com.st.stm32cube.common.mx_6.12.0.202406281431
2024-11-12 16:45:27,354 [ERROR] LogOutputStream:75 - [STDERR_REDIRECT] Nov 12, 2024 4:45:27 PM java.util.prefs.WindowsPreferences <init>
2024-11-12 16:45:27,357 [ERROR] LogOutputStream:75 - [STDERR_REDIRECT] WARNING: Could not open/create prefs root node Software\JavaSoft\Prefs at root 0xffffffff80000002. Windows RegCreateKeyEx(...) returned error code 5.
2024-11-12 16:45:27,358 [ERROR] LogOutputStream:75 - [STDERR_REDIRECT] 
2024-11-12 16:45:27,755 [INFO] ThirdPartyUpdaterWithRetryManager:70 - Updater plugin not ready yet. [3/15]
2024-11-12 16:45:27,878 [INFO] MainUpdater:2873 - connection check result : 10
2024-11-12 16:45:27,879 [INFO] MainUpdater:290 - Updater Check For Update Now.
2024-11-12 16:45:27,880 [INFO] MicroXplorer:498 - Change Database Version : DB.6.0.120
2024-11-12 16:45:27,902 [INFO] McuFinderGlobals:63 - Set McuFinder mode to 2 (CubeIDE integrated)
2024-11-12 16:45:27,902 [INFO] UserAuth:179 - activating auth plugin
2024-11-12 16:45:27,907 [INFO] UserAuth:417 - Internet connection configuration mode: 1
2024-11-12 16:45:27,943 [INFO] JxBrowserEngine:152 - Initiate JxBrowser Engine with user profile folder
2024-11-12 16:45:28,274 [INFO] CheckServerUpdateThread:120 - End of CheckServer Thread
2024-11-12 16:45:31,027 [WARN] PackLoader:240 - Cannot read IP mode file for STMicroelectronics.FP-SNS-MOTENVWB1.1.4.0
2024-11-12 16:45:31,064 [WARN] PackLoader:240 - Cannot read IP mode file for STMicroelectronics.X-CUBE-SMBUS.2.1.0
2024-11-12 16:45:31,101 [WARN] PackLoader:240 - Cannot read IP mode file for STMicroelectronics.X-CUBE-WB05N.1.1.0
2024-11-12 16:45:31,176 [WARN] PackLoader:240 - Cannot read IP mode file for STMicroelectronics.X-CUBE-AZRTOS-F7.1.1.0
2024-11-12 16:45:31,358 [WARN] PackLoader:240 - Cannot read IP mode file for STMicroelectronics.X-CUBE-MEMS1.11.0.0
2024-11-12 16:45:32,012 [WARN] PackLoader:240 - Cannot read IP mode file for STMicroelectronics.FP-SNS-FLIGHT1.5.0.2
2024-11-12 16:45:32,036 [WARN] PackLoader:240 - Cannot read IP mode file for STMicroelectronics.X-CUBE-DISPLAY.3.0.0
2024-11-12 16:45:32,068 [WARN] PackLoader:240 - Cannot read IP mode file for STMicroelectronics.X-CUBE-BLE1.7.0.0
2024-11-12 16:45:32,104 [WARN] PackLoader:240 - Cannot read IP mode file for STMicroelectronics.X-CUBE-NFC10.1.0.0
2024-11-12 16:45:32,144 [WARN] PackLoader:240 - Cannot read IP mode file for emotas.I-CUBE-CANOPEN.1.3.0
2024-11-12 16:45:32,172 [WARN] PackLoader:240 - Cannot read IP mode file for STMicroelectronics.X-CUBE-BLEMGR.3.1.0
2024-11-12 16:45:32,199 [WARN] PackLoader:240 - Cannot read IP mode file for STMicroelectronics.FP-SNS-SMARTAG2.1.2.0
2024-11-12 16:45:32,236 [INFO] LogOutputStream:77 - [STDOUT_REDIRECT] 1 : Invalid condition id : UX_CORESTACK_Condition cause : null
2024-11-12 16:45:32,237 [INFO] LogOutputStream:77 - [STDOUT_REDIRECT] 1 : Invalid condition id : UX_CORESTACK_Condition cause : null
2024-11-12 16:45:32,239 [INFO] LogOutputStream:77 - [STDOUT_REDIRECT] 1 : Invalid condition id : UX_CORESTACK_Condition cause : null
2024-11-12 16:45:32,240 [INFO] LogOutputStream:77 - [STDOUT_REDIRECT] 1 : Invalid condition id : UX_CORESTACK_Condition cause : null
2024-11-12 16:45:32,242 [INFO] LogOutputStream:77 - [STDOUT_REDIRECT] 1 : Invalid condition id : UX_CORESTACK_Condition cause : null
2024-11-12 16:45:32,262 [WARN] PackLoader:240 - Cannot read IP mode file for STMicroelectronics.X-CUBE-AZRTOS-WL.2.0.0
2024-11-12 16:45:32,281 [WARN] PackLoader:240 - Cannot read IP mode file for STMicroelectronics.FP-SNS-MOTENV1.5.0.0
2024-11-12 16:45:32,299 [WARN] PackLoader:240 - Cannot read IP mode file for wolfSSL.I-CUBE-wolfMQTT.1.19.0
2024-11-12 16:45:32,329 [WARN] PackLoader:240 - Cannot read IP mode file for WES.I-CUBE-Cesium.1.3.0
2024-11-12 16:45:32,349 [WARN] PackLoader:240 - Cannot read IP mode file for STMicroelectronics.X-CUBE-BLE2.3.3.0
2024-11-12 16:45:32,369 [WARN] PackLoader:240 - Cannot read IP mode file for STMicroelectronics.X-CUBE-NFC9.1.0.0
2024-11-12 16:45:32,386 [WARN] PackLoader:240 - Cannot read IP mode file for STMicroelectronics.X-CUBE-TCPP.4.1.0
2024-11-12 16:45:32,420 [WARN] PackLoader:240 - Cannot read IP mode file for STMicroelectronics.X-CUBE-AZRTOS-G0.1.1.0
2024-11-12 16:45:32,444 [WARN] PackLoader:240 - Cannot read IP mode file for STMicroelectronics.X-CUBE-SAFEA1.1.2.2
2024-11-12 16:45:32,466 [WARN] PackLoader:240 - Cannot read IP mode file for STMicroelectronics.X-CUBE-NFC4.3.0.0
2024-11-12 16:45:32,489 [WARN] PackLoader:240 - Cannot read IP mode file for EmbeddedOffice.I-CUBE-FS-RTOS.1.0.1
2024-11-12 16:45:32,489 [ERROR] ConditionMgr:805 - Attr not supported : Dmpu
2024-11-12 16:45:32,490 [ERROR] ConditionMgr:805 - Attr not supported : Dmpu
2024-11-12 16:45:32,490 [ERROR] ConditionMgr:805 - Attr not supported : Dmpu
2024-11-12 16:45:32,490 [ERROR] ConditionMgr:805 - Attr not supported : Dmpu
2024-11-12 16:45:32,490 [ERROR] ConditionMgr:805 - Attr not supported : Dmpu
2024-11-12 16:45:32,490 [ERROR] ConditionMgr:805 - Attr not supported : Dmpu
2024-11-12 16:45:32,490 [ERROR] ConditionMgr:805 - Attr not supported : Dmpu
2024-11-12 16:45:32,490 [ERROR] ConditionMgr:805 - Attr not supported : Dmpu
2024-11-12 16:45:32,490 [ERROR] ConditionMgr:805 - Attr not supported : Dmpu
2024-11-12 16:45:32,490 [ERROR] ConditionMgr:805 - Attr not supported : Dmpu
2024-11-12 16:45:32,490 [ERROR] ConditionMgr:805 - Attr not supported : Dmpu
2024-11-12 16:45:32,490 [ERROR] ConditionMgr:805 - Attr not supported : Dmpu
2024-11-12 16:45:32,490 [ERROR] ConditionMgr:805 - Attr not supported : Dmpu
2024-11-12 16:45:32,490 [ERROR] ConditionMgr:805 - Attr not supported : Dmpu
2024-11-12 16:45:32,490 [ERROR] ConditionMgr:805 - Attr not supported : Dmpu
2024-11-12 16:45:32,490 [ERROR] ConditionMgr:805 - Attr not supported : Dmpu
2024-11-12 16:45:32,490 [ERROR] ConditionMgr:805 - Attr not supported : Dmpu
2024-11-12 16:45:32,491 [ERROR] ConditionMgr:805 - Attr not supported : Dmpu
2024-11-12 16:45:32,491 [ERROR] ConditionMgr:805 - Attr not supported : Dmpu
2024-11-12 16:45:32,491 [ERROR] ConditionMgr:805 - Attr not supported : Dmpu
2024-11-12 16:45:32,491 [ERROR] ConditionMgr:805 - Attr not supported : Dmpu
2024-11-12 16:45:32,491 [ERROR] ConditionMgr:805 - Attr not supported : Dmpu
2024-11-12 16:45:32,491 [ERROR] ConditionMgr:805 - Attr not supported : Dmpu
2024-11-12 16:45:32,491 [ERROR] ConditionMgr:805 - Attr not supported : Dmpu
2024-11-12 16:45:32,491 [ERROR] ConditionMgr:805 - Attr not supported : Dmpu
2024-11-12 16:45:32,491 [ERROR] ConditionMgr:805 - Attr not supported : Dmpu
2024-11-12 16:45:32,491 [ERROR] ConditionMgr:805 - Attr not supported : Dmpu
2024-11-12 16:45:32,491 [ERROR] ConditionMgr:805 - Attr not supported : Dmpu
2024-11-12 16:45:32,492 [ERROR] ConditionMgr:805 - Attr not supported : Dmpu
2024-11-12 16:45:32,492 [ERROR] ConditionMgr:805 - Attr not supported : Dmpu
2024-11-12 16:45:32,492 [ERROR] ConditionMgr:805 - Attr not supported : Dmpu
2024-11-12 16:45:32,492 [ERROR] ConditionMgr:805 - Attr not supported : Dmpu
2024-11-12 16:45:32,492 [ERROR] ConditionMgr:805 - Attr not supported : Dmpu
2024-11-12 16:45:32,492 [ERROR] ConditionMgr:805 - Attr not supported : Dmpu
2024-11-12 16:45:32,492 [ERROR] ConditionMgr:805 - Attr not supported : Dmpu
2024-11-12 16:45:32,492 [ERROR] ConditionMgr:805 - Attr not supported : Dmpu
2024-11-12 16:45:32,492 [ERROR] ConditionMgr:805 - Attr not supported : Dmpu
2024-11-12 16:45:32,492 [ERROR] ConditionMgr:805 - Attr not supported : Dmpu
2024-11-12 16:45:32,492 [ERROR] ConditionMgr:805 - Attr not supported : Dmpu
2024-11-12 16:45:32,492 [ERROR] ConditionMgr:805 - Attr not supported : Dmpu
2024-11-12 16:45:32,492 [ERROR] ConditionMgr:805 - Attr not supported : Dmpu
2024-11-12 16:45:32,493 [ERROR] ConditionMgr:805 - Attr not supported : Dmpu
2024-11-12 16:45:32,493 [ERROR] ConditionMgr:805 - Attr not supported : Dmpu
2024-11-12 16:45:32,493 [ERROR] ConditionMgr:805 - Attr not supported : Dmpu
2024-11-12 16:45:32,493 [ERROR] ConditionMgr:805 - Attr not supported : Dmpu
2024-11-12 16:45:32,493 [ERROR] ConditionMgr:805 - Attr not supported : Dmpu
2024-11-12 16:45:32,493 [ERROR] ConditionMgr:805 - Attr not supported : Dmpu
2024-11-12 16:45:32,493 [ERROR] ConditionMgr:805 - Attr not supported : Dmpu
2024-11-12 16:45:32,493 [ERROR] ConditionMgr:805 - Attr not supported : Dmpu
2024-11-12 16:45:32,493 [ERROR] ConditionMgr:805 - Attr not supported : Dmpu
2024-11-12 16:45:32,493 [ERROR] ConditionMgr:805 - Attr not supported : Dmpu
2024-11-12 16:45:32,493 [ERROR] ConditionMgr:805 - Attr not supported : Dmpu
2024-11-12 16:45:32,493 [ERROR] ConditionMgr:805 - Attr not supported : Dmpu
2024-11-12 16:45:32,494 [ERROR] ConditionMgr:805 - Attr not supported : Dmpu
2024-11-12 16:45:32,494 [ERROR] ConditionMgr:805 - Attr not supported : Dmpu
2024-11-12 16:45:32,494 [ERROR] ConditionMgr:805 - Attr not supported : Dmpu
2024-11-12 16:45:32,494 [ERROR] ConditionMgr:805 - Attr not supported : Dmpu
2024-11-12 16:45:32,494 [ERROR] ConditionMgr:805 - Attr not supported : Dmpu
2024-11-12 16:45:32,494 [ERROR] ConditionMgr:805 - Attr not supported : Dmpu
2024-11-12 16:45:32,494 [ERROR] ConditionMgr:805 - Attr not supported : Dmpu
2024-11-12 16:45:32,494 [ERROR] ConditionMgr:805 - Attr not supported : Dmpu
2024-11-12 16:45:32,494 [ERROR] ConditionMgr:805 - Attr not supported : Dmpu
2024-11-12 16:45:32,494 [ERROR] ConditionMgr:805 - Attr not supported : Dmpu
2024-11-12 16:45:32,494 [ERROR] ConditionMgr:805 - Attr not supported : Dmpu
2024-11-12 16:45:32,517 [WARN] PackLoader:240 - Cannot read IP mode file for RealThread.X-CUBE-RT-Thread_Nano.4.1.1
2024-11-12 16:45:32,536 [WARN] PackLoader:240 - Cannot read IP mode file for STMicroelectronics.FP-ATR-SIGFOX1.3.2.0
2024-11-12 16:45:32,552 [WARN] PackLoader:240 - Cannot read IP mode file for wolfSSL.I-CUBE-wolfSSL.5.7.2
2024-11-12 16:45:32,572 [WARN] PackLoader:240 - Cannot read IP mode file for STMicroelectronics.X-CUBE-EEPRMA1.5.1.0
2024-11-12 16:45:32,596 [WARN] PackLoader:240 - Cannot read IP mode file for ITTIA_DB.I-CUBE-ITTIADB.8.9.0
2024-11-12 16:45:32,692 [WARN] PackLoader:240 - Cannot read IP mode file for SEGGER.I-CUBE-embOS.1.3.1
2024-11-12 16:45:32,767 [WARN] PackLoader:240 - Cannot read IP mode file for STMicroelectronics.X-CUBE-ALGOBUILD.1.4.0
2024-11-12 16:45:32,790 [WARN] PackLoader:240 - Cannot read IP mode file for STMicroelectronics.X-CUBE-AI.9.1.0
2024-11-12 16:45:32,812 [WARN] PackLoader:240 - Cannot read IP mode file for STMicroelectronics.X-CUBE-GNSS1.6.0.0
2024-11-12 16:45:32,856 [WARN] PackLoader:240 - Cannot read IP mode file for STMicroelectronics.X-CUBE-AZRTOS-F4.1.1.0
2024-11-12 16:45:32,878 [WARN] PackLoader:240 - Cannot read IP mode file for STMicroelectronics.X-CUBE-ISPU.2.1.0
2024-11-12 16:45:32,896 [WARN] PackLoader:240 - Cannot read IP mode file for STMicroelectronics.X-CUBE-FREERTOS.1.2.0
2024-11-12 16:45:32,935 [WARN] PackLoader:240 - Cannot read IP mode file for STMicroelectronics.X-CUBE-AZRTOS-L5.2.0.0
2024-11-12 16:45:32,964 [WARN] PackLoader:240 - Cannot read IP mode file for STMicroelectronics.X-CUBE-NFC6.3.1.0
2024-11-12 16:45:32,984 [WARN] PackLoader:240 - Cannot read IP mode file for STMicroelectronics.X-CUBE-DPower.1.2.0
2024-11-12 16:45:33,002 [WARN] PackLoader:240 - Cannot read IP mode file for STMicroelectronics.X-CUBE-AI.9.0.0
2024-11-12 16:45:33,022 [WARN] PackLoader:240 - Cannot read IP mode file for STMicroelectronics.X-CUBE-NFC7.1.0.1
2024-11-12 16:45:33,066 [WARN] ConditionMgr:438 - getConditionDescription Invalid condition id : LAN8742 Phy interface Condition cause : null
2024-11-12 16:45:33,067 [WARN] PackLoader:240 - Cannot read IP mode file for STMicroelectronics.X-CUBE-AZRTOS-L4.2.0.0
2024-11-12 16:45:33,069 [WARN] ConditionMgr:1039 - genDependencies : Invalid condition id : LAN8742 Phy interface Condition cause : null
2024-11-12 16:45:33,069 [WARN] ConditionMgr:1039 - genDependencies : Invalid condition id : LAN8742 Phy interface Condition cause : null
2024-11-12 16:45:33,070 [WARN] ConditionMgr:1039 - genDependencies : Invalid condition id : LAN8742 Phy interface Condition cause : null
2024-11-12 16:45:33,101 [WARN] PackLoader:240 - Cannot read IP mode file for STMicroelectronics.X-CUBE-SFXS2LP1.4.0.0
2024-11-12 16:45:33,157 [WARN] PackLoader:240 - Cannot read IP mode file for STMicroelectronics.X-CUBE-AZRTOS-H7.3.3.0
2024-11-12 16:45:33,193 [WARN] PackLoader:240 - Cannot read IP mode file for STMicroelectronics.X-CUBE-IPS.3.0.0
2024-11-12 16:45:33,228 [WARN] ConditionMgr:438 - getConditionDescription Invalid condition id : UX DEVICE CLASS RTOS Condition cause : null
2024-11-12 16:45:33,228 [WARN] ConditionMgr:438 - getConditionDescription Invalid condition id : UX DEVICE CLASS RTOS Condition cause : null
2024-11-12 16:45:33,231 [WARN] PackLoader:240 - Cannot read IP mode file for STMicroelectronics.X-CUBE-AZRTOS-WB.2.0.0
2024-11-12 16:45:33,231 [WARN] ConditionMgr:1039 - genDependencies : Invalid condition id : UX DEVICE CLASS RTOS Condition cause : null
2024-11-12 16:45:33,232 [WARN] ConditionMgr:1039 - genDependencies : Invalid condition id : UX DEVICE CLASS RTOS Condition cause : null
2024-11-12 16:45:33,232 [WARN] ConditionMgr:1039 - genDependencies : Invalid condition id : UX DEVICE CLASS RTOS Condition cause : null
2024-11-12 16:45:33,233 [WARN] ConditionMgr:1039 - genDependencies : Invalid condition id : UX DEVICE CLASS RTOS Condition cause : null
2024-11-12 16:45:33,233 [WARN] ConditionMgr:1039 - genDependencies : Invalid condition id : UX DEVICE CLASS RTOS Condition cause : null
2024-11-12 16:45:33,256 [WARN] PackLoader:240 - Cannot read IP mode file for STMicroelectronics.X-CUBE-GNSS1.7.0.0
2024-11-12 16:45:33,279 [WARN] PackLoader:240 - Cannot read IP mode file for STMicroelectronics.FP-SNS-STBOX1.2.0.0
2024-11-12 16:45:33,308 [WARN] PackLoader:240 - Cannot read IP mode file for STMicroelectronics.X-CUBE-SUBG2.5.0.0
2024-11-12 16:45:33,329 [WARN] PackLoader:240 - Cannot read IP mode file for Cesanta.I-CUBE-Mongoose.7.13.0
2024-11-12 16:45:33,361 [WARN] PackLoader:240 - Cannot read IP mode file for STMicroelectronics.X-CUBE-AZRTOS-G4.2.0.0
2024-11-12 16:45:33,380 [WARN] PackLoader:240 - Cannot read IP mode file for STMicroelectronics.X-CUBE-ISPU.2.0.0
2024-11-12 16:45:33,397 [WARN] PackLoader:240 - Cannot read IP mode file for STMicroelectronics.X-CUBE-ALS.1.0.2
2024-11-12 16:45:33,417 [WARN] PackLoader:240 - Cannot read IP mode file for STMicroelectronics.X-CUBE-TOUCHGFX.4.24.0
2024-11-12 16:45:33,434 [WARN] PackLoader:240 - Cannot read IP mode file for STMicroelectronics.X-CUBE-TOUCHGFX.4.24.1
2024-11-12 16:45:33,451 [WARN] PackLoader:240 - Cannot read IP mode file for wolfSSL.I-CUBE-wolfTPM.3.4.0
2024-11-12 16:45:33,467 [WARN] PackLoader:240 - Cannot read IP mode file for portGmbH.I-Cube-SoM-uGOAL.1.1.0
2024-11-12 16:45:33,612 [WARN] PackLoader:240 - Cannot read IP mode file for STMicroelectronics.X-CUBE-AZRTOS-H7RS.1.0.0
2024-11-12 16:45:33,711 [WARN] PackLoader:240 - Cannot read IP mode file for STMicroelectronics.FP-ATR-ASTRA1.2.0.0
2024-11-12 16:45:33,823 [WARN] PackLoader:240 - Cannot read IP mode file for STMicroelectronics.X-CUBE-TOF1.3.4.2
2024-11-12 16:45:33,987 [WARN] PackLoader:240 - Cannot read IP mode file for Infineon.AIROC-Wi-Fi-Bluetooth-STM32.1.6.1
2024-11-12 16:45:34,004 [WARN] PackLoader:240 - Cannot read IP mode file for wolfSSL.I-CUBE-wolfSSH.1.4.17
2024-11-12 16:45:34,005 [INFO] ThirdParty:978 - Integrity check success = true
2024-11-12 16:45:34,005 [INFO] IntegrityCheckThread:100 - exiting critical section [integrity check]
2024-11-12 16:45:34,005 [INFO] IntegrityCheckThread:103 - End integrity checks thread
2024-11-12 16:45:36,393 [INFO] WebApp:167 - Instantiating new browser for Auth
2024-11-12 16:45:37,407 [INFO] WebApp:448 - Apply proxy settings
2024-11-12 16:45:37,407 [INFO] WebApp:533 - Chromium requires no authentication
2024-11-12 16:45:37,422 [INFO] WebApp:476 - Direct internet connection detected
2024-11-12 16:45:37,462 [INFO] WebApp:869 - Register for checkConnection events
2024-11-12 16:45:37,462 [INFO] WebApp:448 - Apply proxy settings
2024-11-12 16:45:37,462 [INFO] WebApp:533 - Chromium requires no authentication
2024-11-12 16:45:37,463 [INFO] WebApp:476 - Direct internet connection detected
2024-11-12 16:45:37,694 [INFO] WebApp:220 - Starting web application
2024-11-12 16:45:37,695 [INFO] WebApp:578 - Web application path used C:\ST\STM32CubeIDE_1.16.0\STM32CubeIDE\plugins\com.st.stm32cube.common.mx_6.12.0.202406281431\db\plugins\mcufinder\reactClient1\index.html
2024-11-12 16:45:37,764 [INFO] WebApp:186 - Connection restablished
2024-11-12 19:08:28,809 [INFO] WebApp:189 - Connection lost
2024-11-12 19:24:42,467 [INFO] WebApp:186 - Connection restablished
2024-11-12 21:43:08,366 [INFO] WebApp:388 - JxBrowser engine has been closed 
