2024-10-15 00:22:51,982 [INFO] LogOutputStream:77 - [STDOUT_REDIRECT] 1 : Invalid condition id : UX_CORESTACK_Condition cause : null
2024-10-15 00:22:52,000 [INFO] LogOutputStream:77 - [STDOUT_REDIRECT] 1 : Invalid condition id : UX_CORESTACK_Condition cause : null
2024-10-15 00:22:52,001 [INFO] LogOutputStream:77 - [STDOUT_REDIRECT] 1 : Invalid condition id : UX_CORESTACK_Condition cause : null
2024-10-15 00:22:52,003 [INFO] LogOutputStream:77 - [STDOUT_REDIRECT] 1 : Invalid condition id : UX_CORESTACK_Condition cause : null
2024-10-15 00:22:52,005 [INFO] LogOutputStream:77 - [STDOUT_REDIRECT] 1 : Invalid condition id : UX_CORESTACK_Condition cause : null
2024-10-15 00:22:52,009 [WARN] PackLoader:240 - Cannot read IP mode file for STMicroelectronics.X-CUBE-AZRTOS-WL.2.0.0
2024-10-15 00:22:52,028 [WARN] PackLoader:240 - Cannot read IP mode file for STMicroelectronics.FP-SNS-MOTENV1.5.0.0
2024-10-15 00:22:52,043 [WARN] PackLoader:240 - Cannot read IP mode file for wolfSSL.I-CUBE-wolfMQTT.1.19.0
2024-10-15 00:22:52,059 [WARN] PackLoader:240 - Cannot read IP mode file for WES.I-CUBE-Cesium.1.3.0
2024-10-15 00:22:52,078 [WARN] PackLoader:240 - Cannot read IP mode file for STMicroelectronics.X-CUBE-BLE2.3.3.0
2024-10-15 00:22:52,098 [WARN] PackLoader:240 - Cannot read IP mode file for STMicroelectronics.X-CUBE-NFC9.1.0.0
2024-10-15 00:22:52,118 [WARN] PackLoader:240 - Cannot read IP mode file for STMicroelectronics.X-CUBE-TCPP.4.1.0
2024-10-15 00:22:52,153 [WARN] PackLoader:240 - Cannot read IP mode file for STMicroelectronics.X-CUBE-AZRTOS-G0.1.1.0
2024-10-15 00:22:52,176 [WARN] PackLoader:240 - Cannot read IP mode file for STMicroelectronics.X-CUBE-SAFEA1.1.2.2
2024-10-15 00:22:52,197 [WARN] PackLoader:240 - Cannot read IP mode file for STMicroelectronics.X-CUBE-NFC4.3.0.0
2024-10-15 00:22:52,222 [WARN] PackLoader:240 - Cannot read IP mode file for EmbeddedOffice.I-CUBE-FS-RTOS.1.0.1
2024-10-15 00:22:52,222 [ERROR] ConditionMgr:805 - Attr not supported : Dmpu
2024-10-15 00:22:52,222 [ERROR] ConditionMgr:805 - Attr not supported : Dmpu
2024-10-15 00:22:52,222 [ERROR] ConditionMgr:805 - Attr not supported : Dmpu
2024-10-15 00:22:52,222 [ERROR] ConditionMgr:805 - Attr not supported : Dmpu
2024-10-15 00:22:52,222 [ERROR] ConditionMgr:805 - Attr not supported : Dmpu
2024-10-15 00:22:52,222 [ERROR] ConditionMgr:805 - Attr not supported : Dmpu
2024-10-15 00:22:52,223 [ERROR] ConditionMgr:805 - Attr not supported : Dmpu
2024-10-15 00:22:52,223 [ERROR] ConditionMgr:805 - Attr not supported : Dmpu
2024-10-15 00:22:52,223 [ERROR] ConditionMgr:805 - Attr not supported : Dmpu
2024-10-15 00:22:52,223 [ERROR] ConditionMgr:805 - Attr not supported : Dmpu
2024-10-15 00:22:52,223 [ERROR] ConditionMgr:805 - Attr not supported : Dmpu
2024-10-15 00:22:52,223 [ERROR] ConditionMgr:805 - Attr not supported : Dmpu
2024-10-15 00:22:52,223 [ERROR] ConditionMgr:805 - Attr not supported : Dmpu
2024-10-15 00:22:52,224 [ERROR] ConditionMgr:805 - Attr not supported : Dmpu
2024-10-15 00:22:52,224 [ERROR] ConditionMgr:805 - Attr not supported : Dmpu
2024-10-15 00:22:52,224 [ERROR] ConditionMgr:805 - Attr not supported : Dmpu
2024-10-15 00:22:52,224 [ERROR] ConditionMgr:805 - Attr not supported : Dmpu
2024-10-15 00:22:52,224 [ERROR] ConditionMgr:805 - Attr not supported : Dmpu
2024-10-15 00:22:52,224 [ERROR] ConditionMgr:805 - Attr not supported : Dmpu
2024-10-15 00:22:52,224 [ERROR] ConditionMgr:805 - Attr not supported : Dmpu
2024-10-15 00:22:52,224 [ERROR] ConditionMgr:805 - Attr not supported : Dmpu
2024-10-15 00:22:52,224 [ERROR] ConditionMgr:805 - Attr not supported : Dmpu
2024-10-15 00:22:52,224 [ERROR] ConditionMgr:805 - Attr not supported : Dmpu
2024-10-15 00:22:52,224 [ERROR] ConditionMgr:805 - Attr not supported : Dmpu
2024-10-15 00:22:52,224 [ERROR] ConditionMgr:805 - Attr not supported : Dmpu
2024-10-15 00:22:52,225 [ERROR] ConditionMgr:805 - Attr not supported : Dmpu
2024-10-15 00:22:52,225 [ERROR] ConditionMgr:805 - Attr not supported : Dmpu
2024-10-15 00:22:52,225 [ERROR] ConditionMgr:805 - Attr not supported : Dmpu
2024-10-15 00:22:52,225 [ERROR] ConditionMgr:805 - Attr not supported : Dmpu
2024-10-15 00:22:52,225 [ERROR] ConditionMgr:805 - Attr not supported : Dmpu
2024-10-15 00:22:52,225 [ERROR] ConditionMgr:805 - Attr not supported : Dmpu
2024-10-15 00:22:52,225 [ERROR] ConditionMgr:805 - Attr not supported : Dmpu
2024-10-15 00:22:52,225 [ERROR] ConditionMgr:805 - Attr not supported : Dmpu
2024-10-15 00:22:52,225 [ERROR] ConditionMgr:805 - Attr not supported : Dmpu
2024-10-15 00:22:52,225 [ERROR] ConditionMgr:805 - Attr not supported : Dmpu
2024-10-15 00:22:52,225 [ERROR] ConditionMgr:805 - Attr not supported : Dmpu
2024-10-15 00:22:52,226 [ERROR] ConditionMgr:805 - Attr not supported : Dmpu
2024-10-15 00:22:52,226 [ERROR] ConditionMgr:805 - Attr not supported : Dmpu
2024-10-15 00:22:52,226 [ERROR] ConditionMgr:805 - Attr not supported : Dmpu
2024-10-15 00:22:52,226 [ERROR] ConditionMgr:805 - Attr not supported : Dmpu
2024-10-15 00:22:52,226 [ERROR] ConditionMgr:805 - Attr not supported : Dmpu
2024-10-15 00:22:52,226 [ERROR] ConditionMgr:805 - Attr not supported : Dmpu
2024-10-15 00:22:52,226 [ERROR] ConditionMgr:805 - Attr not supported : Dmpu
2024-10-15 00:22:52,226 [ERROR] ConditionMgr:805 - Attr not supported : Dmpu
2024-10-15 00:22:52,226 [ERROR] ConditionMgr:805 - Attr not supported : Dmpu
2024-10-15 00:22:52,226 [ERROR] ConditionMgr:805 - Attr not supported : Dmpu
2024-10-15 00:22:52,226 [ERROR] ConditionMgr:805 - Attr not supported : Dmpu
2024-10-15 00:22:52,227 [ERROR] ConditionMgr:805 - Attr not supported : Dmpu
2024-10-15 00:22:52,227 [ERROR] ConditionMgr:805 - Attr not supported : Dmpu
2024-10-15 00:22:52,227 [ERROR] ConditionMgr:805 - Attr not supported : Dmpu
2024-10-15 00:22:52,227 [ERROR] ConditionMgr:805 - Attr not supported : Dmpu
2024-10-15 00:22:52,227 [ERROR] ConditionMgr:805 - Attr not supported : Dmpu
2024-10-15 00:22:52,227 [ERROR] ConditionMgr:805 - Attr not supported : Dmpu
2024-10-15 00:22:52,227 [ERROR] ConditionMgr:805 - Attr not supported : Dmpu
2024-10-15 00:22:52,227 [ERROR] ConditionMgr:805 - Attr not supported : Dmpu
2024-10-15 00:22:52,227 [ERROR] ConditionMgr:805 - Attr not supported : Dmpu
2024-10-15 00:22:52,227 [ERROR] ConditionMgr:805 - Attr not supported : Dmpu
2024-10-15 00:22:52,227 [ERROR] ConditionMgr:805 - Attr not supported : Dmpu
2024-10-15 00:22:52,228 [ERROR] ConditionMgr:805 - Attr not supported : Dmpu
2024-10-15 00:22:52,228 [ERROR] ConditionMgr:805 - Attr not supported : Dmpu
2024-10-15 00:22:52,228 [ERROR] ConditionMgr:805 - Attr not supported : Dmpu
2024-10-15 00:22:52,228 [ERROR] ConditionMgr:805 - Attr not supported : Dmpu
2024-10-15 00:22:52,228 [ERROR] ConditionMgr:805 - Attr not supported : Dmpu
2024-10-15 00:22:52,228 [ERROR] ConditionMgr:805 - Attr not supported : Dmpu
2024-10-15 00:22:52,247 [WARN] PackLoader:240 - Cannot read IP mode file for RealThread.X-CUBE-RT-Thread_Nano.4.1.1
2024-10-15 00:22:52,262 [WARN] PackLoader:240 - Cannot read IP mode file for STMicroelectronics.FP-ATR-SIGFOX1.3.2.0
2024-10-15 00:22:52,273 [WARN] PackLoader:240 - Cannot read IP mode file for wolfSSL.I-CUBE-wolfSSL.5.7.2
2024-10-15 00:22:52,294 [WARN] PackLoader:240 - Cannot read IP mode file for STMicroelectronics.X-CUBE-EEPRMA1.5.1.0
2024-10-15 00:22:52,316 [WARN] PackLoader:240 - Cannot read IP mode file for ITTIA_DB.I-CUBE-ITTIADB.8.9.0
2024-10-15 00:22:52,369 [WARN] PackLoader:240 - Cannot read IP mode file for SEGGER.I-CUBE-embOS.1.3.1
2024-10-15 00:22:52,439 [WARN] PackLoader:240 - Cannot read IP mode file for STMicroelectronics.X-CUBE-ALGOBUILD.1.4.0
2024-10-15 00:22:52,453 [WARN] PackLoader:240 - Cannot read IP mode file for STMicroelectronics.X-CUBE-AI.9.1.0
2024-10-15 00:22:52,470 [WARN] PackLoader:240 - Cannot read IP mode file for STMicroelectronics.X-CUBE-GNSS1.6.0.0
2024-10-15 00:22:52,505 [WARN] PackLoader:240 - Cannot read IP mode file for STMicroelectronics.X-CUBE-AZRTOS-F4.1.1.0
2024-10-15 00:22:52,526 [WARN] PackLoader:240 - Cannot read IP mode file for STMicroelectronics.X-CUBE-ISPU.2.1.0
2024-10-15 00:22:52,544 [WARN] PackLoader:240 - Cannot read IP mode file for STMicroelectronics.X-CUBE-FREERTOS.1.2.0
2024-10-15 00:22:52,574 [WARN] PackLoader:240 - Cannot read IP mode file for STMicroelectronics.X-CUBE-AZRTOS-L5.2.0.0
2024-10-15 00:22:52,595 [WARN] PackLoader:240 - Cannot read IP mode file for STMicroelectronics.X-CUBE-NFC6.3.1.0
2024-10-15 00:22:52,613 [WARN] PackLoader:240 - Cannot read IP mode file for STMicroelectronics.X-CUBE-DPower.1.2.0
2024-10-15 00:22:52,627 [WARN] PackLoader:240 - Cannot read IP mode file for STMicroelectronics.X-CUBE-AI.9.0.0
2024-10-15 00:22:52,646 [WARN] PackLoader:240 - Cannot read IP mode file for STMicroelectronics.X-CUBE-NFC7.1.0.1
2024-10-15 00:22:52,682 [WARN] ConditionMgr:438 - getConditionDescription Invalid condition id : LAN8742 Phy interface Condition cause : null
2024-10-15 00:22:52,682 [WARN] PackLoader:240 - Cannot read IP mode file for STMicroelectronics.X-CUBE-AZRTOS-L4.2.0.0
2024-10-15 00:22:52,683 [WARN] ConditionMgr:1039 - genDependencies : Invalid condition id : LAN8742 Phy interface Condition cause : null
2024-10-15 00:22:52,684 [WARN] ConditionMgr:1039 - genDependencies : Invalid condition id : LAN8742 Phy interface Condition cause : null
2024-10-15 00:22:52,684 [WARN] ConditionMgr:1039 - genDependencies : Invalid condition id : LAN8742 Phy interface Condition cause : null
2024-10-15 00:22:52,700 [WARN] PackLoader:240 - Cannot read IP mode file for STMicroelectronics.X-CUBE-SFXS2LP1.4.0.0
2024-10-15 00:22:52,732 [WARN] PackLoader:240 - Cannot read IP mode file for STMicroelectronics.X-CUBE-AZRTOS-H7.3.3.0
2024-10-15 00:22:52,759 [WARN] PackLoader:240 - Cannot read IP mode file for STMicroelectronics.X-CUBE-IPS.3.0.0
2024-10-15 00:22:52,786 [WARN] ConditionMgr:438 - getConditionDescription Invalid condition id : UX DEVICE CLASS RTOS Condition cause : null
2024-10-15 00:22:52,786 [WARN] ConditionMgr:438 - getConditionDescription Invalid condition id : UX DEVICE CLASS RTOS Condition cause : null
2024-10-15 00:22:52,821 [WARN] PackLoader:240 - Cannot read IP mode file for STMicroelectronics.X-CUBE-AZRTOS-WB.2.0.0
2024-10-15 00:22:52,823 [WARN] ConditionMgr:1039 - genDependencies : Invalid condition id : UX DEVICE CLASS RTOS Condition cause : null
2024-10-15 00:22:52,824 [WARN] ConditionMgr:1039 - genDependencies : Invalid condition id : UX DEVICE CLASS RTOS Condition cause : null
2024-10-15 00:22:52,824 [WARN] ConditionMgr:1039 - genDependencies : Invalid condition id : UX DEVICE CLASS RTOS Condition cause : null
2024-10-15 00:22:52,825 [WARN] ConditionMgr:1039 - genDependencies : Invalid condition id : UX DEVICE CLASS RTOS Condition cause : null
2024-10-15 00:22:52,825 [WARN] ConditionMgr:1039 - genDependencies : Invalid condition id : UX DEVICE CLASS RTOS Condition cause : null
2024-10-15 00:22:52,848 [WARN] PackLoader:240 - Cannot read IP mode file for STMicroelectronics.X-CUBE-GNSS1.7.0.0
2024-10-15 00:22:52,876 [WARN] PackLoader:240 - Cannot read IP mode file for STMicroelectronics.FP-SNS-STBOX1.2.0.0
2024-10-15 00:22:52,906 [WARN] PackLoader:240 - Cannot read IP mode file for STMicroelectronics.X-CUBE-SUBG2.5.0.0
2024-10-15 00:22:52,931 [WARN] PackLoader:240 - Cannot read IP mode file for Cesanta.I-CUBE-Mongoose.7.13.0
2024-10-15 00:22:52,971 [WARN] PackLoader:240 - Cannot read IP mode file for STMicroelectronics.X-CUBE-AZRTOS-G4.2.0.0
2024-10-15 00:22:52,994 [WARN] PackLoader:240 - Cannot read IP mode file for STMicroelectronics.X-CUBE-ISPU.2.0.0
2024-10-15 00:22:53,014 [WARN] PackLoader:240 - Cannot read IP mode file for STMicroelectronics.X-CUBE-ALS.1.0.2
2024-10-15 00:22:53,033 [WARN] PackLoader:240 - Cannot read IP mode file for STMicroelectronics.X-CUBE-TOUCHGFX.4.24.0
2024-10-15 00:22:53,049 [WARN] PackLoader:240 - Cannot read IP mode file for STMicroelectronics.X-CUBE-TOUCHGFX.4.24.1
2024-10-15 00:22:53,066 [WARN] PackLoader:240 - Cannot read IP mode file for wolfSSL.I-CUBE-wolfTPM.3.4.0
2024-10-15 00:22:53,085 [WARN] PackLoader:240 - Cannot read IP mode file for portGmbH.I-Cube-SoM-uGOAL.1.1.0
2024-10-15 00:22:53,128 [WARN] PackLoader:240 - Cannot read IP mode file for STMicroelectronics.X-CUBE-AZRTOS-H7RS.1.0.0
2024-10-15 00:22:53,153 [WARN] PackLoader:240 - Cannot read IP mode file for STMicroelectronics.FP-ATR-ASTRA1.2.0.0
2024-10-15 00:22:53,184 [WARN] PackLoader:240 - Cannot read IP mode file for STMicroelectronics.X-CUBE-TOF1.3.4.2
2024-10-15 00:22:53,245 [WARN] PackLoader:240 - Cannot read IP mode file for Infineon.AIROC-Wi-Fi-Bluetooth-STM32.1.6.1
2024-10-15 00:22:53,265 [WARN] PackLoader:240 - Cannot read IP mode file for wolfSSL.I-CUBE-wolfSSH.1.4.17
2024-10-15 00:22:53,266 [INFO] ThirdParty:978 - Integrity check success = true
2024-10-15 00:22:53,266 [INFO] IntegrityCheckThread:100 - exiting critical section [integrity check]
2024-10-15 00:22:53,266 [INFO] IntegrityCheckThread:103 - End integrity checks thread
2024-10-15 00:22:53,398 [INFO] Mcu:2032 - Initializing MCU STM32L476R(C-E-G)Tx STM32L476RGTx STM32L476RGT3
2024-10-15 00:22:57,131 [INFO] Context:742 - Trying to add GPIOservice into a context  which must be forbidden
2024-10-15 00:22:58,650 [INFO] RtosManager:555 - Registered RTOS mode: class=CMSIS, group=RTOS, mode=CMSIS_V1, owner=FREERTOS
2024-10-15 00:22:58,650 [INFO] RtosManager:555 - Registered RTOS mode: class=CMSIS, group=RTOS2, mode=CMSIS_V2, owner=FREERTOS
2024-10-15 00:22:58,650 [INFO] RtosManager:555 - Registered RTOS mode: class=RTOS, group=Core, mode=CMSIS_V1, owner=FREERTOS
2024-10-15 00:22:58,650 [INFO] RtosManager:555 - Registered RTOS mode: class=RTOS, group=Core, mode=CMSIS_V2, owner=FREERTOS
2024-10-15 00:22:58,651 [WARN] ModelIntegratedComponent:184 - Missing modes for component STMicroelectronics:FreeRTOS:0.0.1:STMicroelectronics:RTOS:FreeRTOS:Core:::10.2.0:
2024-10-15 00:22:58,667 [WARN] ModelIntegratedComponent:63 - No mode defined for component null
2024-10-15 00:22:58,667 [WARN] ModelIntegratedComponent:63 - No mode defined for component null
2024-10-15 00:22:58,667 [WARN] ModelIntegratedComponent:63 - No mode defined for component null
2024-10-15 00:22:58,667 [WARN] ModelIntegratedComponent:63 - No mode defined for component null
2024-10-15 00:22:58,667 [WARN] ModelIntegratedComponent:63 - No mode defined for component null
2024-10-15 00:22:58,668 [WARN] ModelIntegratedComponent:63 - No mode defined for component null
2024-10-15 00:22:58,668 [WARN] ModelIntegratedComponent:63 - No mode defined for component null
2024-10-15 00:22:58,668 [WARN] ModelIntegratedComponent:63 - No mode defined for component null
2024-10-15 00:22:58,668 [WARN] ModelIntegratedComponent:63 - No mode defined for component null
2024-10-15 00:22:58,668 [WARN] ModelIntegratedComponent:63 - No mode defined for component null
2024-10-15 00:22:58,668 [WARN] ModelIntegratedComponent:63 - No mode defined for component null
2024-10-15 00:22:58,668 [WARN] ModelIntegratedComponent:63 - No mode defined for component null
2024-10-15 00:22:58,668 [WARN] ModelIntegratedComponent:63 - No mode defined for component null
2024-10-15 00:22:58,668 [WARN] ModelIntegratedComponent:63 - No mode defined for component null
2024-10-15 00:22:58,668 [WARN] ModelIntegratedComponent:63 - No mode defined for component null
2024-10-15 00:22:58,668 [WARN] ModelIntegratedComponent:63 - No mode defined for component null
2024-10-15 00:22:58,668 [WARN] ModelIntegratedComponent:63 - No mode defined for component null
2024-10-15 00:22:58,668 [WARN] ModelIntegratedComponent:63 - No mode defined for component null
2024-10-15 00:22:58,668 [WARN] ModelIntegratedComponent:63 - No mode defined for component null
2024-10-15 00:22:58,668 [WARN] ModelIntegratedComponent:63 - No mode defined for component null
2024-10-15 00:22:58,668 [WARN] ModelIntegratedComponent:63 - No mode defined for component null
2024-10-15 00:22:58,668 [WARN] ModelIntegratedComponent:63 - No mode defined for component null
2024-10-15 00:22:58,668 [WARN] ModelIntegratedComponent:63 - No mode defined for component null
2024-10-15 00:22:58,668 [WARN] ModelIntegratedComponent:63 - No mode defined for component null
2024-10-15 00:22:58,668 [WARN] ModelIntegratedComponent:63 - No mode defined for component null
2024-10-15 00:22:58,668 [WARN] ModelIntegratedComponent:63 - No mode defined for component null
2024-10-15 00:22:58,668 [WARN] ModelIntegratedComponent:63 - No mode defined for component null
2024-10-15 00:22:58,668 [WARN] ModelIntegratedComponent:63 - No mode defined for component null
2024-10-15 00:22:58,669 [WARN] ModelIntegratedComponent:63 - No mode defined for component null
2024-10-15 00:22:58,669 [WARN] ModelIntegratedComponent:63 - No mode defined for component null
2024-10-15 00:22:58,669 [WARN] ModelIntegratedComponent:63 - No mode defined for component null
2024-10-15 00:22:58,669 [WARN] ModelIntegratedComponent:63 - No mode defined for component null
2024-10-15 00:22:58,669 [WARN] ModelIntegratedComponent:63 - No mode defined for component null
2024-10-15 00:22:58,669 [WARN] ModelIntegratedComponent:63 - No mode defined for component null
2024-10-15 00:22:58,669 [WARN] ModelIntegratedComponent:63 - No mode defined for component null
2024-10-15 00:22:58,670 [WARN] ModelPack:524 - Component already loaded: STMicroelectronics:HAL Drivers:0.0.0:STMicroelectronics:Device:STMicro_Driver:XSPI:HAL::0.0.1:HAL_XSPI
2024-10-15 00:22:58,716 [INFO] ThirdPartyModel:298 - Start build external matchings
2024-10-15 00:22:59,301 [INFO] ThirdPartyModel:316 - End build external matchings
2024-10-15 00:22:59,322 [INFO] ImportTextPane:205 - (OptionalMessage_ERROR) IP (ADC1) : Parameter (CommonPathInternal) has invalid value (null|null|null|null)
2024-10-15 00:22:59,338 [INFO] ImportTextPane:205 - (OptionalMessage_ERROR) IP (RCC) : Invalid parameter (FamilyName)
2024-10-15 00:22:59,345 [INFO] ImportTextPane:205 - (OptionalMessage_ERROR) IP (RCC) : Parameter (RNGFreq_Value) has invalid value (64000000)
2024-10-15 00:22:59,346 [INFO] ImportTextPane:205 - (OptionalMessage_ERROR) IP (RCC) : Parameter (SDMMCFreq_Value) has invalid value (64000000)
2024-10-15 00:22:59,346 [INFO] ImportTextPane:205 - (OptionalMessage_ERROR) IP (RCC) : Parameter (USBFreq_Value) has invalid value (64000000)
2024-10-15 00:23:00,272 [INFO] UtilMem:75 - End LoadConfig() Used Memory: 808192000 Bytes (1073741824)
2024-10-15 00:23:00,525 [WARN] ThirdParty:833 - waiting for thirdparty lock release [change project]
2024-10-15 00:23:00,525 [INFO] ThirdParty:835 - entering critical section [change project]
2024-10-15 00:23:00,526 [INFO] ThirdParty:1030 - CMSIS Pack Vendor :STMicroelectronics USBPD 4.1
2024-10-15 00:23:00,526 [INFO] ThirdParty:1030 - CMSIS Pack Vendor :STMicroelectronics X-CUBE-AZRTOS-H7 3.3.0
2024-10-15 00:23:00,526 [INFO] ThirdParty:1030 - CMSIS Pack Vendor :STMicroelectronics X-CUBE-NFC9 1.0.0
2024-10-15 00:23:00,526 [INFO] ThirdParty:1030 - CMSIS Pack Vendor :STMicroelectronics X-CUBE-GNSS1 6.0.0
2024-10-15 00:23:00,526 [INFO] ThirdParty:1030 - CMSIS Pack Vendor :STMicroelectronics USB_HOST 2.0.0
2024-10-15 00:23:00,526 [INFO] ThirdParty:1030 - CMSIS Pack Vendor :STMicroelectronics FP-SNS-MOTENVWB1 1.4.0
2024-10-15 00:23:00,526 [INFO] ThirdParty:1030 - CMSIS Pack Vendor :STMicroelectronics X-CUBE-AZRTOS-F4 1.1.0
2024-10-15 00:23:00,526 [INFO] ThirdParty:1030 - CMSIS Pack Vendor :STMicroelectronics LIBJPEG 8.0.0
2024-10-15 00:23:00,526 [INFO] ThirdParty:1030 - CMSIS Pack Vendor :STMicroelectronics X-CUBE-SMBUS 2.1.0
2024-10-15 00:23:00,526 [INFO] ThirdParty:1030 - CMSIS Pack Vendor :STMicroelectronics X-CUBE-WB05N 1.1.0
2024-10-15 00:23:00,526 [INFO] ThirdParty:1030 - CMSIS Pack Vendor :STMicroelectronics USB_DEVICE 3.0.0
2024-10-15 00:23:00,526 [INFO] ThirdParty:1030 - CMSIS Pack Vendor :STMicroelectronics X-CUBE-TCPP 4.1.0
2024-10-15 00:23:00,526 [INFO] ThirdParty:1030 - CMSIS Pack Vendor :STMicroelectronics X-CUBE-ISPU 2.1.0
2024-10-15 00:23:00,526 [INFO] ThirdParty:1030 - CMSIS Pack Vendor :STMicroelectronics X-CUBE-FREERTOS 1.2.0
2024-10-15 00:23:00,526 [INFO] ThirdParty:1030 - CMSIS Pack Vendor :STMicroelectronics X-CUBE-IPS 3.0.0
2024-10-15 00:23:00,526 [INFO] ThirdParty:1030 - CMSIS Pack Vendor :STMicroelectronics X-CUBE-AZRTOS-WB 2.0.0
2024-10-15 00:23:00,526 [INFO] ThirdParty:1030 - CMSIS Pack Vendor :STMicroelectronics X-CUBE-GNSS1 7.0.0
2024-10-15 00:23:00,526 [INFO] ThirdParty:1030 - CMSIS Pack Vendor :STMicroelectronics X-CUBE-AZRTOS-F7 1.1.0
2024-10-15 00:23:00,526 [INFO] ThirdParty:1030 - CMSIS Pack Vendor :STMicroelectronics X-CUBE-AZRTOS-L5 2.0.0
2024-10-15 00:23:00,526 [INFO] ThirdParty:1030 - CMSIS Pack Vendor :STMicroelectronics USB_DEVICE 2.0.0
2024-10-15 00:23:00,526 [INFO] ThirdParty:1030 - CMSIS Pack Vendor :STMicroelectronics X-CUBE-NFC6 3.1.0
2024-10-15 00:23:00,526 [INFO] ThirdParty:1030 - CMSIS Pack Vendor :STMicroelectronics FP-SNS-STBOX1 2.0.0
2024-10-15 00:23:00,526 [INFO] ThirdParty:1030 - CMSIS Pack Vendor :STMicroelectronics X-CUBE-MEMS1 11.0.0
2024-10-15 00:23:00,526 [INFO] ThirdParty:1030 - CMSIS Pack Vendor :STMicroelectronics FreeRTOS 0.0.1
2024-10-15 00:23:00,526 [INFO] ThirdParty:1030 - CMSIS Pack Vendor :STMicroelectronics X-CUBE-AZRTOS-G0 1.1.0
2024-10-15 00:23:00,527 [INFO] ThirdParty:1030 - CMSIS Pack Vendor :STMicroelectronics X-CUBE-SAFEA1 1.2.2
2024-10-15 00:23:00,527 [INFO] ThirdParty:1030 - CMSIS Pack Vendor :STMicroelectronics X-CUBE-NFC4 3.0.0
2024-10-15 00:23:00,527 [INFO] ThirdParty:1030 - CMSIS Pack Vendor :STMicroelectronics X-CUBE-DPower 1.2.0
2024-10-15 00:23:00,527 [INFO] ThirdParty:1030 - CMSIS Pack Vendor :STMicroelectronics X-CUBE-SUBG2 5.0.0
2024-10-15 00:23:00,527 [INFO] ThirdParty:1030 - CMSIS Pack Vendor :STMicroelectronics STM32_WPAN 1.0.0
2024-10-15 00:23:00,527 [INFO] ThirdParty:1030 - CMSIS Pack Vendor :EmbeddedOffice I-CUBE-FS-RTOS 1.0.1
2024-10-15 00:23:00,527 [INFO] ThirdParty:1030 - CMSIS Pack Vendor :STMicroelectronics lwIP 2.0.3
2024-10-15 00:23:00,527 [INFO] ThirdParty:1030 - CMSIS Pack Vendor :STMicroelectronics FP-SNS-FLIGHT1 5.0.2
2024-10-15 00:23:00,527 [INFO] ThirdParty:1030 - CMSIS Pack Vendor :Cesanta I-CUBE-Mongoose 7.13.0
2024-10-15 00:23:00,527 [INFO] ThirdParty:1030 - CMSIS Pack Vendor :STMicroelectronics USB_HOST 1.0.0
2024-10-15 00:23:00,527 [INFO] ThirdParty:1030 - CMSIS Pack Vendor :STMicroelectronics X-CUBE-AI 9.0.0
2024-10-15 00:23:00,527 [INFO] ThirdParty:1030 - CMSIS Pack Vendor :STMicroelectronics X-CUBE-AZRTOS-G4 2.0.0
2024-10-15 00:23:00,527 [INFO] ThirdParty:1030 - CMSIS Pack Vendor :STMicroelectronics PDM2PCM 3.1.0
2024-10-15 00:23:00,527 [INFO] ThirdParty:1030 - CMSIS Pack Vendor :STMicroelectronics PDM2PCM 3.3.0
2024-10-15 00:23:00,527 [INFO] ThirdParty:1030 - CMSIS Pack Vendor :STMicroelectronics X-CUBE-DISPLAY 3.0.0
2024-10-15 00:23:00,527 [INFO] ThirdParty:1030 - CMSIS Pack Vendor :RealThread X-CUBE-RT-Thread_Nano 4.1.1
2024-10-15 00:23:00,527 [INFO] ThirdParty:1030 - CMSIS Pack Vendor :STMicroelectronics X-CUBE-BLE1 7.0.0
2024-10-15 00:23:00,527 [INFO] ThirdParty:1030 - CMSIS Pack Vendor :STMicroelectronics FP-ATR-SIGFOX1 3.2.0
2024-10-15 00:23:00,527 [INFO] ThirdParty:1030 - CMSIS Pack Vendor :STMicroelectronics X-CUBE-NFC10 1.0.0
2024-10-15 00:23:00,527 [INFO] ThirdParty:1030 - CMSIS Pack Vendor :wolfSSL I-CUBE-wolfSSL 5.7.2
2024-10-15 00:23:00,527 [INFO] ThirdParty:1030 - CMSIS Pack Vendor :STMicroelectronics X-CUBE-ISPU 2.0.0
2024-10-15 00:23:00,527 [INFO] ThirdParty:1030 - CMSIS Pack Vendor :STMicroelectronics X-CUBE-EEPRMA1 5.1.0
2024-10-15 00:23:00,527 [INFO] ThirdParty:1030 - CMSIS Pack Vendor :STMicroelectronics HAL Drivers 0.0.0
2024-10-15 00:23:00,527 [INFO] ThirdParty:1030 - CMSIS Pack Vendor :STMicroelectronics MBEDTLS 2.16.2
2024-10-15 00:23:00,527 [INFO] ThirdParty:1030 - CMSIS Pack Vendor :STMicroelectronics X-CUBE-ALS 1.0.2
2024-10-15 00:23:00,527 [INFO] ThirdParty:1030 - CMSIS Pack Vendor :emotas I-CUBE-CANOPEN 1.3.0
2024-10-15 00:23:00,527 [INFO] ThirdParty:1030 - CMSIS Pack Vendor :STMicroelectronics X-CUBE-NFC7 1.0.1
2024-10-15 00:23:00,528 [INFO] ThirdParty:1030 - CMSIS Pack Vendor :STMicroelectronics MBEDTLS 2.14.1
2024-10-15 00:23:00,528 [INFO] ThirdParty:1030 - CMSIS Pack Vendor :STMicroelectronics X-CUBE-TOUCHGFX 4.24.0
2024-10-15 00:23:00,528 [INFO] ThirdParty:1030 - CMSIS Pack Vendor :ITTIA_DB I-CUBE-ITTIADB 8.9.0
2024-10-15 00:23:00,528 [INFO] ThirdParty:1030 - CMSIS Pack Vendor :STMicroelectronics X-CUBE-TOUCHGFX 4.24.1
2024-10-15 00:23:00,528 [INFO] ThirdParty:1030 - CMSIS Pack Vendor :wolfSSL I-CUBE-wolfTPM 3.4.0
2024-10-15 00:23:00,528 [INFO] ThirdParty:1030 - CMSIS Pack Vendor :portGmbH I-Cube-SoM-uGOAL 1.1.0
2024-10-15 00:23:00,528 [INFO] ThirdParty:1030 - CMSIS Pack Vendor :STMicroelectronics X-CUBE-BLEMGR 3.1.0
2024-10-15 00:23:00,528 [INFO] ThirdParty:1030 - CMSIS Pack Vendor :STMicroelectronics ThreadX 1.0.0
2024-10-15 00:23:00,528 [INFO] ThirdParty:1030 - CMSIS Pack Vendor :STMicroelectronics FP-SNS-SMARTAG2 1.2.0
2024-10-15 00:23:00,528 [INFO] ThirdParty:1030 - CMSIS Pack Vendor :STMicroelectronics X-CUBE-AZRTOS-WL 2.0.0
2024-10-15 00:23:00,528 [INFO] ThirdParty:1030 - CMSIS Pack Vendor :SEGGER I-CUBE-embOS 1.3.1
2024-10-15 00:23:00,528 [INFO] ThirdParty:1030 - CMSIS Pack Vendor :STMicroelectronics X-CUBE-ALGOBUILD 1.4.0
2024-10-15 00:23:00,528 [INFO] ThirdParty:1030 - CMSIS Pack Vendor :STMicroelectronics FP-SNS-MOTENV1 5.0.0
2024-10-15 00:23:00,528 [INFO] ThirdParty:1030 - CMSIS Pack Vendor :STMicroelectronics USB_DEVICE 1.0.0
2024-10-15 00:23:00,528 [INFO] ThirdParty:1030 - CMSIS Pack Vendor :STMicroelectronics X-CUBE-AZRTOS-H7RS 1.0.0
2024-10-15 00:23:00,528 [INFO] ThirdParty:1030 - CMSIS Pack Vendor :wolfSSL I-CUBE-wolfMQTT 1.19.0
2024-10-15 00:23:00,528 [INFO] ThirdParty:1030 - CMSIS Pack Vendor :STMicroelectronics X-CUBE-AZRTOS-L4 2.0.0
2024-10-15 00:23:00,528 [INFO] ThirdParty:1030 - CMSIS Pack Vendor :STMicroelectronics ThreadX 0.0.2
2024-10-15 00:23:00,528 [INFO] ThirdParty:1030 - CMSIS Pack Vendor :WES I-CUBE-Cesium 1.3.0
2024-10-15 00:23:00,528 [INFO] ThirdParty:1030 - CMSIS Pack Vendor :STMicroelectronics FP-ATR-ASTRA1 2.0.0
2024-10-15 00:23:00,528 [INFO] ThirdParty:1030 - CMSIS Pack Vendor :STMicroelectronics lwIP 2.1.2
2024-10-15 00:23:00,528 [INFO] ThirdParty:1030 - CMSIS Pack Vendor :STMicroelectronics X-CUBE-SFXS2LP1 4.0.0
2024-10-15 00:23:00,528 [INFO] ThirdParty:1030 - CMSIS Pack Vendor :STMicroelectronics X-CUBE-BLE2 3.3.0
2024-10-15 00:23:00,528 [INFO] ThirdParty:1030 - CMSIS Pack Vendor :STMicroelectronics X-CUBE-TOF1 3.4.2
2024-10-15 00:23:00,528 [INFO] ThirdParty:1030 - CMSIS Pack Vendor :STMicroelectronics X-CUBE-AI 9.1.0
2024-10-15 00:23:00,528 [INFO] ThirdParty:1030 - CMSIS Pack Vendor :Infineon AIROC-Wi-Fi-Bluetooth-STM32 1.6.1
2024-10-15 00:23:00,528 [INFO] ThirdParty:1030 - CMSIS Pack Vendor :STMicroelectronics PDM2PCM 3.2.0
2024-10-15 00:23:00,528 [INFO] ThirdParty:1030 - CMSIS Pack Vendor :wolfSSL I-CUBE-wolfSSH 1.4.17
2024-10-15 00:23:00,529 [INFO] ThirdParty:841 - exiting critical section [change project]
2024-10-15 00:23:01,530 [INFO] PinOutPanel:1561 - setPackage(No Configuration,No Configuration)
2024-10-15 00:23:01,531 [INFO] PinOutPanel:1561 - setPackage(STM32L476RGTx,LQFP64)
2024-10-15 00:23:02,728 [INFO] UtilMem:75 - Before build in PCC Used Memory: 850639360 Bytes (1073741824)
2024-10-15 00:23:04,006 [INFO] UtilMem:75 - After build in PCC Used Memory: 761819968 Bytes (1073741824)
2024-10-15 00:23:04,059 [INFO] IPUIPlugin:80 - create IPUIPlugin
2024-10-15 00:23:04,060 [INFO] IPUIPlugin:80 - create IPUIPlugin
2024-10-15 00:23:04,060 [INFO] IPUIPlugin:80 - create IPUIPlugin
2024-10-15 00:23:04,060 [INFO] IPUIPlugin:80 - create IPUIPlugin
2024-10-15 00:23:04,060 [INFO] IPUIPlugin:80 - create IPUIPlugin
2024-10-15 00:23:04,060 [INFO] IPUIPlugin:80 - create IPUIPlugin
2024-10-15 00:23:04,061 [INFO] IPUIPlugin:80 - create IPUIPlugin
2024-10-15 00:23:04,061 [INFO] IPUIPlugin:80 - create IPUIPlugin
2024-10-15 00:23:04,061 [INFO] IPUIPlugin:80 - create IPUIPlugin
2024-10-15 00:23:04,061 [INFO] IPUIPlugin:80 - create IPUIPlugin
2024-10-15 00:23:04,062 [INFO] IPUIPlugin:80 - create IPUIPlugin
2024-10-15 00:23:04,062 [INFO] IPUIPlugin:80 - create IPUIPlugin
2024-10-15 00:23:04,062 [INFO] IPUIPlugin:80 - create IPUIPlugin
2024-10-15 00:23:04,062 [INFO] IPUIPlugin:80 - create IPUIPlugin
2024-10-15 00:23:04,063 [INFO] IPUIPlugin:80 - create IPUIPlugin
2024-10-15 00:23:04,063 [INFO] IPUIPlugin:80 - create IPUIPlugin
2024-10-15 00:23:04,065 [INFO] IPUIPlugin:80 - create IPUIPlugin
2024-10-15 00:23:04,065 [INFO] IPUIPlugin:80 - create IPUIPlugin
2024-10-15 00:23:04,065 [INFO] IPUIPlugin:80 - create IPUIPlugin
2024-10-15 00:23:04,066 [INFO] IPUIPlugin:80 - create IPUIPlugin
2024-10-15 00:23:04,066 [INFO] IPUIPlugin:80 - create IPUIPlugin
2024-10-15 00:23:04,066 [INFO] IPUIPlugin:80 - create IPUIPlugin
2024-10-15 00:23:04,067 [INFO] IPUIPlugin:80 - create IPUIPlugin
2024-10-15 00:23:04,067 [INFO] IPUIPlugin:80 - create IPUIPlugin
2024-10-15 00:23:04,067 [INFO] IPUIPlugin:80 - create IPUIPlugin
2024-10-15 00:23:04,068 [INFO] IPUIPlugin:80 - create IPUIPlugin
2024-10-15 00:23:04,068 [INFO] IPUIPlugin:80 - create IPUIPlugin
2024-10-15 00:23:04,068 [INFO] IPUIPlugin:80 - create IPUIPlugin
2024-10-15 00:23:04,069 [INFO] IPUIPlugin:80 - create IPUIPlugin
2024-10-15 00:23:04,069 [INFO] IPUIPlugin:80 - create IPUIPlugin
2024-10-15 00:23:04,069 [INFO] IPUIPlugin:80 - create IPUIPlugin
2024-10-15 00:23:04,070 [INFO] IPUIPlugin:80 - create IPUIPlugin
2024-10-15 00:23:04,070 [INFO] IPUIPlugin:80 - create IPUIPlugin
2024-10-15 00:23:04,071 [INFO] IPUIPlugin:80 - create IPUIPlugin
2024-10-15 00:23:04,071 [INFO] IPUIPlugin:80 - create IPUIPlugin
2024-10-15 00:23:04,073 [INFO] IPUIPlugin:80 - create IPUIPlugin
2024-10-15 00:23:04,073 [INFO] IPUIPlugin:80 - create IPUIPlugin
2024-10-15 00:23:04,081 [INFO] IPUIPlugin:80 - create IPUIPlugin
2024-10-15 00:23:04,082 [INFO] IPUIPlugin:80 - create IPUIPlugin
2024-10-15 00:23:04,083 [INFO] IPUIPlugin:80 - create IPUIPlugin
2024-10-15 00:23:04,083 [INFO] IPUIPlugin:80 - create IPUIPlugin
2024-10-15 00:23:04,084 [INFO] IPUIPlugin:80 - create IPUIPlugin
2024-10-15 00:23:04,084 [INFO] IPUIPlugin:80 - create IPUIPlugin
2024-10-15 00:23:04,084 [INFO] IPUIPlugin:80 - create IPUIPlugin
2024-10-15 00:23:04,085 [INFO] IPUIPlugin:80 - create IPUIPlugin
2024-10-15 00:23:04,085 [INFO] IPUIPlugin:80 - create IPUIPlugin
2024-10-15 00:23:04,086 [INFO] IPUIPlugin:80 - create IPUIPlugin
2024-10-15 00:23:04,086 [INFO] IPUIPlugin:80 - create IPUIPlugin
2024-10-15 00:23:04,087 [INFO] IPUIPlugin:80 - create IPUIPlugin
2024-10-15 00:23:04,088 [INFO] IPUIPlugin:80 - create IPUIPlugin
2024-10-15 00:23:04,088 [INFO] IPUIPlugin:80 - create IPUIPlugin
2024-10-15 00:23:04,089 [INFO] IPUIPlugin:80 - create IPUIPlugin
2024-10-15 00:23:04,089 [INFO] IPUIPlugin:80 - create IPUIPlugin
2024-10-15 00:23:04,090 [INFO] IPUIPlugin:80 - create IPUIPlugin
2024-10-15 00:23:04,090 [INFO] IPUIPlugin:80 - create IPUIPlugin
2024-10-15 00:23:04,091 [INFO] IPUIPlugin:80 - create IPUIPlugin
2024-10-15 00:23:04,092 [INFO] IPUIPlugin:80 - create IPUIPlugin
2024-10-15 00:23:04,093 [INFO] IPUIPlugin:80 - create IPUIPlugin
2024-10-15 00:23:04,093 [INFO] IPUIPlugin:80 - create IPUIPlugin
2024-10-15 00:23:04,633 [INFO] CADModel:165 - CPN selected for project levelSTM32L476RGT3
2024-10-15 00:23:04,633 [INFO] CADModel:114 - Register for checkConnection events
2024-10-15 00:23:04,710 [INFO] OpenFileManager:363 - Restore cursor
2024-10-15 00:23:07,735 [INFO] UtilMem:75 - End SaveConfig() Used Memory: 770413824 Bytes (1073741824)
2024-10-15 00:23:07,849 [INFO] UtilMem:75 - End SaveConfig() Used Memory: 786119232 Bytes (1073741824)
2024-10-15 00:23:08,402 [INFO] BlockDiagram:2766 - set Specific Code input for plugin: SPI
2024-10-15 00:23:08,402 [INFO] BlockDiagram:2766 - set Specific Code input for plugin: TIM1_8L4
2024-10-15 00:23:08,402 [INFO] BlockDiagram:2766 - set Specific Code input for plugin: TIM1_8L4
2024-10-15 00:23:08,402 [INFO] BlockDiagram:2766 - set Specific Code input for plugin: TIM1_8L4
2024-10-15 00:23:08,402 [INFO] BlockDiagram:2766 - set Specific Code input for plugin: SYS
2024-10-15 00:23:08,402 [INFO] BlockDiagram:2766 - set Specific Code input for plugin: ADC
2024-10-15 00:23:08,402 [INFO] BlockDiagram:2766 - set Specific Code input for plugin: RCC
2024-10-15 00:23:08,402 [INFO] BlockDiagram:2766 - set Specific Code input for plugin: I2C
2024-10-15 00:23:08,403 [INFO] BlockDiagram:2766 - set Specific Code input for plugin: NVIC
2024-10-15 00:23:08,403 [INFO] BlockDiagram:2766 - set Specific Code input for plugin: USART
2024-10-15 00:23:08,403 [INFO] BlockDiagram:2766 - set Specific Code input for plugin: USART
2024-10-15 00:23:08,403 [INFO] BlockDiagram:2766 - set Specific Code input for plugin: GPIO
2024-10-15 00:23:08,405 [INFO] CodeGenerator:807 - code generatio: config db path: C:\ST\STM32CubeIDE_1.16.0\STM32CubeIDE\plugins\com.st.stm32cube.common.mx_6.12.0.202406281431\\db\
2024-10-15 00:23:08,763 [INFO] CodeEngine:255 - oldGeneratedFile, C:\Users\karim\STM32CubeIDE\workspace_1.16.0\TD5\MXTmpFiles\license.tmp_save
2024-10-15 00:23:09,232 [INFO] CodeEngine:279 - Generated code: C:\Users\karim\STM32CubeIDE\workspace_1.16.0\TD5\MXTmpFiles\license.tmp
2024-10-15 00:23:09,774 [INFO] CodeEngine:255 - oldGeneratedFile, C:\Users\karim\STM32CubeIDE\workspace_1.16.0\TD5\Core\Src\gpio.c_save
2024-10-15 00:23:09,991 [INFO] CodeEngine:279 - Generated code: C:\Users\karim\STM32CubeIDE\workspace_1.16.0\TD5\Core\Src\gpio.c
2024-10-15 00:23:10,016 [INFO] CodeEngine:255 - oldGeneratedFile, C:\Users\karim\STM32CubeIDE\workspace_1.16.0\TD5\Core\Inc\gpio.h_save
2024-10-15 00:23:10,156 [INFO] CodeEngine:279 - Generated code: C:\Users\karim\STM32CubeIDE\workspace_1.16.0\TD5\Core\Inc\gpio.h
2024-10-15 00:23:12,987 [INFO] CodeEngine:255 - oldGeneratedFile, C:\Users\karim\STM32CubeIDE\workspace_1.16.0\TD5\Core\Src\adc.c_save
2024-10-15 00:23:13,333 [INFO] CodeEngine:279 - Generated code: C:\Users\karim\STM32CubeIDE\workspace_1.16.0\TD5\Core\Src\adc.c
2024-10-15 00:23:13,362 [INFO] CodeEngine:255 - oldGeneratedFile, C:\Users\karim\STM32CubeIDE\workspace_1.16.0\TD5\Core\Inc\adc.h_save
2024-10-15 00:23:13,501 [INFO] CodeEngine:279 - Generated code: C:\Users\karim\STM32CubeIDE\workspace_1.16.0\TD5\Core\Inc\adc.h
2024-10-15 00:23:13,515 [INFO] CodeEngine:255 - oldGeneratedFile, C:\Users\karim\STM32CubeIDE\workspace_1.16.0\TD5\Core\Src\i2c.c_save
2024-10-15 00:23:13,710 [INFO] CodeEngine:279 - Generated code: C:\Users\karim\STM32CubeIDE\workspace_1.16.0\TD5\Core\Src\i2c.c
2024-10-15 00:23:13,724 [INFO] CodeEngine:255 - oldGeneratedFile, C:\Users\karim\STM32CubeIDE\workspace_1.16.0\TD5\Core\Inc\i2c.h_save
2024-10-15 00:23:13,862 [INFO] CodeEngine:279 - Generated code: C:\Users\karim\STM32CubeIDE\workspace_1.16.0\TD5\Core\Inc\i2c.h
2024-10-15 00:23:13,877 [INFO] CodeEngine:255 - oldGeneratedFile, C:\Users\karim\STM32CubeIDE\workspace_1.16.0\TD5\Core\Src\spi.c_save
2024-10-15 00:23:14,083 [INFO] CodeEngine:279 - Generated code: C:\Users\karim\STM32CubeIDE\workspace_1.16.0\TD5\Core\Src\spi.c
2024-10-15 00:23:14,088 [INFO] CodeEngine:255 - oldGeneratedFile, C:\Users\karim\STM32CubeIDE\workspace_1.16.0\TD5\Core\Inc\spi.h_save
2024-10-15 00:23:14,199 [INFO] CodeEngine:279 - Generated code: C:\Users\karim\STM32CubeIDE\workspace_1.16.0\TD5\Core\Inc\spi.h
2024-10-15 00:23:14,214 [INFO] CodeEngine:255 - oldGeneratedFile, C:\Users\karim\STM32CubeIDE\workspace_1.16.0\TD5\Core\Src\tim.c_save
2024-10-15 00:23:14,464 [INFO] CodeEngine:279 - Generated code: C:\Users\karim\STM32CubeIDE\workspace_1.16.0\TD5\Core\Src\tim.c
2024-10-15 00:23:14,480 [INFO] CodeEngine:255 - oldGeneratedFile, C:\Users\karim\STM32CubeIDE\workspace_1.16.0\TD5\Core\Inc\tim.h_save
2024-10-15 00:23:14,625 [INFO] CodeEngine:279 - Generated code: C:\Users\karim\STM32CubeIDE\workspace_1.16.0\TD5\Core\Inc\tim.h
2024-10-15 00:23:14,647 [INFO] CodeEngine:255 - oldGeneratedFile, C:\Users\karim\STM32CubeIDE\workspace_1.16.0\TD5\Core\Src\usart.c_save
2024-10-15 00:23:14,865 [INFO] CodeEngine:279 - Generated code: C:\Users\karim\STM32CubeIDE\workspace_1.16.0\TD5\Core\Src\usart.c
2024-10-15 00:23:14,871 [INFO] CodeEngine:255 - oldGeneratedFile, C:\Users\karim\STM32CubeIDE\workspace_1.16.0\TD5\Core\Inc\usart.h_save
2024-10-15 00:23:14,986 [INFO] CodeEngine:279 - Generated code: C:\Users\karim\STM32CubeIDE\workspace_1.16.0\TD5\Core\Inc\usart.h
2024-10-15 00:23:15,035 [INFO] CodeEngine:255 - oldGeneratedFile, C:\Users\karim\STM32CubeIDE\workspace_1.16.0\TD5\Core\Src\stm32l4xx_it.c_save
2024-10-15 00:23:15,217 [INFO] CodeEngine:279 - Generated code: C:\Users\karim\STM32CubeIDE\workspace_1.16.0\TD5\Core\Src\stm32l4xx_it.c
2024-10-15 00:23:15,231 [INFO] CodeEngine:255 - oldGeneratedFile, C:\Users\karim\STM32CubeIDE\workspace_1.16.0\TD5\Core\Inc\stm32l4xx_it.h_save
2024-10-15 00:23:15,333 [INFO] CodeEngine:279 - Generated code: C:\Users\karim\STM32CubeIDE\workspace_1.16.0\TD5\Core\Inc\stm32l4xx_it.h
2024-10-15 00:23:15,382 [INFO] CodeEngine:255 - oldGeneratedFile, C:\Users\karim\STM32CubeIDE\workspace_1.16.0\TD5\Core\Src\stm32l4xx_hal_msp.c_save
2024-10-15 00:23:15,541 [INFO] CodeEngine:279 - Generated code: C:\Users\karim\STM32CubeIDE\workspace_1.16.0\TD5\Core\Src\stm32l4xx_hal_msp.c
2024-10-15 00:23:15,555 [INFO] CodeEngine:255 - oldGeneratedFile, C:\Users\karim\STM32CubeIDE\workspace_1.16.0\TD5\MXTmpFiles\system.tmp_save
2024-10-15 00:23:15,637 [INFO] CodeEngine:279 - Generated code: C:\Users\karim\STM32CubeIDE\workspace_1.16.0\TD5\MXTmpFiles\system.tmp
2024-10-15 00:23:15,648 [INFO] CodeEngine:255 - oldGeneratedFile, C:\Users\karim\STM32CubeIDE\workspace_1.16.0\TD5\Core\Src\stm32l4xx_hal_timebase_tim.c_save
2024-10-15 00:23:15,756 [INFO] CodeEngine:279 - Generated code: C:\Users\karim\STM32CubeIDE\workspace_1.16.0\TD5\Core\Src\stm32l4xx_hal_timebase_tim.c
2024-10-15 00:23:15,778 [INFO] CodeEngine:311 - oldGeneratedFile, C:\Users\karim\STM32CubeIDE\workspace_1.16.0\TD5\Core\Inc\stm32l4xx_hal_conf.h_save
2024-10-15 00:23:15,880 [INFO] CodeEngine:335 - Generated code: C:\Users\karim\STM32CubeIDE\workspace_1.16.0\TD5\Core\Inc\stm32l4xx_hal_conf.h
2024-10-15 00:23:15,959 [INFO] CodeEngine:255 - oldGeneratedFile, C:\Users\karim\STM32CubeIDE\workspace_1.16.0\TD5\Core\Inc\main.h_save
2024-10-15 00:23:16,133 [INFO] CodeEngine:279 - Generated code: C:\Users\karim\STM32CubeIDE\workspace_1.16.0\TD5\Core\Inc\main.h
2024-10-15 00:23:16,150 [INFO] CodeEngine:255 - oldGeneratedFile, C:\Users\karim\STM32CubeIDE\workspace_1.16.0\TD5\Core\Src\main.c_save
2024-10-15 00:23:16,317 [INFO] CodeEngine:279 - Generated code: C:\Users\karim\STM32CubeIDE\workspace_1.16.0\TD5\Core\Src\main.c
2024-10-15 00:23:17,029 [INFO] ProjectBuilder:3249 - Time for Copy HAL[1] : 270mS.
2024-10-15 00:23:17,038 [INFO] ProjectBuilder:4828 - Project Generator version: 4.4.0-B60
2024-10-15 00:23:17,176 [INFO] ConfigFileManager:1531 - The Die is : DIE415
2024-10-15 00:23:17,202 [INFO] ApiDbMcu:508 - Load IP Config File for FATFS
2024-10-15 00:23:17,216 [INFO] ApiDbMcu:508 - Load IP Config File for FREERTOS
2024-10-15 00:23:17,244 [INFO] ApiDbMcu:508 - Load IP Config File for TOUCHSENSING
2024-10-15 00:23:17,267 [INFO] ApiDbMcu:508 - Load IP Config File for USB_DEVICE
2024-10-15 00:23:17,290 [INFO] ApiDbMcu:508 - Load IP Config File for USB_HOST
2024-10-15 00:23:18,694 [INFO] LogOutputStream:77 - [STDOUT_REDIRECT] 
2024-10-15 00:23:22,257 [INFO] ProjectBuilder:5097 - Time for Generating toolchain IDE Files: 5219mS.
2024-10-15 00:23:22,259 [INFO] ProjectBuilder:3107 - Time for Copy CMSIS : 2mS.
2024-10-15 00:23:22,264 [INFO] ProjectBuilder:3107 - Time for Copy CMSIS : 0mS.
2024-10-15 00:23:24,077 [INFO] McuFinderGlobals:76 - Set McuFinderConnectedMode to true
2024-10-15 00:23:24,806 [INFO] ApiDb:448 - Save user favorites file C:\Users\karim/.stm32cubeide/favorites.mcus.txt: 0 item(s)
2024-10-15 00:23:24,832 [INFO] ApiDb:452 - User favorites MCUs=[]
2024-10-15 00:55:11,496 [ERROR] LogOutputStream:75 - [STDERR_REDIRECT] 
2024-10-15 00:55:11,496 [ERROR] LogOutputStream:75 - [STDERR_REDIRECT] 
2024-10-15 08:19:28,945 [INFO] Activator:176 - 


2024-10-15 08:19:28,948 [INFO] Activator:177 - !SESSION log4j initialized
2024-10-15 08:19:36,511 [INFO] LogOutputStream:77 - [STDOUT_REDIRECT] 
2024-10-15 08:19:36,915 [ERROR] ConfigurationRetriever:142 - IOException on connection: sw-center.st.com
2024-10-15 08:19:36,916 [ERROR] ConfigurationRetriever:142 - IOException on connection: sw-center.st.com
2024-10-15 08:19:36,917 [ERROR] ConfigurationRetriever:142 - IOException on connection: sw-center.st.com
2024-10-15 08:19:36,926 [ERROR] ConfigurationRetriever:142 - IOException on connection: sw-center.st.com
2024-10-15 08:19:36,930 [ERROR] ConfigurationRetriever:142 - IOException on connection: sw-center.st.com
2024-10-15 08:19:36,934 [ERROR] ConfigurationRetriever:142 - IOException on connection: sw-center.st.com
2024-10-15 08:19:45,173 [INFO] ApplicationProperties:184 - Using Application install path: C:\ST\STM32CubeIDE_1.16.0\STM32CubeIDE\plugins\com.st.stm32cube.common.mx_6.12.0.202406281431
2024-10-15 08:19:45,196 [INFO] DbMcusXml:78 - Set database path to: C:\ST\STM32CubeIDE_1.16.0\STM32CubeIDE\plugins\com.st.stm32cube.common.mx_6.12.0.202406281431\\db\/mcu/
2024-10-15 08:19:45,197 [INFO] ApiDb:274 - Set plugin database path to: C:\ST\STM32CubeIDE_1.16.0\STM32CubeIDE\plugins\com.st.stm32cube.common.mx_6.12.0.202406281431\\db\/plugins/boardmanager/
2024-10-15 08:19:45,197 [WARN] ApiDb:259 - Overriding images path with different value:  => C:\ST\STM32CubeIDE_1.16.0\STM32CubeIDE\plugins\com.st.stm32cube.common.mx_6.12.0.202406281431\\db\/plugins/mcufinder/images/
2024-10-15 08:19:45,205 [INFO] ApiDb:250 - Set database path to: C:\Users\karim\.stmcufinder\plugins\mcufinder//mcu/
2024-10-15 08:19:45,207 [INFO] DbMcusAds:125 - Set database path to: C:\Users\karim\.stmcufinder\plugins\mcufinder//mcu/
2024-10-15 08:19:45,209 [INFO] CrossReferenceDbSqlite:203 - Set database path to: C:\Users\karim\.stmcufinder\plugins\mcufinder//mcu/cs/
2024-10-15 08:19:45,345 [INFO] RulesReader:64 - Compatibility file has been processed (297 Rules)
2024-10-15 08:19:45,464 [INFO] DbMcusXml:78 - Set database path to: C:\ST\STM32CubeIDE_1.16.0\STM32CubeIDE\plugins\com.st.stm32cube.common.mx_6.12.0.202406281431\\db\/mcu/
2024-10-15 08:19:45,464 [INFO] ApiDb:274 - Set plugin database path to: C:\ST\STM32CubeIDE_1.16.0\STM32CubeIDE\plugins\com.st.stm32cube.common.mx_6.12.0.202406281431\\db\/plugins/boardmanager/
2024-10-15 08:19:45,465 [INFO] ApiDb:261 - Set plugin images path to: C:\ST\STM32CubeIDE_1.16.0\STM32CubeIDE\plugins\com.st.stm32cube.common.mx_6.12.0.202406281431\\db\/plugins/mcufinder/images/
2024-10-15 08:19:45,468 [WARN] DbFile:41 - Overriding database path with different value: C:\Users\karim\.stmcufinder\plugins\mcufinder/ => C:\Users\karim\.stmcufinder\plugins\mcufinder
2024-10-15 08:19:45,472 [INFO] ApiDb:250 - Set database path to: C:\Users\karim\.stmcufinder\plugins\mcufinder//mcu/
2024-10-15 08:19:45,473 [WARN] DbFile:41 - Overriding database path with different value: C:\Users\karim\.stmcufinder\plugins\mcufinder/ => C:\Users\karim\.stmcufinder\plugins\mcufinder
2024-10-15 08:19:45,474 [INFO] DbMcusAds:125 - Set database path to: C:\Users\karim\.stmcufinder\plugins\mcufinder//mcu/
2024-10-15 08:19:45,474 [WARN] DbFile:41 - Overriding database path with different value: C:\Users\karim\.stmcufinder\plugins\mcufinder/ => C:\Users\karim\.stmcufinder\plugins\mcufinder
2024-10-15 08:19:45,474 [WARN] DbFile:41 - Overriding database path with different value: C:\Users\karim\.stmcufinder\plugins\mcufinder/ => C:\Users\karim\.stmcufinder\plugins\mcufinder
2024-10-15 08:19:45,474 [INFO] CrossReferenceDbSqlite:203 - Set database path to: C:\Users\karim\.stmcufinder\plugins\mcufinder//mcu/cs/
2024-10-15 08:19:45,644 [INFO] MainPanel:268 - HeapMemory: 268435456
2024-10-15 08:19:45,874 [INFO] DbMcusXml:78 - Set database path to: C:\ST\STM32CubeIDE_1.16.0\STM32CubeIDE\plugins\com.st.stm32cube.common.mx_6.12.0.202406281431\\db\/mcu/
2024-10-15 08:19:45,875 [INFO] ApiDb:274 - Set plugin database path to: C:\ST\STM32CubeIDE_1.16.0\STM32CubeIDE\plugins\com.st.stm32cube.common.mx_6.12.0.202406281431\\db\/plugins/boardmanager/
2024-10-15 08:19:45,875 [INFO] ApiDb:261 - Set plugin images path to: C:\ST\STM32CubeIDE_1.16.0\STM32CubeIDE\plugins\com.st.stm32cube.common.mx_6.12.0.202406281431\\db\/plugins/mcufinder/images/
2024-10-15 08:19:45,875 [WARN] DbFile:41 - Overriding database path with different value: C:\Users\karim\.stmcufinder\plugins\mcufinder/ => C:\Users\karim\.stmcufinder\plugins\mcufinder
2024-10-15 08:19:45,876 [INFO] ApiDb:250 - Set database path to: C:\Users\karim\.stmcufinder\plugins\mcufinder//mcu/
2024-10-15 08:19:45,876 [WARN] DbFile:41 - Overriding database path with different value: C:\Users\karim\.stmcufinder\plugins\mcufinder/ => C:\Users\karim\.stmcufinder\plugins\mcufinder
2024-10-15 08:19:45,876 [INFO] DbMcusAds:125 - Set database path to: C:\Users\karim\.stmcufinder\plugins\mcufinder//mcu/
2024-10-15 08:19:45,876 [WARN] DbFile:41 - Overriding database path with different value: C:\Users\karim\.stmcufinder\plugins\mcufinder/ => C:\Users\karim\.stmcufinder\plugins\mcufinder
2024-10-15 08:19:45,876 [WARN] DbFile:41 - Overriding database path with different value: C:\Users\karim\.stmcufinder\plugins\mcufinder/ => C:\Users\karim\.stmcufinder\plugins\mcufinder
2024-10-15 08:19:45,877 [INFO] CrossReferenceDbSqlite:203 - Set database path to: C:\Users\karim\.stmcufinder\plugins\mcufinder//mcu/cs/
2024-10-15 08:19:45,917 [INFO] ApplicationProperties:184 - Using Application install path: C:\ST\STM32CubeIDE_1.16.0\STM32CubeIDE\plugins\com.st.stm32cube.common.mx_6.12.0.202406281431
2024-10-15 08:19:45,921 [INFO] PluginManage:196 - Search for loadable plugins [exclusion list=, ]
2024-10-15 08:19:45,923 [INFO] PluginManage:310 - Check plugin analytics
2024-10-15 08:19:46,210 [INFO] AnalyticsPlugin:253 - Accepted Software Licenses: 
2024-10-15 08:19:46,210 [INFO] AnalyticsPlugin:255 - Accepted CMSIS Pack Licenses: 
2024-10-15 08:19:46,211 [INFO] AnalyticsPlugin:257 - Accepted Firmware Licenses: FW.L4.1.18.0
2024-10-15 08:19:46,217 [ERROR] ConfigurationRetriever:142 - IOException on connection: sw-center.st.com
2024-10-15 08:19:46,218 [ERROR] ConfigurationRetriever:142 - IOException on connection: sw-center.st.com
2024-10-15 08:19:46,218 [INFO] PluginManage:359 - Loaded plugin analytics (category:tool,tabindex:-1)
2024-10-15 08:19:46,218 [ERROR] ConfigurationRetriever:142 - IOException on connection: sw-center.st.com
2024-10-15 08:19:46,219 [INFO] PluginManage:310 - Check plugin cadmodel
2024-10-15 08:19:46,249 [INFO] CADModel:105 - Init CAD model plugin
2024-10-15 08:19:46,250 [INFO] PluginManage:359 - Loaded plugin cadmodel (category:power,tabindex:5)
2024-10-15 08:19:46,250 [INFO] PluginManage:310 - Check plugin clock
2024-10-15 08:19:46,278 [INFO] PluginManage:359 - Loaded plugin clock (category:base,tabindex:2)
2024-10-15 08:19:46,278 [INFO] PluginManage:310 - Check plugin ddr
2024-10-15 08:19:46,282 [INFO] PluginManage:359 - Loaded plugin ddr (category:tool,tabindex:6)
2024-10-15 08:19:46,282 [INFO] PluginManage:310 - Check plugin filemanager
2024-10-15 08:19:46,554 [INFO] PluginManage:359 - Loaded plugin filemanager (category:base,tabindex:10)
2024-10-15 08:19:46,555 [INFO] PluginManage:310 - Check plugin ipmanager
2024-10-15 08:19:46,565 [INFO] PluginManage:359 - Loaded plugin ipmanager (category:base,tabindex:5)
2024-10-15 08:19:46,565 [INFO] PluginManage:310 - Check plugin lpbam
2024-10-15 08:19:46,597 [INFO] PluginManage:359 - Loaded plugin lpbam (category:base,tabindex:0)
2024-10-15 08:19:46,597 [INFO] PluginManage:310 - Check plugin memorymap
2024-10-15 08:19:46,627 [INFO] PluginManage:359 - Loaded plugin memorymap (category:base,tabindex:4)
2024-10-15 08:19:46,627 [INFO] PluginManage:310 - Check plugin pinoutandconfiguration
2024-10-15 08:19:46,651 [INFO] PluginManage:359 - Loaded plugin pinoutandconfiguration (category:base,tabindex:1)
2024-10-15 08:19:46,652 [INFO] PluginManage:310 - Check plugin pinoutconfig
2024-10-15 08:19:46,800 [WARN] SupportedApi:132 - Cannot load RTOS API schema: s4s-elt-must-match.1: The content of 'definitions' must match (annotation?, (simpleType | complexType)?, (unique | key | keyref)*)). A problem was found starting at: attribute.
2024-10-15 08:19:47,044 [INFO] PluginManage:359 - Loaded plugin pinoutconfig (category:base,tabindex:0)
2024-10-15 08:19:47,045 [INFO] PluginManage:310 - Check plugin power
2024-10-15 08:19:47,075 [INFO] PluginManage:359 - Loaded plugin power (category:power,tabindex:4)
2024-10-15 08:19:47,075 [INFO] PluginManage:310 - Check plugin projectmanager
2024-10-15 08:19:47,099 [INFO] PluginManage:359 - Loaded plugin projectmanager (category:projectmanager,tabindex:4)
2024-10-15 08:19:47,099 [INFO] PluginManage:310 - Check plugin rif
2024-10-15 08:19:47,124 [INFO] PluginManage:359 - Loaded plugin rif (category:base,tabindex:3)
2024-10-15 08:19:47,124 [INFO] PluginManage:310 - Check plugin thirdparty
2024-10-15 08:19:47,557 [INFO] PluginManage:359 - Loaded plugin thirdparty (category:base,tabindex:-1)
2024-10-15 08:19:47,557 [INFO] PluginManage:310 - Check plugin tools
2024-10-15 08:19:47,558 [WARN] IntegrityCheckThread:84 - waiting for thirdparty lock release [integrity check]
2024-10-15 08:19:47,561 [INFO] IntegrityCheckThread:86 - entering critical section [integrity check]
2024-10-15 08:19:47,563 [INFO] ThirdPartyUpdaterWithRetryManager:70 - Updater plugin not ready yet. [1/15]
2024-10-15 08:19:47,619 [INFO] PluginManage:359 - Loaded plugin tools (category:base,tabindex:7)
2024-10-15 08:19:47,619 [INFO] PluginManage:310 - Check plugin tutovideos
2024-10-15 08:19:47,928 [INFO] PluginManage:359 - Loaded plugin tutovideos (category:base,tabindex:-1)
2024-10-15 08:19:47,928 [INFO] PluginManage:310 - Check plugin updater
2024-10-15 08:19:47,953 [INFO] PluginManage:359 - Loaded plugin updater (category:base,tabindex:12)
2024-10-15 08:19:47,954 [INFO] PluginManage:310 - Check plugin userauth
2024-10-15 08:19:47,961 [INFO] UserAuth:113 - Init User Auth plugin
2024-10-15 08:19:47,962 [INFO] PluginManage:359 - Loaded plugin userauth (category:base,tabindex:14)
2024-10-15 08:19:47,963 [INFO] PluginManage:283 - PluginManage : Loaded plugins [18]
2024-10-15 08:19:48,265 [INFO] PinOutPanel:1561 - setPackage(No Configuration,No Configuration)
2024-10-15 08:19:48,411 [INFO] CADModel:165 - CPN selected for project level
2024-10-15 08:19:48,411 [INFO] CADModel:114 - Register for checkConnection events
2024-10-15 08:19:48,447 [INFO] IPUIPlugin:80 - create IPUIPlugin
2024-10-15 08:19:48,448 [INFO] PluginManager:220 - loadIPPluginJar : add adc
2024-10-15 08:19:48,492 [INFO] IPUIPlugin:80 - create IPUIPlugin
2024-10-15 08:19:48,492 [INFO] PluginManager:220 - loadIPPluginJar : add aes
2024-10-15 08:19:48,563 [INFO] IPUIPlugin:80 - create IPUIPlugin
2024-10-15 08:19:48,563 [INFO] PluginManager:220 - loadIPPluginJar : add can
2024-10-15 08:19:48,595 [INFO] IPUIPlugin:80 - create IPUIPlugin
2024-10-15 08:19:48,596 [INFO] PluginManager:220 - loadIPPluginJar : add comp
2024-10-15 08:19:48,640 [INFO] IPUIPlugin:80 - create IPUIPlugin
2024-10-15 08:19:48,640 [INFO] PluginManager:220 - loadIPPluginJar : add cryp
2024-10-15 08:19:48,651 [INFO] IPUIPlugin:80 - create IPUIPlugin
2024-10-15 08:19:48,652 [INFO] PluginManager:220 - loadIPPluginJar : add ddr_ctrl_phy
2024-10-15 08:19:48,684 [INFO] IPUIPlugin:80 - create IPUIPlugin
2024-10-15 08:19:48,684 [INFO] PluginManager:220 - loadIPPluginJar : add dfsdm
2024-10-15 08:19:48,700 [INFO] IPUIPlugin:80 - create IPUIPlugin
2024-10-15 08:19:48,700 [INFO] PluginManager:220 - loadIPPluginJar : add dma
2024-10-15 08:19:48,750 [INFO] IPUIPlugin:80 - create IPUIPlugin
2024-10-15 08:19:48,750 [INFO] PluginManager:220 - loadIPPluginJar : add dma3
2024-10-15 08:19:48,798 [INFO] IPUIPlugin:80 - create IPUIPlugin
2024-10-15 08:19:48,798 [INFO] PluginManager:220 - loadIPPluginJar : add extmemmanager
2024-10-15 08:19:48,822 [INFO] IPUIPlugin:80 - create IPUIPlugin
2024-10-15 08:19:48,822 [INFO] PluginManager:220 - loadIPPluginJar : add fatfs
2024-10-15 08:19:48,876 [INFO] IPUIPlugin:80 - create IPUIPlugin
2024-10-15 08:19:48,876 [INFO] PluginManager:220 - loadIPPluginJar : add fmc
2024-10-15 08:19:48,890 [INFO] IPUIPlugin:80 - create IPUIPlugin
2024-10-15 08:19:48,890 [INFO] PluginManager:220 - loadIPPluginJar : add freertos
2024-10-15 08:19:48,893 [INFO] IPUIPlugin:80 - create IPUIPlugin
2024-10-15 08:19:48,893 [INFO] PluginManager:220 - loadIPPluginJar : add genericplugin
2024-10-15 08:19:49,014 [INFO] IPUIPlugin:80 - create IPUIPlugin
2024-10-15 08:19:49,014 [INFO] PluginManager:220 - loadIPPluginJar : add gfxmmu
2024-10-15 08:19:49,330 [INFO] IPUIPlugin:80 - create IPUIPlugin
2024-10-15 08:19:49,330 [INFO] PluginManager:220 - loadIPPluginJar : add gic
2024-10-15 08:19:49,397 [INFO] IPUIPlugin:80 - create IPUIPlugin
2024-10-15 08:19:49,397 [INFO] PluginManager:220 - loadIPPluginJar : add gpio
2024-10-15 08:19:49,623 [INFO] IPUIPlugin:80 - create IPUIPlugin
2024-10-15 08:19:49,623 [INFO] PluginManager:220 - loadIPPluginJar : add gtzc
2024-10-15 08:19:49,736 [INFO] IPUIPlugin:80 - create IPUIPlugin
2024-10-15 08:19:49,736 [INFO] PluginManager:220 - loadIPPluginJar : add hash
2024-10-15 08:19:49,858 [INFO] IPUIPlugin:80 - create IPUIPlugin
2024-10-15 08:19:49,859 [INFO] PluginManager:220 - loadIPPluginJar : add i2c
2024-10-15 08:19:49,990 [INFO] IPUIPlugin:80 - create IPUIPlugin
2024-10-15 08:19:49,990 [INFO] PluginManager:220 - loadIPPluginJar : add i2s
2024-10-15 08:19:50,088 [INFO] IPUIPlugin:80 - create IPUIPlugin
2024-10-15 08:19:50,088 [INFO] PluginManager:220 - loadIPPluginJar : add i3c
2024-10-15 08:19:50,344 [INFO] IPUIPlugin:80 - create IPUIPlugin
2024-10-15 08:19:50,344 [INFO] PluginManager:220 - loadIPPluginJar : add ipddr
2024-10-15 08:19:50,565 [INFO] ThirdPartyUpdaterWithRetryManager:70 - Updater plugin not ready yet. [2/15]
2024-10-15 08:19:50,634 [INFO] IPUIPlugin:80 - create IPUIPlugin
2024-10-15 08:19:50,635 [INFO] PluginManager:220 - loadIPPluginJar : add linkedlist
2024-10-15 08:19:50,720 [INFO] IPUIPlugin:80 - create IPUIPlugin
2024-10-15 08:19:50,720 [INFO] PluginManager:220 - loadIPPluginJar : add lorawan
2024-10-15 08:19:50,805 [INFO] IPUIPlugin:80 - create IPUIPlugin
2024-10-15 08:19:50,806 [INFO] PluginManager:220 - loadIPPluginJar : add ltdc
2024-10-15 08:19:50,836 [INFO] IPUIPlugin:80 - create IPUIPlugin
2024-10-15 08:19:50,836 [INFO] PluginManager:220 - loadIPPluginJar : add mdma
2024-10-15 08:19:50,863 [INFO] IPUIPlugin:80 - create IPUIPlugin
2024-10-15 08:19:50,864 [INFO] PluginManager:220 - loadIPPluginJar : add nvic
2024-10-15 08:19:50,949 [INFO] IPUIPlugin:80 - create IPUIPlugin
2024-10-15 08:19:50,949 [INFO] PluginManager:220 - loadIPPluginJar : add opamp
2024-10-15 08:19:51,093 [INFO] IPUIPlugin:80 - create IPUIPlugin
2024-10-15 08:19:51,094 [INFO] PluginManager:220 - loadIPPluginJar : add openamp
2024-10-15 08:19:51,241 [INFO] IPUIPlugin:80 - create IPUIPlugin
2024-10-15 08:19:51,241 [INFO] PluginManager:220 - loadIPPluginJar : add pdm2pcm
2024-10-15 08:19:51,265 [INFO] IPUIPlugin:80 - create IPUIPlugin
2024-10-15 08:19:51,268 [INFO] PluginManager:220 - loadIPPluginJar : add plateformsettings
2024-10-15 08:19:51,318 [INFO] IPUIPlugin:80 - create IPUIPlugin
2024-10-15 08:19:51,318 [INFO] PluginManager:220 - loadIPPluginJar : add quadspi
2024-10-15 08:19:51,378 [INFO] IPUIPlugin:80 - create IPUIPlugin
2024-10-15 08:19:51,379 [INFO] PluginManager:220 - loadIPPluginJar : add radio
2024-10-15 08:19:51,405 [INFO] IPUIPlugin:80 - create IPUIPlugin
2024-10-15 08:19:51,405 [INFO] PluginManager:220 - loadIPPluginJar : add resmgrutility
2024-10-15 08:19:51,522 [INFO] IPUIPlugin:80 - create IPUIPlugin
2024-10-15 08:19:51,522 [INFO] PluginManager:220 - loadIPPluginJar : add sai
2024-10-15 08:19:51,608 [INFO] IPUIPlugin:80 - create IPUIPlugin
2024-10-15 08:19:51,609 [INFO] PluginManager:220 - loadIPPluginJar : add spi
2024-10-15 08:19:51,781 [INFO] IPUIPlugin:80 - create IPUIPlugin
2024-10-15 08:19:51,782 [INFO] PluginManager:220 - loadIPPluginJar : add stm32_wpan
2024-10-15 08:19:51,871 [INFO] IPUIPlugin:80 - create IPUIPlugin
2024-10-15 08:19:51,872 [INFO] PluginManager:220 - loadIPPluginJar : add tim
2024-10-15 08:19:52,020 [INFO] IPUIPlugin:80 - create IPUIPlugin
2024-10-15 08:19:52,021 [INFO] PluginManager:220 - loadIPPluginJar : add touchsensing
2024-10-15 08:19:52,098 [INFO] IPUIPlugin:80 - create IPUIPlugin
2024-10-15 08:19:52,098 [INFO] PluginManager:220 - loadIPPluginJar : add tracer_emb
2024-10-15 08:19:52,144 [INFO] IPUIPlugin:80 - create IPUIPlugin
2024-10-15 08:19:52,145 [INFO] PluginManager:220 - loadIPPluginJar : add ts
2024-10-15 08:19:52,179 [INFO] IPUIPlugin:80 - create IPUIPlugin
2024-10-15 08:19:52,180 [INFO] PluginManager:220 - loadIPPluginJar : add tsc
2024-10-15 08:19:52,228 [INFO] IPUIPlugin:80 - create IPUIPlugin
2024-10-15 08:19:52,229 [INFO] PluginManager:220 - loadIPPluginJar : add ucpd
2024-10-15 08:19:52,330 [INFO] IPUIPlugin:80 - create IPUIPlugin
2024-10-15 08:19:52,330 [INFO] PluginManager:220 - loadIPPluginJar : add usart
2024-10-15 08:19:52,426 [INFO] IPUIPlugin:80 - create IPUIPlugin
2024-10-15 08:19:52,426 [INFO] PluginManager:220 - loadIPPluginJar : add usbx
2024-10-15 08:19:52,567 [INFO] CADModel:165 - CPN selected for project level
2024-10-15 08:19:52,567 [INFO] CADModel:114 - Register for checkConnection events
2024-10-15 08:19:52,568 [FATAL] Updater:334 - Updater called before beeing initialized
2024-10-15 08:19:52,568 [ERROR] CADModel:125 - Updater not yet initialized, retry later 
2024-10-15 08:19:52,716 [INFO] CADModel:165 - CPN selected for project level
2024-10-15 08:19:52,716 [INFO] CADModel:114 - Register for checkConnection events
2024-10-15 08:19:52,717 [FATAL] Updater:334 - Updater called before beeing initialized
2024-10-15 08:19:52,717 [ERROR] CADModel:125 - Updater not yet initialized, retry later 
2024-10-15 08:19:52,721 [FATAL] Updater:334 - Updater called before beeing initialized
2024-10-15 08:19:52,963 [FATAL] Updater:334 - Updater called before beeing initialized
2024-10-15 08:19:52,980 [INFO] DbMcusAds:53 - JSON generation date=Fri Sep 20 15:04:23 CEST 2024 (1726837463113)
2024-10-15 08:19:52,980 [FATAL] Updater:334 - Updater called before beeing initialized
2024-10-15 08:19:53,040 [WARN] DetailPanel:346 - Failed to get advertising image, set to default
2024-10-15 08:19:53,201 [FATAL] Updater:334 - Updater called before beeing initialized
2024-10-15 08:19:53,204 [FATAL] Updater:334 - Updater called before beeing initialized
2024-10-15 08:19:53,204 [FATAL] Updater:334 - Updater called before beeing initialized
2024-10-15 08:19:53,204 [WARN] DetailPanel:346 - Failed to get advertising image, set to default
2024-10-15 08:19:53,206 [FATAL] Updater:334 - Updater called before beeing initialized
2024-10-15 08:19:53,394 [ERROR] Updater:1164 - MainUpdater not yet initialized. External WinMGr cannot be set.
2024-10-15 08:19:53,410 [INFO] Updater:1100 - Updater Version found : 6.12.0
2024-10-15 08:19:53,428 [INFO] ApplicationProperties:184 - Using Application install path: C:\ST\STM32CubeIDE_1.16.0\STM32CubeIDE\plugins\com.st.stm32cube.common.mx_6.12.0.202406281431
2024-10-15 08:19:53,566 [INFO] ThirdPartyUpdaterWithRetryManager:70 - Updater plugin not ready yet. [3/15]
2024-10-15 08:19:55,077 [ERROR] LogOutputStream:75 - [STDERR_REDIRECT] Oct 15, 2024 8:19:55 AM java.util.prefs.WindowsPreferences <init>
2024-10-15 08:19:55,084 [ERROR] LogOutputStream:75 - [STDERR_REDIRECT] WARNING: Could not open/create prefs root node Software\JavaSoft\Prefs at root 0xffffffff80000002. Windows RegCreateKeyEx(...) returned error code 5.
2024-10-15 08:19:55,084 [ERROR] LogOutputStream:75 - [STDERR_REDIRECT] 
2024-10-15 08:19:55,636 [INFO] MainUpdater:2873 - connection check result : 22
2024-10-15 08:19:55,643 [INFO] MainUpdater:290 - Updater Check For Update Now.
2024-10-15 08:19:55,643 [INFO] MicroXplorer:498 - Change Database Version : DB.6.0.120
2024-10-15 08:19:55,661 [INFO] McuFinderGlobals:63 - Set McuFinder mode to 2 (CubeIDE integrated)
2024-10-15 08:19:55,674 [INFO] UserAuth:179 - activating auth plugin
2024-10-15 08:19:55,690 [INFO] UserAuth:417 - Internet connection configuration mode: 2
2024-10-15 08:19:55,733 [INFO] UserAuth:417 - Internet connection configuration mode: 2
2024-10-15 08:19:56,495 [INFO] CheckServerUpdateThread:120 - End of CheckServer Thread
2024-10-15 08:19:57,049 [WARN] PackLoader:240 - Cannot read IP mode file for STMicroelectronics.FP-SNS-MOTENVWB1.1.4.0
2024-10-15 08:19:57,112 [WARN] PackLoader:240 - Cannot read IP mode file for STMicroelectronics.X-CUBE-SMBUS.2.1.0
2024-10-15 08:19:57,161 [WARN] PackLoader:240 - Cannot read IP mode file for STMicroelectronics.X-CUBE-WB05N.1.1.0
2024-10-15 08:19:57,287 [WARN] PackLoader:240 - Cannot read IP mode file for STMicroelectronics.X-CUBE-AZRTOS-F7.1.1.0
2024-10-15 08:19:57,572 [WARN] PackLoader:240 - Cannot read IP mode file for STMicroelectronics.X-CUBE-MEMS1.11.0.0
2024-10-15 08:19:58,394 [WARN] PackLoader:240 - Cannot read IP mode file for STMicroelectronics.FP-SNS-FLIGHT1.5.0.2
2024-10-15 08:19:58,441 [WARN] PackLoader:240 - Cannot read IP mode file for STMicroelectronics.X-CUBE-DISPLAY.3.0.0
2024-10-15 08:19:58,506 [WARN] PackLoader:240 - Cannot read IP mode file for STMicroelectronics.X-CUBE-BLE1.7.0.0
2024-10-15 08:19:58,551 [WARN] PackLoader:240 - Cannot read IP mode file for STMicroelectronics.X-CUBE-NFC10.1.0.0
2024-10-15 08:19:58,583 [WARN] PackLoader:240 - Cannot read IP mode file for emotas.I-CUBE-CANOPEN.1.3.0
2024-10-15 08:19:58,629 [WARN] PackLoader:240 - Cannot read IP mode file for STMicroelectronics.X-CUBE-BLEMGR.3.1.0
2024-10-15 08:19:58,661 [WARN] PackLoader:240 - Cannot read IP mode file for STMicroelectronics.FP-SNS-SMARTAG2.1.2.0
2024-10-15 08:19:58,708 [INFO] LogOutputStream:77 - [STDOUT_REDIRECT] 1 : Invalid condition id : UX_CORESTACK_Condition cause : null
2024-10-15 08:19:58,708 [INFO] LogOutputStream:77 - [STDOUT_REDIRECT] 1 : Invalid condition id : UX_CORESTACK_Condition cause : null
2024-10-15 08:19:58,724 [INFO] LogOutputStream:77 - [STDOUT_REDIRECT] 1 : Invalid condition id : UX_CORESTACK_Condition cause : null
2024-10-15 08:19:58,724 [INFO] LogOutputStream:77 - [STDOUT_REDIRECT] 1 : Invalid condition id : UX_CORESTACK_Condition cause : null
2024-10-15 08:19:58,724 [INFO] LogOutputStream:77 - [STDOUT_REDIRECT] 1 : Invalid condition id : UX_CORESTACK_Condition cause : null
2024-10-15 08:19:58,739 [WARN] PackLoader:240 - Cannot read IP mode file for STMicroelectronics.X-CUBE-AZRTOS-WL.2.0.0
2024-10-15 08:19:58,770 [WARN] PackLoader:240 - Cannot read IP mode file for STMicroelectronics.FP-SNS-MOTENV1.5.0.0
2024-10-15 08:19:58,802 [WARN] PackLoader:240 - Cannot read IP mode file for wolfSSL.I-CUBE-wolfMQTT.1.19.0
2024-10-15 08:19:58,838 [WARN] PackLoader:240 - Cannot read IP mode file for WES.I-CUBE-Cesium.1.3.0
2024-10-15 08:19:58,869 [WARN] PackLoader:240 - Cannot read IP mode file for STMicroelectronics.X-CUBE-BLE2.3.3.0
2024-10-15 08:19:58,900 [WARN] PackLoader:240 - Cannot read IP mode file for STMicroelectronics.X-CUBE-NFC9.1.0.0
2024-10-15 08:19:58,947 [WARN] PackLoader:240 - Cannot read IP mode file for STMicroelectronics.X-CUBE-TCPP.4.1.0
2024-10-15 08:19:59,032 [WARN] PackLoader:240 - Cannot read IP mode file for STMicroelectronics.X-CUBE-AZRTOS-G0.1.1.0
2024-10-15 08:19:59,087 [WARN] PackLoader:240 - Cannot read IP mode file for STMicroelectronics.X-CUBE-SAFEA1.1.2.2
2024-10-15 08:19:59,118 [WARN] PackLoader:240 - Cannot read IP mode file for STMicroelectronics.X-CUBE-NFC4.3.0.0
2024-10-15 08:19:59,171 [WARN] PackLoader:240 - Cannot read IP mode file for EmbeddedOffice.I-CUBE-FS-RTOS.1.0.1
2024-10-15 08:19:59,171 [ERROR] ConditionMgr:805 - Attr not supported : Dmpu
2024-10-15 08:19:59,171 [ERROR] ConditionMgr:805 - Attr not supported : Dmpu
2024-10-15 08:19:59,171 [ERROR] ConditionMgr:805 - Attr not supported : Dmpu
2024-10-15 08:19:59,181 [ERROR] ConditionMgr:805 - Attr not supported : Dmpu
2024-10-15 08:19:59,181 [ERROR] ConditionMgr:805 - Attr not supported : Dmpu
2024-10-15 08:19:59,181 [ERROR] ConditionMgr:805 - Attr not supported : Dmpu
2024-10-15 08:19:59,181 [ERROR] ConditionMgr:805 - Attr not supported : Dmpu
2024-10-15 08:19:59,181 [ERROR] ConditionMgr:805 - Attr not supported : Dmpu
2024-10-15 08:19:59,181 [ERROR] ConditionMgr:805 - Attr not supported : Dmpu
2024-10-15 08:19:59,181 [ERROR] ConditionMgr:805 - Attr not supported : Dmpu
2024-10-15 08:19:59,181 [ERROR] ConditionMgr:805 - Attr not supported : Dmpu
2024-10-15 08:19:59,181 [ERROR] ConditionMgr:805 - Attr not supported : Dmpu
2024-10-15 08:19:59,181 [ERROR] ConditionMgr:805 - Attr not supported : Dmpu
2024-10-15 08:19:59,181 [ERROR] ConditionMgr:805 - Attr not supported : Dmpu
2024-10-15 08:19:59,181 [ERROR] ConditionMgr:805 - Attr not supported : Dmpu
2024-10-15 08:19:59,181 [ERROR] ConditionMgr:805 - Attr not supported : Dmpu
2024-10-15 08:19:59,186 [ERROR] ConditionMgr:805 - Attr not supported : Dmpu
2024-10-15 08:19:59,186 [ERROR] ConditionMgr:805 - Attr not supported : Dmpu
2024-10-15 08:19:59,186 [ERROR] ConditionMgr:805 - Attr not supported : Dmpu
2024-10-15 08:19:59,186 [ERROR] ConditionMgr:805 - Attr not supported : Dmpu
2024-10-15 08:19:59,186 [ERROR] ConditionMgr:805 - Attr not supported : Dmpu
2024-10-15 08:19:59,186 [ERROR] ConditionMgr:805 - Attr not supported : Dmpu
2024-10-15 08:19:59,186 [ERROR] ConditionMgr:805 - Attr not supported : Dmpu
2024-10-15 08:19:59,186 [ERROR] ConditionMgr:805 - Attr not supported : Dmpu
2024-10-15 08:19:59,186 [ERROR] ConditionMgr:805 - Attr not supported : Dmpu
2024-10-15 08:19:59,186 [ERROR] ConditionMgr:805 - Attr not supported : Dmpu
2024-10-15 08:19:59,186 [ERROR] ConditionMgr:805 - Attr not supported : Dmpu
2024-10-15 08:19:59,186 [ERROR] ConditionMgr:805 - Attr not supported : Dmpu
2024-10-15 08:19:59,186 [ERROR] ConditionMgr:805 - Attr not supported : Dmpu
2024-10-15 08:19:59,186 [ERROR] ConditionMgr:805 - Attr not supported : Dmpu
2024-10-15 08:19:59,186 [ERROR] ConditionMgr:805 - Attr not supported : Dmpu
2024-10-15 08:19:59,186 [ERROR] ConditionMgr:805 - Attr not supported : Dmpu
2024-10-15 08:19:59,186 [ERROR] ConditionMgr:805 - Attr not supported : Dmpu
2024-10-15 08:19:59,186 [ERROR] ConditionMgr:805 - Attr not supported : Dmpu
2024-10-15 08:19:59,186 [ERROR] ConditionMgr:805 - Attr not supported : Dmpu
2024-10-15 08:19:59,186 [ERROR] ConditionMgr:805 - Attr not supported : Dmpu
2024-10-15 08:19:59,186 [ERROR] ConditionMgr:805 - Attr not supported : Dmpu
2024-10-15 08:19:59,186 [ERROR] ConditionMgr:805 - Attr not supported : Dmpu
2024-10-15 08:19:59,186 [ERROR] ConditionMgr:805 - Attr not supported : Dmpu
2024-10-15 08:19:59,186 [ERROR] ConditionMgr:805 - Attr not supported : Dmpu
2024-10-15 08:19:59,186 [ERROR] ConditionMgr:805 - Attr not supported : Dmpu
2024-10-15 08:19:59,186 [ERROR] ConditionMgr:805 - Attr not supported : Dmpu
2024-10-15 08:19:59,186 [ERROR] ConditionMgr:805 - Attr not supported : Dmpu
2024-10-15 08:19:59,186 [ERROR] ConditionMgr:805 - Attr not supported : Dmpu
2024-10-15 08:19:59,186 [ERROR] ConditionMgr:805 - Attr not supported : Dmpu
2024-10-15 08:19:59,186 [ERROR] ConditionMgr:805 - Attr not supported : Dmpu
2024-10-15 08:19:59,186 [ERROR] ConditionMgr:805 - Attr not supported : Dmpu
2024-10-15 08:19:59,186 [ERROR] ConditionMgr:805 - Attr not supported : Dmpu
2024-10-15 08:19:59,186 [ERROR] ConditionMgr:805 - Attr not supported : Dmpu
2024-10-15 08:19:59,186 [ERROR] ConditionMgr:805 - Attr not supported : Dmpu
2024-10-15 08:19:59,186 [ERROR] ConditionMgr:805 - Attr not supported : Dmpu
2024-10-15 08:19:59,186 [ERROR] ConditionMgr:805 - Attr not supported : Dmpu
2024-10-15 08:19:59,186 [ERROR] ConditionMgr:805 - Attr not supported : Dmpu
2024-10-15 08:19:59,186 [ERROR] ConditionMgr:805 - Attr not supported : Dmpu
2024-10-15 08:19:59,186 [ERROR] ConditionMgr:805 - Attr not supported : Dmpu
2024-10-15 08:19:59,186 [ERROR] ConditionMgr:805 - Attr not supported : Dmpu
2024-10-15 08:19:59,186 [ERROR] ConditionMgr:805 - Attr not supported : Dmpu
2024-10-15 08:19:59,186 [ERROR] ConditionMgr:805 - Attr not supported : Dmpu
2024-10-15 08:19:59,186 [ERROR] ConditionMgr:805 - Attr not supported : Dmpu
2024-10-15 08:19:59,186 [ERROR] ConditionMgr:805 - Attr not supported : Dmpu
2024-10-15 08:19:59,186 [ERROR] ConditionMgr:805 - Attr not supported : Dmpu
2024-10-15 08:19:59,186 [ERROR] ConditionMgr:805 - Attr not supported : Dmpu
2024-10-15 08:19:59,186 [ERROR] ConditionMgr:805 - Attr not supported : Dmpu
2024-10-15 08:19:59,186 [ERROR] ConditionMgr:805 - Attr not supported : Dmpu
2024-10-15 08:19:59,233 [WARN] PackLoader:240 - Cannot read IP mode file for RealThread.X-CUBE-RT-Thread_Nano.4.1.1
2024-10-15 08:19:59,262 [WARN] PackLoader:240 - Cannot read IP mode file for STMicroelectronics.FP-ATR-SIGFOX1.3.2.0
2024-10-15 08:19:59,292 [WARN] PackLoader:240 - Cannot read IP mode file for wolfSSL.I-CUBE-wolfSSL.5.7.2
2024-10-15 08:19:59,324 [WARN] PackLoader:240 - Cannot read IP mode file for STMicroelectronics.X-CUBE-EEPRMA1.5.1.0
2024-10-15 08:19:59,356 [WARN] PackLoader:240 - Cannot read IP mode file for ITTIA_DB.I-CUBE-ITTIADB.8.9.0
2024-10-15 08:19:59,482 [WARN] PackLoader:240 - Cannot read IP mode file for SEGGER.I-CUBE-embOS.1.3.1
2024-10-15 08:19:59,702 [WARN] PackLoader:240 - Cannot read IP mode file for STMicroelectronics.X-CUBE-ALGOBUILD.1.4.0
2024-10-15 08:19:59,749 [WARN] PackLoader:240 - Cannot read IP mode file for STMicroelectronics.X-CUBE-AI.9.1.0
2024-10-15 08:19:59,783 [WARN] PackLoader:240 - Cannot read IP mode file for STMicroelectronics.X-CUBE-GNSS1.6.0.0
2024-10-15 08:19:59,875 [WARN] PackLoader:240 - Cannot read IP mode file for STMicroelectronics.X-CUBE-AZRTOS-F4.1.1.0
2024-10-15 08:19:59,903 [WARN] PackLoader:240 - Cannot read IP mode file for STMicroelectronics.X-CUBE-ISPU.2.1.0
2024-10-15 08:19:59,923 [WARN] PackLoader:240 - Cannot read IP mode file for STMicroelectronics.X-CUBE-FREERTOS.1.2.0
2024-10-15 08:20:00,020 [WARN] PackLoader:240 - Cannot read IP mode file for STMicroelectronics.X-CUBE-AZRTOS-L5.2.0.0
2024-10-15 08:20:00,239 [WARN] PackLoader:240 - Cannot read IP mode file for STMicroelectronics.X-CUBE-NFC6.3.1.0
2024-10-15 08:20:00,485 [WARN] PackLoader:240 - Cannot read IP mode file for STMicroelectronics.X-CUBE-DPower.1.2.0
2024-10-15 08:20:00,553 [WARN] PackLoader:240 - Cannot read IP mode file for STMicroelectronics.X-CUBE-AI.9.0.0
2024-10-15 08:20:00,636 [WARN] PackLoader:240 - Cannot read IP mode file for STMicroelectronics.X-CUBE-NFC7.1.0.1
2024-10-15 08:20:00,848 [WARN] ConditionMgr:438 - getConditionDescription Invalid condition id : LAN8742 Phy interface Condition cause : null
2024-10-15 08:20:00,848 [WARN] PackLoader:240 - Cannot read IP mode file for STMicroelectronics.X-CUBE-AZRTOS-L4.2.0.0
2024-10-15 08:20:00,848 [WARN] ConditionMgr:1039 - genDependencies : Invalid condition id : LAN8742 Phy interface Condition cause : null
2024-10-15 08:20:00,864 [WARN] ConditionMgr:1039 - genDependencies : Invalid condition id : LAN8742 Phy interface Condition cause : null
2024-10-15 08:20:00,868 [WARN] ConditionMgr:1039 - genDependencies : Invalid condition id : LAN8742 Phy interface Condition cause : null
2024-10-15 08:20:01,006 [WARN] PackLoader:240 - Cannot read IP mode file for STMicroelectronics.X-CUBE-SFXS2LP1.4.0.0
2024-10-15 08:20:01,135 [WARN] PackLoader:240 - Cannot read IP mode file for STMicroelectronics.X-CUBE-AZRTOS-H7.3.3.0
2024-10-15 08:20:01,305 [WARN] PackLoader:240 - Cannot read IP mode file for STMicroelectronics.X-CUBE-IPS.3.0.0
2024-10-15 08:20:01,417 [WARN] ConditionMgr:438 - getConditionDescription Invalid condition id : UX DEVICE CLASS RTOS Condition cause : null
2024-10-15 08:20:01,417 [WARN] ConditionMgr:438 - getConditionDescription Invalid condition id : UX DEVICE CLASS RTOS Condition cause : null
2024-10-15 08:20:01,434 [WARN] PackLoader:240 - Cannot read IP mode file for STMicroelectronics.X-CUBE-AZRTOS-WB.2.0.0
2024-10-15 08:20:01,434 [WARN] ConditionMgr:1039 - genDependencies : Invalid condition id : UX DEVICE CLASS RTOS Condition cause : null
2024-10-15 08:20:01,447 [WARN] ConditionMgr:1039 - genDependencies : Invalid condition id : UX DEVICE CLASS RTOS Condition cause : null
2024-10-15 08:20:01,451 [WARN] ConditionMgr:1039 - genDependencies : Invalid condition id : UX DEVICE CLASS RTOS Condition cause : null
2024-10-15 08:20:01,451 [WARN] ConditionMgr:1039 - genDependencies : Invalid condition id : UX DEVICE CLASS RTOS Condition cause : null
2024-10-15 08:20:01,451 [WARN] ConditionMgr:1039 - genDependencies : Invalid condition id : UX DEVICE CLASS RTOS Condition cause : null
2024-10-15 08:20:01,504 [WARN] PackLoader:240 - Cannot read IP mode file for STMicroelectronics.X-CUBE-GNSS1.7.0.0
2024-10-15 08:20:01,605 [WARN] PackLoader:240 - Cannot read IP mode file for STMicroelectronics.FP-SNS-STBOX1.2.0.0
2024-10-15 08:20:01,672 [WARN] PackLoader:240 - Cannot read IP mode file for STMicroelectronics.X-CUBE-SUBG2.5.0.0
2024-10-15 08:20:01,731 [WARN] PackLoader:240 - Cannot read IP mode file for Cesanta.I-CUBE-Mongoose.7.13.0
2024-10-15 08:20:01,851 [WARN] PackLoader:240 - Cannot read IP mode file for STMicroelectronics.X-CUBE-AZRTOS-G4.2.0.0
2024-10-15 08:20:01,903 [WARN] PackLoader:240 - Cannot read IP mode file for STMicroelectronics.X-CUBE-ISPU.2.0.0
2024-10-15 08:20:01,941 [WARN] PackLoader:240 - Cannot read IP mode file for STMicroelectronics.X-CUBE-ALS.1.0.2
2024-10-15 08:20:01,970 [WARN] PackLoader:240 - Cannot read IP mode file for STMicroelectronics.X-CUBE-TOUCHGFX.4.24.0
2024-10-15 08:20:01,994 [WARN] PackLoader:240 - Cannot read IP mode file for STMicroelectronics.X-CUBE-TOUCHGFX.4.24.1
2024-10-15 08:20:02,036 [WARN] PackLoader:240 - Cannot read IP mode file for wolfSSL.I-CUBE-wolfTPM.3.4.0
2024-10-15 08:20:02,155 [WARN] PackLoader:240 - Cannot read IP mode file for portGmbH.I-Cube-SoM-uGOAL.1.1.0
2024-10-15 08:20:02,446 [WARN] PackLoader:240 - Cannot read IP mode file for STMicroelectronics.X-CUBE-AZRTOS-H7RS.1.0.0
2024-10-15 08:20:02,462 [WARN] PackLoader:240 - Cannot read IP mode file for STMicroelectronics.FP-ATR-ASTRA1.2.0.0
2024-10-15 08:20:02,573 [WARN] PackLoader:240 - Cannot read IP mode file for STMicroelectronics.X-CUBE-TOF1.3.4.2
2024-10-15 08:20:02,925 [WARN] PackLoader:240 - Cannot read IP mode file for Infineon.AIROC-Wi-Fi-Bluetooth-STM32.1.6.1
2024-10-15 08:20:02,939 [WARN] PackLoader:240 - Cannot read IP mode file for wolfSSL.I-CUBE-wolfSSH.1.4.17
2024-10-15 08:20:02,939 [INFO] ThirdParty:978 - Integrity check success = true
2024-10-15 08:20:02,939 [INFO] IntegrityCheckThread:100 - exiting critical section [integrity check]
2024-10-15 08:20:02,939 [INFO] IntegrityCheckThread:103 - End integrity checks thread
2024-10-15 09:02:59,689 [ERROR] ConfigurationRetriever:142 - IOException on connection: Read timed out
2024-10-15 09:03:01,878 [ERROR] ConfigurationRetriever:142 - IOException on connection: Read timed out
